[2025-04-29T20:43:50.287+0000] {local_task_job_runner.py:123} INFO - ::group::Pre task execution logs
[2025-04-29T20:43:50.305+0000] {taskinstance.py:2613} INFO - Dependencies all met for dep_context=non-requeueable deps ti=<TaskInstance: portfolio_news_pipeline.backfill_historical_news manual__2025-04-29T20:43:45.954625+00:00 [queued]>
[2025-04-29T20:43:50.313+0000] {taskinstance.py:2613} INFO - Dependencies all met for dep_context=requeueable deps ti=<TaskInstance: portfolio_news_pipeline.backfill_historical_news manual__2025-04-29T20:43:45.954625+00:00 [queued]>
[2025-04-29T20:43:50.314+0000] {taskinstance.py:2866} INFO - Starting attempt 1 of 2
[2025-04-29T20:43:50.326+0000] {taskinstance.py:2889} INFO - Executing <Task(_PythonDecoratedOperator): backfill_historical_news> on 2025-04-29 20:43:45.954625+00:00
[2025-04-29T20:43:50.331+0000] {warnings.py:112} WARNING - /home/***/.local/lib/python3.12/site-packages/***/task/task_runner/standard_task_runner.py:70: DeprecationWarning: This process (pid=673) is multi-threaded, use of fork() may lead to deadlocks in the child.
  pid = os.fork()

[2025-04-29T20:43:50.333+0000] {standard_task_runner.py:72} INFO - Started process 676 to run task
[2025-04-29T20:43:50.333+0000] {standard_task_runner.py:104} INFO - Running: ['***', 'tasks', 'run', 'portfolio_news_pipeline', 'backfill_historical_news', 'manual__2025-04-29T20:43:45.954625+00:00', '--job-id', '14', '--raw', '--subdir', 'DAGS_FOLDER/news_pipeline.py', '--cfg-path', '/tmp/tmpjbgpfmwa']
[2025-04-29T20:43:50.334+0000] {standard_task_runner.py:105} INFO - Job 14: Subtask backfill_historical_news
[2025-04-29T20:43:50.366+0000] {task_command.py:467} INFO - Running <TaskInstance: portfolio_news_pipeline.backfill_historical_news manual__2025-04-29T20:43:45.954625+00:00 [running]> on host 67118760a44b
[2025-04-29T20:43:50.441+0000] {taskinstance.py:3132} INFO - Exporting env vars: AIRFLOW_CTX_DAG_OWNER='***' AIRFLOW_CTX_DAG_ID='portfolio_news_pipeline' AIRFLOW_CTX_TASK_ID='backfill_historical_news' AIRFLOW_CTX_EXECUTION_DATE='2025-04-29T20:43:45.954625+00:00' AIRFLOW_CTX_TRY_NUMBER='1' AIRFLOW_CTX_DAG_RUN_ID='manual__2025-04-29T20:43:45.954625+00:00'
[2025-04-29T20:43:50.442+0000] {taskinstance.py:731} INFO - ::endgroup::
[2025-04-29T20:43:50.444+0000] {news_api_client.py:19} INFO - NewsAPI client initialized successfully
[2025-04-29T20:43:50.452+0000] {mongodb_client.py:26} INFO - Connected to MongoDB successfully
[2025-04-29T20:43:50.452+0000] {backfill_historical_news.py:28} INFO - Backfilling news for Apple for week 2025-04-29 00:00:00
[2025-04-29T20:43:50.452+0000] {news_api_client.py:37} INFO - Fetching news for Apple from 2025-04-29 00:00:00 to 2025-05-06 00:00:00
[2025-04-29T20:43:50.730+0000] {news_api_client.py:47} INFO - Retrieved 0 articles for Apple
[2025-04-29T20:43:50.731+0000] {backfill_historical_news.py:38} WARNING - No articles found for Apple for week 2025-04-29 00:00:00
[2025-04-29T20:43:50.731+0000] {backfill_historical_news.py:28} INFO - Backfilling news for Apple for week 2025-03-25 00:00:00
[2025-04-29T20:43:50.731+0000] {news_api_client.py:37} INFO - Fetching news for Apple from 2025-03-25 00:00:00 to 2025-04-01 00:00:00
[2025-04-29T20:43:51.000+0000] {news_api_client.py:50} ERROR - Error fetching news for Apple: {'status': 'error', 'code': 'parameterInvalid', 'message': 'You are trying to request results too far in the past. Your plan permits you to request articles as far back as 2025-03-28, but you have requested 2025-03-25. You may need to upgrade to a paid plan.'}
[2025-04-29T20:43:51.001+0000] {backfill_historical_news.py:38} WARNING - No articles found for Apple for week 2025-03-25 00:00:00
[2025-04-29T20:43:51.001+0000] {backfill_historical_news.py:28} INFO - Backfilling news for Apple for week 2025-03-18 00:00:00
[2025-04-29T20:43:51.002+0000] {news_api_client.py:37} INFO - Fetching news for Apple from 2025-03-18 00:00:00 to 2025-03-25 00:00:00
[2025-04-29T20:43:51.271+0000] {news_api_client.py:50} ERROR - Error fetching news for Apple: {'status': 'error', 'code': 'parameterInvalid', 'message': 'You are trying to request results too far in the past. Your plan permits you to request articles as far back as 2025-03-28, but you have requested 2025-03-18. You may need to upgrade to a paid plan.'}
[2025-04-29T20:43:51.272+0000] {backfill_historical_news.py:38} WARNING - No articles found for Apple for week 2025-03-18 00:00:00
[2025-04-29T20:43:51.273+0000] {backfill_historical_news.py:28} INFO - Backfilling news for Apple for week 2025-03-11 00:00:00
[2025-04-29T20:43:51.273+0000] {news_api_client.py:37} INFO - Fetching news for Apple from 2025-03-11 00:00:00 to 2025-03-18 00:00:00
[2025-04-29T20:43:51.573+0000] {news_api_client.py:50} ERROR - Error fetching news for Apple: {'status': 'error', 'code': 'parameterInvalid', 'message': 'You are trying to request results too far in the past. Your plan permits you to request articles as far back as 2025-03-28, but you have requested 2025-03-11. You may need to upgrade to a paid plan.'}
[2025-04-29T20:43:51.574+0000] {backfill_historical_news.py:38} WARNING - No articles found for Apple for week 2025-03-11 00:00:00
[2025-04-29T20:43:51.574+0000] {backfill_historical_news.py:28} INFO - Backfilling news for Apple for week 2025-03-04 00:00:00
[2025-04-29T20:43:51.575+0000] {news_api_client.py:37} INFO - Fetching news for Apple from 2025-03-04 00:00:00 to 2025-03-11 00:00:00
[2025-04-29T20:43:51.859+0000] {news_api_client.py:50} ERROR - Error fetching news for Apple: {'status': 'error', 'code': 'parameterInvalid', 'message': 'You are trying to request results too far in the past. Your plan permits you to request articles as far back as 2025-03-28, but you have requested 2025-03-04. You may need to upgrade to a paid plan.'}
[2025-04-29T20:43:51.860+0000] {backfill_historical_news.py:38} WARNING - No articles found for Apple for week 2025-03-04 00:00:00
[2025-04-29T20:43:51.860+0000] {backfill_historical_news.py:28} INFO - Backfilling news for Apple for week 2025-02-25 00:00:00
[2025-04-29T20:43:51.860+0000] {news_api_client.py:37} INFO - Fetching news for Apple from 2025-02-25 00:00:00 to 2025-03-04 00:00:00
[2025-04-29T20:43:52.168+0000] {news_api_client.py:50} ERROR - Error fetching news for Apple: {'status': 'error', 'code': 'parameterInvalid', 'message': 'You are trying to request results too far in the past. Your plan permits you to request articles as far back as 2025-03-28, but you have requested 2025-02-25. You may need to upgrade to a paid plan.'}
[2025-04-29T20:43:52.169+0000] {backfill_historical_news.py:38} WARNING - No articles found for Apple for week 2025-02-25 00:00:00
[2025-04-29T20:43:52.169+0000] {backfill_historical_news.py:28} INFO - Backfilling news for Apple for week 2025-02-18 00:00:00
[2025-04-29T20:43:52.169+0000] {news_api_client.py:37} INFO - Fetching news for Apple from 2025-02-18 00:00:00 to 2025-02-25 00:00:00
[2025-04-29T20:43:52.520+0000] {news_api_client.py:50} ERROR - Error fetching news for Apple: {'status': 'error', 'code': 'parameterInvalid', 'message': 'You are trying to request results too far in the past. Your plan permits you to request articles as far back as 2025-03-28, but you have requested 2025-02-18. You may need to upgrade to a paid plan.'}
[2025-04-29T20:43:52.520+0000] {backfill_historical_news.py:38} WARNING - No articles found for Apple for week 2025-02-18 00:00:00
[2025-04-29T20:43:52.521+0000] {backfill_historical_news.py:28} INFO - Backfilling news for Apple for week 2025-02-11 00:00:00
[2025-04-29T20:43:52.521+0000] {news_api_client.py:37} INFO - Fetching news for Apple from 2025-02-11 00:00:00 to 2025-02-18 00:00:00
[2025-04-29T20:43:52.797+0000] {news_api_client.py:50} ERROR - Error fetching news for Apple: {'status': 'error', 'code': 'parameterInvalid', 'message': 'You are trying to request results too far in the past. Your plan permits you to request articles as far back as 2025-03-28, but you have requested 2025-02-11. You may need to upgrade to a paid plan.'}
[2025-04-29T20:43:52.798+0000] {backfill_historical_news.py:38} WARNING - No articles found for Apple for week 2025-02-11 00:00:00
[2025-04-29T20:43:52.799+0000] {backfill_historical_news.py:28} INFO - Backfilling news for Microsoft for week 2025-04-29 00:00:00
[2025-04-29T20:43:52.800+0000] {news_api_client.py:37} INFO - Fetching news for Microsoft from 2025-04-29 00:00:00 to 2025-05-06 00:00:00
[2025-04-29T20:43:53.094+0000] {news_api_client.py:47} INFO - Retrieved 0 articles for Microsoft
[2025-04-29T20:43:53.095+0000] {backfill_historical_news.py:38} WARNING - No articles found for Microsoft for week 2025-04-29 00:00:00
[2025-04-29T20:43:53.095+0000] {backfill_historical_news.py:28} INFO - Backfilling news for Microsoft for week 2025-03-25 00:00:00
[2025-04-29T20:43:53.096+0000] {news_api_client.py:37} INFO - Fetching news for Microsoft from 2025-03-25 00:00:00 to 2025-04-01 00:00:00
[2025-04-29T20:43:53.354+0000] {news_api_client.py:50} ERROR - Error fetching news for Microsoft: {'status': 'error', 'code': 'parameterInvalid', 'message': 'You are trying to request results too far in the past. Your plan permits you to request articles as far back as 2025-03-28, but you have requested 2025-03-25. You may need to upgrade to a paid plan.'}
[2025-04-29T20:43:53.354+0000] {backfill_historical_news.py:38} WARNING - No articles found for Microsoft for week 2025-03-25 00:00:00
[2025-04-29T20:43:53.355+0000] {backfill_historical_news.py:28} INFO - Backfilling news for Microsoft for week 2025-03-18 00:00:00
[2025-04-29T20:43:53.355+0000] {news_api_client.py:37} INFO - Fetching news for Microsoft from 2025-03-18 00:00:00 to 2025-03-25 00:00:00
[2025-04-29T20:43:53.748+0000] {news_api_client.py:50} ERROR - Error fetching news for Microsoft: {'status': 'error', 'code': 'parameterInvalid', 'message': 'You are trying to request results too far in the past. Your plan permits you to request articles as far back as 2025-03-28, but you have requested 2025-03-18. You may need to upgrade to a paid plan.'}
[2025-04-29T20:43:53.750+0000] {backfill_historical_news.py:38} WARNING - No articles found for Microsoft for week 2025-03-18 00:00:00
[2025-04-29T20:43:53.751+0000] {backfill_historical_news.py:28} INFO - Backfilling news for Microsoft for week 2025-03-11 00:00:00
[2025-04-29T20:43:53.752+0000] {news_api_client.py:37} INFO - Fetching news for Microsoft from 2025-03-11 00:00:00 to 2025-03-18 00:00:00
[2025-04-29T20:43:54.154+0000] {news_api_client.py:50} ERROR - Error fetching news for Microsoft: {'status': 'error', 'code': 'parameterInvalid', 'message': 'You are trying to request results too far in the past. Your plan permits you to request articles as far back as 2025-03-28, but you have requested 2025-03-11. You may need to upgrade to a paid plan.'}
[2025-04-29T20:43:54.155+0000] {backfill_historical_news.py:38} WARNING - No articles found for Microsoft for week 2025-03-11 00:00:00
[2025-04-29T20:43:54.155+0000] {backfill_historical_news.py:28} INFO - Backfilling news for Microsoft for week 2025-03-04 00:00:00
[2025-04-29T20:43:54.155+0000] {news_api_client.py:37} INFO - Fetching news for Microsoft from 2025-03-04 00:00:00 to 2025-03-11 00:00:00
[2025-04-29T20:43:54.454+0000] {news_api_client.py:50} ERROR - Error fetching news for Microsoft: {'status': 'error', 'code': 'parameterInvalid', 'message': 'You are trying to request results too far in the past. Your plan permits you to request articles as far back as 2025-03-28, but you have requested 2025-03-04. You may need to upgrade to a paid plan.'}
[2025-04-29T20:43:54.455+0000] {backfill_historical_news.py:38} WARNING - No articles found for Microsoft for week 2025-03-04 00:00:00
[2025-04-29T20:43:54.455+0000] {backfill_historical_news.py:28} INFO - Backfilling news for Microsoft for week 2025-02-25 00:00:00
[2025-04-29T20:43:54.455+0000] {news_api_client.py:37} INFO - Fetching news for Microsoft from 2025-02-25 00:00:00 to 2025-03-04 00:00:00
[2025-04-29T20:43:54.712+0000] {news_api_client.py:50} ERROR - Error fetching news for Microsoft: {'status': 'error', 'code': 'parameterInvalid', 'message': 'You are trying to request results too far in the past. Your plan permits you to request articles as far back as 2025-03-28, but you have requested 2025-02-25. You may need to upgrade to a paid plan.'}
[2025-04-29T20:43:54.713+0000] {backfill_historical_news.py:38} WARNING - No articles found for Microsoft for week 2025-02-25 00:00:00
[2025-04-29T20:43:54.714+0000] {backfill_historical_news.py:28} INFO - Backfilling news for Microsoft for week 2025-02-18 00:00:00
[2025-04-29T20:43:54.715+0000] {news_api_client.py:37} INFO - Fetching news for Microsoft from 2025-02-18 00:00:00 to 2025-02-25 00:00:00
[2025-04-29T20:43:55.078+0000] {news_api_client.py:50} ERROR - Error fetching news for Microsoft: {'status': 'error', 'code': 'parameterInvalid', 'message': 'You are trying to request results too far in the past. Your plan permits you to request articles as far back as 2025-03-28, but you have requested 2025-02-18. You may need to upgrade to a paid plan.'}
[2025-04-29T20:43:55.079+0000] {backfill_historical_news.py:38} WARNING - No articles found for Microsoft for week 2025-02-18 00:00:00
[2025-04-29T20:43:55.080+0000] {backfill_historical_news.py:28} INFO - Backfilling news for Microsoft for week 2025-02-11 00:00:00
[2025-04-29T20:43:55.080+0000] {news_api_client.py:37} INFO - Fetching news for Microsoft from 2025-02-11 00:00:00 to 2025-02-18 00:00:00
[2025-04-29T20:43:55.343+0000] {news_api_client.py:50} ERROR - Error fetching news for Microsoft: {'status': 'error', 'code': 'parameterInvalid', 'message': 'You are trying to request results too far in the past. Your plan permits you to request articles as far back as 2025-03-28, but you have requested 2025-02-11. You may need to upgrade to a paid plan.'}
[2025-04-29T20:43:55.344+0000] {backfill_historical_news.py:38} WARNING - No articles found for Microsoft for week 2025-02-11 00:00:00
[2025-04-29T20:43:55.345+0000] {backfill_historical_news.py:28} INFO - Backfilling news for Alphabet for week 2025-04-29 00:00:00
[2025-04-29T20:43:55.345+0000] {news_api_client.py:37} INFO - Fetching news for Alphabet from 2025-04-29 00:00:00 to 2025-05-06 00:00:00
[2025-04-29T20:43:55.679+0000] {news_api_client.py:47} INFO - Retrieved 0 articles for Alphabet
[2025-04-29T20:43:55.680+0000] {backfill_historical_news.py:38} WARNING - No articles found for Alphabet for week 2025-04-29 00:00:00
[2025-04-29T20:43:55.681+0000] {backfill_historical_news.py:28} INFO - Backfilling news for Alphabet for week 2025-04-22 00:00:00
[2025-04-29T20:43:55.682+0000] {news_api_client.py:37} INFO - Fetching news for Alphabet from 2025-04-22 00:00:00 to 2025-04-29 00:00:00
[2025-04-29T20:43:55.948+0000] {news_api_client.py:47} INFO - Retrieved 9 articles for Alphabet
[2025-04-29T20:43:55.948+0000] {logging_mixin.py:190} INFO - Fetched 9 articles for Alphabet for week 2025-04-22 00:00:00
[2025-04-29T20:43:55.960+0000] {mongodb_client.py:55} INFO - Stored 9 articles for Alphabet for week 2025-04-22 00:00:00
[2025-04-29T20:43:55.961+0000] {logging_mixin.py:190} INFO - Stored 9 articles for Alphabet for week 2025-04-22 00:00:00
[2025-04-29T20:43:55.961+0000] {backfill_historical_news.py:28} INFO - Backfilling news for Alphabet for week 2025-04-15 00:00:00
[2025-04-29T20:43:55.961+0000] {news_api_client.py:37} INFO - Fetching news for Alphabet from 2025-04-15 00:00:00 to 2025-04-22 00:00:00
[2025-04-29T20:43:56.241+0000] {news_api_client.py:47} INFO - Retrieved 10 articles for Alphabet
[2025-04-29T20:43:56.242+0000] {logging_mixin.py:190} INFO - Fetched 10 articles for Alphabet for week 2025-04-15 00:00:00
[2025-04-29T20:43:56.257+0000] {mongodb_client.py:55} INFO - Stored 10 articles for Alphabet for week 2025-04-15 00:00:00
[2025-04-29T20:43:56.258+0000] {logging_mixin.py:190} INFO - Stored 10 articles for Alphabet for week 2025-04-15 00:00:00
[2025-04-29T20:43:56.258+0000] {backfill_historical_news.py:28} INFO - Backfilling news for Alphabet for week 2025-04-08 00:00:00
[2025-04-29T20:43:56.258+0000] {news_api_client.py:37} INFO - Fetching news for Alphabet from 2025-04-08 00:00:00 to 2025-04-15 00:00:00
[2025-04-29T20:43:56.544+0000] {news_api_client.py:47} INFO - Retrieved 10 articles for Alphabet
[2025-04-29T20:43:56.545+0000] {logging_mixin.py:190} INFO - Fetched 10 articles for Alphabet for week 2025-04-08 00:00:00
[2025-04-29T20:43:56.554+0000] {mongodb_client.py:55} INFO - Stored 10 articles for Alphabet for week 2025-04-08 00:00:00
[2025-04-29T20:43:56.554+0000] {logging_mixin.py:190} INFO - Stored 10 articles for Alphabet for week 2025-04-08 00:00:00
[2025-04-29T20:43:56.555+0000] {backfill_historical_news.py:28} INFO - Backfilling news for Alphabet for week 2025-04-01 00:00:00
[2025-04-29T20:43:56.555+0000] {news_api_client.py:37} INFO - Fetching news for Alphabet from 2025-04-01 00:00:00 to 2025-04-08 00:00:00
[2025-04-29T20:43:56.880+0000] {news_api_client.py:47} INFO - Retrieved 10 articles for Alphabet
[2025-04-29T20:43:56.881+0000] {logging_mixin.py:190} INFO - Fetched 10 articles for Alphabet for week 2025-04-01 00:00:00
[2025-04-29T20:43:56.893+0000] {mongodb_client.py:55} INFO - Stored 10 articles for Alphabet for week 2025-04-01 00:00:00
[2025-04-29T20:43:56.894+0000] {logging_mixin.py:190} INFO - Stored 10 articles for Alphabet for week 2025-04-01 00:00:00
[2025-04-29T20:43:56.895+0000] {backfill_historical_news.py:28} INFO - Backfilling news for Alphabet for week 2025-03-25 00:00:00
[2025-04-29T20:43:56.895+0000] {news_api_client.py:37} INFO - Fetching news for Alphabet from 2025-03-25 00:00:00 to 2025-04-01 00:00:00
[2025-04-29T20:43:57.150+0000] {news_api_client.py:50} ERROR - Error fetching news for Alphabet: {'status': 'error', 'code': 'parameterInvalid', 'message': 'You are trying to request results too far in the past. Your plan permits you to request articles as far back as 2025-03-28, but you have requested 2025-03-25. You may need to upgrade to a paid plan.'}
[2025-04-29T20:43:57.152+0000] {backfill_historical_news.py:38} WARNING - No articles found for Alphabet for week 2025-03-25 00:00:00
[2025-04-29T20:43:57.152+0000] {backfill_historical_news.py:28} INFO - Backfilling news for Alphabet for week 2025-03-18 00:00:00
[2025-04-29T20:43:57.153+0000] {news_api_client.py:37} INFO - Fetching news for Alphabet from 2025-03-18 00:00:00 to 2025-03-25 00:00:00
[2025-04-29T20:43:57.418+0000] {news_api_client.py:50} ERROR - Error fetching news for Alphabet: {'status': 'error', 'code': 'parameterInvalid', 'message': 'You are trying to request results too far in the past. Your plan permits you to request articles as far back as 2025-03-28, but you have requested 2025-03-18. You may need to upgrade to a paid plan.'}
[2025-04-29T20:43:57.419+0000] {backfill_historical_news.py:38} WARNING - No articles found for Alphabet for week 2025-03-18 00:00:00
[2025-04-29T20:43:57.420+0000] {backfill_historical_news.py:28} INFO - Backfilling news for Alphabet for week 2025-03-11 00:00:00
[2025-04-29T20:43:57.420+0000] {news_api_client.py:37} INFO - Fetching news for Alphabet from 2025-03-11 00:00:00 to 2025-03-18 00:00:00
[2025-04-29T20:43:57.692+0000] {news_api_client.py:50} ERROR - Error fetching news for Alphabet: {'status': 'error', 'code': 'parameterInvalid', 'message': 'You are trying to request results too far in the past. Your plan permits you to request articles as far back as 2025-03-28, but you have requested 2025-03-11. You may need to upgrade to a paid plan.'}
[2025-04-29T20:43:57.693+0000] {backfill_historical_news.py:38} WARNING - No articles found for Alphabet for week 2025-03-11 00:00:00
[2025-04-29T20:43:57.693+0000] {backfill_historical_news.py:28} INFO - Backfilling news for Alphabet for week 2025-03-04 00:00:00
[2025-04-29T20:43:57.693+0000] {news_api_client.py:37} INFO - Fetching news for Alphabet from 2025-03-04 00:00:00 to 2025-03-11 00:00:00
[2025-04-29T20:43:57.959+0000] {news_api_client.py:50} ERROR - Error fetching news for Alphabet: {'status': 'error', 'code': 'parameterInvalid', 'message': 'You are trying to request results too far in the past. Your plan permits you to request articles as far back as 2025-03-28, but you have requested 2025-03-04. You may need to upgrade to a paid plan.'}
[2025-04-29T20:43:57.960+0000] {backfill_historical_news.py:38} WARNING - No articles found for Alphabet for week 2025-03-04 00:00:00
[2025-04-29T20:43:57.961+0000] {backfill_historical_news.py:28} INFO - Backfilling news for Alphabet for week 2025-02-25 00:00:00
[2025-04-29T20:43:57.961+0000] {news_api_client.py:37} INFO - Fetching news for Alphabet from 2025-02-25 00:00:00 to 2025-03-04 00:00:00
[2025-04-29T20:43:58.222+0000] {news_api_client.py:50} ERROR - Error fetching news for Alphabet: {'status': 'error', 'code': 'parameterInvalid', 'message': 'You are trying to request results too far in the past. Your plan permits you to request articles as far back as 2025-03-28, but you have requested 2025-02-25. You may need to upgrade to a paid plan.'}
[2025-04-29T20:43:58.223+0000] {backfill_historical_news.py:38} WARNING - No articles found for Alphabet for week 2025-02-25 00:00:00
[2025-04-29T20:43:58.224+0000] {backfill_historical_news.py:28} INFO - Backfilling news for Alphabet for week 2025-02-18 00:00:00
[2025-04-29T20:43:58.224+0000] {news_api_client.py:37} INFO - Fetching news for Alphabet from 2025-02-18 00:00:00 to 2025-02-25 00:00:00
[2025-04-29T20:43:58.529+0000] {news_api_client.py:50} ERROR - Error fetching news for Alphabet: {'status': 'error', 'code': 'parameterInvalid', 'message': 'You are trying to request results too far in the past. Your plan permits you to request articles as far back as 2025-03-28, but you have requested 2025-02-18. You may need to upgrade to a paid plan.'}
[2025-04-29T20:43:58.530+0000] {backfill_historical_news.py:38} WARNING - No articles found for Alphabet for week 2025-02-18 00:00:00
[2025-04-29T20:43:58.531+0000] {backfill_historical_news.py:28} INFO - Backfilling news for Alphabet for week 2025-02-11 00:00:00
[2025-04-29T20:43:58.531+0000] {news_api_client.py:37} INFO - Fetching news for Alphabet from 2025-02-11 00:00:00 to 2025-02-18 00:00:00
[2025-04-29T20:43:58.791+0000] {news_api_client.py:50} ERROR - Error fetching news for Alphabet: {'status': 'error', 'code': 'parameterInvalid', 'message': 'You are trying to request results too far in the past. Your plan permits you to request articles as far back as 2025-03-28, but you have requested 2025-02-11. You may need to upgrade to a paid plan.'}
[2025-04-29T20:43:58.792+0000] {backfill_historical_news.py:38} WARNING - No articles found for Alphabet for week 2025-02-11 00:00:00
[2025-04-29T20:43:58.793+0000] {backfill_historical_news.py:28} INFO - Backfilling news for Amazon for week 2025-04-29 00:00:00
[2025-04-29T20:43:58.793+0000] {news_api_client.py:37} INFO - Fetching news for Amazon from 2025-04-29 00:00:00 to 2025-05-06 00:00:00
[2025-04-29T20:43:59.121+0000] {news_api_client.py:47} INFO - Retrieved 0 articles for Amazon
[2025-04-29T20:43:59.121+0000] {backfill_historical_news.py:38} WARNING - No articles found for Amazon for week 2025-04-29 00:00:00
[2025-04-29T20:43:59.122+0000] {backfill_historical_news.py:28} INFO - Backfilling news for Amazon for week 2025-04-22 00:00:00
[2025-04-29T20:43:59.122+0000] {news_api_client.py:37} INFO - Fetching news for Amazon from 2025-04-22 00:00:00 to 2025-04-29 00:00:00
[2025-04-29T20:43:59.379+0000] {news_api_client.py:47} INFO - Retrieved 8 articles for Amazon
[2025-04-29T20:43:59.379+0000] {logging_mixin.py:190} INFO - Fetched 8 articles for Amazon for week 2025-04-22 00:00:00
[2025-04-29T20:43:59.386+0000] {mongodb_client.py:55} INFO - Stored 8 articles for Amazon for week 2025-04-22 00:00:00
[2025-04-29T20:43:59.386+0000] {logging_mixin.py:190} INFO - Stored 8 articles for Amazon for week 2025-04-22 00:00:00
[2025-04-29T20:43:59.387+0000] {backfill_historical_news.py:28} INFO - Backfilling news for Amazon for week 2025-04-15 00:00:00
[2025-04-29T20:43:59.387+0000] {news_api_client.py:37} INFO - Fetching news for Amazon from 2025-04-15 00:00:00 to 2025-04-22 00:00:00
[2025-04-29T20:43:59.718+0000] {news_api_client.py:47} INFO - Retrieved 8 articles for Amazon
[2025-04-29T20:43:59.718+0000] {logging_mixin.py:190} INFO - Fetched 8 articles for Amazon for week 2025-04-15 00:00:00
[2025-04-29T20:43:59.725+0000] {mongodb_client.py:55} INFO - Stored 8 articles for Amazon for week 2025-04-15 00:00:00
[2025-04-29T20:43:59.726+0000] {logging_mixin.py:190} INFO - Stored 8 articles for Amazon for week 2025-04-15 00:00:00
[2025-04-29T20:43:59.726+0000] {backfill_historical_news.py:28} INFO - Backfilling news for Amazon for week 2025-04-08 00:00:00
[2025-04-29T20:43:59.726+0000] {news_api_client.py:37} INFO - Fetching news for Amazon from 2025-04-08 00:00:00 to 2025-04-15 00:00:00
[2025-04-29T20:44:00.118+0000] {news_api_client.py:47} INFO - Retrieved 9 articles for Amazon
[2025-04-29T20:44:00.118+0000] {logging_mixin.py:190} INFO - Fetched 9 articles for Amazon for week 2025-04-08 00:00:00
[2025-04-29T20:44:00.126+0000] {mongodb_client.py:55} INFO - Stored 9 articles for Amazon for week 2025-04-08 00:00:00
[2025-04-29T20:44:00.126+0000] {logging_mixin.py:190} INFO - Stored 9 articles for Amazon for week 2025-04-08 00:00:00
[2025-04-29T20:44:00.127+0000] {backfill_historical_news.py:28} INFO - Backfilling news for Amazon for week 2025-04-01 00:00:00
[2025-04-29T20:44:00.127+0000] {news_api_client.py:37} INFO - Fetching news for Amazon from 2025-04-01 00:00:00 to 2025-04-08 00:00:00
[2025-04-29T20:44:00.388+0000] {news_api_client.py:47} INFO - Retrieved 7 articles for Amazon
[2025-04-29T20:44:00.389+0000] {logging_mixin.py:190} INFO - Fetched 7 articles for Amazon for week 2025-04-01 00:00:00
[2025-04-29T20:44:00.397+0000] {mongodb_client.py:55} INFO - Stored 7 articles for Amazon for week 2025-04-01 00:00:00
[2025-04-29T20:44:00.397+0000] {logging_mixin.py:190} INFO - Stored 7 articles for Amazon for week 2025-04-01 00:00:00
[2025-04-29T20:44:00.398+0000] {backfill_historical_news.py:28} INFO - Backfilling news for Amazon for week 2025-03-25 00:00:00
[2025-04-29T20:44:00.398+0000] {news_api_client.py:37} INFO - Fetching news for Amazon from 2025-03-25 00:00:00 to 2025-04-01 00:00:00
[2025-04-29T20:44:00.667+0000] {news_api_client.py:50} ERROR - Error fetching news for Amazon: {'status': 'error', 'code': 'parameterInvalid', 'message': 'You are trying to request results too far in the past. Your plan permits you to request articles as far back as 2025-03-28, but you have requested 2025-03-25. You may need to upgrade to a paid plan.'}
[2025-04-29T20:44:00.668+0000] {backfill_historical_news.py:38} WARNING - No articles found for Amazon for week 2025-03-25 00:00:00
[2025-04-29T20:44:00.668+0000] {backfill_historical_news.py:28} INFO - Backfilling news for Amazon for week 2025-03-18 00:00:00
[2025-04-29T20:44:00.668+0000] {news_api_client.py:37} INFO - Fetching news for Amazon from 2025-03-18 00:00:00 to 2025-03-25 00:00:00
[2025-04-29T20:44:00.954+0000] {news_api_client.py:50} ERROR - Error fetching news for Amazon: {'status': 'error', 'code': 'parameterInvalid', 'message': 'You are trying to request results too far in the past. Your plan permits you to request articles as far back as 2025-03-28, but you have requested 2025-03-18. You may need to upgrade to a paid plan.'}
[2025-04-29T20:44:00.955+0000] {backfill_historical_news.py:38} WARNING - No articles found for Amazon for week 2025-03-18 00:00:00
[2025-04-29T20:44:00.955+0000] {backfill_historical_news.py:28} INFO - Backfilling news for Amazon for week 2025-03-11 00:00:00
[2025-04-29T20:44:00.956+0000] {news_api_client.py:37} INFO - Fetching news for Amazon from 2025-03-11 00:00:00 to 2025-03-18 00:00:00
[2025-04-29T20:44:01.233+0000] {news_api_client.py:50} ERROR - Error fetching news for Amazon: {'status': 'error', 'code': 'parameterInvalid', 'message': 'You are trying to request results too far in the past. Your plan permits you to request articles as far back as 2025-03-28, but you have requested 2025-03-11. You may need to upgrade to a paid plan.'}
[2025-04-29T20:44:01.234+0000] {backfill_historical_news.py:38} WARNING - No articles found for Amazon for week 2025-03-11 00:00:00
[2025-04-29T20:44:01.234+0000] {backfill_historical_news.py:28} INFO - Backfilling news for Amazon for week 2025-03-04 00:00:00
[2025-04-29T20:44:01.235+0000] {news_api_client.py:37} INFO - Fetching news for Amazon from 2025-03-04 00:00:00 to 2025-03-11 00:00:00
[2025-04-29T20:44:01.510+0000] {news_api_client.py:50} ERROR - Error fetching news for Amazon: {'status': 'error', 'code': 'parameterInvalid', 'message': 'You are trying to request results too far in the past. Your plan permits you to request articles as far back as 2025-03-28, but you have requested 2025-03-04. You may need to upgrade to a paid plan.'}
[2025-04-29T20:44:01.511+0000] {backfill_historical_news.py:38} WARNING - No articles found for Amazon for week 2025-03-04 00:00:00
[2025-04-29T20:44:01.511+0000] {backfill_historical_news.py:28} INFO - Backfilling news for Amazon for week 2025-02-25 00:00:00
[2025-04-29T20:44:01.511+0000] {news_api_client.py:37} INFO - Fetching news for Amazon from 2025-02-25 00:00:00 to 2025-03-04 00:00:00
[2025-04-29T20:44:01.774+0000] {news_api_client.py:50} ERROR - Error fetching news for Amazon: {'status': 'error', 'code': 'parameterInvalid', 'message': 'You are trying to request results too far in the past. Your plan permits you to request articles as far back as 2025-03-28, but you have requested 2025-02-25. You may need to upgrade to a paid plan.'}
[2025-04-29T20:44:01.775+0000] {backfill_historical_news.py:38} WARNING - No articles found for Amazon for week 2025-02-25 00:00:00
[2025-04-29T20:44:01.775+0000] {backfill_historical_news.py:28} INFO - Backfilling news for Amazon for week 2025-02-18 00:00:00
[2025-04-29T20:44:01.776+0000] {news_api_client.py:37} INFO - Fetching news for Amazon from 2025-02-18 00:00:00 to 2025-02-25 00:00:00
[2025-04-29T20:44:02.122+0000] {news_api_client.py:50} ERROR - Error fetching news for Amazon: {'status': 'error', 'code': 'parameterInvalid', 'message': 'You are trying to request results too far in the past. Your plan permits you to request articles as far back as 2025-03-28, but you have requested 2025-02-18. You may need to upgrade to a paid plan.'}
[2025-04-29T20:44:02.123+0000] {backfill_historical_news.py:38} WARNING - No articles found for Amazon for week 2025-02-18 00:00:00
[2025-04-29T20:44:02.124+0000] {backfill_historical_news.py:28} INFO - Backfilling news for Amazon for week 2025-02-11 00:00:00
[2025-04-29T20:44:02.124+0000] {news_api_client.py:37} INFO - Fetching news for Amazon from 2025-02-11 00:00:00 to 2025-02-18 00:00:00
[2025-04-29T20:44:02.386+0000] {news_api_client.py:50} ERROR - Error fetching news for Amazon: {'status': 'error', 'code': 'parameterInvalid', 'message': 'You are trying to request results too far in the past. Your plan permits you to request articles as far back as 2025-03-28, but you have requested 2025-02-11. You may need to upgrade to a paid plan.'}
[2025-04-29T20:44:02.387+0000] {backfill_historical_news.py:38} WARNING - No articles found for Amazon for week 2025-02-11 00:00:00
[2025-04-29T20:44:02.388+0000] {backfill_historical_news.py:28} INFO - Backfilling news for Tesla for week 2025-04-29 00:00:00
[2025-04-29T20:44:02.388+0000] {news_api_client.py:37} INFO - Fetching news for Tesla from 2025-04-29 00:00:00 to 2025-05-06 00:00:00
[2025-04-29T20:44:02.648+0000] {news_api_client.py:47} INFO - Retrieved 0 articles for Tesla
[2025-04-29T20:44:02.649+0000] {backfill_historical_news.py:38} WARNING - No articles found for Tesla for week 2025-04-29 00:00:00
[2025-04-29T20:44:02.649+0000] {backfill_historical_news.py:28} INFO - Backfilling news for Tesla for week 2025-03-25 00:00:00
[2025-04-29T20:44:02.650+0000] {news_api_client.py:37} INFO - Fetching news for Tesla from 2025-03-25 00:00:00 to 2025-04-01 00:00:00
[2025-04-29T20:44:02.910+0000] {news_api_client.py:50} ERROR - Error fetching news for Tesla: {'status': 'error', 'code': 'parameterInvalid', 'message': 'You are trying to request results too far in the past. Your plan permits you to request articles as far back as 2025-03-28, but you have requested 2025-03-25. You may need to upgrade to a paid plan.'}
[2025-04-29T20:44:02.911+0000] {backfill_historical_news.py:38} WARNING - No articles found for Tesla for week 2025-03-25 00:00:00
[2025-04-29T20:44:02.911+0000] {backfill_historical_news.py:28} INFO - Backfilling news for Tesla for week 2025-03-18 00:00:00
[2025-04-29T20:44:02.911+0000] {news_api_client.py:37} INFO - Fetching news for Tesla from 2025-03-18 00:00:00 to 2025-03-25 00:00:00
[2025-04-29T20:44:03.208+0000] {news_api_client.py:50} ERROR - Error fetching news for Tesla: {'status': 'error', 'code': 'parameterInvalid', 'message': 'You are trying to request results too far in the past. Your plan permits you to request articles as far back as 2025-03-28, but you have requested 2025-03-18. You may need to upgrade to a paid plan.'}
[2025-04-29T20:44:03.209+0000] {backfill_historical_news.py:38} WARNING - No articles found for Tesla for week 2025-03-18 00:00:00
[2025-04-29T20:44:03.209+0000] {backfill_historical_news.py:28} INFO - Backfilling news for Tesla for week 2025-03-11 00:00:00
[2025-04-29T20:44:03.210+0000] {news_api_client.py:37} INFO - Fetching news for Tesla from 2025-03-11 00:00:00 to 2025-03-18 00:00:00
[2025-04-29T20:44:03.488+0000] {news_api_client.py:50} ERROR - Error fetching news for Tesla: {'status': 'error', 'code': 'parameterInvalid', 'message': 'You are trying to request results too far in the past. Your plan permits you to request articles as far back as 2025-03-28, but you have requested 2025-03-11. You may need to upgrade to a paid plan.'}
[2025-04-29T20:44:03.489+0000] {backfill_historical_news.py:38} WARNING - No articles found for Tesla for week 2025-03-11 00:00:00
[2025-04-29T20:44:03.489+0000] {backfill_historical_news.py:28} INFO - Backfilling news for Tesla for week 2025-03-04 00:00:00
[2025-04-29T20:44:03.489+0000] {news_api_client.py:37} INFO - Fetching news for Tesla from 2025-03-04 00:00:00 to 2025-03-11 00:00:00
[2025-04-29T20:44:03.783+0000] {news_api_client.py:50} ERROR - Error fetching news for Tesla: {'status': 'error', 'code': 'parameterInvalid', 'message': 'You are trying to request results too far in the past. Your plan permits you to request articles as far back as 2025-03-28, but you have requested 2025-03-04. You may need to upgrade to a paid plan.'}
[2025-04-29T20:44:03.784+0000] {backfill_historical_news.py:38} WARNING - No articles found for Tesla for week 2025-03-04 00:00:00
[2025-04-29T20:44:03.784+0000] {backfill_historical_news.py:28} INFO - Backfilling news for Tesla for week 2025-02-25 00:00:00
[2025-04-29T20:44:03.784+0000] {news_api_client.py:37} INFO - Fetching news for Tesla from 2025-02-25 00:00:00 to 2025-03-04 00:00:00
[2025-04-29T20:44:04.125+0000] {news_api_client.py:50} ERROR - Error fetching news for Tesla: {'status': 'error', 'code': 'parameterInvalid', 'message': 'You are trying to request results too far in the past. Your plan permits you to request articles as far back as 2025-03-28, but you have requested 2025-02-25. You may need to upgrade to a paid plan.'}
[2025-04-29T20:44:04.127+0000] {backfill_historical_news.py:38} WARNING - No articles found for Tesla for week 2025-02-25 00:00:00
[2025-04-29T20:44:04.127+0000] {backfill_historical_news.py:28} INFO - Backfilling news for Tesla for week 2025-02-18 00:00:00
[2025-04-29T20:44:04.128+0000] {news_api_client.py:37} INFO - Fetching news for Tesla from 2025-02-18 00:00:00 to 2025-02-25 00:00:00
[2025-04-29T20:44:04.391+0000] {news_api_client.py:50} ERROR - Error fetching news for Tesla: {'status': 'error', 'code': 'parameterInvalid', 'message': 'You are trying to request results too far in the past. Your plan permits you to request articles as far back as 2025-03-28, but you have requested 2025-02-18. You may need to upgrade to a paid plan.'}
[2025-04-29T20:44:04.392+0000] {backfill_historical_news.py:38} WARNING - No articles found for Tesla for week 2025-02-18 00:00:00
[2025-04-29T20:44:04.392+0000] {backfill_historical_news.py:28} INFO - Backfilling news for Tesla for week 2025-02-11 00:00:00
[2025-04-29T20:44:04.393+0000] {news_api_client.py:37} INFO - Fetching news for Tesla from 2025-02-11 00:00:00 to 2025-02-18 00:00:00
[2025-04-29T20:44:04.728+0000] {news_api_client.py:50} ERROR - Error fetching news for Tesla: {'status': 'error', 'code': 'parameterInvalid', 'message': 'You are trying to request results too far in the past. Your plan permits you to request articles as far back as 2025-03-28, but you have requested 2025-02-11. You may need to upgrade to a paid plan.'}
[2025-04-29T20:44:04.729+0000] {backfill_historical_news.py:38} WARNING - No articles found for Tesla for week 2025-02-11 00:00:00
[2025-04-29T20:44:04.729+0000] {backfill_historical_news.py:28} INFO - Backfilling news for NVIDIA for week 2025-04-29 00:00:00
[2025-04-29T20:44:04.730+0000] {news_api_client.py:37} INFO - Fetching news for NVIDIA from 2025-04-29 00:00:00 to 2025-05-06 00:00:00
[2025-04-29T20:44:05.084+0000] {news_api_client.py:47} INFO - Retrieved 0 articles for NVIDIA
[2025-04-29T20:44:05.084+0000] {backfill_historical_news.py:38} WARNING - No articles found for NVIDIA for week 2025-04-29 00:00:00
[2025-04-29T20:44:05.084+0000] {backfill_historical_news.py:28} INFO - Backfilling news for NVIDIA for week 2025-04-22 00:00:00
[2025-04-29T20:44:05.085+0000] {news_api_client.py:37} INFO - Fetching news for NVIDIA from 2025-04-22 00:00:00 to 2025-04-29 00:00:00
[2025-04-29T20:44:05.353+0000] {news_api_client.py:47} INFO - Retrieved 9 articles for NVIDIA
[2025-04-29T20:44:05.353+0000] {logging_mixin.py:190} INFO - Fetched 9 articles for NVIDIA for week 2025-04-22 00:00:00
[2025-04-29T20:44:05.361+0000] {mongodb_client.py:55} INFO - Stored 9 articles for NVIDIA for week 2025-04-22 00:00:00
[2025-04-29T20:44:05.362+0000] {logging_mixin.py:190} INFO - Stored 9 articles for NVIDIA for week 2025-04-22 00:00:00
[2025-04-29T20:44:05.362+0000] {backfill_historical_news.py:28} INFO - Backfilling news for NVIDIA for week 2025-04-15 00:00:00
[2025-04-29T20:44:05.362+0000] {news_api_client.py:37} INFO - Fetching news for NVIDIA from 2025-04-15 00:00:00 to 2025-04-22 00:00:00
[2025-04-29T20:44:05.680+0000] {news_api_client.py:47} INFO - Retrieved 8 articles for NVIDIA
[2025-04-29T20:44:05.680+0000] {logging_mixin.py:190} INFO - Fetched 8 articles for NVIDIA for week 2025-04-15 00:00:00
[2025-04-29T20:44:05.689+0000] {mongodb_client.py:55} INFO - Stored 8 articles for NVIDIA for week 2025-04-15 00:00:00
[2025-04-29T20:44:05.689+0000] {logging_mixin.py:190} INFO - Stored 8 articles for NVIDIA for week 2025-04-15 00:00:00
[2025-04-29T20:44:05.690+0000] {backfill_historical_news.py:28} INFO - Backfilling news for NVIDIA for week 2025-04-08 00:00:00
[2025-04-29T20:44:05.690+0000] {news_api_client.py:37} INFO - Fetching news for NVIDIA from 2025-04-08 00:00:00 to 2025-04-15 00:00:00
[2025-04-29T20:44:05.951+0000] {news_api_client.py:47} INFO - Retrieved 7 articles for NVIDIA
[2025-04-29T20:44:05.952+0000] {logging_mixin.py:190} INFO - Fetched 7 articles for NVIDIA for week 2025-04-08 00:00:00
[2025-04-29T20:44:05.958+0000] {mongodb_client.py:55} INFO - Stored 7 articles for NVIDIA for week 2025-04-08 00:00:00
[2025-04-29T20:44:05.959+0000] {logging_mixin.py:190} INFO - Stored 7 articles for NVIDIA for week 2025-04-08 00:00:00
[2025-04-29T20:44:05.959+0000] {backfill_historical_news.py:28} INFO - Backfilling news for NVIDIA for week 2025-04-01 00:00:00
[2025-04-29T20:44:05.960+0000] {news_api_client.py:37} INFO - Fetching news for NVIDIA from 2025-04-01 00:00:00 to 2025-04-08 00:00:00
[2025-04-29T20:44:06.261+0000] {news_api_client.py:47} INFO - Retrieved 7 articles for NVIDIA
[2025-04-29T20:44:06.262+0000] {logging_mixin.py:190} INFO - Fetched 7 articles for NVIDIA for week 2025-04-01 00:00:00
[2025-04-29T20:44:06.270+0000] {mongodb_client.py:55} INFO - Stored 7 articles for NVIDIA for week 2025-04-01 00:00:00
[2025-04-29T20:44:06.270+0000] {logging_mixin.py:190} INFO - Stored 7 articles for NVIDIA for week 2025-04-01 00:00:00
[2025-04-29T20:44:06.271+0000] {backfill_historical_news.py:28} INFO - Backfilling news for NVIDIA for week 2025-03-25 00:00:00
[2025-04-29T20:44:06.271+0000] {news_api_client.py:37} INFO - Fetching news for NVIDIA from 2025-03-25 00:00:00 to 2025-04-01 00:00:00
[2025-04-29T20:44:06.557+0000] {news_api_client.py:50} ERROR - Error fetching news for NVIDIA: {'status': 'error', 'code': 'parameterInvalid', 'message': 'You are trying to request results too far in the past. Your plan permits you to request articles as far back as 2025-03-28, but you have requested 2025-03-25. You may need to upgrade to a paid plan.'}
[2025-04-29T20:44:06.557+0000] {backfill_historical_news.py:38} WARNING - No articles found for NVIDIA for week 2025-03-25 00:00:00
[2025-04-29T20:44:06.558+0000] {backfill_historical_news.py:28} INFO - Backfilling news for NVIDIA for week 2025-03-18 00:00:00
[2025-04-29T20:44:06.558+0000] {news_api_client.py:37} INFO - Fetching news for NVIDIA from 2025-03-18 00:00:00 to 2025-03-25 00:00:00
[2025-04-29T20:44:06.830+0000] {news_api_client.py:50} ERROR - Error fetching news for NVIDIA: {'status': 'error', 'code': 'parameterInvalid', 'message': 'You are trying to request results too far in the past. Your plan permits you to request articles as far back as 2025-03-28, but you have requested 2025-03-18. You may need to upgrade to a paid plan.'}
[2025-04-29T20:44:06.831+0000] {backfill_historical_news.py:38} WARNING - No articles found for NVIDIA for week 2025-03-18 00:00:00
[2025-04-29T20:44:06.831+0000] {backfill_historical_news.py:28} INFO - Backfilling news for NVIDIA for week 2025-03-11 00:00:00
[2025-04-29T20:44:06.832+0000] {news_api_client.py:37} INFO - Fetching news for NVIDIA from 2025-03-11 00:00:00 to 2025-03-18 00:00:00
[2025-04-29T20:44:07.104+0000] {news_api_client.py:50} ERROR - Error fetching news for NVIDIA: {'status': 'error', 'code': 'parameterInvalid', 'message': 'You are trying to request results too far in the past. Your plan permits you to request articles as far back as 2025-03-28, but you have requested 2025-03-11. You may need to upgrade to a paid plan.'}
[2025-04-29T20:44:07.105+0000] {backfill_historical_news.py:38} WARNING - No articles found for NVIDIA for week 2025-03-11 00:00:00
[2025-04-29T20:44:07.105+0000] {backfill_historical_news.py:28} INFO - Backfilling news for NVIDIA for week 2025-03-04 00:00:00
[2025-04-29T20:44:07.106+0000] {news_api_client.py:37} INFO - Fetching news for NVIDIA from 2025-03-04 00:00:00 to 2025-03-11 00:00:00
[2025-04-29T20:44:07.379+0000] {news_api_client.py:50} ERROR - Error fetching news for NVIDIA: {'status': 'error', 'code': 'rateLimited', 'message': 'You have made too many requests recently. Developer accounts are limited to 100 requests over a 24 hour period (50 requests available every 12 hours). Please upgrade to a paid plan if you need more requests.'}
[2025-04-29T20:44:07.380+0000] {backfill_historical_news.py:38} WARNING - No articles found for NVIDIA for week 2025-03-04 00:00:00
[2025-04-29T20:44:07.380+0000] {backfill_historical_news.py:28} INFO - Backfilling news for NVIDIA for week 2025-02-25 00:00:00
[2025-04-29T20:44:07.380+0000] {news_api_client.py:37} INFO - Fetching news for NVIDIA from 2025-02-25 00:00:00 to 2025-03-04 00:00:00
[2025-04-29T20:44:07.638+0000] {news_api_client.py:50} ERROR - Error fetching news for NVIDIA: {'status': 'error', 'code': 'rateLimited', 'message': 'You have made too many requests recently. Developer accounts are limited to 100 requests over a 24 hour period (50 requests available every 12 hours). Please upgrade to a paid plan if you need more requests.'}
[2025-04-29T20:44:07.639+0000] {backfill_historical_news.py:38} WARNING - No articles found for NVIDIA for week 2025-02-25 00:00:00
[2025-04-29T20:44:07.640+0000] {backfill_historical_news.py:28} INFO - Backfilling news for NVIDIA for week 2025-02-18 00:00:00
[2025-04-29T20:44:07.640+0000] {news_api_client.py:37} INFO - Fetching news for NVIDIA from 2025-02-18 00:00:00 to 2025-02-25 00:00:00
[2025-04-29T20:44:07.893+0000] {news_api_client.py:50} ERROR - Error fetching news for NVIDIA: {'status': 'error', 'code': 'rateLimited', 'message': 'You have made too many requests recently. Developer accounts are limited to 100 requests over a 24 hour period (50 requests available every 12 hours). Please upgrade to a paid plan if you need more requests.'}
[2025-04-29T20:44:07.893+0000] {backfill_historical_news.py:38} WARNING - No articles found for NVIDIA for week 2025-02-18 00:00:00
[2025-04-29T20:44:07.894+0000] {backfill_historical_news.py:28} INFO - Backfilling news for NVIDIA for week 2025-02-11 00:00:00
[2025-04-29T20:44:07.894+0000] {news_api_client.py:37} INFO - Fetching news for NVIDIA from 2025-02-11 00:00:00 to 2025-02-18 00:00:00
[2025-04-29T20:44:08.150+0000] {news_api_client.py:50} ERROR - Error fetching news for NVIDIA: {'status': 'error', 'code': 'rateLimited', 'message': 'You have made too many requests recently. Developer accounts are limited to 100 requests over a 24 hour period (50 requests available every 12 hours). Please upgrade to a paid plan if you need more requests.'}
[2025-04-29T20:44:08.151+0000] {backfill_historical_news.py:38} WARNING - No articles found for NVIDIA for week 2025-02-11 00:00:00
[2025-04-29T20:44:08.152+0000] {backfill_historical_news.py:28} INFO - Backfilling news for Meta for week 2025-04-29 00:00:00
[2025-04-29T20:44:08.152+0000] {news_api_client.py:37} INFO - Fetching news for Meta from 2025-04-29 00:00:00 to 2025-05-06 00:00:00
[2025-04-29T20:44:08.421+0000] {news_api_client.py:47} INFO - Retrieved 0 articles for Meta
[2025-04-29T20:44:08.421+0000] {backfill_historical_news.py:38} WARNING - No articles found for Meta for week 2025-04-29 00:00:00
[2025-04-29T20:44:08.422+0000] {backfill_historical_news.py:28} INFO - Backfilling news for Meta for week 2025-04-22 00:00:00
[2025-04-29T20:44:08.422+0000] {news_api_client.py:37} INFO - Fetching news for Meta from 2025-04-22 00:00:00 to 2025-04-29 00:00:00
[2025-04-29T20:44:08.706+0000] {news_api_client.py:47} INFO - Retrieved 5 articles for Meta
[2025-04-29T20:44:08.707+0000] {logging_mixin.py:190} INFO - Fetched 5 articles for Meta for week 2025-04-22 00:00:00
[2025-04-29T20:44:08.712+0000] {mongodb_client.py:55} INFO - Stored 5 articles for Meta for week 2025-04-22 00:00:00
[2025-04-29T20:44:08.712+0000] {logging_mixin.py:190} INFO - Stored 5 articles for Meta for week 2025-04-22 00:00:00
[2025-04-29T20:44:08.713+0000] {backfill_historical_news.py:28} INFO - Backfilling news for Meta for week 2025-04-15 00:00:00
[2025-04-29T20:44:08.713+0000] {news_api_client.py:37} INFO - Fetching news for Meta from 2025-04-15 00:00:00 to 2025-04-22 00:00:00
[2025-04-29T20:44:08.987+0000] {news_api_client.py:50} ERROR - Error fetching news for Meta: {'status': 'error', 'code': 'rateLimited', 'message': 'You have made too many requests recently. Developer accounts are limited to 100 requests over a 24 hour period (50 requests available every 12 hours). Please upgrade to a paid plan if you need more requests.'}
[2025-04-29T20:44:08.988+0000] {backfill_historical_news.py:38} WARNING - No articles found for Meta for week 2025-04-15 00:00:00
[2025-04-29T20:44:08.989+0000] {backfill_historical_news.py:28} INFO - Backfilling news for Meta for week 2025-04-08 00:00:00
[2025-04-29T20:44:08.989+0000] {news_api_client.py:37} INFO - Fetching news for Meta from 2025-04-08 00:00:00 to 2025-04-15 00:00:00
[2025-04-29T20:44:09.294+0000] {news_api_client.py:50} ERROR - Error fetching news for Meta: {'status': 'error', 'code': 'rateLimited', 'message': 'You have made too many requests recently. Developer accounts are limited to 100 requests over a 24 hour period (50 requests available every 12 hours). Please upgrade to a paid plan if you need more requests.'}
[2025-04-29T20:44:09.294+0000] {backfill_historical_news.py:38} WARNING - No articles found for Meta for week 2025-04-08 00:00:00
[2025-04-29T20:44:09.295+0000] {backfill_historical_news.py:28} INFO - Backfilling news for Meta for week 2025-04-01 00:00:00
[2025-04-29T20:44:09.295+0000] {news_api_client.py:37} INFO - Fetching news for Meta from 2025-04-01 00:00:00 to 2025-04-08 00:00:00
[2025-04-29T20:44:09.550+0000] {news_api_client.py:50} ERROR - Error fetching news for Meta: {'status': 'error', 'code': 'rateLimited', 'message': 'You have made too many requests recently. Developer accounts are limited to 100 requests over a 24 hour period (50 requests available every 12 hours). Please upgrade to a paid plan if you need more requests.'}
[2025-04-29T20:44:09.551+0000] {backfill_historical_news.py:38} WARNING - No articles found for Meta for week 2025-04-01 00:00:00
[2025-04-29T20:44:09.551+0000] {backfill_historical_news.py:28} INFO - Backfilling news for Meta for week 2025-03-25 00:00:00
[2025-04-29T20:44:09.551+0000] {news_api_client.py:37} INFO - Fetching news for Meta from 2025-03-25 00:00:00 to 2025-04-01 00:00:00
[2025-04-29T20:44:09.809+0000] {news_api_client.py:50} ERROR - Error fetching news for Meta: {'status': 'error', 'code': 'rateLimited', 'message': 'You have made too many requests recently. Developer accounts are limited to 100 requests over a 24 hour period (50 requests available every 12 hours). Please upgrade to a paid plan if you need more requests.'}
[2025-04-29T20:44:09.809+0000] {backfill_historical_news.py:38} WARNING - No articles found for Meta for week 2025-03-25 00:00:00
[2025-04-29T20:44:09.810+0000] {backfill_historical_news.py:28} INFO - Backfilling news for Meta for week 2025-03-18 00:00:00
[2025-04-29T20:44:09.810+0000] {news_api_client.py:37} INFO - Fetching news for Meta from 2025-03-18 00:00:00 to 2025-03-25 00:00:00
[2025-04-29T20:44:10.083+0000] {news_api_client.py:50} ERROR - Error fetching news for Meta: {'status': 'error', 'code': 'rateLimited', 'message': 'You have made too many requests recently. Developer accounts are limited to 100 requests over a 24 hour period (50 requests available every 12 hours). Please upgrade to a paid plan if you need more requests.'}
[2025-04-29T20:44:10.084+0000] {backfill_historical_news.py:38} WARNING - No articles found for Meta for week 2025-03-18 00:00:00
[2025-04-29T20:44:10.084+0000] {backfill_historical_news.py:28} INFO - Backfilling news for Meta for week 2025-03-11 00:00:00
[2025-04-29T20:44:10.085+0000] {news_api_client.py:37} INFO - Fetching news for Meta from 2025-03-11 00:00:00 to 2025-03-18 00:00:00
[2025-04-29T20:44:10.371+0000] {news_api_client.py:50} ERROR - Error fetching news for Meta: {'status': 'error', 'code': 'rateLimited', 'message': 'You have made too many requests recently. Developer accounts are limited to 100 requests over a 24 hour period (50 requests available every 12 hours). Please upgrade to a paid plan if you need more requests.'}
[2025-04-29T20:44:10.372+0000] {backfill_historical_news.py:38} WARNING - No articles found for Meta for week 2025-03-11 00:00:00
[2025-04-29T20:44:10.372+0000] {backfill_historical_news.py:28} INFO - Backfilling news for Meta for week 2025-03-04 00:00:00
[2025-04-29T20:44:10.373+0000] {news_api_client.py:37} INFO - Fetching news for Meta from 2025-03-04 00:00:00 to 2025-03-11 00:00:00
[2025-04-29T20:44:10.629+0000] {news_api_client.py:50} ERROR - Error fetching news for Meta: {'status': 'error', 'code': 'rateLimited', 'message': 'You have made too many requests recently. Developer accounts are limited to 100 requests over a 24 hour period (50 requests available every 12 hours). Please upgrade to a paid plan if you need more requests.'}
[2025-04-29T20:44:10.629+0000] {backfill_historical_news.py:38} WARNING - No articles found for Meta for week 2025-03-04 00:00:00
[2025-04-29T20:44:10.630+0000] {backfill_historical_news.py:28} INFO - Backfilling news for Meta for week 2025-02-25 00:00:00
[2025-04-29T20:44:10.630+0000] {news_api_client.py:37} INFO - Fetching news for Meta from 2025-02-25 00:00:00 to 2025-03-04 00:00:00
[2025-04-29T20:44:10.878+0000] {news_api_client.py:50} ERROR - Error fetching news for Meta: {'status': 'error', 'code': 'rateLimited', 'message': 'You have made too many requests recently. Developer accounts are limited to 100 requests over a 24 hour period (50 requests available every 12 hours). Please upgrade to a paid plan if you need more requests.'}
[2025-04-29T20:44:10.879+0000] {backfill_historical_news.py:38} WARNING - No articles found for Meta for week 2025-02-25 00:00:00
[2025-04-29T20:44:10.879+0000] {backfill_historical_news.py:28} INFO - Backfilling news for Meta for week 2025-02-18 00:00:00
[2025-04-29T20:44:10.879+0000] {news_api_client.py:37} INFO - Fetching news for Meta from 2025-02-18 00:00:00 to 2025-02-25 00:00:00
[2025-04-29T20:44:11.154+0000] {news_api_client.py:50} ERROR - Error fetching news for Meta: {'status': 'error', 'code': 'rateLimited', 'message': 'You have made too many requests recently. Developer accounts are limited to 100 requests over a 24 hour period (50 requests available every 12 hours). Please upgrade to a paid plan if you need more requests.'}
[2025-04-29T20:44:11.155+0000] {backfill_historical_news.py:38} WARNING - No articles found for Meta for week 2025-02-18 00:00:00
[2025-04-29T20:44:11.155+0000] {backfill_historical_news.py:28} INFO - Backfilling news for Meta for week 2025-02-11 00:00:00
[2025-04-29T20:44:11.156+0000] {news_api_client.py:37} INFO - Fetching news for Meta from 2025-02-11 00:00:00 to 2025-02-18 00:00:00
[2025-04-29T20:44:11.519+0000] {news_api_client.py:50} ERROR - Error fetching news for Meta: {'status': 'error', 'code': 'rateLimited', 'message': 'You have made too many requests recently. Developer accounts are limited to 100 requests over a 24 hour period (50 requests available every 12 hours). Please upgrade to a paid plan if you need more requests.'}
[2025-04-29T20:44:11.520+0000] {backfill_historical_news.py:38} WARNING - No articles found for Meta for week 2025-02-11 00:00:00
[2025-04-29T20:44:11.520+0000] {backfill_historical_news.py:28} INFO - Backfilling news for JPMorgan for week 2025-04-29 00:00:00
[2025-04-29T20:44:11.520+0000] {news_api_client.py:37} INFO - Fetching news for JPMorgan from 2025-04-29 00:00:00 to 2025-05-06 00:00:00
[2025-04-29T20:44:11.796+0000] {news_api_client.py:50} ERROR - Error fetching news for JPMorgan: {'status': 'error', 'code': 'rateLimited', 'message': 'You have made too many requests recently. Developer accounts are limited to 100 requests over a 24 hour period (50 requests available every 12 hours). Please upgrade to a paid plan if you need more requests.'}
[2025-04-29T20:44:11.796+0000] {backfill_historical_news.py:38} WARNING - No articles found for JPMorgan for week 2025-04-29 00:00:00
[2025-04-29T20:44:11.797+0000] {backfill_historical_news.py:28} INFO - Backfilling news for JPMorgan for week 2025-04-22 00:00:00
[2025-04-29T20:44:11.797+0000] {news_api_client.py:37} INFO - Fetching news for JPMorgan from 2025-04-22 00:00:00 to 2025-04-29 00:00:00
[2025-04-29T20:44:12.064+0000] {news_api_client.py:50} ERROR - Error fetching news for JPMorgan: {'status': 'error', 'code': 'rateLimited', 'message': 'You have made too many requests recently. Developer accounts are limited to 100 requests over a 24 hour period (50 requests available every 12 hours). Please upgrade to a paid plan if you need more requests.'}
[2025-04-29T20:44:12.065+0000] {backfill_historical_news.py:38} WARNING - No articles found for JPMorgan for week 2025-04-22 00:00:00
[2025-04-29T20:44:12.066+0000] {backfill_historical_news.py:28} INFO - Backfilling news for JPMorgan for week 2025-04-15 00:00:00
[2025-04-29T20:44:12.066+0000] {news_api_client.py:37} INFO - Fetching news for JPMorgan from 2025-04-15 00:00:00 to 2025-04-22 00:00:00
[2025-04-29T20:44:12.329+0000] {news_api_client.py:50} ERROR - Error fetching news for JPMorgan: {'status': 'error', 'code': 'rateLimited', 'message': 'You have made too many requests recently. Developer accounts are limited to 100 requests over a 24 hour period (50 requests available every 12 hours). Please upgrade to a paid plan if you need more requests.'}
[2025-04-29T20:44:12.331+0000] {backfill_historical_news.py:38} WARNING - No articles found for JPMorgan for week 2025-04-15 00:00:00
[2025-04-29T20:44:12.331+0000] {backfill_historical_news.py:28} INFO - Backfilling news for JPMorgan for week 2025-04-08 00:00:00
[2025-04-29T20:44:12.332+0000] {news_api_client.py:37} INFO - Fetching news for JPMorgan from 2025-04-08 00:00:00 to 2025-04-15 00:00:00
[2025-04-29T20:44:12.591+0000] {news_api_client.py:50} ERROR - Error fetching news for JPMorgan: {'status': 'error', 'code': 'rateLimited', 'message': 'You have made too many requests recently. Developer accounts are limited to 100 requests over a 24 hour period (50 requests available every 12 hours). Please upgrade to a paid plan if you need more requests.'}
[2025-04-29T20:44:12.591+0000] {backfill_historical_news.py:38} WARNING - No articles found for JPMorgan for week 2025-04-08 00:00:00
[2025-04-29T20:44:12.592+0000] {backfill_historical_news.py:28} INFO - Backfilling news for JPMorgan for week 2025-04-01 00:00:00
[2025-04-29T20:44:12.592+0000] {news_api_client.py:37} INFO - Fetching news for JPMorgan from 2025-04-01 00:00:00 to 2025-04-08 00:00:00
[2025-04-29T20:44:12.846+0000] {news_api_client.py:50} ERROR - Error fetching news for JPMorgan: {'status': 'error', 'code': 'rateLimited', 'message': 'You have made too many requests recently. Developer accounts are limited to 100 requests over a 24 hour period (50 requests available every 12 hours). Please upgrade to a paid plan if you need more requests.'}
[2025-04-29T20:44:12.847+0000] {backfill_historical_news.py:38} WARNING - No articles found for JPMorgan for week 2025-04-01 00:00:00
[2025-04-29T20:44:12.848+0000] {backfill_historical_news.py:28} INFO - Backfilling news for JPMorgan for week 2025-03-25 00:00:00
[2025-04-29T20:44:12.848+0000] {news_api_client.py:37} INFO - Fetching news for JPMorgan from 2025-03-25 00:00:00 to 2025-04-01 00:00:00
[2025-04-29T20:44:13.127+0000] {news_api_client.py:50} ERROR - Error fetching news for JPMorgan: {'status': 'error', 'code': 'rateLimited', 'message': 'You have made too many requests recently. Developer accounts are limited to 100 requests over a 24 hour period (50 requests available every 12 hours). Please upgrade to a paid plan if you need more requests.'}
[2025-04-29T20:44:13.128+0000] {backfill_historical_news.py:38} WARNING - No articles found for JPMorgan for week 2025-03-25 00:00:00
[2025-04-29T20:44:13.128+0000] {backfill_historical_news.py:28} INFO - Backfilling news for JPMorgan for week 2025-03-18 00:00:00
[2025-04-29T20:44:13.129+0000] {news_api_client.py:37} INFO - Fetching news for JPMorgan from 2025-03-18 00:00:00 to 2025-03-25 00:00:00
[2025-04-29T20:44:13.384+0000] {news_api_client.py:50} ERROR - Error fetching news for JPMorgan: {'status': 'error', 'code': 'rateLimited', 'message': 'You have made too many requests recently. Developer accounts are limited to 100 requests over a 24 hour period (50 requests available every 12 hours). Please upgrade to a paid plan if you need more requests.'}
[2025-04-29T20:44:13.385+0000] {backfill_historical_news.py:38} WARNING - No articles found for JPMorgan for week 2025-03-18 00:00:00
[2025-04-29T20:44:13.385+0000] {backfill_historical_news.py:28} INFO - Backfilling news for JPMorgan for week 2025-03-11 00:00:00
[2025-04-29T20:44:13.386+0000] {news_api_client.py:37} INFO - Fetching news for JPMorgan from 2025-03-11 00:00:00 to 2025-03-18 00:00:00
[2025-04-29T20:44:13.635+0000] {news_api_client.py:50} ERROR - Error fetching news for JPMorgan: {'status': 'error', 'code': 'rateLimited', 'message': 'You have made too many requests recently. Developer accounts are limited to 100 requests over a 24 hour period (50 requests available every 12 hours). Please upgrade to a paid plan if you need more requests.'}
[2025-04-29T20:44:13.636+0000] {backfill_historical_news.py:38} WARNING - No articles found for JPMorgan for week 2025-03-11 00:00:00
[2025-04-29T20:44:13.636+0000] {backfill_historical_news.py:28} INFO - Backfilling news for JPMorgan for week 2025-03-04 00:00:00
[2025-04-29T20:44:13.637+0000] {news_api_client.py:37} INFO - Fetching news for JPMorgan from 2025-03-04 00:00:00 to 2025-03-11 00:00:00
[2025-04-29T20:44:13.957+0000] {news_api_client.py:50} ERROR - Error fetching news for JPMorgan: {'status': 'error', 'code': 'rateLimited', 'message': 'You have made too many requests recently. Developer accounts are limited to 100 requests over a 24 hour period (50 requests available every 12 hours). Please upgrade to a paid plan if you need more requests.'}
[2025-04-29T20:44:13.959+0000] {backfill_historical_news.py:38} WARNING - No articles found for JPMorgan for week 2025-03-04 00:00:00
[2025-04-29T20:44:13.959+0000] {backfill_historical_news.py:28} INFO - Backfilling news for JPMorgan for week 2025-02-25 00:00:00
[2025-04-29T20:44:13.960+0000] {news_api_client.py:37} INFO - Fetching news for JPMorgan from 2025-02-25 00:00:00 to 2025-03-04 00:00:00
[2025-04-29T20:44:14.234+0000] {news_api_client.py:50} ERROR - Error fetching news for JPMorgan: {'status': 'error', 'code': 'rateLimited', 'message': 'You have made too many requests recently. Developer accounts are limited to 100 requests over a 24 hour period (50 requests available every 12 hours). Please upgrade to a paid plan if you need more requests.'}
[2025-04-29T20:44:14.235+0000] {backfill_historical_news.py:38} WARNING - No articles found for JPMorgan for week 2025-02-25 00:00:00
[2025-04-29T20:44:14.235+0000] {backfill_historical_news.py:28} INFO - Backfilling news for JPMorgan for week 2025-02-18 00:00:00
[2025-04-29T20:44:14.235+0000] {news_api_client.py:37} INFO - Fetching news for JPMorgan from 2025-02-18 00:00:00 to 2025-02-25 00:00:00
[2025-04-29T20:44:14.493+0000] {news_api_client.py:50} ERROR - Error fetching news for JPMorgan: {'status': 'error', 'code': 'rateLimited', 'message': 'You have made too many requests recently. Developer accounts are limited to 100 requests over a 24 hour period (50 requests available every 12 hours). Please upgrade to a paid plan if you need more requests.'}
[2025-04-29T20:44:14.494+0000] {backfill_historical_news.py:38} WARNING - No articles found for JPMorgan for week 2025-02-18 00:00:00
[2025-04-29T20:44:14.494+0000] {backfill_historical_news.py:28} INFO - Backfilling news for JPMorgan for week 2025-02-11 00:00:00
[2025-04-29T20:44:14.495+0000] {news_api_client.py:37} INFO - Fetching news for JPMorgan from 2025-02-11 00:00:00 to 2025-02-18 00:00:00
[2025-04-29T20:44:14.747+0000] {news_api_client.py:50} ERROR - Error fetching news for JPMorgan: {'status': 'error', 'code': 'rateLimited', 'message': 'You have made too many requests recently. Developer accounts are limited to 100 requests over a 24 hour period (50 requests available every 12 hours). Please upgrade to a paid plan if you need more requests.'}
[2025-04-29T20:44:14.748+0000] {backfill_historical_news.py:38} WARNING - No articles found for JPMorgan for week 2025-02-11 00:00:00
[2025-04-29T20:44:14.749+0000] {backfill_historical_news.py:28} INFO - Backfilling news for Walmart for week 2025-04-29 00:00:00
[2025-04-29T20:44:14.749+0000] {news_api_client.py:37} INFO - Fetching news for Walmart from 2025-04-29 00:00:00 to 2025-05-06 00:00:00
[2025-04-29T20:44:15.027+0000] {news_api_client.py:50} ERROR - Error fetching news for Walmart: {'status': 'error', 'code': 'rateLimited', 'message': 'You have made too many requests recently. Developer accounts are limited to 100 requests over a 24 hour period (50 requests available every 12 hours). Please upgrade to a paid plan if you need more requests.'}
[2025-04-29T20:44:15.027+0000] {backfill_historical_news.py:38} WARNING - No articles found for Walmart for week 2025-04-29 00:00:00
[2025-04-29T20:44:15.028+0000] {backfill_historical_news.py:28} INFO - Backfilling news for Walmart for week 2025-04-22 00:00:00
[2025-04-29T20:44:15.028+0000] {news_api_client.py:37} INFO - Fetching news for Walmart from 2025-04-22 00:00:00 to 2025-04-29 00:00:00
[2025-04-29T20:44:15.308+0000] {news_api_client.py:50} ERROR - Error fetching news for Walmart: {'status': 'error', 'code': 'rateLimited', 'message': 'You have made too many requests recently. Developer accounts are limited to 100 requests over a 24 hour period (50 requests available every 12 hours). Please upgrade to a paid plan if you need more requests.'}
[2025-04-29T20:44:15.309+0000] {backfill_historical_news.py:38} WARNING - No articles found for Walmart for week 2025-04-22 00:00:00
[2025-04-29T20:44:15.309+0000] {backfill_historical_news.py:28} INFO - Backfilling news for Walmart for week 2025-04-15 00:00:00
[2025-04-29T20:44:15.310+0000] {news_api_client.py:37} INFO - Fetching news for Walmart from 2025-04-15 00:00:00 to 2025-04-22 00:00:00
[2025-04-29T20:44:15.569+0000] {news_api_client.py:50} ERROR - Error fetching news for Walmart: {'status': 'error', 'code': 'rateLimited', 'message': 'You have made too many requests recently. Developer accounts are limited to 100 requests over a 24 hour period (50 requests available every 12 hours). Please upgrade to a paid plan if you need more requests.'}
[2025-04-29T20:44:15.570+0000] {backfill_historical_news.py:38} WARNING - No articles found for Walmart for week 2025-04-15 00:00:00
[2025-04-29T20:44:15.570+0000] {backfill_historical_news.py:28} INFO - Backfilling news for Walmart for week 2025-04-08 00:00:00
[2025-04-29T20:44:15.571+0000] {news_api_client.py:37} INFO - Fetching news for Walmart from 2025-04-08 00:00:00 to 2025-04-15 00:00:00
[2025-04-29T20:44:15.825+0000] {news_api_client.py:50} ERROR - Error fetching news for Walmart: {'status': 'error', 'code': 'rateLimited', 'message': 'You have made too many requests recently. Developer accounts are limited to 100 requests over a 24 hour period (50 requests available every 12 hours). Please upgrade to a paid plan if you need more requests.'}
[2025-04-29T20:44:15.826+0000] {backfill_historical_news.py:38} WARNING - No articles found for Walmart for week 2025-04-08 00:00:00
[2025-04-29T20:44:15.826+0000] {backfill_historical_news.py:28} INFO - Backfilling news for Walmart for week 2025-04-01 00:00:00
[2025-04-29T20:44:15.826+0000] {news_api_client.py:37} INFO - Fetching news for Walmart from 2025-04-01 00:00:00 to 2025-04-08 00:00:00
[2025-04-29T20:44:16.088+0000] {news_api_client.py:50} ERROR - Error fetching news for Walmart: {'status': 'error', 'code': 'rateLimited', 'message': 'You have made too many requests recently. Developer accounts are limited to 100 requests over a 24 hour period (50 requests available every 12 hours). Please upgrade to a paid plan if you need more requests.'}
[2025-04-29T20:44:16.089+0000] {backfill_historical_news.py:38} WARNING - No articles found for Walmart for week 2025-04-01 00:00:00
[2025-04-29T20:44:16.089+0000] {backfill_historical_news.py:28} INFO - Backfilling news for Walmart for week 2025-03-25 00:00:00
[2025-04-29T20:44:16.089+0000] {news_api_client.py:37} INFO - Fetching news for Walmart from 2025-03-25 00:00:00 to 2025-04-01 00:00:00
[2025-04-29T20:44:16.362+0000] {news_api_client.py:50} ERROR - Error fetching news for Walmart: {'status': 'error', 'code': 'rateLimited', 'message': 'You have made too many requests recently. Developer accounts are limited to 100 requests over a 24 hour period (50 requests available every 12 hours). Please upgrade to a paid plan if you need more requests.'}
[2025-04-29T20:44:16.363+0000] {backfill_historical_news.py:38} WARNING - No articles found for Walmart for week 2025-03-25 00:00:00
[2025-04-29T20:44:16.363+0000] {backfill_historical_news.py:28} INFO - Backfilling news for Walmart for week 2025-03-18 00:00:00
[2025-04-29T20:44:16.363+0000] {news_api_client.py:37} INFO - Fetching news for Walmart from 2025-03-18 00:00:00 to 2025-03-25 00:00:00
[2025-04-29T20:44:16.685+0000] {news_api_client.py:50} ERROR - Error fetching news for Walmart: {'status': 'error', 'code': 'rateLimited', 'message': 'You have made too many requests recently. Developer accounts are limited to 100 requests over a 24 hour period (50 requests available every 12 hours). Please upgrade to a paid plan if you need more requests.'}
[2025-04-29T20:44:16.685+0000] {backfill_historical_news.py:38} WARNING - No articles found for Walmart for week 2025-03-18 00:00:00
[2025-04-29T20:44:16.686+0000] {backfill_historical_news.py:28} INFO - Backfilling news for Walmart for week 2025-03-11 00:00:00
[2025-04-29T20:44:16.686+0000] {news_api_client.py:37} INFO - Fetching news for Walmart from 2025-03-11 00:00:00 to 2025-03-18 00:00:00
[2025-04-29T20:44:16.937+0000] {news_api_client.py:50} ERROR - Error fetching news for Walmart: {'status': 'error', 'code': 'rateLimited', 'message': 'You have made too many requests recently. Developer accounts are limited to 100 requests over a 24 hour period (50 requests available every 12 hours). Please upgrade to a paid plan if you need more requests.'}
[2025-04-29T20:44:16.939+0000] {backfill_historical_news.py:38} WARNING - No articles found for Walmart for week 2025-03-11 00:00:00
[2025-04-29T20:44:16.939+0000] {backfill_historical_news.py:28} INFO - Backfilling news for Walmart for week 2025-03-04 00:00:00
[2025-04-29T20:44:16.940+0000] {news_api_client.py:37} INFO - Fetching news for Walmart from 2025-03-04 00:00:00 to 2025-03-11 00:00:00
[2025-04-29T20:44:17.212+0000] {news_api_client.py:50} ERROR - Error fetching news for Walmart: {'status': 'error', 'code': 'rateLimited', 'message': 'You have made too many requests recently. Developer accounts are limited to 100 requests over a 24 hour period (50 requests available every 12 hours). Please upgrade to a paid plan if you need more requests.'}
[2025-04-29T20:44:17.214+0000] {backfill_historical_news.py:38} WARNING - No articles found for Walmart for week 2025-03-04 00:00:00
[2025-04-29T20:44:17.214+0000] {backfill_historical_news.py:28} INFO - Backfilling news for Walmart for week 2025-02-25 00:00:00
[2025-04-29T20:44:17.215+0000] {news_api_client.py:37} INFO - Fetching news for Walmart from 2025-02-25 00:00:00 to 2025-03-04 00:00:00
[2025-04-29T20:44:17.511+0000] {news_api_client.py:50} ERROR - Error fetching news for Walmart: {'status': 'error', 'code': 'rateLimited', 'message': 'You have made too many requests recently. Developer accounts are limited to 100 requests over a 24 hour period (50 requests available every 12 hours). Please upgrade to a paid plan if you need more requests.'}
[2025-04-29T20:44:17.512+0000] {backfill_historical_news.py:38} WARNING - No articles found for Walmart for week 2025-02-25 00:00:00
[2025-04-29T20:44:17.512+0000] {backfill_historical_news.py:28} INFO - Backfilling news for Walmart for week 2025-02-18 00:00:00
[2025-04-29T20:44:17.513+0000] {news_api_client.py:37} INFO - Fetching news for Walmart from 2025-02-18 00:00:00 to 2025-02-25 00:00:00
[2025-04-29T20:44:17.774+0000] {news_api_client.py:50} ERROR - Error fetching news for Walmart: {'status': 'error', 'code': 'rateLimited', 'message': 'You have made too many requests recently. Developer accounts are limited to 100 requests over a 24 hour period (50 requests available every 12 hours). Please upgrade to a paid plan if you need more requests.'}
[2025-04-29T20:44:17.775+0000] {backfill_historical_news.py:38} WARNING - No articles found for Walmart for week 2025-02-18 00:00:00
[2025-04-29T20:44:17.775+0000] {backfill_historical_news.py:28} INFO - Backfilling news for Walmart for week 2025-02-11 00:00:00
[2025-04-29T20:44:17.775+0000] {news_api_client.py:37} INFO - Fetching news for Walmart from 2025-02-11 00:00:00 to 2025-02-18 00:00:00
[2025-04-29T20:44:19.064+0000] {news_api_client.py:50} ERROR - Error fetching news for Walmart: {'status': 'error', 'code': 'rateLimited', 'message': 'You have made too many requests recently. Developer accounts are limited to 100 requests over a 24 hour period (50 requests available every 12 hours). Please upgrade to a paid plan if you need more requests.'}
[2025-04-29T20:44:19.065+0000] {backfill_historical_news.py:38} WARNING - No articles found for Walmart for week 2025-02-11 00:00:00
[2025-04-29T20:44:19.065+0000] {backfill_historical_news.py:28} INFO - Backfilling news for Visa for week 2025-04-29 00:00:00
[2025-04-29T20:44:19.066+0000] {news_api_client.py:37} INFO - Fetching news for Visa from 2025-04-29 00:00:00 to 2025-05-06 00:00:00
[2025-04-29T20:44:19.332+0000] {news_api_client.py:50} ERROR - Error fetching news for Visa: {'status': 'error', 'code': 'rateLimited', 'message': 'You have made too many requests recently. Developer accounts are limited to 100 requests over a 24 hour period (50 requests available every 12 hours). Please upgrade to a paid plan if you need more requests.'}
[2025-04-29T20:44:19.332+0000] {backfill_historical_news.py:38} WARNING - No articles found for Visa for week 2025-04-29 00:00:00
[2025-04-29T20:44:19.333+0000] {backfill_historical_news.py:28} INFO - Backfilling news for Visa for week 2025-04-22 00:00:00
[2025-04-29T20:44:19.333+0000] {news_api_client.py:37} INFO - Fetching news for Visa from 2025-04-22 00:00:00 to 2025-04-29 00:00:00
[2025-04-29T20:44:19.638+0000] {news_api_client.py:50} ERROR - Error fetching news for Visa: {'status': 'error', 'code': 'rateLimited', 'message': 'You have made too many requests recently. Developer accounts are limited to 100 requests over a 24 hour period (50 requests available every 12 hours). Please upgrade to a paid plan if you need more requests.'}
[2025-04-29T20:44:19.639+0000] {backfill_historical_news.py:38} WARNING - No articles found for Visa for week 2025-04-22 00:00:00
[2025-04-29T20:44:19.639+0000] {backfill_historical_news.py:28} INFO - Backfilling news for Visa for week 2025-04-15 00:00:00
[2025-04-29T20:44:19.639+0000] {news_api_client.py:37} INFO - Fetching news for Visa from 2025-04-15 00:00:00 to 2025-04-22 00:00:00
[2025-04-29T20:44:19.971+0000] {news_api_client.py:50} ERROR - Error fetching news for Visa: {'status': 'error', 'code': 'rateLimited', 'message': 'You have made too many requests recently. Developer accounts are limited to 100 requests over a 24 hour period (50 requests available every 12 hours). Please upgrade to a paid plan if you need more requests.'}
[2025-04-29T20:44:19.971+0000] {backfill_historical_news.py:38} WARNING - No articles found for Visa for week 2025-04-15 00:00:00
[2025-04-29T20:44:19.972+0000] {backfill_historical_news.py:28} INFO - Backfilling news for Visa for week 2025-04-08 00:00:00
[2025-04-29T20:44:19.972+0000] {news_api_client.py:37} INFO - Fetching news for Visa from 2025-04-08 00:00:00 to 2025-04-15 00:00:00
[2025-04-29T20:44:20.278+0000] {news_api_client.py:50} ERROR - Error fetching news for Visa: {'status': 'error', 'code': 'rateLimited', 'message': 'You have made too many requests recently. Developer accounts are limited to 100 requests over a 24 hour period (50 requests available every 12 hours). Please upgrade to a paid plan if you need more requests.'}
[2025-04-29T20:44:20.279+0000] {backfill_historical_news.py:38} WARNING - No articles found for Visa for week 2025-04-08 00:00:00
[2025-04-29T20:44:20.279+0000] {backfill_historical_news.py:28} INFO - Backfilling news for Visa for week 2025-04-01 00:00:00
[2025-04-29T20:44:20.279+0000] {news_api_client.py:37} INFO - Fetching news for Visa from 2025-04-01 00:00:00 to 2025-04-08 00:00:00
[2025-04-29T20:44:20.541+0000] {news_api_client.py:50} ERROR - Error fetching news for Visa: {'status': 'error', 'code': 'rateLimited', 'message': 'You have made too many requests recently. Developer accounts are limited to 100 requests over a 24 hour period (50 requests available every 12 hours). Please upgrade to a paid plan if you need more requests.'}
[2025-04-29T20:44:20.542+0000] {backfill_historical_news.py:38} WARNING - No articles found for Visa for week 2025-04-01 00:00:00
[2025-04-29T20:44:20.543+0000] {backfill_historical_news.py:28} INFO - Backfilling news for Visa for week 2025-03-25 00:00:00
[2025-04-29T20:44:20.543+0000] {news_api_client.py:37} INFO - Fetching news for Visa from 2025-03-25 00:00:00 to 2025-04-01 00:00:00
[2025-04-29T20:44:20.812+0000] {news_api_client.py:50} ERROR - Error fetching news for Visa: {'status': 'error', 'code': 'rateLimited', 'message': 'You have made too many requests recently. Developer accounts are limited to 100 requests over a 24 hour period (50 requests available every 12 hours). Please upgrade to a paid plan if you need more requests.'}
[2025-04-29T20:44:20.812+0000] {backfill_historical_news.py:38} WARNING - No articles found for Visa for week 2025-03-25 00:00:00
[2025-04-29T20:44:20.813+0000] {backfill_historical_news.py:28} INFO - Backfilling news for Visa for week 2025-03-18 00:00:00
[2025-04-29T20:44:20.813+0000] {news_api_client.py:37} INFO - Fetching news for Visa from 2025-03-18 00:00:00 to 2025-03-25 00:00:00
[2025-04-29T20:44:21.100+0000] {news_api_client.py:50} ERROR - Error fetching news for Visa: {'status': 'error', 'code': 'rateLimited', 'message': 'You have made too many requests recently. Developer accounts are limited to 100 requests over a 24 hour period (50 requests available every 12 hours). Please upgrade to a paid plan if you need more requests.'}
[2025-04-29T20:44:21.101+0000] {backfill_historical_news.py:38} WARNING - No articles found for Visa for week 2025-03-18 00:00:00
[2025-04-29T20:44:21.101+0000] {backfill_historical_news.py:28} INFO - Backfilling news for Visa for week 2025-03-11 00:00:00
[2025-04-29T20:44:21.102+0000] {news_api_client.py:37} INFO - Fetching news for Visa from 2025-03-11 00:00:00 to 2025-03-18 00:00:00
[2025-04-29T20:44:21.373+0000] {news_api_client.py:50} ERROR - Error fetching news for Visa: {'status': 'error', 'code': 'rateLimited', 'message': 'You have made too many requests recently. Developer accounts are limited to 100 requests over a 24 hour period (50 requests available every 12 hours). Please upgrade to a paid plan if you need more requests.'}
[2025-04-29T20:44:21.374+0000] {backfill_historical_news.py:38} WARNING - No articles found for Visa for week 2025-03-11 00:00:00
[2025-04-29T20:44:21.375+0000] {backfill_historical_news.py:28} INFO - Backfilling news for Visa for week 2025-03-04 00:00:00
[2025-04-29T20:44:21.375+0000] {news_api_client.py:37} INFO - Fetching news for Visa from 2025-03-04 00:00:00 to 2025-03-11 00:00:00
[2025-04-29T20:44:21.649+0000] {news_api_client.py:50} ERROR - Error fetching news for Visa: {'status': 'error', 'code': 'rateLimited', 'message': 'You have made too many requests recently. Developer accounts are limited to 100 requests over a 24 hour period (50 requests available every 12 hours). Please upgrade to a paid plan if you need more requests.'}
[2025-04-29T20:44:21.650+0000] {backfill_historical_news.py:38} WARNING - No articles found for Visa for week 2025-03-04 00:00:00
[2025-04-29T20:44:21.651+0000] {backfill_historical_news.py:28} INFO - Backfilling news for Visa for week 2025-02-25 00:00:00
[2025-04-29T20:44:21.651+0000] {news_api_client.py:37} INFO - Fetching news for Visa from 2025-02-25 00:00:00 to 2025-03-04 00:00:00
[2025-04-29T20:44:21.903+0000] {news_api_client.py:50} ERROR - Error fetching news for Visa: {'status': 'error', 'code': 'rateLimited', 'message': 'You have made too many requests recently. Developer accounts are limited to 100 requests over a 24 hour period (50 requests available every 12 hours). Please upgrade to a paid plan if you need more requests.'}
[2025-04-29T20:44:21.904+0000] {backfill_historical_news.py:38} WARNING - No articles found for Visa for week 2025-02-25 00:00:00
[2025-04-29T20:44:21.905+0000] {backfill_historical_news.py:28} INFO - Backfilling news for Visa for week 2025-02-18 00:00:00
[2025-04-29T20:44:21.905+0000] {news_api_client.py:37} INFO - Fetching news for Visa from 2025-02-18 00:00:00 to 2025-02-25 00:00:00
[2025-04-29T20:44:22.188+0000] {news_api_client.py:50} ERROR - Error fetching news for Visa: {'status': 'error', 'code': 'rateLimited', 'message': 'You have made too many requests recently. Developer accounts are limited to 100 requests over a 24 hour period (50 requests available every 12 hours). Please upgrade to a paid plan if you need more requests.'}
[2025-04-29T20:44:22.188+0000] {backfill_historical_news.py:38} WARNING - No articles found for Visa for week 2025-02-18 00:00:00
[2025-04-29T20:44:22.189+0000] {backfill_historical_news.py:28} INFO - Backfilling news for Visa for week 2025-02-11 00:00:00
[2025-04-29T20:44:22.189+0000] {news_api_client.py:37} INFO - Fetching news for Visa from 2025-02-11 00:00:00 to 2025-02-18 00:00:00
[2025-04-29T20:44:22.450+0000] {news_api_client.py:50} ERROR - Error fetching news for Visa: {'status': 'error', 'code': 'rateLimited', 'message': 'You have made too many requests recently. Developer accounts are limited to 100 requests over a 24 hour period (50 requests available every 12 hours). Please upgrade to a paid plan if you need more requests.'}
[2025-04-29T20:44:22.451+0000] {backfill_historical_news.py:38} WARNING - No articles found for Visa for week 2025-02-11 00:00:00
[2025-04-29T20:44:22.451+0000] {python.py:240} INFO - Done. Returned value was: None
[2025-04-29T20:44:22.459+0000] {taskinstance.py:340} INFO - ::group::Post task execution logs
[2025-04-29T20:44:22.460+0000] {taskinstance.py:352} INFO - Marking task as SUCCESS. dag_id=portfolio_news_pipeline, task_id=backfill_historical_news, run_id=manual__2025-04-29T20:43:45.954625+00:00, execution_date=20250429T204345, start_date=20250429T204350, end_date=20250429T204422
[2025-04-29T20:44:22.505+0000] {local_task_job_runner.py:266} INFO - Task exited with return code 0
[2025-04-29T20:44:22.525+0000] {taskinstance.py:3895} INFO - 1 downstream tasks scheduled from follow-on schedule check
[2025-04-29T20:44:22.527+0000] {local_task_job_runner.py:245} INFO - ::endgroup::
