2025-04-29 16:03:04 - dotenv.main - WARNING - Python-dotenv could not parse statement starting at line 1
2025-04-29 16:04:22 - dotenv.main - WARNING - Python-dotenv could not parse statement starting at line 1
2025-04-29 16:04:46 - dotenv.main - WARNING - Python-dotenv could not parse statement starting at line 1
2025-04-29 16:05:16 - predict - INFO - Hehehe
2025-04-29 16:05:16 - dotenv.main - WARNING - Python-dotenv could not parse statement starting at line 1
2025-04-29 16:05:16 - predict - INFO - Model loaded from MongoDB, trained on 2025-04-29 15:31:11.770000
2025-04-29 16:05:16 - predict - INFO - Model loaded from MongoDB, trained on 2025-04-29 15:31:11.770000
2025-04-29 16:05:24 - __main__ - INFO - Hehehe
2025-04-29 16:05:24 - __main__ - INFO - Model loaded from MongoDB, trained on 2025-04-29 15:31:11.770000
2025-04-29 16:05:24 - predict - INFO - Hehehe
2025-04-29 16:05:24 - dotenv.main - WARNING - Python-dotenv could not parse statement starting at line 1
2025-04-29 16:05:24 - predict - INFO - Model loaded from MongoDB, trained on 2025-04-29 15:31:11.770000
2025-04-29 16:05:24 - predict - INFO - Model loaded from MongoDB, trained on 2025-04-29 15:31:11.770000
2025-04-29 16:05:26 - __main__ - INFO - Checker 1
2025-04-29 16:05:26 - __main__ - INFO -                   AAPL        MSFT        GOOG        AMZN        META        TSLA        NVDA         JPM        BAC           V
Date                                                                                                                             
2025-03-31  222.130005  375.390015  156.229996  190.259995  576.359985  259.160004  108.379997  243.798325  41.730000  350.459991
2025-04-01  223.190002  382.190002  158.880005  192.169998  586.000000  268.459991  110.150002  242.168365  41.490002  346.350006
2025-04-02  223.889999  382.140015  158.860001  196.009995  583.929993  282.760010  110.419998  244.315140  41.849998  346.329987
2025-04-03  203.190002  373.109985  152.630005  178.410004  531.619995  267.279999  101.800003  227.290009  37.220001  339.390015
2025-04-04  188.380005  359.839996  147.740005  171.000000  504.730011  239.429993   94.309998  210.279999  34.389999  313.130005
2025-04-29 16:05:27 - __main__ - INFO - Plot saved to outputs\portfolio_performance.png
2025-04-29 16:05:27 - __main__ - INFO - 
Optimal Portfolio Allocation:
2025-04-29 16:05:27 - __main__ - INFO -   META: 30.00%
2025-04-29 16:05:27 - __main__ - INFO -   TSLA: 14.00%
2025-04-29 16:05:27 - __main__ - INFO -   NVDA: 14.00%
2025-04-29 16:05:27 - __main__ - INFO -   JPM: 14.00%
2025-04-29 16:05:27 - __main__ - INFO -   BAC: 14.00%
2025-04-29 16:05:27 - __main__ - INFO -   V: 14.00%
2025-04-29 16:05:27 - __main__ - INFO -   AAPL: 0.00%
2025-04-29 16:05:27 - __main__ - INFO -   MSFT: 0.00%
2025-04-29 16:05:27 - __main__ - INFO -   GOOG: 0.00%
2025-04-29 16:05:27 - __main__ - INFO -   AMZN: 0.00%
2025-04-29 16:05:27 - __main__ - INFO - 
Portfolio Performance Metrics:
2025-04-29 16:05:27 - __main__ - INFO -   Cumulative Return: 0.81%
2025-04-29 16:05:27 - __main__ - INFO -   Annualized Return: 10.23%
2025-04-29 16:05:27 - __main__ - INFO -   Volatility: 72.18%
2025-04-29 16:05:27 - __main__ - INFO -   Sharpe Ratio: -0.14
2025-04-29 16:05:27 - __main__ - INFO - 
Recommendation saved to outputs/recommendation.json
2025-04-29 16:05:27 - __main__ - INFO - Performance chart saved to outputs/portfolio_performance.png
2025-04-29 16:06:18 - __main__ - INFO - Model loaded from MongoDB, trained on 2025-04-29 15:31:11.770000
2025-04-29 16:06:19 - dotenv.main - WARNING - Python-dotenv could not parse statement starting at line 1
2025-04-29 16:06:19 - predict - INFO - Model loaded from MongoDB, trained on 2025-04-29 15:31:11.770000
2025-04-29 16:06:19 - predict - INFO - Model loaded from MongoDB, trained on 2025-04-29 15:31:11.770000
2025-04-29 16:06:21 - __main__ - INFO - Plot saved to outputs\portfolio_performance.png
2025-04-29 16:06:21 - __main__ - INFO - 
Optimal Portfolio Allocation:
2025-04-29 16:06:21 - __main__ - INFO -   META: 30.00%
2025-04-29 16:06:21 - __main__ - INFO -   TSLA: 14.00%
2025-04-29 16:06:21 - __main__ - INFO -   NVDA: 14.00%
2025-04-29 16:06:21 - __main__ - INFO -   JPM: 14.00%
2025-04-29 16:06:21 - __main__ - INFO -   BAC: 14.00%
2025-04-29 16:06:21 - __main__ - INFO -   V: 14.00%
2025-04-29 16:06:21 - __main__ - INFO -   AAPL: 0.00%
2025-04-29 16:06:21 - __main__ - INFO -   MSFT: 0.00%
2025-04-29 16:06:21 - __main__ - INFO -   GOOG: 0.00%
2025-04-29 16:06:21 - __main__ - INFO -   AMZN: 0.00%
2025-04-29 16:06:21 - __main__ - INFO - 
Portfolio Performance Metrics:
2025-04-29 16:06:21 - __main__ - INFO -   Cumulative Return: 0.81%
2025-04-29 16:06:21 - __main__ - INFO -   Annualized Return: 10.23%
2025-04-29 16:06:21 - __main__ - INFO -   Volatility: 72.18%
2025-04-29 16:06:21 - __main__ - INFO -   Sharpe Ratio: -0.14
2025-04-29 16:06:21 - __main__ - INFO - 
Recommendation saved to outputs/recommendation.json
2025-04-29 16:06:21 - __main__ - INFO - Performance chart saved to outputs/portfolio_performance.png
2025-04-29 16:06:58 - __main__ - INFO - Model loaded from MongoDB, trained on 2025-04-29 15:31:11.770000
2025-04-29 16:06:58 - dotenv.main - WARNING - Python-dotenv could not parse statement starting at line 1
2025-04-29 16:06:58 - predict - INFO - Model loaded from MongoDB, trained on 2025-04-29 15:31:11.770000
2025-04-29 16:06:58 - predict - INFO - Model loaded from MongoDB, trained on 2025-04-29 15:31:11.770000
2025-04-29 16:07:00 - __main__ - INFO - Plot saved to outputs\portfolio_performance.png
2025-04-29 16:07:00 - __main__ - INFO - ----- Optimal Portfolio Allocation:
2025-04-29 16:07:00 - __main__ - INFO -   META: 30.00%
2025-04-29 16:07:00 - __main__ - INFO -   TSLA: 14.00%
2025-04-29 16:07:00 - __main__ - INFO -   NVDA: 14.00%
2025-04-29 16:07:00 - __main__ - INFO -   JPM: 14.00%
2025-04-29 16:07:00 - __main__ - INFO -   BAC: 14.00%
2025-04-29 16:07:00 - __main__ - INFO -   V: 14.00%
2025-04-29 16:07:00 - __main__ - INFO -   AAPL: 0.00%
2025-04-29 16:07:00 - __main__ - INFO -   MSFT: 0.00%
2025-04-29 16:07:00 - __main__ - INFO -   GOOG: 0.00%
2025-04-29 16:07:00 - __main__ - INFO -   AMZN: 0.00%
2025-04-29 16:07:00 - __main__ - INFO - ----- Portfolio Performance Metrics:
2025-04-29 16:07:00 - __main__ - INFO -   Cumulative Return: 0.81%
2025-04-29 16:07:00 - __main__ - INFO -   Annualized Return: 10.23%
2025-04-29 16:07:00 - __main__ - INFO -   Volatility: 72.18%
2025-04-29 16:07:00 - __main__ - INFO -   Sharpe Ratio: -0.14
2025-04-29 16:07:00 - __main__ - INFO - ----- Recommendation saved to outputs/recommendation.json
2025-04-29 16:07:00 - __main__ - INFO - Performance chart saved to outputs/portfolio_performance.png
2025-04-29 16:07:34 - dotenv.main - WARNING - Python-dotenv could not parse statement starting at line 1
2025-04-29 16:07:34 - predict - INFO - Model loaded from MongoDB, trained on 2025-04-29 15:31:11.770000
2025-04-29 16:07:34 - predict - INFO - Model loaded from MongoDB, trained on 2025-04-29 15:31:11.770000
2025-04-29 16:07:44 - __main__ - INFO - Model loaded from MongoDB, trained on 2025-04-29 15:31:11.770000
2025-04-29 16:07:44 - dotenv.main - WARNING - Python-dotenv could not parse statement starting at line 1
2025-04-29 16:07:44 - predict - INFO - Model loaded from MongoDB, trained on 2025-04-29 15:31:11.770000
2025-04-29 16:07:44 - predict - INFO - Model loaded from MongoDB, trained on 2025-04-29 15:31:11.770000
2025-04-29 16:07:47 - __main__ - INFO - Plot saved to outputs\portfolio_performance.png
2025-04-29 16:07:47 - __main__ - INFO - ----- Optimal Portfolio Allocation -----
2025-04-29 16:07:47 - __main__ - INFO -   META: 30.00%
2025-04-29 16:07:47 - __main__ - INFO -   TSLA: 14.00%
2025-04-29 16:07:47 - __main__ - INFO -   NVDA: 14.00%
2025-04-29 16:07:47 - __main__ - INFO -   JPM: 14.00%
2025-04-29 16:07:47 - __main__ - INFO -   BAC: 14.00%
2025-04-29 16:07:47 - __main__ - INFO -   V: 14.00%
2025-04-29 16:07:47 - __main__ - INFO -   AAPL: 0.00%
2025-04-29 16:07:47 - __main__ - INFO -   MSFT: 0.00%
2025-04-29 16:07:47 - __main__ - INFO -   GOOG: 0.00%
2025-04-29 16:07:47 - __main__ - INFO -   AMZN: 0.00%
2025-04-29 16:07:47 - __main__ - INFO - ----- Portfolio Performance Metrics -----
2025-04-29 16:07:47 - __main__ - INFO -   Cumulative Return: 0.81%
2025-04-29 16:07:47 - __main__ - INFO -   Annualized Return: 10.23%
2025-04-29 16:07:47 - __main__ - INFO -   Volatility: 72.18%
2025-04-29 16:07:47 - __main__ - INFO -   Sharpe Ratio: -0.14
2025-04-29 16:07:47 - __main__ - INFO - Recommendation saved to outputs/recommendation.json
2025-04-29 16:07:47 - __main__ - INFO - Performance chart saved to outputs/portfolio_performance.png
2025-04-29 16:08:01 - __main__ - INFO - Model loaded from MongoDB, trained on 2025-04-29 15:31:11.770000
2025-04-29 16:08:01 - dotenv.main - WARNING - Python-dotenv could not parse statement starting at line 1
2025-04-29 16:08:01 - predict - INFO - Model loaded from MongoDB, trained on 2025-04-29 15:31:11.770000
2025-04-29 16:08:01 - predict - INFO - Model loaded from MongoDB, trained on 2025-04-29 15:31:11.770000
2025-04-29 16:08:05 - __main__ - INFO - Plot saved to outputs\portfolio_performance.png
2025-04-29 16:08:05 - __main__ - INFO - ----- Optimal Portfolio Allocation -----
2025-04-29 16:08:05 - __main__ - INFO -   META: 30.00%
2025-04-29 16:08:05 - __main__ - INFO -   TSLA: 14.00%
2025-04-29 16:08:05 - __main__ - INFO -   NVDA: 14.00%
2025-04-29 16:08:05 - __main__ - INFO -   JPM: 14.00%
2025-04-29 16:08:05 - __main__ - INFO -   BAC: 14.00%
2025-04-29 16:08:05 - __main__ - INFO -   V: 14.00%
2025-04-29 16:08:05 - __main__ - INFO -   AAPL: 0.00%
2025-04-29 16:08:05 - __main__ - INFO -   MSFT: 0.00%
2025-04-29 16:08:05 - __main__ - INFO -   GOOG: 0.00%
2025-04-29 16:08:05 - __main__ - INFO -   AMZN: 0.00%
2025-04-29 16:08:05 - __main__ - INFO - ----- Portfolio Performance Metrics -----
2025-04-29 16:08:05 - __main__ - INFO -   Cumulative Return: 0.81%
2025-04-29 16:08:05 - __main__ - INFO -   Annualized Return: 10.23%
2025-04-29 16:08:05 - __main__ - INFO -   Volatility: 72.18%
2025-04-29 16:08:05 - __main__ - INFO -   Sharpe Ratio: -0.14
2025-04-29 16:08:05 - __main__ - INFO - Recommendation saved to outputs/recommendation.json
2025-04-29 16:08:05 - __main__ - INFO - Performance chart saved to outputs/portfolio_performance.png
2025-04-29 16:08:05 - __main__ - INFO - ------------------------------------------------------------
2025-04-29 16:08:24 - dotenv.main - WARNING - Python-dotenv could not parse statement starting at line 1
2025-04-29 16:08:24 - predict - INFO - Model loaded from MongoDB, trained on 2025-04-29 15:31:11.770000
2025-04-29 16:08:24 - predict - INFO - Model loaded from MongoDB, trained on 2025-04-29 15:31:11.770000
2025-04-29 16:08:24 - __main__ - INFO - Model loaded from MongoDB, trained on 2025-04-29 15:31:11.770000
2025-04-29 16:08:27 - __main__ - INFO - Plot saved to outputs\portfolio_performance.png
2025-04-29 16:08:27 - __main__ - INFO - --------- Optimal Portfolio Allocation ---------
2025-04-29 16:08:27 - __main__ - INFO -   META: 30.00%
2025-04-29 16:08:27 - __main__ - INFO -   TSLA: 14.00%
2025-04-29 16:08:27 - __main__ - INFO -   NVDA: 14.00%
2025-04-29 16:08:27 - __main__ - INFO -   JPM: 14.00%
2025-04-29 16:08:27 - __main__ - INFO -   BAC: 14.00%
2025-04-29 16:08:27 - __main__ - INFO -   V: 14.00%
2025-04-29 16:08:27 - __main__ - INFO -   AAPL: 0.00%
2025-04-29 16:08:27 - __main__ - INFO -   MSFT: 0.00%
2025-04-29 16:08:27 - __main__ - INFO -   GOOG: 0.00%
2025-04-29 16:08:27 - __main__ - INFO -   AMZN: 0.00%
2025-04-29 16:08:27 - __main__ - INFO - --------- Portfolio Performance Metrics ---------
2025-04-29 16:08:27 - __main__ - INFO -   Cumulative Return: 0.81%
2025-04-29 16:08:27 - __main__ - INFO -   Annualized Return: 10.23%
2025-04-29 16:08:27 - __main__ - INFO -   Volatility: 72.18%
2025-04-29 16:08:27 - __main__ - INFO -   Sharpe Ratio: -0.14
2025-04-29 16:08:27 - __main__ - INFO - Recommendation saved to outputs/recommendation.json
2025-04-29 16:08:27 - __main__ - INFO - Performance chart saved to outputs/portfolio_performance.png
2025-04-29 16:08:27 - __main__ - INFO - ------------------------------------------------------------
2025-04-29 16:08:36 - dotenv.main - WARNING - Python-dotenv could not parse statement starting at line 1
2025-04-29 16:08:36 - predict - INFO - Model loaded from MongoDB, trained on 2025-04-29 15:31:11.770000
2025-04-29 16:08:36 - predict - INFO - Model loaded from MongoDB, trained on 2025-04-29 15:31:11.770000
2025-04-29 16:08:36 - __main__ - INFO - Model loaded from MongoDB, trained on 2025-04-29 15:31:11.770000
2025-04-29 16:08:39 - __main__ - INFO - Plot saved to outputs\portfolio_performance.png
2025-04-29 16:08:39 - __main__ - INFO - --------- Optimal Portfolio Allocation ---------
2025-04-29 16:08:39 - __main__ - INFO -   META: 30.00%
2025-04-29 16:08:39 - __main__ - INFO -   TSLA: 14.00%
2025-04-29 16:08:39 - __main__ - INFO -   NVDA: 14.00%
2025-04-29 16:08:39 - __main__ - INFO -   JPM: 14.00%
2025-04-29 16:08:39 - __main__ - INFO -   BAC: 14.00%
2025-04-29 16:08:39 - __main__ - INFO -   V: 14.00%
2025-04-29 16:08:39 - __main__ - INFO -   AAPL: 0.00%
2025-04-29 16:08:39 - __main__ - INFO -   MSFT: 0.00%
2025-04-29 16:08:39 - __main__ - INFO -   GOOG: 0.00%
2025-04-29 16:08:39 - __main__ - INFO -   AMZN: 0.00%
2025-04-29 16:08:39 - __main__ - INFO - --------- Portfolio Performance Metrics ---------
2025-04-29 16:08:39 - __main__ - INFO -   Cumulative Return: 0.81%
2025-04-29 16:08:39 - __main__ - INFO -   Annualized Return: 10.23%
2025-04-29 16:08:39 - __main__ - INFO -   Volatility: 72.18%
2025-04-29 16:08:39 - __main__ - INFO -   Sharpe Ratio: -0.14
2025-04-29 16:08:39 - __main__ - INFO - Recommendation saved to outputs/recommendation.json
2025-04-29 16:08:39 - __main__ - INFO - Performance chart saved to outputs/portfolio_performance.png
2025-04-29 16:08:39 - __main__ - INFO - ====================================================================================================
2025-04-29 17:39:51 - dotenv.main - WARNING - Python-dotenv could not parse statement starting at line 1
2025-04-29 17:39:51 - predict - INFO - Model loaded from MongoDB, trained on 2025-04-29 15:31:11.770000
2025-04-29 17:39:51 - predict - INFO - Model loaded from MongoDB, trained on 2025-04-29 15:31:11.770000
2025-04-29 22:31:28 - __main__ - INFO - Model loaded from MongoDB, trained on 2025-04-29 15:31:11.770000
2025-04-29 22:33:17 - __main__ - INFO - Model loaded from MongoDB, trained on 2025-04-29 15:31:11.770000
2025-04-29 22:33:27 - __main__ - INFO - Model loaded from MongoDB, trained on 2025-04-29 15:31:11.770000
2025-04-29 22:34:03 - __main__ - INFO - Model loaded from MongoDB, trained on 2025-04-29 15:31:11.770000
2025-04-29 22:35:29 - __main__ - INFO - Model loaded from MongoDB, trained on 2025-04-29 15:31:11.770000
2025-04-29 22:36:09 - __main__ - INFO - Model loaded from MongoDB, trained on 2025-04-29 15:31:11.770000
2025-04-29 22:39:13 - __main__ - INFO - Model loaded from MongoDB, trained on 2025-04-29 15:31:11.770000
2025-04-29 22:39:49 - __main__ - INFO - Model loaded from MongoDB, trained on 2025-04-29 15:31:11.770000
2025-04-29 22:40:57 - __main__ - INFO - Model loaded from MongoDB, trained on 2025-04-29 15:31:11.770000
2025-04-29 22:42:45 - __main__ - INFO - Model loaded from MongoDB, trained on 2025-04-29 15:31:11.770000
2025-04-29 22:43:04 - __main__ - INFO - Model loaded from MongoDB, trained on 2025-04-29 15:31:11.770000
2025-04-29 22:44:04 - __main__ - INFO - Model loaded from MongoDB, trained on 2025-04-29 15:31:11.770000
2025-04-29 22:45:17 - __main__ - INFO - Model loaded from MongoDB, trained on 2025-04-29 15:31:11.770000
2025-04-29 22:45:27 - __main__ - INFO - Model loaded from MongoDB, trained on 2025-04-29 15:31:11.770000
2025-04-29 22:46:08 - __main__ - INFO - Model loaded from MongoDB, trained on 2025-04-29 15:31:11.770000
2025-04-29 22:55:08 - __main__ - INFO - Model loaded from MongoDB, trained on 2025-04-29 22:53:44.937000
2025-04-29 22:55:39 - __main__ - INFO - Model loaded from MongoDB, trained on 2025-04-29 22:53:44.937000
2025-04-29 22:55:40 - __main__ - INFO - Plot saved to outputs\portfolio_performance.png
2025-04-29 22:55:40 - __main__ - INFO - --------- Optimal Portfolio Allocation ---------
2025-04-29 22:55:40 - __main__ - INFO -   TSLA: 30.00%
2025-04-29 22:55:40 - __main__ - INFO -   NVDA: 14.00%
2025-04-29 22:55:40 - __main__ - INFO -   META: 14.00%
2025-04-29 22:55:40 - __main__ - INFO -   JPM: 14.00%
2025-04-29 22:55:40 - __main__ - INFO -   WMT: 14.00%
2025-04-29 22:55:40 - __main__ - INFO -   V: 14.00%
2025-04-29 22:55:40 - __main__ - INFO -   AAPL: 0.00%
2025-04-29 22:55:40 - __main__ - INFO -   MSFT: 0.00%
2025-04-29 22:55:40 - __main__ - INFO -   GOOGL: 0.00%
2025-04-29 22:55:40 - __main__ - INFO -   AMZN: 0.00%
2025-04-29 22:55:40 - __main__ - INFO - --------- Portfolio Performance Metrics ---------
2025-04-29 22:55:40 - __main__ - INFO -   Cumulative Return: 3.40%
2025-04-29 22:55:40 - __main__ - INFO -   Annualized Return: 55.77%
2025-04-29 22:55:40 - __main__ - INFO -   Volatility: 76.49%
2025-04-29 22:55:40 - __main__ - INFO -   Sharpe Ratio: 0.73
2025-04-29 22:55:40 - __main__ - INFO - Recommendation saved to outputs/recommendation.json
2025-04-29 22:55:40 - __main__ - INFO - Performance chart saved to outputs/portfolio_performance.png
2025-04-29 22:55:40 - __main__ - INFO - ====================================================================================================
2025-04-29 22:56:36 - __main__ - INFO - Model loaded from MongoDB, trained on 2025-04-29 22:53:44.937000
2025-04-29 22:56:36 - __main__ - INFO - Only 20 days of data found for AAPL
2025-04-29 22:56:36 - __main__ - INFO - Only 20 days of data found for MSFT
2025-04-29 22:56:36 - __main__ - INFO - Only 20 days of data found for GOOGL
2025-04-29 22:56:36 - __main__ - INFO - Only 20 days of data found for AMZN
2025-04-29 22:56:36 - __main__ - INFO - Only 20 days of data found for TSLA
2025-04-29 22:56:36 - __main__ - INFO - Only 20 days of data found for NVDA
2025-04-29 22:56:36 - __main__ - INFO - Only 20 days of data found for META
2025-04-29 22:56:36 - __main__ - INFO - Only 20 days of data found for JPM
2025-04-29 22:56:36 - __main__ - INFO - Only 20 days of data found for WMT
2025-04-29 22:56:36 - __main__ - INFO - Only 20 days of data found for V
2025-04-29 22:56:37 - __main__ - INFO - Plot saved to outputs\portfolio_performance.png
2025-04-29 22:56:37 - __main__ - INFO - --------- Optimal Portfolio Allocation ---------
2025-04-29 22:56:37 - __main__ - INFO -   TSLA: 30.00%
2025-04-29 22:56:37 - __main__ - INFO -   NVDA: 14.00%
2025-04-29 22:56:37 - __main__ - INFO -   META: 14.00%
2025-04-29 22:56:37 - __main__ - INFO -   JPM: 14.00%
2025-04-29 22:56:37 - __main__ - INFO -   WMT: 14.00%
2025-04-29 22:56:37 - __main__ - INFO -   V: 14.00%
2025-04-29 22:56:37 - __main__ - INFO -   AAPL: 0.00%
2025-04-29 22:56:37 - __main__ - INFO -   MSFT: 0.00%
2025-04-29 22:56:37 - __main__ - INFO -   GOOGL: 0.00%
2025-04-29 22:56:37 - __main__ - INFO -   AMZN: 0.00%
2025-04-29 22:56:37 - __main__ - INFO - --------- Portfolio Performance Metrics ---------
2025-04-29 22:56:37 - __main__ - INFO -   Cumulative Return: 3.40%
2025-04-29 22:56:37 - __main__ - INFO -   Annualized Return: 55.77%
2025-04-29 22:56:37 - __main__ - INFO -   Volatility: 76.49%
2025-04-29 22:56:37 - __main__ - INFO -   Sharpe Ratio: 0.73
2025-04-29 22:56:37 - __main__ - INFO - Recommendation saved to outputs/recommendation.json
2025-04-29 22:56:37 - __main__ - INFO - Performance chart saved to outputs/portfolio_performance.png
2025-04-29 22:56:37 - __main__ - INFO - ====================================================================================================
2025-04-30 12:10:58 - __main__ - INFO - Error loading model from MongoDB: localhost:27017: [Errno 111] Connection refused, Timeout: 30s, Topology Description: <TopologyDescription id: 6811c5dc85ade6f80854f336, topology_type: Unknown, servers: [<ServerDescription ('localhost', 27017) server_type: Unknown, rtt: None, error=AutoReconnect('localhost:27017: [Errno 111] Connection refused')>]>
2025-04-30 12:10:58 - __main__ - INFO - Model loaded from local file, trained on 2025-04-29
2025-04-30 12:11:27 - __main__ - INFO - Error fetching data: localhost:27017: [Errno 111] Connection refused, Timeout: 30s, Topology Description: <TopologyDescription id: 6811c5fa85ade6f80854f337, topology_type: Unknown, servers: [<ServerDescription ('localhost', 27017) server_type: Unknown, rtt: None, error=AutoReconnect('localhost:27017: [Errno 111] Connection refused')>]>
2025-04-30 12:13:12 - __main__ - INFO - Error loading model from MongoDB: localhost:27017: [Errno 111] Connection refused, Timeout: 30s, Topology Description: <TopologyDescription id: 6811c662acbe812dd986aeba, topology_type: Unknown, servers: [<ServerDescription ('localhost', 27017) server_type: Unknown, rtt: None, error=AutoReconnect('localhost:27017: [Errno 111] Connection refused')>]>
2025-04-30 12:13:12 - __main__ - INFO - Model loaded from local file, trained on 2025-04-29
2025-04-30 12:13:12 - __main__ - INFO - Only 20 days of data found for AAPL
2025-04-30 12:13:12 - __main__ - INFO - Only 20 days of data found for MSFT
2025-04-30 12:13:12 - __main__ - INFO - Only 20 days of data found for GOOGL
2025-04-30 12:13:12 - __main__ - INFO - Only 20 days of data found for AMZN
2025-04-30 12:13:12 - __main__ - INFO - Only 20 days of data found for TSLA
2025-04-30 12:13:12 - __main__ - INFO - Only 20 days of data found for NVDA
2025-04-30 12:13:12 - __main__ - INFO - Only 20 days of data found for META
2025-04-30 12:13:12 - __main__ - INFO - Only 20 days of data found for JPM
2025-04-30 12:13:12 - __main__ - INFO - Only 20 days of data found for WMT
2025-04-30 12:13:12 - __main__ - INFO - Only 20 days of data found for V
2025-04-30 12:17:54 - __main__ - INFO - Error loading model from MongoDB: localhost:27017: [Errno 111] Connection refused, Timeout: 30s, Topology Description: <TopologyDescription id: 6811c77d1af96ab4b2e376b3, topology_type: Unknown, servers: [<ServerDescription ('localhost', 27017) server_type: Unknown, rtt: None, error=AutoReconnect('localhost:27017: [Errno 111] Connection refused')>]>
2025-04-30 12:17:54 - __main__ - INFO - Model loaded from local file, trained on 2025-04-29
2025-04-30 12:17:54 - __main__ - INFO - Only 20 days of data found for AAPL
2025-04-30 12:17:54 - __main__ - INFO - Only 20 days of data found for MSFT
2025-04-30 12:17:54 - __main__ - INFO - Only 20 days of data found for GOOGL
2025-04-30 12:17:54 - __main__ - INFO - Only 20 days of data found for AMZN
2025-04-30 12:17:54 - __main__ - INFO - Only 20 days of data found for TSLA
2025-04-30 12:17:54 - __main__ - INFO - Only 20 days of data found for NVDA
2025-04-30 12:17:54 - __main__ - INFO - Only 20 days of data found for META
2025-04-30 12:17:54 - __main__ - INFO - Only 20 days of data found for JPM
2025-04-30 12:17:54 - __main__ - INFO - Only 20 days of data found for WMT
2025-04-30 12:17:54 - __main__ - INFO - Only 20 days of data found for V
2025-04-30 12:18:39 - __main__ - INFO - Error loading model from MongoDB: localhost:27017: [Errno 111] Connection refused, Timeout: 30s, Topology Description: <TopologyDescription id: 6811c7aa759d9e758663122b, topology_type: Unknown, servers: [<ServerDescription ('localhost', 27017) server_type: Unknown, rtt: None, error=AutoReconnect('localhost:27017: [Errno 111] Connection refused')>]>
2025-04-30 12:18:39 - __main__ - INFO - Model loaded from local file, trained on 2025-04-29
2025-04-30 12:20:12 - __main__ - INFO - Error loading model from MongoDB: localhost:27017: [Errno 111] Connection refused, Timeout: 30s, Topology Description: <TopologyDescription id: 6811c80612364db039c7a05e, topology_type: Unknown, servers: [<ServerDescription ('localhost', 27017) server_type: Unknown, rtt: None, error=AutoReconnect('localhost:27017: [Errno 111] Connection refused')>]>
2025-04-30 12:20:12 - __main__ - INFO - Model loaded from local file, trained on 2025-04-29
2025-04-30 12:20:12 - __main__ - INFO - --------- Optimal Portfolio Allocation ---------
2025-04-30 12:20:12 - __main__ - INFO -   META: 30.00%
2025-04-30 12:20:12 - __main__ - INFO -   TSLA: 14.00%
2025-04-30 12:20:12 - __main__ - INFO -   NVDA: 14.00%
2025-04-30 12:20:12 - __main__ - INFO -   JPM: 14.00%
2025-04-30 12:20:12 - __main__ - INFO -   BAC: 14.00%
2025-04-30 12:20:12 - __main__ - INFO -   V: 14.00%
2025-04-30 12:20:12 - __main__ - INFO -   AAPL: 0.00%
2025-04-30 12:20:12 - __main__ - INFO -   MSFT: 0.00%
2025-04-30 12:20:12 - __main__ - INFO -   GOOG: 0.00%
2025-04-30 12:20:12 - __main__ - INFO -   AMZN: 0.00%
2025-04-30 12:20:12 - __main__ - INFO - --------- Portfolio Performance Metrics ---------
2025-04-30 12:20:12 - __main__ - INFO -   Cumulative Return: 0.81%
2025-04-30 12:20:12 - __main__ - INFO -   Annualized Return: 10.23%
2025-04-30 12:20:12 - __main__ - INFO -   Volatility: 72.18%
2025-04-30 12:20:12 - __main__ - INFO -   Sharpe Ratio: -0.14
2025-04-30 12:20:12 - __main__ - INFO - Recommendation saved to outputs/recommendation.json
2025-04-30 12:20:12 - __main__ - INFO - Performance chart saved to outputs/portfolio_performance.png
2025-04-30 12:20:12 - __main__ - INFO - ====================================================================================================
2025-04-30 12:20:52 - __main__ - INFO - Model loaded from MongoDB, trained on 2025-04-29 22:53:44.937000
2025-04-30 12:20:52 - __main__ - INFO - --------- Optimal Portfolio Allocation ---------
2025-04-30 12:20:52 - __main__ - INFO -   TSLA: 30.00%
2025-04-30 12:20:52 - __main__ - INFO -   NVDA: 14.00%
2025-04-30 12:20:52 - __main__ - INFO -   META: 14.00%
2025-04-30 12:20:52 - __main__ - INFO -   JPM: 14.00%
2025-04-30 12:20:52 - __main__ - INFO -   WMT: 14.00%
2025-04-30 12:20:52 - __main__ - INFO -   V: 14.00%
2025-04-30 12:20:52 - __main__ - INFO -   AAPL: 0.00%
2025-04-30 12:20:52 - __main__ - INFO -   MSFT: 0.00%
2025-04-30 12:20:52 - __main__ - INFO -   GOOGL: 0.00%
2025-04-30 12:20:52 - __main__ - INFO -   AMZN: 0.00%
2025-04-30 12:20:52 - __main__ - INFO - --------- Portfolio Performance Metrics ---------
2025-04-30 12:20:52 - __main__ - INFO -   Cumulative Return: 0.81%
2025-04-30 12:20:52 - __main__ - INFO -   Annualized Return: 10.23%
2025-04-30 12:20:52 - __main__ - INFO -   Volatility: 72.18%
2025-04-30 12:20:52 - __main__ - INFO -   Sharpe Ratio: -0.14
2025-04-30 12:20:52 - __main__ - INFO - Recommendation saved to outputs/recommendation.json
2025-04-30 12:20:52 - __main__ - INFO - Performance chart saved to outputs/portfolio_performance.png
2025-04-30 12:20:52 - __main__ - INFO - ====================================================================================================
2025-04-30 12:24:50 - __main__ - INFO - Model loaded from MongoDB, trained on 2025-04-29 22:53:44.937000
2025-04-30 12:24:50 - __main__ - INFO - --------- Optimal Portfolio Allocation ---------
2025-04-30 12:24:50 - __main__ - INFO -   TSLA: 30.00%
2025-04-30 12:24:50 - __main__ - INFO -   NVDA: 14.00%
2025-04-30 12:24:50 - __main__ - INFO -   META: 14.00%
2025-04-30 12:24:50 - __main__ - INFO -   JPM: 14.00%
2025-04-30 12:24:50 - __main__ - INFO -   WMT: 14.00%
2025-04-30 12:24:50 - __main__ - INFO -   V: 14.00%
2025-04-30 12:24:50 - __main__ - INFO -   AAPL: 0.00%
2025-04-30 12:24:50 - __main__ - INFO -   MSFT: 0.00%
2025-04-30 12:24:50 - __main__ - INFO -   GOOGL: 0.00%
2025-04-30 12:24:50 - __main__ - INFO -   AMZN: 0.00%
2025-04-30 12:24:50 - __main__ - INFO - --------- Portfolio Performance Metrics ---------
2025-04-30 12:24:50 - __main__ - INFO -   Cumulative Return: 0.81%
2025-04-30 12:24:50 - __main__ - INFO -   Annualized Return: 10.23%
2025-04-30 12:24:50 - __main__ - INFO -   Volatility: 72.18%
2025-04-30 12:24:50 - __main__ - INFO -   Sharpe Ratio: -0.14
2025-04-30 12:24:50 - __main__ - INFO - Recommendation saved to outputs/recommendation.json
2025-04-30 12:24:50 - __main__ - INFO - Performance chart saved to outputs/portfolio_performance.png
2025-04-30 12:24:50 - __main__ - INFO - ====================================================================================================
2025-04-30 12:25:37 - __main__ - INFO - Model loaded from MongoDB, trained on 2025-04-29 22:53:44.937000
2025-04-30 12:25:37 - __main__ - INFO - --------- Optimal Portfolio Allocation ---------
2025-04-30 12:25:37 - __main__ - INFO -   TSLA: 30.00%
2025-04-30 12:25:37 - __main__ - INFO -   NVDA: 14.00%
2025-04-30 12:25:37 - __main__ - INFO -   META: 14.00%
2025-04-30 12:25:37 - __main__ - INFO -   JPM: 14.00%
2025-04-30 12:25:37 - __main__ - INFO -   WMT: 14.00%
2025-04-30 12:25:37 - __main__ - INFO -   V: 14.00%
2025-04-30 12:25:37 - __main__ - INFO -   AAPL: 0.00%
2025-04-30 12:25:37 - __main__ - INFO -   MSFT: 0.00%
2025-04-30 12:25:37 - __main__ - INFO -   GOOGL: 0.00%
2025-04-30 12:25:37 - __main__ - INFO -   AMZN: 0.00%
2025-04-30 12:25:37 - __main__ - INFO - --------- Portfolio Performance Metrics ---------
2025-04-30 12:25:37 - __main__ - INFO -   Cumulative Return: 0.81%
2025-04-30 12:25:37 - __main__ - INFO -   Annualized Return: 10.23%
2025-04-30 12:25:37 - __main__ - INFO -   Volatility: 72.18%
2025-04-30 12:25:37 - __main__ - INFO -   Sharpe Ratio: -0.14
2025-04-30 12:25:37 - __main__ - INFO - Recommendation saved to outputs/recommendation.json
2025-04-30 12:25:37 - __main__ - INFO - Performance chart saved to outputs/portfolio_performance.png
2025-04-30 12:25:37 - __main__ - INFO - ====================================================================================================
2025-04-30 12:29:45 - __main__ - INFO - Model loaded from MongoDB, trained on 2025-04-29 22:53:44.937000
2025-04-30 12:29:45 - __main__ - INFO - --------- Optimal Portfolio Allocation ---------
2025-04-30 12:29:45 - __main__ - INFO -   TSLA: 30.00%
2025-04-30 12:29:45 - __main__ - INFO -   NVDA: 14.00%
2025-04-30 12:29:45 - __main__ - INFO -   META: 14.00%
2025-04-30 12:29:45 - __main__ - INFO -   JPM: 14.00%
2025-04-30 12:29:45 - __main__ - INFO -   WMT: 14.00%
2025-04-30 12:29:45 - __main__ - INFO -   V: 14.00%
2025-04-30 12:29:45 - __main__ - INFO -   AAPL: 0.00%
2025-04-30 12:29:45 - __main__ - INFO -   MSFT: 0.00%
2025-04-30 12:29:45 - __main__ - INFO -   GOOGL: 0.00%
2025-04-30 12:29:45 - __main__ - INFO -   AMZN: 0.00%
2025-04-30 12:29:45 - __main__ - INFO - --------- Portfolio Performance Metrics ---------
2025-04-30 12:29:45 - __main__ - INFO -   Cumulative Return: 0.81%
2025-04-30 12:29:45 - __main__ - INFO -   Annualized Return: 10.23%
2025-04-30 12:29:45 - __main__ - INFO -   Volatility: 72.18%
2025-04-30 12:29:45 - __main__ - INFO -   Sharpe Ratio: -0.14
2025-04-30 12:29:45 - __main__ - INFO - Recommendation saved to outputs/recommendation.json
2025-04-30 12:29:45 - __main__ - INFO - Performance chart saved to outputs/portfolio_performance.png
2025-04-30 12:29:45 - __main__ - INFO - ====================================================================================================
2025-04-30 12:48:40 - __main__ - INFO - Model loaded from MongoDB, trained on 2025-04-29 22:53:44.937000
2025-04-30 12:48:40 - __main__ - INFO - --------- Optimal Portfolio Allocation ---------
2025-04-30 12:48:40 - __main__ - INFO -   TSLA: 30.00%
2025-04-30 12:48:40 - __main__ - INFO -   NVDA: 14.00%
2025-04-30 12:48:40 - __main__ - INFO -   META: 14.00%
2025-04-30 12:48:40 - __main__ - INFO -   JPM: 14.00%
2025-04-30 12:48:40 - __main__ - INFO -   WMT: 14.00%
2025-04-30 12:48:40 - __main__ - INFO -   V: 14.00%
2025-04-30 12:48:40 - __main__ - INFO -   AAPL: 0.00%
2025-04-30 12:48:40 - __main__ - INFO -   MSFT: 0.00%
2025-04-30 12:48:40 - __main__ - INFO -   GOOGL: 0.00%
2025-04-30 12:48:40 - __main__ - INFO -   AMZN: 0.00%
2025-04-30 12:48:40 - __main__ - INFO - --------- Portfolio Performance Metrics ---------
2025-04-30 12:48:40 - __main__ - INFO -   Cumulative Return: 0.81%
2025-04-30 12:48:40 - __main__ - INFO -   Annualized Return: 10.23%
2025-04-30 12:48:40 - __main__ - INFO -   Volatility: 72.18%
2025-04-30 12:48:40 - __main__ - INFO -   Sharpe Ratio: -0.14
2025-04-30 12:48:40 - __main__ - INFO - Recommendation saved to outputs/recommendation.json
2025-04-30 12:48:40 - __main__ - INFO - Performance chart saved to outputs/portfolio_performance.png
2025-04-30 12:48:40 - __main__ - INFO - ====================================================================================================
2025-04-30 13:41:14 - __main__ - INFO - Model loaded from MongoDB, trained on 2025-04-29 22:53:44.937000
2025-04-30 13:41:14 - __main__ - INFO - --------- Optimal Portfolio Allocation ---------
2025-04-30 13:41:14 - __main__ - INFO -   TSLA: 30.00%
2025-04-30 13:41:14 - __main__ - INFO -   NVDA: 14.00%
2025-04-30 13:41:14 - __main__ - INFO -   META: 14.00%
2025-04-30 13:41:14 - __main__ - INFO -   JPM: 14.00%
2025-04-30 13:41:14 - __main__ - INFO -   WMT: 14.00%
2025-04-30 13:41:14 - __main__ - INFO -   V: 14.00%
2025-04-30 13:41:14 - __main__ - INFO -   AAPL: 0.00%
2025-04-30 13:41:14 - __main__ - INFO -   MSFT: 0.00%
2025-04-30 13:41:14 - __main__ - INFO -   GOOGL: 0.00%
2025-04-30 13:41:14 - __main__ - INFO -   AMZN: 0.00%
2025-04-30 13:41:14 - __main__ - INFO - --------- Portfolio Performance Metrics ---------
2025-04-30 13:41:14 - __main__ - INFO -   Cumulative Return: 0.81%
2025-04-30 13:41:14 - __main__ - INFO -   Annualized Return: 10.23%
2025-04-30 13:41:14 - __main__ - INFO -   Volatility: 72.18%
2025-04-30 13:41:14 - __main__ - INFO -   Sharpe Ratio: -0.14
2025-04-30 13:41:14 - __main__ - INFO - Recommendation saved to outputs/recommendation.json
2025-04-30 13:41:14 - __main__ - INFO - Performance chart saved to outputs/portfolio_performance.png
2025-04-30 13:41:14 - __main__ - INFO - Saved Model to MongoDB
2025-04-30 13:41:14 - __main__ - INFO - ====================================================================================================
2025-04-30 13:46:03 - __main__ - INFO - Model loaded from MongoDB, trained on 2025-04-29 22:53:44.937000
2025-04-30 13:46:03 - __main__ - INFO - --------- Optimal Portfolio Allocation ---------
2025-04-30 13:46:03 - __main__ - INFO -   TSLA: 30.00%
2025-04-30 13:46:03 - __main__ - INFO -   NVDA: 14.00%
2025-04-30 13:46:03 - __main__ - INFO -   META: 14.00%
2025-04-30 13:46:03 - __main__ - INFO -   JPM: 14.00%
2025-04-30 13:46:03 - __main__ - INFO -   WMT: 14.00%
2025-04-30 13:46:03 - __main__ - INFO -   V: 14.00%
2025-04-30 13:46:03 - __main__ - INFO -   AAPL: 0.00%
2025-04-30 13:46:03 - __main__ - INFO -   MSFT: 0.00%
2025-04-30 13:46:03 - __main__ - INFO -   GOOGL: 0.00%
2025-04-30 13:46:03 - __main__ - INFO -   AMZN: 0.00%
2025-04-30 13:46:03 - __main__ - INFO - --------- Portfolio Performance Metrics ---------
2025-04-30 13:46:03 - __main__ - INFO -   Cumulative Return: 0.81%
2025-04-30 13:46:03 - __main__ - INFO -   Annualized Return: 10.23%
2025-04-30 13:46:03 - __main__ - INFO -   Volatility: 72.18%
2025-04-30 13:46:03 - __main__ - INFO -   Sharpe Ratio: -0.14
2025-04-30 13:46:03 - __main__ - INFO - Recommendation saved to outputs/recommendation.json
2025-04-30 13:46:03 - __main__ - INFO - Performance chart saved to outputs/portfolio_performance.png
2025-04-30 13:46:03 - __main__ - INFO - Saved Model to MongoDB
2025-04-30 13:46:03 - __main__ - INFO - ====================================================================================================
2025-04-30 13:48:00 - __main__ - INFO - Model loaded from MongoDB, trained on 2025-04-29 22:53:44.937000
2025-04-30 13:48:00 - __main__ - INFO - --------- Optimal Portfolio Allocation ---------
2025-04-30 13:48:00 - __main__ - INFO -   TSLA: 30.00%
2025-04-30 13:48:00 - __main__ - INFO -   NVDA: 14.00%
2025-04-30 13:48:00 - __main__ - INFO -   META: 14.00%
2025-04-30 13:48:00 - __main__ - INFO -   JPM: 14.00%
2025-04-30 13:48:00 - __main__ - INFO -   WMT: 14.00%
2025-04-30 13:48:00 - __main__ - INFO -   V: 14.00%
2025-04-30 13:48:00 - __main__ - INFO -   AAPL: 0.00%
2025-04-30 13:48:00 - __main__ - INFO -   MSFT: 0.00%
2025-04-30 13:48:00 - __main__ - INFO -   GOOGL: 0.00%
2025-04-30 13:48:00 - __main__ - INFO -   AMZN: 0.00%
2025-04-30 13:48:00 - __main__ - INFO - --------- Portfolio Performance Metrics ---------
2025-04-30 13:48:00 - __main__ - INFO -   Cumulative Return: 0.81%
2025-04-30 13:48:00 - __main__ - INFO -   Annualized Return: 10.23%
2025-04-30 13:48:00 - __main__ - INFO -   Volatility: 72.18%
2025-04-30 13:48:00 - __main__ - INFO -   Sharpe Ratio: -0.14
2025-04-30 13:48:00 - __main__ - INFO - Recommendation saved to outputs/recommendation.json
2025-04-30 13:48:00 - __main__ - INFO - Performance chart saved to outputs/portfolio_performance.png
2025-04-30 13:48:00 - __main__ - INFO - Saved Model to MongoDB
2025-04-30 13:48:00 - __main__ - INFO - ====================================================================================================
2025-04-30 13:50:56 - __main__ - INFO - Model loaded from MongoDB, trained on 2025-04-29 22:53:44.937000
2025-04-30 13:50:56 - __main__ - INFO - --------- Optimal Portfolio Allocation ---------
2025-04-30 13:50:56 - __main__ - INFO -   TSLA: 30.00%
2025-04-30 13:50:56 - __main__ - INFO -   NVDA: 14.00%
2025-04-30 13:50:56 - __main__ - INFO -   META: 14.00%
2025-04-30 13:50:56 - __main__ - INFO -   JPM: 14.00%
2025-04-30 13:50:56 - __main__ - INFO -   WMT: 14.00%
2025-04-30 13:50:56 - __main__ - INFO -   V: 14.00%
2025-04-30 13:50:56 - __main__ - INFO -   AAPL: 0.00%
2025-04-30 13:50:56 - __main__ - INFO -   MSFT: 0.00%
2025-04-30 13:50:56 - __main__ - INFO -   GOOGL: 0.00%
2025-04-30 13:50:56 - __main__ - INFO -   AMZN: 0.00%
2025-04-30 13:50:56 - __main__ - INFO - --------- Portfolio Performance Metrics ---------
2025-04-30 13:50:56 - __main__ - INFO -   Cumulative Return: 0.81%
2025-04-30 13:50:56 - __main__ - INFO -   Annualized Return: 10.23%
2025-04-30 13:50:56 - __main__ - INFO -   Volatility: 72.18%
2025-04-30 13:50:56 - __main__ - INFO -   Sharpe Ratio: -0.14
2025-04-30 13:50:56 - __main__ - INFO - Recommendation saved to outputs/recommendation.json
2025-04-30 13:50:56 - __main__ - INFO - Performance chart saved to outputs/portfolio_performance.png
2025-04-30 13:50:56 - __main__ - INFO - Saved Model to MongoDB
2025-04-30 13:50:56 - __main__ - INFO - ====================================================================================================
2025-04-30 13:52:51 - __main__ - INFO - Model loaded from MongoDB, trained on 2025-04-29 22:53:44.937000
2025-04-30 13:52:51 - __main__ - INFO - --------- Optimal Portfolio Allocation ---------
2025-04-30 13:52:51 - __main__ - INFO -   TSLA: 30.00%
2025-04-30 13:52:51 - __main__ - INFO -   NVDA: 14.00%
2025-04-30 13:52:51 - __main__ - INFO -   META: 14.00%
2025-04-30 13:52:51 - __main__ - INFO -   JPM: 14.00%
2025-04-30 13:52:51 - __main__ - INFO -   WMT: 14.00%
2025-04-30 13:52:51 - __main__ - INFO -   V: 14.00%
2025-04-30 13:52:51 - __main__ - INFO -   AAPL: 0.00%
2025-04-30 13:52:51 - __main__ - INFO -   MSFT: 0.00%
2025-04-30 13:52:51 - __main__ - INFO -   GOOGL: 0.00%
2025-04-30 13:52:51 - __main__ - INFO -   AMZN: 0.00%
2025-04-30 13:52:51 - __main__ - INFO - --------- Portfolio Performance Metrics ---------
2025-04-30 13:52:51 - __main__ - INFO -   Cumulative Return: 0.81%
2025-04-30 13:52:51 - __main__ - INFO -   Annualized Return: 10.23%
2025-04-30 13:52:51 - __main__ - INFO -   Volatility: 72.18%
2025-04-30 13:52:51 - __main__ - INFO -   Sharpe Ratio: -0.14
2025-04-30 13:52:51 - __main__ - INFO - Recommendation saved to outputs/recommendation.json
2025-04-30 13:52:51 - __main__ - INFO - Performance chart saved to outputs/portfolio_performance.png
2025-04-30 13:52:52 - __main__ - INFO - Saved Model to MongoDB
2025-04-30 13:52:52 - __main__ - INFO - ====================================================================================================
2025-04-30 13:55:57 - __main__ - INFO - Model loaded from MongoDB, trained on 2025-04-29 22:53:44.937000
2025-04-30 13:55:57 - __main__ - INFO - --------- Optimal Portfolio Allocation ---------
2025-04-30 13:55:57 - __main__ - INFO -   TSLA: 30.00%
2025-04-30 13:55:57 - __main__ - INFO -   NVDA: 14.00%
2025-04-30 13:55:57 - __main__ - INFO -   META: 14.00%
2025-04-30 13:55:57 - __main__ - INFO -   JPM: 14.00%
2025-04-30 13:55:57 - __main__ - INFO -   WMT: 14.00%
2025-04-30 13:55:57 - __main__ - INFO -   V: 14.00%
2025-04-30 13:55:57 - __main__ - INFO -   AAPL: 0.00%
2025-04-30 13:55:57 - __main__ - INFO -   MSFT: 0.00%
2025-04-30 13:55:57 - __main__ - INFO -   GOOGL: 0.00%
2025-04-30 13:55:57 - __main__ - INFO -   AMZN: 0.00%
2025-04-30 13:55:57 - __main__ - INFO - --------- Portfolio Performance Metrics ---------
2025-04-30 13:55:57 - __main__ - INFO -   Cumulative Return: 0.81%
2025-04-30 13:55:57 - __main__ - INFO -   Annualized Return: 10.23%
2025-04-30 13:55:57 - __main__ - INFO -   Volatility: 72.18%
2025-04-30 13:55:57 - __main__ - INFO -   Sharpe Ratio: -0.14
2025-04-30 13:55:57 - __main__ - INFO - Recommendation saved to outputs/recommendation.json
2025-04-30 13:55:57 - __main__ - INFO - Performance chart saved to outputs/portfolio_performance.png
2025-04-30 13:55:57 - __main__ - INFO - Saved Model to MongoDB
2025-04-30 13:55:57 - __main__ - INFO - ====================================================================================================
2025-04-30 13:56:25 - __main__ - INFO - Model loaded from MongoDB, trained on 2025-04-29 22:53:44.937000
2025-04-30 13:56:25 - __main__ - INFO - --------- Optimal Portfolio Allocation ---------
2025-04-30 13:56:25 - __main__ - INFO -   TSLA: 30.00%
2025-04-30 13:56:25 - __main__ - INFO -   NVDA: 14.00%
2025-04-30 13:56:25 - __main__ - INFO -   META: 14.00%
2025-04-30 13:56:25 - __main__ - INFO -   JPM: 14.00%
2025-04-30 13:56:25 - __main__ - INFO -   WMT: 14.00%
2025-04-30 13:56:25 - __main__ - INFO -   V: 14.00%
2025-04-30 13:56:25 - __main__ - INFO -   AAPL: 0.00%
2025-04-30 13:56:25 - __main__ - INFO -   MSFT: 0.00%
2025-04-30 13:56:25 - __main__ - INFO -   GOOGL: 0.00%
2025-04-30 13:56:25 - __main__ - INFO -   AMZN: 0.00%
2025-04-30 13:56:25 - __main__ - INFO - --------- Portfolio Performance Metrics ---------
2025-04-30 13:56:25 - __main__ - INFO -   Cumulative Return: 0.81%
2025-04-30 13:56:25 - __main__ - INFO -   Annualized Return: 10.23%
2025-04-30 13:56:25 - __main__ - INFO -   Volatility: 72.18%
2025-04-30 13:56:25 - __main__ - INFO -   Sharpe Ratio: -0.14
2025-04-30 13:56:25 - __main__ - INFO - Recommendation saved to outputs/recommendation.json
2025-04-30 13:56:25 - __main__ - INFO - Performance chart saved to outputs/portfolio_performance.png
2025-04-30 13:56:25 - __main__ - INFO - Saved Model to MongoDB
2025-04-30 13:56:25 - __main__ - INFO - ====================================================================================================
2025-04-30 13:57:30 - __main__ - INFO - Model loaded from MongoDB, trained on 2025-04-29 22:53:44.937000
2025-04-30 13:57:30 - __main__ - INFO - --------- Optimal Portfolio Allocation ---------
2025-04-30 13:57:30 - __main__ - INFO -   TSLA: 30.00%
2025-04-30 13:57:30 - __main__ - INFO -   NVDA: 14.00%
2025-04-30 13:57:30 - __main__ - INFO -   META: 14.00%
2025-04-30 13:57:30 - __main__ - INFO -   JPM: 14.00%
2025-04-30 13:57:30 - __main__ - INFO -   WMT: 14.00%
2025-04-30 13:57:30 - __main__ - INFO -   V: 14.00%
2025-04-30 13:57:30 - __main__ - INFO -   AAPL: 0.00%
2025-04-30 13:57:30 - __main__ - INFO -   MSFT: 0.00%
2025-04-30 13:57:30 - __main__ - INFO -   GOOGL: 0.00%
2025-04-30 13:57:30 - __main__ - INFO -   AMZN: 0.00%
2025-04-30 13:57:30 - __main__ - INFO - --------- Portfolio Performance Metrics ---------
2025-04-30 13:57:30 - __main__ - INFO -   Cumulative Return: 0.81%
2025-04-30 13:57:30 - __main__ - INFO -   Annualized Return: 10.23%
2025-04-30 13:57:30 - __main__ - INFO -   Volatility: 72.18%
2025-04-30 13:57:30 - __main__ - INFO -   Sharpe Ratio: -0.14
2025-04-30 13:57:30 - __main__ - INFO - Recommendation saved to outputs/recommendation.json
2025-04-30 13:57:30 - __main__ - INFO - Performance chart saved to outputs/portfolio_performance.png
2025-04-30 13:57:30 - __main__ - INFO - Saved Model to MongoDB
2025-04-30 13:57:30 - __main__ - INFO - ====================================================================================================
