[2025-04-29T20:43:48.340+0000] {local_task_job_runner.py:123} INFO - ::group::Pre task execution logs
[2025-04-29T20:43:48.357+0000] {taskinstance.py:2613} INFO - Dependencies all met for dep_context=non-requeueable deps ti=<TaskInstance: portfolio_news_pipeline.check_historical_news manual__2025-04-29T20:43:45.954625+00:00 [queued]>
[2025-04-29T20:43:48.364+0000] {taskinstance.py:2613} INFO - Dependencies all met for dep_context=requeueable deps ti=<TaskInstance: portfolio_news_pipeline.check_historical_news manual__2025-04-29T20:43:45.954625+00:00 [queued]>
[2025-04-29T20:43:48.364+0000] {taskinstance.py:2866} INFO - Starting attempt 1 of 2
[2025-04-29T20:43:48.377+0000] {taskinstance.py:2889} INFO - Executing <Task(_PythonDecoratedOperator): check_historical_news> on 2025-04-29 20:43:45.954625+00:00
[2025-04-29T20:43:48.383+0000] {warnings.py:112} WARNING - /home/***/.local/lib/python3.12/site-packages/***/task/task_runner/standard_task_runner.py:70: DeprecationWarning: This process (pid=665) is multi-threaded, use of fork() may lead to deadlocks in the child.
  pid = os.fork()

[2025-04-29T20:43:48.384+0000] {standard_task_runner.py:104} INFO - Running: ['***', 'tasks', 'run', 'portfolio_news_pipeline', 'check_historical_news', 'manual__2025-04-29T20:43:45.954625+00:00', '--job-id', '13', '--raw', '--subdir', 'DAGS_FOLDER/news_pipeline.py', '--cfg-path', '/tmp/tmp517vosxj']
[2025-04-29T20:43:48.385+0000] {standard_task_runner.py:72} INFO - Started process 668 to run task
[2025-04-29T20:43:48.385+0000] {standard_task_runner.py:105} INFO - Job 13: Subtask check_historical_news
[2025-04-29T20:43:48.430+0000] {task_command.py:467} INFO - Running <TaskInstance: portfolio_news_pipeline.check_historical_news manual__2025-04-29T20:43:45.954625+00:00 [running]> on host 67118760a44b
[2025-04-29T20:43:48.548+0000] {taskinstance.py:3132} INFO - Exporting env vars: AIRFLOW_CTX_DAG_OWNER='***' AIRFLOW_CTX_DAG_ID='portfolio_news_pipeline' AIRFLOW_CTX_TASK_ID='check_historical_news' AIRFLOW_CTX_EXECUTION_DATE='2025-04-29T20:43:45.954625+00:00' AIRFLOW_CTX_TRY_NUMBER='1' AIRFLOW_CTX_DAG_RUN_ID='manual__2025-04-29T20:43:45.954625+00:00'
[2025-04-29T20:43:48.549+0000] {taskinstance.py:731} INFO - ::endgroup::
[2025-04-29T20:43:48.572+0000] {mongodb_client.py:26} INFO - Connected to MongoDB successfully
[2025-04-29T20:43:48.588+0000] {logging_mixin.py:190} INFO - 115
[2025-04-29T20:43:48.593+0000] {mongodb_client.py:77} INFO - News for Apple on week 2025-04-29 00:00:00: missing
[2025-04-29T20:43:48.594+0000] {check_historical_news.py:35} INFO - Missing news for Apple for week 2025-04-29 00:00:00
[2025-04-29T20:43:48.598+0000] {mongodb_client.py:77} INFO - News for Apple on week 2025-04-22 00:00:00: exists
[2025-04-29T20:43:48.603+0000] {mongodb_client.py:77} INFO - News for Apple on week 2025-04-15 00:00:00: exists
[2025-04-29T20:43:48.607+0000] {mongodb_client.py:77} INFO - News for Apple on week 2025-04-08 00:00:00: exists
[2025-04-29T20:43:48.612+0000] {mongodb_client.py:77} INFO - News for Apple on week 2025-04-01 00:00:00: exists
[2025-04-29T20:43:48.617+0000] {mongodb_client.py:77} INFO - News for Apple on week 2025-03-25 00:00:00: missing
[2025-04-29T20:43:48.617+0000] {check_historical_news.py:35} INFO - Missing news for Apple for week 2025-03-25 00:00:00
[2025-04-29T20:43:48.621+0000] {mongodb_client.py:77} INFO - News for Apple on week 2025-03-18 00:00:00: missing
[2025-04-29T20:43:48.621+0000] {check_historical_news.py:35} INFO - Missing news for Apple for week 2025-03-18 00:00:00
[2025-04-29T20:43:48.626+0000] {mongodb_client.py:77} INFO - News for Apple on week 2025-03-11 00:00:00: missing
[2025-04-29T20:43:48.626+0000] {check_historical_news.py:35} INFO - Missing news for Apple for week 2025-03-11 00:00:00
[2025-04-29T20:43:48.629+0000] {mongodb_client.py:77} INFO - News for Apple on week 2025-03-04 00:00:00: missing
[2025-04-29T20:43:48.629+0000] {check_historical_news.py:35} INFO - Missing news for Apple for week 2025-03-04 00:00:00
[2025-04-29T20:43:48.633+0000] {mongodb_client.py:77} INFO - News for Apple on week 2025-02-25 00:00:00: missing
[2025-04-29T20:43:48.633+0000] {check_historical_news.py:35} INFO - Missing news for Apple for week 2025-02-25 00:00:00
[2025-04-29T20:43:48.636+0000] {mongodb_client.py:77} INFO - News for Apple on week 2025-02-18 00:00:00: missing
[2025-04-29T20:43:48.637+0000] {check_historical_news.py:35} INFO - Missing news for Apple for week 2025-02-18 00:00:00
[2025-04-29T20:43:48.640+0000] {mongodb_client.py:77} INFO - News for Apple on week 2025-02-11 00:00:00: missing
[2025-04-29T20:43:48.641+0000] {check_historical_news.py:35} INFO - Missing news for Apple for week 2025-02-11 00:00:00
[2025-04-29T20:43:48.645+0000] {mongodb_client.py:77} INFO - News for Microsoft on week 2025-04-29 00:00:00: missing
[2025-04-29T20:43:48.645+0000] {check_historical_news.py:35} INFO - Missing news for Microsoft for week 2025-04-29 00:00:00
[2025-04-29T20:43:48.649+0000] {mongodb_client.py:77} INFO - News for Microsoft on week 2025-04-22 00:00:00: exists
[2025-04-29T20:43:48.653+0000] {mongodb_client.py:77} INFO - News for Microsoft on week 2025-04-15 00:00:00: exists
[2025-04-29T20:43:48.657+0000] {mongodb_client.py:77} INFO - News for Microsoft on week 2025-04-08 00:00:00: exists
[2025-04-29T20:43:48.660+0000] {mongodb_client.py:77} INFO - News for Microsoft on week 2025-04-01 00:00:00: exists
[2025-04-29T20:43:48.664+0000] {mongodb_client.py:77} INFO - News for Microsoft on week 2025-03-25 00:00:00: missing
[2025-04-29T20:43:48.664+0000] {check_historical_news.py:35} INFO - Missing news for Microsoft for week 2025-03-25 00:00:00
[2025-04-29T20:43:48.668+0000] {mongodb_client.py:77} INFO - News for Microsoft on week 2025-03-18 00:00:00: missing
[2025-04-29T20:43:48.669+0000] {check_historical_news.py:35} INFO - Missing news for Microsoft for week 2025-03-18 00:00:00
[2025-04-29T20:43:48.672+0000] {mongodb_client.py:77} INFO - News for Microsoft on week 2025-03-11 00:00:00: missing
[2025-04-29T20:43:48.673+0000] {check_historical_news.py:35} INFO - Missing news for Microsoft for week 2025-03-11 00:00:00
[2025-04-29T20:43:48.676+0000] {mongodb_client.py:77} INFO - News for Microsoft on week 2025-03-04 00:00:00: missing
[2025-04-29T20:43:48.677+0000] {check_historical_news.py:35} INFO - Missing news for Microsoft for week 2025-03-04 00:00:00
[2025-04-29T20:43:48.681+0000] {mongodb_client.py:77} INFO - News for Microsoft on week 2025-02-25 00:00:00: missing
[2025-04-29T20:43:48.681+0000] {check_historical_news.py:35} INFO - Missing news for Microsoft for week 2025-02-25 00:00:00
[2025-04-29T20:43:48.685+0000] {mongodb_client.py:77} INFO - News for Microsoft on week 2025-02-18 00:00:00: missing
[2025-04-29T20:43:48.686+0000] {check_historical_news.py:35} INFO - Missing news for Microsoft for week 2025-02-18 00:00:00
[2025-04-29T20:43:48.689+0000] {mongodb_client.py:77} INFO - News for Microsoft on week 2025-02-11 00:00:00: missing
[2025-04-29T20:43:48.690+0000] {check_historical_news.py:35} INFO - Missing news for Microsoft for week 2025-02-11 00:00:00
[2025-04-29T20:43:48.693+0000] {mongodb_client.py:77} INFO - News for Alphabet on week 2025-04-29 00:00:00: missing
[2025-04-29T20:43:48.694+0000] {check_historical_news.py:35} INFO - Missing news for Alphabet for week 2025-04-29 00:00:00
[2025-04-29T20:43:48.698+0000] {mongodb_client.py:77} INFO - News for Alphabet on week 2025-04-22 00:00:00: missing
[2025-04-29T20:43:48.699+0000] {check_historical_news.py:35} INFO - Missing news for Alphabet for week 2025-04-22 00:00:00
[2025-04-29T20:43:48.702+0000] {mongodb_client.py:77} INFO - News for Alphabet on week 2025-04-15 00:00:00: missing
[2025-04-29T20:43:48.703+0000] {check_historical_news.py:35} INFO - Missing news for Alphabet for week 2025-04-15 00:00:00
[2025-04-29T20:43:48.706+0000] {mongodb_client.py:77} INFO - News for Alphabet on week 2025-04-08 00:00:00: missing
[2025-04-29T20:43:48.707+0000] {check_historical_news.py:35} INFO - Missing news for Alphabet for week 2025-04-08 00:00:00
[2025-04-29T20:43:48.711+0000] {mongodb_client.py:77} INFO - News for Alphabet on week 2025-04-01 00:00:00: missing
[2025-04-29T20:43:48.711+0000] {check_historical_news.py:35} INFO - Missing news for Alphabet for week 2025-04-01 00:00:00
[2025-04-29T20:43:48.715+0000] {mongodb_client.py:77} INFO - News for Alphabet on week 2025-03-25 00:00:00: missing
[2025-04-29T20:43:48.716+0000] {check_historical_news.py:35} INFO - Missing news for Alphabet for week 2025-03-25 00:00:00
[2025-04-29T20:43:48.719+0000] {mongodb_client.py:77} INFO - News for Alphabet on week 2025-03-18 00:00:00: missing
[2025-04-29T20:43:48.720+0000] {check_historical_news.py:35} INFO - Missing news for Alphabet for week 2025-03-18 00:00:00
[2025-04-29T20:43:48.723+0000] {mongodb_client.py:77} INFO - News for Alphabet on week 2025-03-11 00:00:00: missing
[2025-04-29T20:43:48.723+0000] {check_historical_news.py:35} INFO - Missing news for Alphabet for week 2025-03-11 00:00:00
[2025-04-29T20:43:48.727+0000] {mongodb_client.py:77} INFO - News for Alphabet on week 2025-03-04 00:00:00: missing
[2025-04-29T20:43:48.727+0000] {check_historical_news.py:35} INFO - Missing news for Alphabet for week 2025-03-04 00:00:00
[2025-04-29T20:43:48.731+0000] {mongodb_client.py:77} INFO - News for Alphabet on week 2025-02-25 00:00:00: missing
[2025-04-29T20:43:48.731+0000] {check_historical_news.py:35} INFO - Missing news for Alphabet for week 2025-02-25 00:00:00
[2025-04-29T20:43:48.734+0000] {mongodb_client.py:77} INFO - News for Alphabet on week 2025-02-18 00:00:00: missing
[2025-04-29T20:43:48.735+0000] {check_historical_news.py:35} INFO - Missing news for Alphabet for week 2025-02-18 00:00:00
[2025-04-29T20:43:48.738+0000] {mongodb_client.py:77} INFO - News for Alphabet on week 2025-02-11 00:00:00: missing
[2025-04-29T20:43:48.739+0000] {check_historical_news.py:35} INFO - Missing news for Alphabet for week 2025-02-11 00:00:00
[2025-04-29T20:43:48.741+0000] {mongodb_client.py:77} INFO - News for Amazon on week 2025-04-29 00:00:00: missing
[2025-04-29T20:43:48.742+0000] {check_historical_news.py:35} INFO - Missing news for Amazon for week 2025-04-29 00:00:00
[2025-04-29T20:43:48.745+0000] {mongodb_client.py:77} INFO - News for Amazon on week 2025-04-22 00:00:00: missing
[2025-04-29T20:43:48.746+0000] {check_historical_news.py:35} INFO - Missing news for Amazon for week 2025-04-22 00:00:00
[2025-04-29T20:43:48.749+0000] {mongodb_client.py:77} INFO - News for Amazon on week 2025-04-15 00:00:00: missing
[2025-04-29T20:43:48.750+0000] {check_historical_news.py:35} INFO - Missing news for Amazon for week 2025-04-15 00:00:00
[2025-04-29T20:43:48.752+0000] {mongodb_client.py:77} INFO - News for Amazon on week 2025-04-08 00:00:00: missing
[2025-04-29T20:43:48.753+0000] {check_historical_news.py:35} INFO - Missing news for Amazon for week 2025-04-08 00:00:00
[2025-04-29T20:43:48.756+0000] {mongodb_client.py:77} INFO - News for Amazon on week 2025-04-01 00:00:00: missing
[2025-04-29T20:43:48.757+0000] {check_historical_news.py:35} INFO - Missing news for Amazon for week 2025-04-01 00:00:00
[2025-04-29T20:43:48.759+0000] {mongodb_client.py:77} INFO - News for Amazon on week 2025-03-25 00:00:00: missing
[2025-04-29T20:43:48.760+0000] {check_historical_news.py:35} INFO - Missing news for Amazon for week 2025-03-25 00:00:00
[2025-04-29T20:43:48.763+0000] {mongodb_client.py:77} INFO - News for Amazon on week 2025-03-18 00:00:00: missing
[2025-04-29T20:43:48.763+0000] {check_historical_news.py:35} INFO - Missing news for Amazon for week 2025-03-18 00:00:00
[2025-04-29T20:43:48.767+0000] {mongodb_client.py:77} INFO - News for Amazon on week 2025-03-11 00:00:00: missing
[2025-04-29T20:43:48.767+0000] {check_historical_news.py:35} INFO - Missing news for Amazon for week 2025-03-11 00:00:00
[2025-04-29T20:43:48.770+0000] {mongodb_client.py:77} INFO - News for Amazon on week 2025-03-04 00:00:00: missing
[2025-04-29T20:43:48.770+0000] {check_historical_news.py:35} INFO - Missing news for Amazon for week 2025-03-04 00:00:00
[2025-04-29T20:43:48.774+0000] {mongodb_client.py:77} INFO - News for Amazon on week 2025-02-25 00:00:00: missing
[2025-04-29T20:43:48.774+0000] {check_historical_news.py:35} INFO - Missing news for Amazon for week 2025-02-25 00:00:00
[2025-04-29T20:43:48.776+0000] {mongodb_client.py:77} INFO - News for Amazon on week 2025-02-18 00:00:00: missing
[2025-04-29T20:43:48.777+0000] {check_historical_news.py:35} INFO - Missing news for Amazon for week 2025-02-18 00:00:00
[2025-04-29T20:43:48.780+0000] {mongodb_client.py:77} INFO - News for Amazon on week 2025-02-11 00:00:00: missing
[2025-04-29T20:43:48.781+0000] {check_historical_news.py:35} INFO - Missing news for Amazon for week 2025-02-11 00:00:00
[2025-04-29T20:43:48.783+0000] {mongodb_client.py:77} INFO - News for Tesla on week 2025-04-29 00:00:00: missing
[2025-04-29T20:43:48.784+0000] {check_historical_news.py:35} INFO - Missing news for Tesla for week 2025-04-29 00:00:00
[2025-04-29T20:43:48.786+0000] {mongodb_client.py:77} INFO - News for Tesla on week 2025-04-22 00:00:00: exists
[2025-04-29T20:43:48.790+0000] {mongodb_client.py:77} INFO - News for Tesla on week 2025-04-15 00:00:00: exists
[2025-04-29T20:43:48.793+0000] {mongodb_client.py:77} INFO - News for Tesla on week 2025-04-08 00:00:00: exists
[2025-04-29T20:43:48.798+0000] {mongodb_client.py:77} INFO - News for Tesla on week 2025-04-01 00:00:00: exists
[2025-04-29T20:43:48.801+0000] {mongodb_client.py:77} INFO - News for Tesla on week 2025-03-25 00:00:00: missing
[2025-04-29T20:43:48.801+0000] {check_historical_news.py:35} INFO - Missing news for Tesla for week 2025-03-25 00:00:00
[2025-04-29T20:43:48.805+0000] {mongodb_client.py:77} INFO - News for Tesla on week 2025-03-18 00:00:00: missing
[2025-04-29T20:43:48.805+0000] {check_historical_news.py:35} INFO - Missing news for Tesla for week 2025-03-18 00:00:00
[2025-04-29T20:43:48.808+0000] {mongodb_client.py:77} INFO - News for Tesla on week 2025-03-11 00:00:00: missing
[2025-04-29T20:43:48.809+0000] {check_historical_news.py:35} INFO - Missing news for Tesla for week 2025-03-11 00:00:00
[2025-04-29T20:43:48.811+0000] {mongodb_client.py:77} INFO - News for Tesla on week 2025-03-04 00:00:00: missing
[2025-04-29T20:43:48.812+0000] {check_historical_news.py:35} INFO - Missing news for Tesla for week 2025-03-04 00:00:00
[2025-04-29T20:43:48.814+0000] {mongodb_client.py:77} INFO - News for Tesla on week 2025-02-25 00:00:00: missing
[2025-04-29T20:43:48.815+0000] {check_historical_news.py:35} INFO - Missing news for Tesla for week 2025-02-25 00:00:00
[2025-04-29T20:43:48.818+0000] {mongodb_client.py:77} INFO - News for Tesla on week 2025-02-18 00:00:00: missing
[2025-04-29T20:43:48.819+0000] {check_historical_news.py:35} INFO - Missing news for Tesla for week 2025-02-18 00:00:00
[2025-04-29T20:43:48.822+0000] {mongodb_client.py:77} INFO - News for Tesla on week 2025-02-11 00:00:00: missing
[2025-04-29T20:43:48.823+0000] {check_historical_news.py:35} INFO - Missing news for Tesla for week 2025-02-11 00:00:00
[2025-04-29T20:43:48.828+0000] {mongodb_client.py:77} INFO - News for NVIDIA on week 2025-04-29 00:00:00: missing
[2025-04-29T20:43:48.829+0000] {check_historical_news.py:35} INFO - Missing news for NVIDIA for week 2025-04-29 00:00:00
[2025-04-29T20:43:48.833+0000] {mongodb_client.py:77} INFO - News for NVIDIA on week 2025-04-22 00:00:00: missing
[2025-04-29T20:43:48.834+0000] {check_historical_news.py:35} INFO - Missing news for NVIDIA for week 2025-04-22 00:00:00
[2025-04-29T20:43:48.839+0000] {mongodb_client.py:77} INFO - News for NVIDIA on week 2025-04-15 00:00:00: missing
[2025-04-29T20:43:48.840+0000] {check_historical_news.py:35} INFO - Missing news for NVIDIA for week 2025-04-15 00:00:00
[2025-04-29T20:43:48.844+0000] {mongodb_client.py:77} INFO - News for NVIDIA on week 2025-04-08 00:00:00: missing
[2025-04-29T20:43:48.845+0000] {check_historical_news.py:35} INFO - Missing news for NVIDIA for week 2025-04-08 00:00:00
[2025-04-29T20:43:48.850+0000] {mongodb_client.py:77} INFO - News for NVIDIA on week 2025-04-01 00:00:00: missing
[2025-04-29T20:43:48.851+0000] {check_historical_news.py:35} INFO - Missing news for NVIDIA for week 2025-04-01 00:00:00
[2025-04-29T20:43:48.855+0000] {mongodb_client.py:77} INFO - News for NVIDIA on week 2025-03-25 00:00:00: missing
[2025-04-29T20:43:48.856+0000] {check_historical_news.py:35} INFO - Missing news for NVIDIA for week 2025-03-25 00:00:00
[2025-04-29T20:43:48.862+0000] {mongodb_client.py:77} INFO - News for NVIDIA on week 2025-03-18 00:00:00: missing
[2025-04-29T20:43:48.862+0000] {check_historical_news.py:35} INFO - Missing news for NVIDIA for week 2025-03-18 00:00:00
[2025-04-29T20:43:48.867+0000] {mongodb_client.py:77} INFO - News for NVIDIA on week 2025-03-11 00:00:00: missing
[2025-04-29T20:43:48.868+0000] {check_historical_news.py:35} INFO - Missing news for NVIDIA for week 2025-03-11 00:00:00
[2025-04-29T20:43:48.871+0000] {mongodb_client.py:77} INFO - News for NVIDIA on week 2025-03-04 00:00:00: missing
[2025-04-29T20:43:48.872+0000] {check_historical_news.py:35} INFO - Missing news for NVIDIA for week 2025-03-04 00:00:00
[2025-04-29T20:43:48.876+0000] {mongodb_client.py:77} INFO - News for NVIDIA on week 2025-02-25 00:00:00: missing
[2025-04-29T20:43:48.877+0000] {check_historical_news.py:35} INFO - Missing news for NVIDIA for week 2025-02-25 00:00:00
[2025-04-29T20:43:48.881+0000] {mongodb_client.py:77} INFO - News for NVIDIA on week 2025-02-18 00:00:00: missing
[2025-04-29T20:43:48.882+0000] {check_historical_news.py:35} INFO - Missing news for NVIDIA for week 2025-02-18 00:00:00
[2025-04-29T20:43:48.886+0000] {mongodb_client.py:77} INFO - News for NVIDIA on week 2025-02-11 00:00:00: missing
[2025-04-29T20:43:48.887+0000] {check_historical_news.py:35} INFO - Missing news for NVIDIA for week 2025-02-11 00:00:00
[2025-04-29T20:43:48.891+0000] {mongodb_client.py:77} INFO - News for Meta on week 2025-04-29 00:00:00: missing
[2025-04-29T20:43:48.892+0000] {check_historical_news.py:35} INFO - Missing news for Meta for week 2025-04-29 00:00:00
[2025-04-29T20:43:48.896+0000] {mongodb_client.py:77} INFO - News for Meta on week 2025-04-22 00:00:00: missing
[2025-04-29T20:43:48.897+0000] {check_historical_news.py:35} INFO - Missing news for Meta for week 2025-04-22 00:00:00
[2025-04-29T20:43:48.901+0000] {mongodb_client.py:77} INFO - News for Meta on week 2025-04-15 00:00:00: missing
[2025-04-29T20:43:48.902+0000] {check_historical_news.py:35} INFO - Missing news for Meta for week 2025-04-15 00:00:00
[2025-04-29T20:43:48.906+0000] {mongodb_client.py:77} INFO - News for Meta on week 2025-04-08 00:00:00: missing
[2025-04-29T20:43:48.907+0000] {check_historical_news.py:35} INFO - Missing news for Meta for week 2025-04-08 00:00:00
[2025-04-29T20:43:48.910+0000] {mongodb_client.py:77} INFO - News for Meta on week 2025-04-01 00:00:00: missing
[2025-04-29T20:43:48.911+0000] {check_historical_news.py:35} INFO - Missing news for Meta for week 2025-04-01 00:00:00
[2025-04-29T20:43:48.915+0000] {mongodb_client.py:77} INFO - News for Meta on week 2025-03-25 00:00:00: missing
[2025-04-29T20:43:48.916+0000] {check_historical_news.py:35} INFO - Missing news for Meta for week 2025-03-25 00:00:00
[2025-04-29T20:43:48.920+0000] {mongodb_client.py:77} INFO - News for Meta on week 2025-03-18 00:00:00: missing
[2025-04-29T20:43:48.921+0000] {check_historical_news.py:35} INFO - Missing news for Meta for week 2025-03-18 00:00:00
[2025-04-29T20:43:48.925+0000] {mongodb_client.py:77} INFO - News for Meta on week 2025-03-11 00:00:00: missing
[2025-04-29T20:43:48.926+0000] {check_historical_news.py:35} INFO - Missing news for Meta for week 2025-03-11 00:00:00
[2025-04-29T20:43:48.929+0000] {mongodb_client.py:77} INFO - News for Meta on week 2025-03-04 00:00:00: missing
[2025-04-29T20:43:48.930+0000] {check_historical_news.py:35} INFO - Missing news for Meta for week 2025-03-04 00:00:00
[2025-04-29T20:43:48.934+0000] {mongodb_client.py:77} INFO - News for Meta on week 2025-02-25 00:00:00: missing
[2025-04-29T20:43:48.935+0000] {check_historical_news.py:35} INFO - Missing news for Meta for week 2025-02-25 00:00:00
[2025-04-29T20:43:48.940+0000] {mongodb_client.py:77} INFO - News for Meta on week 2025-02-18 00:00:00: missing
[2025-04-29T20:43:48.940+0000] {check_historical_news.py:35} INFO - Missing news for Meta for week 2025-02-18 00:00:00
[2025-04-29T20:43:48.944+0000] {mongodb_client.py:77} INFO - News for Meta on week 2025-02-11 00:00:00: missing
[2025-04-29T20:43:48.945+0000] {check_historical_news.py:35} INFO - Missing news for Meta for week 2025-02-11 00:00:00
[2025-04-29T20:43:48.949+0000] {mongodb_client.py:77} INFO - News for JPMorgan on week 2025-04-29 00:00:00: missing
[2025-04-29T20:43:48.950+0000] {check_historical_news.py:35} INFO - Missing news for JPMorgan for week 2025-04-29 00:00:00
[2025-04-29T20:43:48.954+0000] {mongodb_client.py:77} INFO - News for JPMorgan on week 2025-04-22 00:00:00: missing
[2025-04-29T20:43:48.955+0000] {check_historical_news.py:35} INFO - Missing news for JPMorgan for week 2025-04-22 00:00:00
[2025-04-29T20:43:48.958+0000] {mongodb_client.py:77} INFO - News for JPMorgan on week 2025-04-15 00:00:00: missing
[2025-04-29T20:43:48.959+0000] {check_historical_news.py:35} INFO - Missing news for JPMorgan for week 2025-04-15 00:00:00
[2025-04-29T20:43:48.963+0000] {mongodb_client.py:77} INFO - News for JPMorgan on week 2025-04-08 00:00:00: missing
[2025-04-29T20:43:48.964+0000] {check_historical_news.py:35} INFO - Missing news for JPMorgan for week 2025-04-08 00:00:00
[2025-04-29T20:43:48.968+0000] {mongodb_client.py:77} INFO - News for JPMorgan on week 2025-04-01 00:00:00: missing
[2025-04-29T20:43:48.969+0000] {check_historical_news.py:35} INFO - Missing news for JPMorgan for week 2025-04-01 00:00:00
[2025-04-29T20:43:48.973+0000] {mongodb_client.py:77} INFO - News for JPMorgan on week 2025-03-25 00:00:00: missing
[2025-04-29T20:43:48.973+0000] {check_historical_news.py:35} INFO - Missing news for JPMorgan for week 2025-03-25 00:00:00
[2025-04-29T20:43:48.976+0000] {mongodb_client.py:77} INFO - News for JPMorgan on week 2025-03-18 00:00:00: missing
[2025-04-29T20:43:48.977+0000] {check_historical_news.py:35} INFO - Missing news for JPMorgan for week 2025-03-18 00:00:00
[2025-04-29T20:43:48.980+0000] {mongodb_client.py:77} INFO - News for JPMorgan on week 2025-03-11 00:00:00: missing
[2025-04-29T20:43:48.981+0000] {check_historical_news.py:35} INFO - Missing news for JPMorgan for week 2025-03-11 00:00:00
[2025-04-29T20:43:48.985+0000] {mongodb_client.py:77} INFO - News for JPMorgan on week 2025-03-04 00:00:00: missing
[2025-04-29T20:43:48.985+0000] {check_historical_news.py:35} INFO - Missing news for JPMorgan for week 2025-03-04 00:00:00
[2025-04-29T20:43:48.989+0000] {mongodb_client.py:77} INFO - News for JPMorgan on week 2025-02-25 00:00:00: missing
[2025-04-29T20:43:48.990+0000] {check_historical_news.py:35} INFO - Missing news for JPMorgan for week 2025-02-25 00:00:00
[2025-04-29T20:43:48.992+0000] {mongodb_client.py:77} INFO - News for JPMorgan on week 2025-02-18 00:00:00: missing
[2025-04-29T20:43:48.993+0000] {check_historical_news.py:35} INFO - Missing news for JPMorgan for week 2025-02-18 00:00:00
[2025-04-29T20:43:48.996+0000] {mongodb_client.py:77} INFO - News for JPMorgan on week 2025-02-11 00:00:00: missing
[2025-04-29T20:43:48.997+0000] {check_historical_news.py:35} INFO - Missing news for JPMorgan for week 2025-02-11 00:00:00
[2025-04-29T20:43:48.999+0000] {mongodb_client.py:77} INFO - News for Walmart on week 2025-04-29 00:00:00: missing
[2025-04-29T20:43:49.001+0000] {check_historical_news.py:35} INFO - Missing news for Walmart for week 2025-04-29 00:00:00
[2025-04-29T20:43:49.003+0000] {mongodb_client.py:77} INFO - News for Walmart on week 2025-04-22 00:00:00: missing
[2025-04-29T20:43:49.004+0000] {check_historical_news.py:35} INFO - Missing news for Walmart for week 2025-04-22 00:00:00
[2025-04-29T20:43:49.006+0000] {mongodb_client.py:77} INFO - News for Walmart on week 2025-04-15 00:00:00: missing
[2025-04-29T20:43:49.007+0000] {check_historical_news.py:35} INFO - Missing news for Walmart for week 2025-04-15 00:00:00
[2025-04-29T20:43:49.009+0000] {mongodb_client.py:77} INFO - News for Walmart on week 2025-04-08 00:00:00: missing
[2025-04-29T20:43:49.010+0000] {check_historical_news.py:35} INFO - Missing news for Walmart for week 2025-04-08 00:00:00
[2025-04-29T20:43:49.013+0000] {mongodb_client.py:77} INFO - News for Walmart on week 2025-04-01 00:00:00: missing
[2025-04-29T20:43:49.013+0000] {check_historical_news.py:35} INFO - Missing news for Walmart for week 2025-04-01 00:00:00
[2025-04-29T20:43:49.016+0000] {mongodb_client.py:77} INFO - News for Walmart on week 2025-03-25 00:00:00: missing
[2025-04-29T20:43:49.016+0000] {check_historical_news.py:35} INFO - Missing news for Walmart for week 2025-03-25 00:00:00
[2025-04-29T20:43:49.019+0000] {mongodb_client.py:77} INFO - News for Walmart on week 2025-03-18 00:00:00: missing
[2025-04-29T20:43:49.020+0000] {check_historical_news.py:35} INFO - Missing news for Walmart for week 2025-03-18 00:00:00
[2025-04-29T20:43:49.022+0000] {mongodb_client.py:77} INFO - News for Walmart on week 2025-03-11 00:00:00: missing
[2025-04-29T20:43:49.022+0000] {check_historical_news.py:35} INFO - Missing news for Walmart for week 2025-03-11 00:00:00
[2025-04-29T20:43:49.027+0000] {mongodb_client.py:77} INFO - News for Walmart on week 2025-03-04 00:00:00: missing
[2025-04-29T20:43:49.027+0000] {check_historical_news.py:35} INFO - Missing news for Walmart for week 2025-03-04 00:00:00
[2025-04-29T20:43:49.030+0000] {mongodb_client.py:77} INFO - News for Walmart on week 2025-02-25 00:00:00: missing
[2025-04-29T20:43:49.031+0000] {check_historical_news.py:35} INFO - Missing news for Walmart for week 2025-02-25 00:00:00
[2025-04-29T20:43:49.033+0000] {mongodb_client.py:77} INFO - News for Walmart on week 2025-02-18 00:00:00: missing
[2025-04-29T20:43:49.034+0000] {check_historical_news.py:35} INFO - Missing news for Walmart for week 2025-02-18 00:00:00
[2025-04-29T20:43:49.037+0000] {mongodb_client.py:77} INFO - News for Walmart on week 2025-02-11 00:00:00: missing
[2025-04-29T20:43:49.037+0000] {check_historical_news.py:35} INFO - Missing news for Walmart for week 2025-02-11 00:00:00
[2025-04-29T20:43:49.039+0000] {mongodb_client.py:77} INFO - News for Visa on week 2025-04-29 00:00:00: missing
[2025-04-29T20:43:49.039+0000] {check_historical_news.py:35} INFO - Missing news for Visa for week 2025-04-29 00:00:00
[2025-04-29T20:43:49.040+0000] {mongodb_client.py:77} INFO - News for Visa on week 2025-04-22 00:00:00: missing
[2025-04-29T20:43:49.041+0000] {check_historical_news.py:35} INFO - Missing news for Visa for week 2025-04-22 00:00:00
[2025-04-29T20:43:49.044+0000] {mongodb_client.py:77} INFO - News for Visa on week 2025-04-15 00:00:00: missing
[2025-04-29T20:43:49.044+0000] {check_historical_news.py:35} INFO - Missing news for Visa for week 2025-04-15 00:00:00
[2025-04-29T20:43:49.046+0000] {mongodb_client.py:77} INFO - News for Visa on week 2025-04-08 00:00:00: missing
[2025-04-29T20:43:49.047+0000] {check_historical_news.py:35} INFO - Missing news for Visa for week 2025-04-08 00:00:00
[2025-04-29T20:43:49.049+0000] {mongodb_client.py:77} INFO - News for Visa on week 2025-04-01 00:00:00: missing
[2025-04-29T20:43:49.050+0000] {check_historical_news.py:35} INFO - Missing news for Visa for week 2025-04-01 00:00:00
[2025-04-29T20:43:49.051+0000] {mongodb_client.py:77} INFO - News for Visa on week 2025-03-25 00:00:00: missing
[2025-04-29T20:43:49.051+0000] {check_historical_news.py:35} INFO - Missing news for Visa for week 2025-03-25 00:00:00
[2025-04-29T20:43:49.054+0000] {mongodb_client.py:77} INFO - News for Visa on week 2025-03-18 00:00:00: missing
[2025-04-29T20:43:49.054+0000] {check_historical_news.py:35} INFO - Missing news for Visa for week 2025-03-18 00:00:00
[2025-04-29T20:43:49.056+0000] {mongodb_client.py:77} INFO - News for Visa on week 2025-03-11 00:00:00: missing
[2025-04-29T20:43:49.056+0000] {check_historical_news.py:35} INFO - Missing news for Visa for week 2025-03-11 00:00:00
[2025-04-29T20:43:49.058+0000] {mongodb_client.py:77} INFO - News for Visa on week 2025-03-04 00:00:00: missing
[2025-04-29T20:43:49.059+0000] {check_historical_news.py:35} INFO - Missing news for Visa for week 2025-03-04 00:00:00
[2025-04-29T20:43:49.061+0000] {mongodb_client.py:77} INFO - News for Visa on week 2025-02-25 00:00:00: missing
[2025-04-29T20:43:49.061+0000] {check_historical_news.py:35} INFO - Missing news for Visa for week 2025-02-25 00:00:00
[2025-04-29T20:43:49.063+0000] {mongodb_client.py:77} INFO - News for Visa on week 2025-02-18 00:00:00: missing
[2025-04-29T20:43:49.063+0000] {check_historical_news.py:35} INFO - Missing news for Visa for week 2025-02-18 00:00:00
[2025-04-29T20:43:49.065+0000] {mongodb_client.py:77} INFO - News for Visa on week 2025-02-11 00:00:00: missing
[2025-04-29T20:43:49.066+0000] {check_historical_news.py:35} INFO - Missing news for Visa for week 2025-02-11 00:00:00
[2025-04-29T20:43:49.066+0000] {python.py:240} INFO - Done. Returned value was: [('Apple', datetime.datetime(2025, 4, 29, 0, 0)), ('Apple', datetime.datetime(2025, 3, 25, 0, 0)), ('Apple', datetime.datetime(2025, 3, 18, 0, 0)), ('Apple', datetime.datetime(2025, 3, 11, 0, 0)), ('Apple', datetime.datetime(2025, 3, 4, 0, 0)), ('Apple', datetime.datetime(2025, 2, 25, 0, 0)), ('Apple', datetime.datetime(2025, 2, 18, 0, 0)), ('Apple', datetime.datetime(2025, 2, 11, 0, 0)), ('Microsoft', datetime.datetime(2025, 4, 29, 0, 0)), ('Microsoft', datetime.datetime(2025, 3, 25, 0, 0)), ('Microsoft', datetime.datetime(2025, 3, 18, 0, 0)), ('Microsoft', datetime.datetime(2025, 3, 11, 0, 0)), ('Microsoft', datetime.datetime(2025, 3, 4, 0, 0)), ('Microsoft', datetime.datetime(2025, 2, 25, 0, 0)), ('Microsoft', datetime.datetime(2025, 2, 18, 0, 0)), ('Microsoft', datetime.datetime(2025, 2, 11, 0, 0)), ('Alphabet', datetime.datetime(2025, 4, 29, 0, 0)), ('Alphabet', datetime.datetime(2025, 4, 22, 0, 0)), ('Alphabet', datetime.datetime(2025, 4, 15, 0, 0)), ('Alphabet', datetime.datetime(2025, 4, 8, 0, 0)), ('Alphabet', datetime.datetime(2025, 4, 1, 0, 0)), ('Alphabet', datetime.datetime(2025, 3, 25, 0, 0)), ('Alphabet', datetime.datetime(2025, 3, 18, 0, 0)), ('Alphabet', datetime.datetime(2025, 3, 11, 0, 0)), ('Alphabet', datetime.datetime(2025, 3, 4, 0, 0)), ('Alphabet', datetime.datetime(2025, 2, 25, 0, 0)), ('Alphabet', datetime.datetime(2025, 2, 18, 0, 0)), ('Alphabet', datetime.datetime(2025, 2, 11, 0, 0)), ('Amazon', datetime.datetime(2025, 4, 29, 0, 0)), ('Amazon', datetime.datetime(2025, 4, 22, 0, 0)), ('Amazon', datetime.datetime(2025, 4, 15, 0, 0)), ('Amazon', datetime.datetime(2025, 4, 8, 0, 0)), ('Amazon', datetime.datetime(2025, 4, 1, 0, 0)), ('Amazon', datetime.datetime(2025, 3, 25, 0, 0)), ('Amazon', datetime.datetime(2025, 3, 18, 0, 0)), ('Amazon', datetime.datetime(2025, 3, 11, 0, 0)), ('Amazon', datetime.datetime(2025, 3, 4, 0, 0)), ('Amazon', datetime.datetime(2025, 2, 25, 0, 0)), ('Amazon', datetime.datetime(2025, 2, 18, 0, 0)), ('Amazon', datetime.datetime(2025, 2, 11, 0, 0)), ('Tesla', datetime.datetime(2025, 4, 29, 0, 0)), ('Tesla', datetime.datetime(2025, 3, 25, 0, 0)), ('Tesla', datetime.datetime(2025, 3, 18, 0, 0)), ('Tesla', datetime.datetime(2025, 3, 11, 0, 0)), ('Tesla', datetime.datetime(2025, 3, 4, 0, 0)), ('Tesla', datetime.datetime(2025, 2, 25, 0, 0)), ('Tesla', datetime.datetime(2025, 2, 18, 0, 0)), ('Tesla', datetime.datetime(2025, 2, 11, 0, 0)), ('NVIDIA', datetime.datetime(2025, 4, 29, 0, 0)), ('NVIDIA', datetime.datetime(2025, 4, 22, 0, 0)), ('NVIDIA', datetime.datetime(2025, 4, 15, 0, 0)), ('NVIDIA', datetime.datetime(2025, 4, 8, 0, 0)), ('NVIDIA', datetime.datetime(2025, 4, 1, 0, 0)), ('NVIDIA', datetime.datetime(2025, 3, 25, 0, 0)), ('NVIDIA', datetime.datetime(2025, 3, 18, 0, 0)), ('NVIDIA', datetime.datetime(2025, 3, 11, 0, 0)), ('NVIDIA', datetime.datetime(2025, 3, 4, 0, 0)), ('NVIDIA', datetime.datetime(2025, 2, 25, 0, 0)), ('NVIDIA', datetime.datetime(2025, 2, 18, 0, 0)), ('NVIDIA', datetime.datetime(2025, 2, 11, 0, 0)), ('Meta', datetime.datetime(2025, 4, 29, 0, 0)), ('Meta', datetime.datetime(2025, 4, 22, 0, 0)), ('Meta', datetime.datetime(2025, 4, 15, 0, 0)), ('Meta', datetime.datetime(2025, 4, 8, 0, 0)), ('Meta', datetime.datetime(2025, 4, 1, 0, 0)), ('Meta', datetime.datetime(2025, 3, 25, 0, 0)), ('Meta', datetime.datetime(2025, 3, 18, 0, 0)), ('Meta', datetime.datetime(2025, 3, 11, 0, 0)), ('Meta', datetime.datetime(2025, 3, 4, 0, 0)), ('Meta', datetime.datetime(2025, 2, 25, 0, 0)), ('Meta', datetime.datetime(2025, 2, 18, 0, 0)), ('Meta', datetime.datetime(2025, 2, 11, 0, 0)), ('JPMorgan', datetime.datetime(2025, 4, 29, 0, 0)), ('JPMorgan', datetime.datetime(2025, 4, 22, 0, 0)), ('JPMorgan', datetime.datetime(2025, 4, 15, 0, 0)), ('JPMorgan', datetime.datetime(2025, 4, 8, 0, 0)), ('JPMorgan', datetime.datetime(2025, 4, 1, 0, 0)), ('JPMorgan', datetime.datetime(2025, 3, 25, 0, 0)), ('JPMorgan', datetime.datetime(2025, 3, 18, 0, 0)), ('JPMorgan', datetime.datetime(2025, 3, 11, 0, 0)), ('JPMorgan', datetime.datetime(2025, 3, 4, 0, 0)), ('JPMorgan', datetime.datetime(2025, 2, 25, 0, 0)), ('JPMorgan', datetime.datetime(2025, 2, 18, 0, 0)), ('JPMorgan', datetime.datetime(2025, 2, 11, 0, 0)), ('Walmart', datetime.datetime(2025, 4, 29, 0, 0)), ('Walmart', datetime.datetime(2025, 4, 22, 0, 0)), ('Walmart', datetime.datetime(2025, 4, 15, 0, 0)), ('Walmart', datetime.datetime(2025, 4, 8, 0, 0)), ('Walmart', datetime.datetime(2025, 4, 1, 0, 0)), ('Walmart', datetime.datetime(2025, 3, 25, 0, 0)), ('Walmart', datetime.datetime(2025, 3, 18, 0, 0)), ('Walmart', datetime.datetime(2025, 3, 11, 0, 0)), ('Walmart', datetime.datetime(2025, 3, 4, 0, 0)), ('Walmart', datetime.datetime(2025, 2, 25, 0, 0)), ('Walmart', datetime.datetime(2025, 2, 18, 0, 0)), ('Walmart', datetime.datetime(2025, 2, 11, 0, 0)), ('Visa', datetime.datetime(2025, 4, 29, 0, 0)), ('Visa', datetime.datetime(2025, 4, 22, 0, 0)), ('Visa', datetime.datetime(2025, 4, 15, 0, 0)), ('Visa', datetime.datetime(2025, 4, 8, 0, 0)), ('Visa', datetime.datetime(2025, 4, 1, 0, 0)), ('Visa', datetime.datetime(2025, 3, 25, 0, 0)), ('Visa', datetime.datetime(2025, 3, 18, 0, 0)), ('Visa', datetime.datetime(2025, 3, 11, 0, 0)), ('Visa', datetime.datetime(2025, 3, 4, 0, 0)), ('Visa', datetime.datetime(2025, 2, 25, 0, 0)), ('Visa', datetime.datetime(2025, 2, 18, 0, 0)), ('Visa', datetime.datetime(2025, 2, 11, 0, 0))]
[2025-04-29T20:43:49.087+0000] {taskinstance.py:340} INFO - ::group::Post task execution logs
[2025-04-29T20:43:49.088+0000] {taskinstance.py:352} INFO - Marking task as SUCCESS. dag_id=portfolio_news_pipeline, task_id=check_historical_news, run_id=manual__2025-04-29T20:43:45.954625+00:00, execution_date=20250429T204345, start_date=20250429T204348, end_date=20250429T204349
[2025-04-29T20:43:49.121+0000] {local_task_job_runner.py:266} INFO - Task exited with return code 0
[2025-04-29T20:43:49.141+0000] {taskinstance.py:3895} INFO - 1 downstream tasks scheduled from follow-on schedule check
[2025-04-29T20:43:49.143+0000] {local_task_job_runner.py:245} INFO - ::endgroup::
