[2025-04-30T05:08:57.585+0000] {processor.py:186} INFO - Started process (PID=84) to work on /opt/airflow/dags/stock_data_dag.py
[2025-04-30T05:08:57.586+0000] {processor.py:914} INFO - Processing file /opt/airflow/dags/stock_data_dag.py for tasks to queue
[2025-04-30T05:08:57.588+0000] {logging_mixin.py:190} INFO - [2025-04-30T05:08:57.587+0000] {dagbag.py:588} INFO - Filling up the DagBag from /opt/airflow/dags/stock_data_dag.py
[2025-04-30T05:08:57.688+0000] {processor.py:925} INFO - DAG(s) 'stock_data_collection' retrieved from /opt/airflow/dags/stock_data_dag.py
[2025-04-30T05:08:58.114+0000] {logging_mixin.py:190} INFO - [2025-04-30T05:08:58.113+0000] {override.py:1911} INFO - Created Permission View: can edit on DAG:stock_data_collection
[2025-04-30T05:08:58.126+0000] {logging_mixin.py:190} INFO - [2025-04-30T05:08:58.125+0000] {override.py:1911} INFO - Created Permission View: can read on DAG:stock_data_collection
[2025-04-30T05:08:58.132+0000] {logging_mixin.py:190} INFO - [2025-04-30T05:08:58.132+0000] {override.py:1911} INFO - Created Permission View: can delete on DAG:stock_data_collection
[2025-04-30T05:08:58.139+0000] {logging_mixin.py:190} INFO - [2025-04-30T05:08:58.139+0000] {override.py:1911} INFO - Created Permission View: can create on DAG Run:stock_data_collection
[2025-04-30T05:08:58.145+0000] {logging_mixin.py:190} INFO - [2025-04-30T05:08:58.145+0000] {override.py:1911} INFO - Created Permission View: can read on DAG Run:stock_data_collection
[2025-04-30T05:08:58.151+0000] {logging_mixin.py:190} INFO - [2025-04-30T05:08:58.151+0000] {override.py:1911} INFO - Created Permission View: menu access on DAG Run:stock_data_collection
[2025-04-30T05:08:58.158+0000] {logging_mixin.py:190} INFO - [2025-04-30T05:08:58.157+0000] {override.py:1911} INFO - Created Permission View: can delete on DAG Run:stock_data_collection
[2025-04-30T05:08:58.158+0000] {logging_mixin.py:190} INFO - [2025-04-30T05:08:58.158+0000] {dag.py:3239} INFO - Sync 1 DAGs
[2025-04-30T05:08:58.170+0000] {logging_mixin.py:190} INFO - [2025-04-30T05:08:58.170+0000] {dag.py:3262} INFO - Creating ORM DAG for stock_data_collection
[2025-04-30T05:08:58.182+0000] {logging_mixin.py:190} INFO - [2025-04-30T05:08:58.182+0000] {dag.py:4180} INFO - Setting next_dagrun for stock_data_collection to 2025-04-29 18:00:00+00:00, run_after=2025-04-30 18:00:00+00:00
[2025-04-30T05:08:58.198+0000] {processor.py:208} INFO - Processing /opt/airflow/dags/stock_data_dag.py took 0.618 seconds
[2025-04-30T05:09:28.630+0000] {processor.py:186} INFO - Started process (PID=98) to work on /opt/airflow/dags/stock_data_dag.py
[2025-04-30T05:09:28.631+0000] {processor.py:914} INFO - Processing file /opt/airflow/dags/stock_data_dag.py for tasks to queue
[2025-04-30T05:09:28.634+0000] {logging_mixin.py:190} INFO - [2025-04-30T05:09:28.633+0000] {dagbag.py:588} INFO - Filling up the DagBag from /opt/airflow/dags/stock_data_dag.py
[2025-04-30T05:09:28.713+0000] {processor.py:925} INFO - DAG(s) 'stock_data_collection' retrieved from /opt/airflow/dags/stock_data_dag.py
[2025-04-30T05:09:28.742+0000] {logging_mixin.py:190} INFO - [2025-04-30T05:09:28.742+0000] {dag.py:3239} INFO - Sync 1 DAGs
[2025-04-30T05:09:28.906+0000] {logging_mixin.py:190} INFO - [2025-04-30T05:09:28.906+0000] {dag.py:4180} INFO - Setting next_dagrun for stock_data_collection to 2025-04-29 18:00:00+00:00, run_after=2025-04-30 18:00:00+00:00
[2025-04-30T05:09:28.920+0000] {processor.py:208} INFO - Processing /opt/airflow/dags/stock_data_dag.py took 0.295 seconds
[2025-04-30T05:09:59.031+0000] {processor.py:186} INFO - Started process (PID=105) to work on /opt/airflow/dags/stock_data_dag.py
[2025-04-30T05:09:59.032+0000] {processor.py:914} INFO - Processing file /opt/airflow/dags/stock_data_dag.py for tasks to queue
[2025-04-30T05:09:59.034+0000] {logging_mixin.py:190} INFO - [2025-04-30T05:09:59.033+0000] {dagbag.py:588} INFO - Filling up the DagBag from /opt/airflow/dags/stock_data_dag.py
[2025-04-30T05:09:59.095+0000] {processor.py:925} INFO - DAG(s) 'stock_data_collection' retrieved from /opt/airflow/dags/stock_data_dag.py
[2025-04-30T05:09:59.270+0000] {logging_mixin.py:190} INFO - [2025-04-30T05:09:59.270+0000] {dag.py:3239} INFO - Sync 1 DAGs
[2025-04-30T05:09:59.293+0000] {logging_mixin.py:190} INFO - [2025-04-30T05:09:59.293+0000] {dag.py:4180} INFO - Setting next_dagrun for stock_data_collection to 2025-04-29 18:00:00+00:00, run_after=2025-04-30 18:00:00+00:00
[2025-04-30T05:09:59.308+0000] {processor.py:208} INFO - Processing /opt/airflow/dags/stock_data_dag.py took 0.280 seconds
[2025-04-30T05:10:29.749+0000] {processor.py:186} INFO - Started process (PID=112) to work on /opt/airflow/dags/stock_data_dag.py
[2025-04-30T05:10:29.750+0000] {processor.py:914} INFO - Processing file /opt/airflow/dags/stock_data_dag.py for tasks to queue
[2025-04-30T05:10:29.752+0000] {logging_mixin.py:190} INFO - [2025-04-30T05:10:29.751+0000] {dagbag.py:588} INFO - Filling up the DagBag from /opt/airflow/dags/stock_data_dag.py
[2025-04-30T05:10:29.936+0000] {processor.py:925} INFO - DAG(s) 'stock_data_collection' retrieved from /opt/airflow/dags/stock_data_dag.py
[2025-04-30T05:10:29.959+0000] {logging_mixin.py:190} INFO - [2025-04-30T05:10:29.959+0000] {dag.py:3239} INFO - Sync 1 DAGs
[2025-04-30T05:10:29.975+0000] {logging_mixin.py:190} INFO - [2025-04-30T05:10:29.975+0000] {dag.py:4180} INFO - Setting next_dagrun for stock_data_collection to 2025-04-29 18:00:00+00:00, run_after=2025-04-30 18:00:00+00:00
[2025-04-30T05:10:29.995+0000] {processor.py:208} INFO - Processing /opt/airflow/dags/stock_data_dag.py took 0.249 seconds
[2025-04-30T05:11:00.144+0000] {processor.py:186} INFO - Started process (PID=119) to work on /opt/airflow/dags/stock_data_dag.py
[2025-04-30T05:11:00.144+0000] {processor.py:914} INFO - Processing file /opt/airflow/dags/stock_data_dag.py for tasks to queue
[2025-04-30T05:11:00.146+0000] {logging_mixin.py:190} INFO - [2025-04-30T05:11:00.146+0000] {dagbag.py:588} INFO - Filling up the DagBag from /opt/airflow/dags/stock_data_dag.py
[2025-04-30T05:11:00.334+0000] {processor.py:925} INFO - DAG(s) 'stock_data_collection' retrieved from /opt/airflow/dags/stock_data_dag.py
[2025-04-30T05:11:00.356+0000] {logging_mixin.py:190} INFO - [2025-04-30T05:11:00.355+0000] {dag.py:3239} INFO - Sync 1 DAGs
[2025-04-30T05:11:00.370+0000] {logging_mixin.py:190} INFO - [2025-04-30T05:11:00.370+0000] {dag.py:4180} INFO - Setting next_dagrun for stock_data_collection to 2025-04-29 18:00:00+00:00, run_after=2025-04-30 18:00:00+00:00
[2025-04-30T05:11:00.393+0000] {processor.py:208} INFO - Processing /opt/airflow/dags/stock_data_dag.py took 0.253 seconds
[2025-04-30T05:11:30.841+0000] {processor.py:186} INFO - Started process (PID=126) to work on /opt/airflow/dags/stock_data_dag.py
[2025-04-30T05:11:30.842+0000] {processor.py:914} INFO - Processing file /opt/airflow/dags/stock_data_dag.py for tasks to queue
[2025-04-30T05:11:30.843+0000] {logging_mixin.py:190} INFO - [2025-04-30T05:11:30.843+0000] {dagbag.py:588} INFO - Filling up the DagBag from /opt/airflow/dags/stock_data_dag.py
[2025-04-30T05:11:31.021+0000] {processor.py:925} INFO - DAG(s) 'stock_data_collection' retrieved from /opt/airflow/dags/stock_data_dag.py
[2025-04-30T05:11:31.043+0000] {logging_mixin.py:190} INFO - [2025-04-30T05:11:31.043+0000] {dag.py:3239} INFO - Sync 1 DAGs
[2025-04-30T05:11:31.059+0000] {logging_mixin.py:190} INFO - [2025-04-30T05:11:31.059+0000] {dag.py:4180} INFO - Setting next_dagrun for stock_data_collection to 2025-04-29 18:00:00+00:00, run_after=2025-04-30 18:00:00+00:00
[2025-04-30T05:11:31.079+0000] {processor.py:208} INFO - Processing /opt/airflow/dags/stock_data_dag.py took 0.241 seconds
[2025-04-30T05:12:01.175+0000] {processor.py:186} INFO - Started process (PID=133) to work on /opt/airflow/dags/stock_data_dag.py
[2025-04-30T05:12:01.176+0000] {processor.py:914} INFO - Processing file /opt/airflow/dags/stock_data_dag.py for tasks to queue
[2025-04-30T05:12:01.178+0000] {logging_mixin.py:190} INFO - [2025-04-30T05:12:01.178+0000] {dagbag.py:588} INFO - Filling up the DagBag from /opt/airflow/dags/stock_data_dag.py
[2025-04-30T05:12:01.355+0000] {processor.py:925} INFO - DAG(s) 'stock_data_collection' retrieved from /opt/airflow/dags/stock_data_dag.py
[2025-04-30T05:12:01.377+0000] {logging_mixin.py:190} INFO - [2025-04-30T05:12:01.377+0000] {dag.py:3239} INFO - Sync 1 DAGs
[2025-04-30T05:12:01.393+0000] {logging_mixin.py:190} INFO - [2025-04-30T05:12:01.393+0000] {dag.py:4180} INFO - Setting next_dagrun for stock_data_collection to 2025-04-29 18:00:00+00:00, run_after=2025-04-30 18:00:00+00:00
[2025-04-30T05:12:01.405+0000] {processor.py:208} INFO - Processing /opt/airflow/dags/stock_data_dag.py took 0.234 seconds
[2025-04-30T05:12:31.734+0000] {processor.py:186} INFO - Started process (PID=140) to work on /opt/airflow/dags/stock_data_dag.py
[2025-04-30T05:12:31.734+0000] {processor.py:914} INFO - Processing file /opt/airflow/dags/stock_data_dag.py for tasks to queue
[2025-04-30T05:12:31.736+0000] {logging_mixin.py:190} INFO - [2025-04-30T05:12:31.735+0000] {dagbag.py:588} INFO - Filling up the DagBag from /opt/airflow/dags/stock_data_dag.py
[2025-04-30T05:12:31.911+0000] {processor.py:925} INFO - DAG(s) 'stock_data_collection' retrieved from /opt/airflow/dags/stock_data_dag.py
[2025-04-30T05:12:31.933+0000] {logging_mixin.py:190} INFO - [2025-04-30T05:12:31.933+0000] {dag.py:3239} INFO - Sync 1 DAGs
[2025-04-30T05:12:31.949+0000] {logging_mixin.py:190} INFO - [2025-04-30T05:12:31.949+0000] {dag.py:4180} INFO - Setting next_dagrun for stock_data_collection to 2025-04-29 18:00:00+00:00, run_after=2025-04-30 18:00:00+00:00
[2025-04-30T05:12:31.967+0000] {processor.py:208} INFO - Processing /opt/airflow/dags/stock_data_dag.py took 0.237 seconds
[2025-04-30T05:13:02.210+0000] {processor.py:186} INFO - Started process (PID=147) to work on /opt/airflow/dags/stock_data_dag.py
[2025-04-30T05:13:02.210+0000] {processor.py:914} INFO - Processing file /opt/airflow/dags/stock_data_dag.py for tasks to queue
[2025-04-30T05:13:02.212+0000] {logging_mixin.py:190} INFO - [2025-04-30T05:13:02.212+0000] {dagbag.py:588} INFO - Filling up the DagBag from /opt/airflow/dags/stock_data_dag.py
[2025-04-30T05:13:02.389+0000] {processor.py:925} INFO - DAG(s) 'stock_data_collection' retrieved from /opt/airflow/dags/stock_data_dag.py
[2025-04-30T05:13:02.412+0000] {logging_mixin.py:190} INFO - [2025-04-30T05:13:02.412+0000] {dag.py:3239} INFO - Sync 1 DAGs
[2025-04-30T05:13:02.430+0000] {logging_mixin.py:190} INFO - [2025-04-30T05:13:02.430+0000] {dag.py:4180} INFO - Setting next_dagrun for stock_data_collection to 2025-04-29 18:00:00+00:00, run_after=2025-04-30 18:00:00+00:00
[2025-04-30T05:13:02.449+0000] {processor.py:208} INFO - Processing /opt/airflow/dags/stock_data_dag.py took 0.243 seconds
[2025-04-30T05:13:32.511+0000] {processor.py:186} INFO - Started process (PID=154) to work on /opt/airflow/dags/stock_data_dag.py
[2025-04-30T05:13:32.512+0000] {processor.py:914} INFO - Processing file /opt/airflow/dags/stock_data_dag.py for tasks to queue
[2025-04-30T05:13:32.513+0000] {logging_mixin.py:190} INFO - [2025-04-30T05:13:32.513+0000] {dagbag.py:588} INFO - Filling up the DagBag from /opt/airflow/dags/stock_data_dag.py
[2025-04-30T05:13:32.189+0000] {processor.py:925} INFO - DAG(s) 'stock_data_collection' retrieved from /opt/airflow/dags/stock_data_dag.py
[2025-04-30T05:13:32.212+0000] {logging_mixin.py:190} INFO - [2025-04-30T05:13:32.212+0000] {dag.py:3239} INFO - Sync 1 DAGs
[2025-04-30T05:13:32.232+0000] {logging_mixin.py:190} INFO - [2025-04-30T05:13:32.232+0000] {dag.py:4180} INFO - Setting next_dagrun for stock_data_collection to 2025-04-29 18:00:00+00:00, run_after=2025-04-30 18:00:00+00:00
[2025-04-30T05:13:32.247+0000] {processor.py:208} INFO - Processing /opt/airflow/dags/stock_data_dag.py took 0.267 seconds
[2025-04-30T05:14:02.362+0000] {processor.py:186} INFO - Started process (PID=161) to work on /opt/airflow/dags/stock_data_dag.py
[2025-04-30T05:14:02.363+0000] {processor.py:914} INFO - Processing file /opt/airflow/dags/stock_data_dag.py for tasks to queue
[2025-04-30T05:14:02.364+0000] {logging_mixin.py:190} INFO - [2025-04-30T05:14:02.364+0000] {dagbag.py:588} INFO - Filling up the DagBag from /opt/airflow/dags/stock_data_dag.py
[2025-04-30T05:14:02.548+0000] {processor.py:925} INFO - DAG(s) 'stock_data_collection' retrieved from /opt/airflow/dags/stock_data_dag.py
[2025-04-30T05:14:02.570+0000] {logging_mixin.py:190} INFO - [2025-04-30T05:14:02.569+0000] {dag.py:3239} INFO - Sync 1 DAGs
[2025-04-30T05:14:02.587+0000] {logging_mixin.py:190} INFO - [2025-04-30T05:14:02.587+0000] {dag.py:4180} INFO - Setting next_dagrun for stock_data_collection to 2025-04-29 18:00:00+00:00, run_after=2025-04-30 18:00:00+00:00
[2025-04-30T05:14:02.600+0000] {processor.py:208} INFO - Processing /opt/airflow/dags/stock_data_dag.py took 0.242 seconds
[2025-04-30T05:14:32.943+0000] {processor.py:186} INFO - Started process (PID=168) to work on /opt/airflow/dags/stock_data_dag.py
[2025-04-30T05:14:32.943+0000] {processor.py:914} INFO - Processing file /opt/airflow/dags/stock_data_dag.py for tasks to queue
[2025-04-30T05:14:32.945+0000] {logging_mixin.py:190} INFO - [2025-04-30T05:14:32.945+0000] {dagbag.py:588} INFO - Filling up the DagBag from /opt/airflow/dags/stock_data_dag.py
[2025-04-30T05:14:33.129+0000] {processor.py:925} INFO - DAG(s) 'stock_data_collection' retrieved from /opt/airflow/dags/stock_data_dag.py
[2025-04-30T05:14:33.152+0000] {logging_mixin.py:190} INFO - [2025-04-30T05:14:33.152+0000] {dag.py:3239} INFO - Sync 1 DAGs
[2025-04-30T05:14:33.169+0000] {logging_mixin.py:190} INFO - [2025-04-30T05:14:33.169+0000] {dag.py:4180} INFO - Setting next_dagrun for stock_data_collection to 2025-04-29 18:00:00+00:00, run_after=2025-04-30 18:00:00+00:00
[2025-04-30T05:14:33.189+0000] {processor.py:208} INFO - Processing /opt/airflow/dags/stock_data_dag.py took 0.251 seconds
[2025-04-30T05:15:03.330+0000] {processor.py:186} INFO - Started process (PID=175) to work on /opt/airflow/dags/stock_data_dag.py
[2025-04-30T05:15:03.331+0000] {processor.py:914} INFO - Processing file /opt/airflow/dags/stock_data_dag.py for tasks to queue
[2025-04-30T05:15:03.332+0000] {logging_mixin.py:190} INFO - [2025-04-30T05:15:03.332+0000] {dagbag.py:588} INFO - Filling up the DagBag from /opt/airflow/dags/stock_data_dag.py
[2025-04-30T05:15:03.508+0000] {processor.py:925} INFO - DAG(s) 'stock_data_collection' retrieved from /opt/airflow/dags/stock_data_dag.py
[2025-04-30T05:15:03.530+0000] {logging_mixin.py:190} INFO - [2025-04-30T05:15:03.530+0000] {dag.py:3239} INFO - Sync 1 DAGs
[2025-04-30T05:15:03.547+0000] {logging_mixin.py:190} INFO - [2025-04-30T05:15:03.546+0000] {dag.py:4180} INFO - Setting next_dagrun for stock_data_collection to 2025-04-29 18:00:00+00:00, run_after=2025-04-30 18:00:00+00:00
[2025-04-30T05:15:03.558+0000] {processor.py:208} INFO - Processing /opt/airflow/dags/stock_data_dag.py took 0.233 seconds
[2025-04-30T05:15:33.951+0000] {processor.py:186} INFO - Started process (PID=182) to work on /opt/airflow/dags/stock_data_dag.py
[2025-04-30T05:15:33.952+0000] {processor.py:914} INFO - Processing file /opt/airflow/dags/stock_data_dag.py for tasks to queue
[2025-04-30T05:15:33.953+0000] {logging_mixin.py:190} INFO - [2025-04-30T05:15:33.953+0000] {dagbag.py:588} INFO - Filling up the DagBag from /opt/airflow/dags/stock_data_dag.py
[2025-04-30T05:15:34.141+0000] {processor.py:925} INFO - DAG(s) 'stock_data_collection' retrieved from /opt/airflow/dags/stock_data_dag.py
[2025-04-30T05:15:34.164+0000] {logging_mixin.py:190} INFO - [2025-04-30T05:15:34.164+0000] {dag.py:3239} INFO - Sync 1 DAGs
[2025-04-30T05:15:34.182+0000] {logging_mixin.py:190} INFO - [2025-04-30T05:15:34.182+0000] {dag.py:4180} INFO - Setting next_dagrun for stock_data_collection to 2025-04-29 18:00:00+00:00, run_after=2025-04-30 18:00:00+00:00
[2025-04-30T05:15:34.195+0000] {processor.py:208} INFO - Processing /opt/airflow/dags/stock_data_dag.py took 0.248 seconds
[2025-04-30T05:16:04.522+0000] {processor.py:186} INFO - Started process (PID=189) to work on /opt/airflow/dags/stock_data_dag.py
[2025-04-30T05:16:04.523+0000] {processor.py:914} INFO - Processing file /opt/airflow/dags/stock_data_dag.py for tasks to queue
[2025-04-30T05:16:04.524+0000] {logging_mixin.py:190} INFO - [2025-04-30T05:16:04.524+0000] {dagbag.py:588} INFO - Filling up the DagBag from /opt/airflow/dags/stock_data_dag.py
[2025-04-30T05:16:04.719+0000] {processor.py:925} INFO - DAG(s) 'stock_data_collection' retrieved from /opt/airflow/dags/stock_data_dag.py
[2025-04-30T05:16:04.741+0000] {logging_mixin.py:190} INFO - [2025-04-30T05:16:04.740+0000] {dag.py:3239} INFO - Sync 1 DAGs
[2025-04-30T05:16:04.757+0000] {logging_mixin.py:190} INFO - [2025-04-30T05:16:04.756+0000] {dag.py:4180} INFO - Setting next_dagrun for stock_data_collection to 2025-04-29 18:00:00+00:00, run_after=2025-04-30 18:00:00+00:00
[2025-04-30T05:16:04.778+0000] {processor.py:208} INFO - Processing /opt/airflow/dags/stock_data_dag.py took 0.260 seconds
[2025-04-30T05:16:35.044+0000] {processor.py:186} INFO - Started process (PID=196) to work on /opt/airflow/dags/stock_data_dag.py
[2025-04-30T05:16:35.045+0000] {processor.py:914} INFO - Processing file /opt/airflow/dags/stock_data_dag.py for tasks to queue
[2025-04-30T05:16:35.046+0000] {logging_mixin.py:190} INFO - [2025-04-30T05:16:35.046+0000] {dagbag.py:588} INFO - Filling up the DagBag from /opt/airflow/dags/stock_data_dag.py
[2025-04-30T05:16:35.230+0000] {processor.py:925} INFO - DAG(s) 'stock_data_collection' retrieved from /opt/airflow/dags/stock_data_dag.py
[2025-04-30T05:16:35.254+0000] {logging_mixin.py:190} INFO - [2025-04-30T05:16:35.254+0000] {dag.py:3239} INFO - Sync 1 DAGs
[2025-04-30T05:16:35.276+0000] {logging_mixin.py:190} INFO - [2025-04-30T05:16:35.276+0000] {dag.py:4180} INFO - Setting next_dagrun for stock_data_collection to 2025-04-29 18:00:00+00:00, run_after=2025-04-30 18:00:00+00:00
[2025-04-30T05:16:35.289+0000] {processor.py:208} INFO - Processing /opt/airflow/dags/stock_data_dag.py took 0.249 seconds
[2025-04-30T05:17:05.594+0000] {processor.py:186} INFO - Started process (PID=203) to work on /opt/airflow/dags/stock_data_dag.py
[2025-04-30T05:17:05.595+0000] {processor.py:914} INFO - Processing file /opt/airflow/dags/stock_data_dag.py for tasks to queue
[2025-04-30T05:17:05.597+0000] {logging_mixin.py:190} INFO - [2025-04-30T05:17:05.596+0000] {dagbag.py:588} INFO - Filling up the DagBag from /opt/airflow/dags/stock_data_dag.py
[2025-04-30T05:17:05.792+0000] {processor.py:925} INFO - DAG(s) 'stock_data_collection' retrieved from /opt/airflow/dags/stock_data_dag.py
[2025-04-30T05:17:05.815+0000] {logging_mixin.py:190} INFO - [2025-04-30T05:17:05.815+0000] {dag.py:3239} INFO - Sync 1 DAGs
[2025-04-30T05:17:05.834+0000] {logging_mixin.py:190} INFO - [2025-04-30T05:17:05.834+0000] {dag.py:4180} INFO - Setting next_dagrun for stock_data_collection to 2025-04-29 18:00:00+00:00, run_after=2025-04-30 18:00:00+00:00
[2025-04-30T05:17:05.854+0000] {processor.py:208} INFO - Processing /opt/airflow/dags/stock_data_dag.py took 0.264 seconds
[2025-04-30T05:17:36.015+0000] {processor.py:186} INFO - Started process (PID=210) to work on /opt/airflow/dags/stock_data_dag.py
[2025-04-30T05:17:36.016+0000] {processor.py:914} INFO - Processing file /opt/airflow/dags/stock_data_dag.py for tasks to queue
[2025-04-30T05:17:36.017+0000] {logging_mixin.py:190} INFO - [2025-04-30T05:17:36.017+0000] {dagbag.py:588} INFO - Filling up the DagBag from /opt/airflow/dags/stock_data_dag.py
[2025-04-30T05:17:36.190+0000] {processor.py:925} INFO - DAG(s) 'stock_data_collection' retrieved from /opt/airflow/dags/stock_data_dag.py
[2025-04-30T05:17:36.212+0000] {logging_mixin.py:190} INFO - [2025-04-30T05:17:36.212+0000] {dag.py:3239} INFO - Sync 1 DAGs
[2025-04-30T05:17:36.229+0000] {logging_mixin.py:190} INFO - [2025-04-30T05:17:36.229+0000] {dag.py:4180} INFO - Setting next_dagrun for stock_data_collection to 2025-04-29 18:00:00+00:00, run_after=2025-04-30 18:00:00+00:00
[2025-04-30T05:17:36.247+0000] {processor.py:208} INFO - Processing /opt/airflow/dags/stock_data_dag.py took 0.235 seconds
[2025-04-30T05:18:06.566+0000] {processor.py:186} INFO - Started process (PID=217) to work on /opt/airflow/dags/stock_data_dag.py
[2025-04-30T05:18:06.566+0000] {processor.py:914} INFO - Processing file /opt/airflow/dags/stock_data_dag.py for tasks to queue
[2025-04-30T05:18:06.568+0000] {logging_mixin.py:190} INFO - [2025-04-30T05:18:06.568+0000] {dagbag.py:588} INFO - Filling up the DagBag from /opt/airflow/dags/stock_data_dag.py
[2025-04-30T05:18:06.747+0000] {processor.py:925} INFO - DAG(s) 'stock_data_collection' retrieved from /opt/airflow/dags/stock_data_dag.py
[2025-04-30T05:18:06.768+0000] {logging_mixin.py:190} INFO - [2025-04-30T05:18:06.768+0000] {dag.py:3239} INFO - Sync 1 DAGs
[2025-04-30T05:18:06.784+0000] {logging_mixin.py:190} INFO - [2025-04-30T05:18:06.784+0000] {dag.py:4180} INFO - Setting next_dagrun for stock_data_collection to 2025-04-29 18:00:00+00:00, run_after=2025-04-30 18:00:00+00:00
[2025-04-30T05:18:06.803+0000] {processor.py:208} INFO - Processing /opt/airflow/dags/stock_data_dag.py took 0.241 seconds
[2025-04-30T05:18:37.069+0000] {processor.py:186} INFO - Started process (PID=224) to work on /opt/airflow/dags/stock_data_dag.py
[2025-04-30T05:18:37.069+0000] {processor.py:914} INFO - Processing file /opt/airflow/dags/stock_data_dag.py for tasks to queue
[2025-04-30T05:18:37.071+0000] {logging_mixin.py:190} INFO - [2025-04-30T05:18:37.071+0000] {dagbag.py:588} INFO - Filling up the DagBag from /opt/airflow/dags/stock_data_dag.py
[2025-04-30T05:18:37.286+0000] {processor.py:925} INFO - DAG(s) 'stock_data_collection' retrieved from /opt/airflow/dags/stock_data_dag.py
[2025-04-30T05:18:37.315+0000] {logging_mixin.py:190} INFO - [2025-04-30T05:18:37.314+0000] {dag.py:3239} INFO - Sync 1 DAGs
[2025-04-30T05:18:37.344+0000] {logging_mixin.py:190} INFO - [2025-04-30T05:18:37.344+0000] {dag.py:4180} INFO - Setting next_dagrun for stock_data_collection to 2025-04-29 18:00:00+00:00, run_after=2025-04-30 18:00:00+00:00
[2025-04-30T05:18:37.369+0000] {processor.py:208} INFO - Processing /opt/airflow/dags/stock_data_dag.py took 0.304 seconds
[2025-04-30T05:19:07.552+0000] {processor.py:186} INFO - Started process (PID=231) to work on /opt/airflow/dags/stock_data_dag.py
[2025-04-30T05:19:07.553+0000] {processor.py:914} INFO - Processing file /opt/airflow/dags/stock_data_dag.py for tasks to queue
[2025-04-30T05:19:07.555+0000] {logging_mixin.py:190} INFO - [2025-04-30T05:19:07.554+0000] {dagbag.py:588} INFO - Filling up the DagBag from /opt/airflow/dags/stock_data_dag.py
[2025-04-30T05:19:07.736+0000] {processor.py:925} INFO - DAG(s) 'stock_data_collection' retrieved from /opt/airflow/dags/stock_data_dag.py
[2025-04-30T05:19:07.760+0000] {logging_mixin.py:190} INFO - [2025-04-30T05:19:07.760+0000] {dag.py:3239} INFO - Sync 1 DAGs
[2025-04-30T05:19:07.777+0000] {logging_mixin.py:190} INFO - [2025-04-30T05:19:07.776+0000] {dag.py:4180} INFO - Setting next_dagrun for stock_data_collection to 2025-04-29 18:00:00+00:00, run_after=2025-04-30 18:00:00+00:00
[2025-04-30T05:19:07.790+0000] {processor.py:208} INFO - Processing /opt/airflow/dags/stock_data_dag.py took 0.241 seconds
[2025-04-30T05:19:38.076+0000] {processor.py:186} INFO - Started process (PID=238) to work on /opt/airflow/dags/stock_data_dag.py
[2025-04-30T05:19:38.077+0000] {processor.py:914} INFO - Processing file /opt/airflow/dags/stock_data_dag.py for tasks to queue
[2025-04-30T05:19:38.079+0000] {logging_mixin.py:190} INFO - [2025-04-30T05:19:38.078+0000] {dagbag.py:588} INFO - Filling up the DagBag from /opt/airflow/dags/stock_data_dag.py
[2025-04-30T05:19:38.254+0000] {processor.py:925} INFO - DAG(s) 'stock_data_collection' retrieved from /opt/airflow/dags/stock_data_dag.py
[2025-04-30T05:19:38.275+0000] {logging_mixin.py:190} INFO - [2025-04-30T05:19:38.275+0000] {dag.py:3239} INFO - Sync 1 DAGs
[2025-04-30T05:19:38.291+0000] {logging_mixin.py:190} INFO - [2025-04-30T05:19:38.291+0000] {dag.py:4180} INFO - Setting next_dagrun for stock_data_collection to 2025-04-29 18:00:00+00:00, run_after=2025-04-30 18:00:00+00:00
[2025-04-30T05:19:38.311+0000] {processor.py:208} INFO - Processing /opt/airflow/dags/stock_data_dag.py took 0.239 seconds
[2025-04-30T05:20:08.529+0000] {processor.py:186} INFO - Started process (PID=245) to work on /opt/airflow/dags/stock_data_dag.py
[2025-04-30T05:20:08.530+0000] {processor.py:914} INFO - Processing file /opt/airflow/dags/stock_data_dag.py for tasks to queue
[2025-04-30T05:20:08.532+0000] {logging_mixin.py:190} INFO - [2025-04-30T05:20:08.531+0000] {dagbag.py:588} INFO - Filling up the DagBag from /opt/airflow/dags/stock_data_dag.py
[2025-04-30T05:20:08.705+0000] {processor.py:925} INFO - DAG(s) 'stock_data_collection' retrieved from /opt/airflow/dags/stock_data_dag.py
[2025-04-30T05:20:08.728+0000] {logging_mixin.py:190} INFO - [2025-04-30T05:20:08.727+0000] {dag.py:3239} INFO - Sync 1 DAGs
[2025-04-30T05:20:08.770+0000] {logging_mixin.py:190} INFO - [2025-04-30T05:20:08.769+0000] {dag.py:4180} INFO - Setting next_dagrun for stock_data_collection to 2025-04-29 18:00:00+00:00, run_after=2025-04-30 18:00:00+00:00
[2025-04-30T05:20:08.791+0000] {processor.py:208} INFO - Processing /opt/airflow/dags/stock_data_dag.py took 0.266 seconds
[2025-04-30T05:20:39.158+0000] {processor.py:186} INFO - Started process (PID=253) to work on /opt/airflow/dags/stock_data_dag.py
[2025-04-30T05:20:39.159+0000] {processor.py:914} INFO - Processing file /opt/airflow/dags/stock_data_dag.py for tasks to queue
[2025-04-30T05:20:39.160+0000] {logging_mixin.py:190} INFO - [2025-04-30T05:20:39.160+0000] {dagbag.py:588} INFO - Filling up the DagBag from /opt/airflow/dags/stock_data_dag.py
[2025-04-30T05:20:39.343+0000] {processor.py:925} INFO - DAG(s) 'stock_data_collection' retrieved from /opt/airflow/dags/stock_data_dag.py
[2025-04-30T05:20:39.367+0000] {logging_mixin.py:190} INFO - [2025-04-30T05:20:39.367+0000] {dag.py:3239} INFO - Sync 1 DAGs
[2025-04-30T05:20:39.385+0000] {logging_mixin.py:190} INFO - [2025-04-30T05:20:39.385+0000] {dag.py:4180} INFO - Setting next_dagrun for stock_data_collection to 2025-04-29 18:00:00+00:00, run_after=2025-04-30 18:00:00+00:00
[2025-04-30T05:20:39.401+0000] {processor.py:208} INFO - Processing /opt/airflow/dags/stock_data_dag.py took 0.247 seconds
[2025-04-30T05:21:09.545+0000] {processor.py:186} INFO - Started process (PID=266) to work on /opt/airflow/dags/stock_data_dag.py
[2025-04-30T05:21:09.546+0000] {processor.py:914} INFO - Processing file /opt/airflow/dags/stock_data_dag.py for tasks to queue
[2025-04-30T05:21:09.548+0000] {logging_mixin.py:190} INFO - [2025-04-30T05:21:09.547+0000] {dagbag.py:588} INFO - Filling up the DagBag from /opt/airflow/dags/stock_data_dag.py
[2025-04-30T05:21:09.739+0000] {processor.py:925} INFO - DAG(s) 'stock_data_collection' retrieved from /opt/airflow/dags/stock_data_dag.py
[2025-04-30T05:21:09.762+0000] {logging_mixin.py:190} INFO - [2025-04-30T05:21:09.762+0000] {dag.py:3239} INFO - Sync 1 DAGs
[2025-04-30T05:21:09.780+0000] {logging_mixin.py:190} INFO - [2025-04-30T05:21:09.780+0000] {dag.py:4180} INFO - Setting next_dagrun for stock_data_collection to 2025-04-29 18:00:00+00:00, run_after=2025-04-30 18:00:00+00:00
[2025-04-30T05:21:09.796+0000] {processor.py:208} INFO - Processing /opt/airflow/dags/stock_data_dag.py took 0.255 seconds
[2025-04-30T05:21:40.102+0000] {processor.py:186} INFO - Started process (PID=273) to work on /opt/airflow/dags/stock_data_dag.py
[2025-04-30T05:21:40.103+0000] {processor.py:914} INFO - Processing file /opt/airflow/dags/stock_data_dag.py for tasks to queue
[2025-04-30T05:21:40.105+0000] {logging_mixin.py:190} INFO - [2025-04-30T05:21:40.105+0000] {dagbag.py:588} INFO - Filling up the DagBag from /opt/airflow/dags/stock_data_dag.py
[2025-04-30T05:21:40.309+0000] {processor.py:925} INFO - DAG(s) 'stock_data_collection' retrieved from /opt/airflow/dags/stock_data_dag.py
[2025-04-30T05:21:40.336+0000] {logging_mixin.py:190} INFO - [2025-04-30T05:21:40.335+0000] {dag.py:3239} INFO - Sync 1 DAGs
[2025-04-30T05:21:40.354+0000] {logging_mixin.py:190} INFO - [2025-04-30T05:21:40.354+0000] {dag.py:4180} INFO - Setting next_dagrun for stock_data_collection to 2025-04-29 18:00:00+00:00, run_after=2025-04-30 18:00:00+00:00
[2025-04-30T05:21:40.374+0000] {processor.py:208} INFO - Processing /opt/airflow/dags/stock_data_dag.py took 0.280 seconds
[2025-04-30T05:22:10.466+0000] {processor.py:186} INFO - Started process (PID=280) to work on /opt/airflow/dags/stock_data_dag.py
[2025-04-30T05:22:10.466+0000] {processor.py:914} INFO - Processing file /opt/airflow/dags/stock_data_dag.py for tasks to queue
[2025-04-30T05:22:10.468+0000] {logging_mixin.py:190} INFO - [2025-04-30T05:22:10.468+0000] {dagbag.py:588} INFO - Filling up the DagBag from /opt/airflow/dags/stock_data_dag.py
[2025-04-30T05:22:10.667+0000] {processor.py:925} INFO - DAG(s) 'stock_data_collection' retrieved from /opt/airflow/dags/stock_data_dag.py
[2025-04-30T05:22:10.691+0000] {logging_mixin.py:190} INFO - [2025-04-30T05:22:10.691+0000] {dag.py:3239} INFO - Sync 1 DAGs
[2025-04-30T05:22:10.711+0000] {logging_mixin.py:190} INFO - [2025-04-30T05:22:10.711+0000] {dag.py:4180} INFO - Setting next_dagrun for stock_data_collection to 2025-04-29 18:00:00+00:00, run_after=2025-04-30 18:00:00+00:00
[2025-04-30T05:22:10.731+0000] {processor.py:208} INFO - Processing /opt/airflow/dags/stock_data_dag.py took 0.270 seconds
[2025-04-30T05:22:41.056+0000] {processor.py:186} INFO - Started process (PID=287) to work on /opt/airflow/dags/stock_data_dag.py
[2025-04-30T05:22:41.057+0000] {processor.py:914} INFO - Processing file /opt/airflow/dags/stock_data_dag.py for tasks to queue
[2025-04-30T05:22:41.059+0000] {logging_mixin.py:190} INFO - [2025-04-30T05:22:41.059+0000] {dagbag.py:588} INFO - Filling up the DagBag from /opt/airflow/dags/stock_data_dag.py
[2025-04-30T05:22:41.320+0000] {processor.py:925} INFO - DAG(s) 'stock_data_collection' retrieved from /opt/airflow/dags/stock_data_dag.py
[2025-04-30T05:22:41.351+0000] {logging_mixin.py:190} INFO - [2025-04-30T05:22:41.350+0000] {dag.py:3239} INFO - Sync 1 DAGs
[2025-04-30T05:22:41.378+0000] {logging_mixin.py:190} INFO - [2025-04-30T05:22:41.378+0000] {dag.py:4180} INFO - Setting next_dagrun for stock_data_collection to 2025-04-29 18:00:00+00:00, run_after=2025-04-30 18:00:00+00:00
[2025-04-30T05:22:41.402+0000] {processor.py:208} INFO - Processing /opt/airflow/dags/stock_data_dag.py took 0.351 seconds
[2025-04-30T05:23:11.490+0000] {processor.py:186} INFO - Started process (PID=294) to work on /opt/airflow/dags/stock_data_dag.py
[2025-04-30T05:23:11.491+0000] {processor.py:914} INFO - Processing file /opt/airflow/dags/stock_data_dag.py for tasks to queue
[2025-04-30T05:23:11.493+0000] {logging_mixin.py:190} INFO - [2025-04-30T05:23:11.492+0000] {dagbag.py:588} INFO - Filling up the DagBag from /opt/airflow/dags/stock_data_dag.py
[2025-04-30T05:23:11.680+0000] {processor.py:925} INFO - DAG(s) 'stock_data_collection' retrieved from /opt/airflow/dags/stock_data_dag.py
[2025-04-30T05:23:11.703+0000] {logging_mixin.py:190} INFO - [2025-04-30T05:23:11.703+0000] {dag.py:3239} INFO - Sync 1 DAGs
[2025-04-30T05:23:11.720+0000] {logging_mixin.py:190} INFO - [2025-04-30T05:23:11.720+0000] {dag.py:4180} INFO - Setting next_dagrun for stock_data_collection to 2025-04-29 18:00:00+00:00, run_after=2025-04-30 18:00:00+00:00
[2025-04-30T05:23:11.734+0000] {processor.py:208} INFO - Processing /opt/airflow/dags/stock_data_dag.py took 0.249 seconds
[2025-04-30T05:23:41.844+0000] {processor.py:186} INFO - Started process (PID=301) to work on /opt/airflow/dags/stock_data_dag.py
[2025-04-30T05:23:41.845+0000] {processor.py:914} INFO - Processing file /opt/airflow/dags/stock_data_dag.py for tasks to queue
[2025-04-30T05:23:41.847+0000] {logging_mixin.py:190} INFO - [2025-04-30T05:23:41.847+0000] {dagbag.py:588} INFO - Filling up the DagBag from /opt/airflow/dags/stock_data_dag.py
[2025-04-30T05:23:42.047+0000] {processor.py:925} INFO - DAG(s) 'stock_data_collection' retrieved from /opt/airflow/dags/stock_data_dag.py
[2025-04-30T05:23:42.071+0000] {logging_mixin.py:190} INFO - [2025-04-30T05:23:42.070+0000] {dag.py:3239} INFO - Sync 1 DAGs
[2025-04-30T05:23:42.094+0000] {logging_mixin.py:190} INFO - [2025-04-30T05:23:42.093+0000] {dag.py:4180} INFO - Setting next_dagrun for stock_data_collection to 2025-04-29 18:00:00+00:00, run_after=2025-04-30 18:00:00+00:00
[2025-04-30T05:23:42.113+0000] {processor.py:208} INFO - Processing /opt/airflow/dags/stock_data_dag.py took 0.273 seconds
[2025-04-30T05:24:12.465+0000] {processor.py:186} INFO - Started process (PID=308) to work on /opt/airflow/dags/stock_data_dag.py
[2025-04-30T05:24:12.466+0000] {processor.py:914} INFO - Processing file /opt/airflow/dags/stock_data_dag.py for tasks to queue
[2025-04-30T05:24:12.467+0000] {logging_mixin.py:190} INFO - [2025-04-30T05:24:12.467+0000] {dagbag.py:588} INFO - Filling up the DagBag from /opt/airflow/dags/stock_data_dag.py
[2025-04-30T05:24:12.654+0000] {processor.py:925} INFO - DAG(s) 'stock_data_collection' retrieved from /opt/airflow/dags/stock_data_dag.py
[2025-04-30T05:24:12.677+0000] {logging_mixin.py:190} INFO - [2025-04-30T05:24:12.676+0000] {dag.py:3239} INFO - Sync 1 DAGs
[2025-04-30T05:24:12.694+0000] {logging_mixin.py:190} INFO - [2025-04-30T05:24:12.694+0000] {dag.py:4180} INFO - Setting next_dagrun for stock_data_collection to 2025-04-29 18:00:00+00:00, run_after=2025-04-30 18:00:00+00:00
[2025-04-30T05:24:12.712+0000] {processor.py:208} INFO - Processing /opt/airflow/dags/stock_data_dag.py took 0.251 seconds
[2025-04-30T05:24:43.057+0000] {processor.py:186} INFO - Started process (PID=315) to work on /opt/airflow/dags/stock_data_dag.py
[2025-04-30T05:24:43.058+0000] {processor.py:914} INFO - Processing file /opt/airflow/dags/stock_data_dag.py for tasks to queue
[2025-04-30T05:24:43.060+0000] {logging_mixin.py:190} INFO - [2025-04-30T05:24:43.060+0000] {dagbag.py:588} INFO - Filling up the DagBag from /opt/airflow/dags/stock_data_dag.py
[2025-04-30T05:24:43.269+0000] {processor.py:925} INFO - DAG(s) 'stock_data_collection' retrieved from /opt/airflow/dags/stock_data_dag.py
[2025-04-30T05:24:43.297+0000] {logging_mixin.py:190} INFO - [2025-04-30T05:24:43.296+0000] {dag.py:3239} INFO - Sync 1 DAGs
[2025-04-30T05:24:43.317+0000] {logging_mixin.py:190} INFO - [2025-04-30T05:24:43.317+0000] {dag.py:4180} INFO - Setting next_dagrun for stock_data_collection to 2025-04-29 18:00:00+00:00, run_after=2025-04-30 18:00:00+00:00
[2025-04-30T05:24:43.333+0000] {processor.py:208} INFO - Processing /opt/airflow/dags/stock_data_dag.py took 0.283 seconds
[2025-04-30T05:25:13.550+0000] {processor.py:186} INFO - Started process (PID=322) to work on /opt/airflow/dags/stock_data_dag.py
[2025-04-30T05:25:13.551+0000] {processor.py:914} INFO - Processing file /opt/airflow/dags/stock_data_dag.py for tasks to queue
[2025-04-30T05:25:13.552+0000] {logging_mixin.py:190} INFO - [2025-04-30T05:25:13.552+0000] {dagbag.py:588} INFO - Filling up the DagBag from /opt/airflow/dags/stock_data_dag.py
[2025-04-30T05:25:13.730+0000] {processor.py:925} INFO - DAG(s) 'stock_data_collection' retrieved from /opt/airflow/dags/stock_data_dag.py
[2025-04-30T05:25:13.752+0000] {logging_mixin.py:190} INFO - [2025-04-30T05:25:13.751+0000] {dag.py:3239} INFO - Sync 1 DAGs
[2025-04-30T05:25:13.767+0000] {logging_mixin.py:190} INFO - [2025-04-30T05:25:13.766+0000] {dag.py:4180} INFO - Setting next_dagrun for stock_data_collection to 2025-04-29 18:00:00+00:00, run_after=2025-04-30 18:00:00+00:00
[2025-04-30T05:25:13.778+0000] {processor.py:208} INFO - Processing /opt/airflow/dags/stock_data_dag.py took 0.233 seconds
[2025-04-30T05:25:44.223+0000] {processor.py:186} INFO - Started process (PID=329) to work on /opt/airflow/dags/stock_data_dag.py
[2025-04-30T05:25:44.224+0000] {processor.py:914} INFO - Processing file /opt/airflow/dags/stock_data_dag.py for tasks to queue
[2025-04-30T05:25:44.225+0000] {logging_mixin.py:190} INFO - [2025-04-30T05:25:44.225+0000] {dagbag.py:588} INFO - Filling up the DagBag from /opt/airflow/dags/stock_data_dag.py
[2025-04-30T05:25:44.393+0000] {processor.py:925} INFO - DAG(s) 'stock_data_collection' retrieved from /opt/airflow/dags/stock_data_dag.py
[2025-04-30T05:25:44.415+0000] {logging_mixin.py:190} INFO - [2025-04-30T05:25:44.415+0000] {dag.py:3239} INFO - Sync 1 DAGs
[2025-04-30T05:25:44.432+0000] {logging_mixin.py:190} INFO - [2025-04-30T05:25:44.432+0000] {dag.py:4180} INFO - Setting next_dagrun for stock_data_collection to 2025-04-29 18:00:00+00:00, run_after=2025-04-30 18:00:00+00:00
[2025-04-30T05:25:44.450+0000] {processor.py:208} INFO - Processing /opt/airflow/dags/stock_data_dag.py took 0.231 seconds
[2025-04-30T05:26:14.661+0000] {processor.py:186} INFO - Started process (PID=336) to work on /opt/airflow/dags/stock_data_dag.py
[2025-04-30T05:26:14.661+0000] {processor.py:914} INFO - Processing file /opt/airflow/dags/stock_data_dag.py for tasks to queue
[2025-04-30T05:26:14.663+0000] {logging_mixin.py:190} INFO - [2025-04-30T05:26:14.662+0000] {dagbag.py:588} INFO - Filling up the DagBag from /opt/airflow/dags/stock_data_dag.py
[2025-04-30T05:26:14.849+0000] {processor.py:925} INFO - DAG(s) 'stock_data_collection' retrieved from /opt/airflow/dags/stock_data_dag.py
[2025-04-30T05:26:14.882+0000] {logging_mixin.py:190} INFO - [2025-04-30T05:26:14.882+0000] {dag.py:3239} INFO - Sync 1 DAGs
[2025-04-30T05:26:14.904+0000] {logging_mixin.py:190} INFO - [2025-04-30T05:26:14.904+0000] {dag.py:4180} INFO - Setting next_dagrun for stock_data_collection to 2025-04-29 18:00:00+00:00, run_after=2025-04-30 18:00:00+00:00
[2025-04-30T05:26:14.919+0000] {processor.py:208} INFO - Processing /opt/airflow/dags/stock_data_dag.py took 0.262 seconds
[2025-04-30T05:26:44.955+0000] {processor.py:186} INFO - Started process (PID=343) to work on /opt/airflow/dags/stock_data_dag.py
[2025-04-30T05:26:44.955+0000] {processor.py:914} INFO - Processing file /opt/airflow/dags/stock_data_dag.py for tasks to queue
[2025-04-30T05:26:44.957+0000] {logging_mixin.py:190} INFO - [2025-04-30T05:26:44.957+0000] {dagbag.py:588} INFO - Filling up the DagBag from /opt/airflow/dags/stock_data_dag.py
[2025-04-30T05:26:45.147+0000] {processor.py:925} INFO - DAG(s) 'stock_data_collection' retrieved from /opt/airflow/dags/stock_data_dag.py
[2025-04-30T05:26:45.172+0000] {logging_mixin.py:190} INFO - [2025-04-30T05:26:45.172+0000] {dag.py:3239} INFO - Sync 1 DAGs
[2025-04-30T05:26:45.191+0000] {logging_mixin.py:190} INFO - [2025-04-30T05:26:45.190+0000] {dag.py:4180} INFO - Setting next_dagrun for stock_data_collection to 2025-04-29 18:00:00+00:00, run_after=2025-04-30 18:00:00+00:00
[2025-04-30T05:26:45.206+0000] {processor.py:208} INFO - Processing /opt/airflow/dags/stock_data_dag.py took 0.256 seconds
[2025-04-30T05:27:15.500+0000] {processor.py:186} INFO - Started process (PID=350) to work on /opt/airflow/dags/stock_data_dag.py
[2025-04-30T05:27:15.501+0000] {processor.py:914} INFO - Processing file /opt/airflow/dags/stock_data_dag.py for tasks to queue
[2025-04-30T05:27:15.502+0000] {logging_mixin.py:190} INFO - [2025-04-30T05:27:15.502+0000] {dagbag.py:588} INFO - Filling up the DagBag from /opt/airflow/dags/stock_data_dag.py
[2025-04-30T05:27:15.682+0000] {processor.py:925} INFO - DAG(s) 'stock_data_collection' retrieved from /opt/airflow/dags/stock_data_dag.py
[2025-04-30T05:27:15.705+0000] {logging_mixin.py:190} INFO - [2025-04-30T05:27:15.704+0000] {dag.py:3239} INFO - Sync 1 DAGs
[2025-04-30T05:27:15.721+0000] {logging_mixin.py:190} INFO - [2025-04-30T05:27:15.721+0000] {dag.py:4180} INFO - Setting next_dagrun for stock_data_collection to 2025-04-29 18:00:00+00:00, run_after=2025-04-30 18:00:00+00:00
[2025-04-30T05:27:15.742+0000] {processor.py:208} INFO - Processing /opt/airflow/dags/stock_data_dag.py took 0.247 seconds
[2025-04-30T05:27:46.052+0000] {processor.py:186} INFO - Started process (PID=357) to work on /opt/airflow/dags/stock_data_dag.py
[2025-04-30T05:27:46.053+0000] {processor.py:914} INFO - Processing file /opt/airflow/dags/stock_data_dag.py for tasks to queue
[2025-04-30T05:27:46.055+0000] {logging_mixin.py:190} INFO - [2025-04-30T05:27:46.055+0000] {dagbag.py:588} INFO - Filling up the DagBag from /opt/airflow/dags/stock_data_dag.py
[2025-04-30T05:27:46.272+0000] {processor.py:925} INFO - DAG(s) 'stock_data_collection' retrieved from /opt/airflow/dags/stock_data_dag.py
[2025-04-30T05:27:46.296+0000] {logging_mixin.py:190} INFO - [2025-04-30T05:27:46.296+0000] {dag.py:3239} INFO - Sync 1 DAGs
[2025-04-30T05:27:46.315+0000] {logging_mixin.py:190} INFO - [2025-04-30T05:27:46.315+0000] {dag.py:4180} INFO - Setting next_dagrun for stock_data_collection to 2025-04-29 18:00:00+00:00, run_after=2025-04-30 18:00:00+00:00
[2025-04-30T05:27:46.328+0000] {processor.py:208} INFO - Processing /opt/airflow/dags/stock_data_dag.py took 0.281 seconds
[2025-04-30T05:28:16.583+0000] {processor.py:186} INFO - Started process (PID=364) to work on /opt/airflow/dags/stock_data_dag.py
[2025-04-30T05:28:16.584+0000] {processor.py:914} INFO - Processing file /opt/airflow/dags/stock_data_dag.py for tasks to queue
[2025-04-30T05:28:16.586+0000] {logging_mixin.py:190} INFO - [2025-04-30T05:28:16.586+0000] {dagbag.py:588} INFO - Filling up the DagBag from /opt/airflow/dags/stock_data_dag.py
[2025-04-30T05:28:16.760+0000] {processor.py:925} INFO - DAG(s) 'stock_data_collection' retrieved from /opt/airflow/dags/stock_data_dag.py
[2025-04-30T05:28:16.783+0000] {logging_mixin.py:190} INFO - [2025-04-30T05:28:16.783+0000] {dag.py:3239} INFO - Sync 1 DAGs
[2025-04-30T05:28:16.801+0000] {logging_mixin.py:190} INFO - [2025-04-30T05:28:16.801+0000] {dag.py:4180} INFO - Setting next_dagrun for stock_data_collection to 2025-04-29 18:00:00+00:00, run_after=2025-04-30 18:00:00+00:00
[2025-04-30T05:28:16.814+0000] {processor.py:208} INFO - Processing /opt/airflow/dags/stock_data_dag.py took 0.235 seconds
[2025-04-30T05:28:46.945+0000] {processor.py:186} INFO - Started process (PID=371) to work on /opt/airflow/dags/stock_data_dag.py
[2025-04-30T05:28:46.946+0000] {processor.py:914} INFO - Processing file /opt/airflow/dags/stock_data_dag.py for tasks to queue
[2025-04-30T05:28:46.947+0000] {logging_mixin.py:190} INFO - [2025-04-30T05:28:46.947+0000] {dagbag.py:588} INFO - Filling up the DagBag from /opt/airflow/dags/stock_data_dag.py
[2025-04-30T05:28:47.126+0000] {processor.py:925} INFO - DAG(s) 'stock_data_collection' retrieved from /opt/airflow/dags/stock_data_dag.py
[2025-04-30T05:28:47.148+0000] {logging_mixin.py:190} INFO - [2025-04-30T05:28:47.148+0000] {dag.py:3239} INFO - Sync 1 DAGs
[2025-04-30T05:28:47.163+0000] {logging_mixin.py:190} INFO - [2025-04-30T05:28:47.163+0000] {dag.py:4180} INFO - Setting next_dagrun for stock_data_collection to 2025-04-29 18:00:00+00:00, run_after=2025-04-30 18:00:00+00:00
[2025-04-30T05:28:47.175+0000] {processor.py:208} INFO - Processing /opt/airflow/dags/stock_data_dag.py took 0.234 seconds
[2025-04-30T05:29:17.469+0000] {processor.py:186} INFO - Started process (PID=378) to work on /opt/airflow/dags/stock_data_dag.py
[2025-04-30T05:29:17.470+0000] {processor.py:914} INFO - Processing file /opt/airflow/dags/stock_data_dag.py for tasks to queue
[2025-04-30T05:29:17.472+0000] {logging_mixin.py:190} INFO - [2025-04-30T05:29:17.471+0000] {dagbag.py:588} INFO - Filling up the DagBag from /opt/airflow/dags/stock_data_dag.py
[2025-04-30T05:29:17.645+0000] {processor.py:925} INFO - DAG(s) 'stock_data_collection' retrieved from /opt/airflow/dags/stock_data_dag.py
[2025-04-30T05:29:17.669+0000] {logging_mixin.py:190} INFO - [2025-04-30T05:29:17.669+0000] {dag.py:3239} INFO - Sync 1 DAGs
[2025-04-30T05:29:17.686+0000] {logging_mixin.py:190} INFO - [2025-04-30T05:29:17.685+0000] {dag.py:4180} INFO - Setting next_dagrun for stock_data_collection to 2025-04-29 18:00:00+00:00, run_after=2025-04-30 18:00:00+00:00
[2025-04-30T05:29:17.698+0000] {processor.py:208} INFO - Processing /opt/airflow/dags/stock_data_dag.py took 0.233 seconds
[2025-04-30T05:29:47.853+0000] {processor.py:186} INFO - Started process (PID=385) to work on /opt/airflow/dags/stock_data_dag.py
[2025-04-30T05:29:47.855+0000] {processor.py:914} INFO - Processing file /opt/airflow/dags/stock_data_dag.py for tasks to queue
[2025-04-30T05:29:47.860+0000] {logging_mixin.py:190} INFO - [2025-04-30T05:29:47.860+0000] {dagbag.py:588} INFO - Filling up the DagBag from /opt/airflow/dags/stock_data_dag.py
[2025-04-30T05:29:48.114+0000] {processor.py:925} INFO - DAG(s) 'stock_data_collection' retrieved from /opt/airflow/dags/stock_data_dag.py
[2025-04-30T05:29:48.140+0000] {logging_mixin.py:190} INFO - [2025-04-30T05:29:48.140+0000] {dag.py:3239} INFO - Sync 1 DAGs
[2025-04-30T05:29:48.163+0000] {logging_mixin.py:190} INFO - [2025-04-30T05:29:48.163+0000] {dag.py:4180} INFO - Setting next_dagrun for stock_data_collection to 2025-04-29 18:00:00+00:00, run_after=2025-04-30 18:00:00+00:00
[2025-04-30T05:29:48.187+0000] {processor.py:208} INFO - Processing /opt/airflow/dags/stock_data_dag.py took 0.340 seconds
[2025-04-30T05:30:18.526+0000] {processor.py:186} INFO - Started process (PID=392) to work on /opt/airflow/dags/stock_data_dag.py
[2025-04-30T05:30:18.526+0000] {processor.py:914} INFO - Processing file /opt/airflow/dags/stock_data_dag.py for tasks to queue
[2025-04-30T05:30:18.528+0000] {logging_mixin.py:190} INFO - [2025-04-30T05:30:18.528+0000] {dagbag.py:588} INFO - Filling up the DagBag from /opt/airflow/dags/stock_data_dag.py
[2025-04-30T05:30:18.583+0000] {processor.py:925} INFO - DAG(s) 'stock_data_collection' retrieved from /opt/airflow/dags/stock_data_dag.py
[2025-04-30T05:30:18.608+0000] {logging_mixin.py:190} INFO - [2025-04-30T05:30:18.608+0000] {dag.py:3239} INFO - Sync 1 DAGs
[2025-04-30T05:30:18.625+0000] {logging_mixin.py:190} INFO - [2025-04-30T05:30:18.624+0000] {dag.py:4180} INFO - Setting next_dagrun for stock_data_collection to 2025-04-29 18:00:00+00:00, run_after=2025-04-30 18:00:00+00:00
[2025-04-30T05:30:18.644+0000] {processor.py:208} INFO - Processing /opt/airflow/dags/stock_data_dag.py took 0.122 seconds
[2025-04-30T05:30:48.849+0000] {processor.py:186} INFO - Started process (PID=399) to work on /opt/airflow/dags/stock_data_dag.py
[2025-04-30T05:30:48.850+0000] {processor.py:914} INFO - Processing file /opt/airflow/dags/stock_data_dag.py for tasks to queue
[2025-04-30T05:30:48.851+0000] {logging_mixin.py:190} INFO - [2025-04-30T05:30:48.851+0000] {dagbag.py:588} INFO - Filling up the DagBag from /opt/airflow/dags/stock_data_dag.py
[2025-04-30T05:30:48.909+0000] {processor.py:925} INFO - DAG(s) 'stock_data_collection' retrieved from /opt/airflow/dags/stock_data_dag.py
[2025-04-30T05:30:48.934+0000] {logging_mixin.py:190} INFO - [2025-04-30T05:30:48.933+0000] {dag.py:3239} INFO - Sync 1 DAGs
[2025-04-30T05:30:48.954+0000] {logging_mixin.py:190} INFO - [2025-04-30T05:30:48.954+0000] {dag.py:4180} INFO - Setting next_dagrun for stock_data_collection to 2025-04-29 18:00:00+00:00, run_after=2025-04-30 18:00:00+00:00
[2025-04-30T05:30:48.977+0000] {processor.py:208} INFO - Processing /opt/airflow/dags/stock_data_dag.py took 0.132 seconds
[2025-04-30T05:31:19.287+0000] {processor.py:186} INFO - Started process (PID=406) to work on /opt/airflow/dags/stock_data_dag.py
[2025-04-30T05:31:19.288+0000] {processor.py:914} INFO - Processing file /opt/airflow/dags/stock_data_dag.py for tasks to queue
[2025-04-30T05:31:19.290+0000] {logging_mixin.py:190} INFO - [2025-04-30T05:31:19.290+0000] {dagbag.py:588} INFO - Filling up the DagBag from /opt/airflow/dags/stock_data_dag.py
[2025-04-30T05:31:19.357+0000] {processor.py:925} INFO - DAG(s) 'stock_data_collection' retrieved from /opt/airflow/dags/stock_data_dag.py
[2025-04-30T05:31:19.384+0000] {logging_mixin.py:190} INFO - [2025-04-30T05:31:19.383+0000] {dag.py:3239} INFO - Sync 1 DAGs
[2025-04-30T05:31:19.403+0000] {logging_mixin.py:190} INFO - [2025-04-30T05:31:19.402+0000] {dag.py:4180} INFO - Setting next_dagrun for stock_data_collection to 2025-04-29 18:00:00+00:00, run_after=2025-04-30 18:00:00+00:00
[2025-04-30T05:31:19.419+0000] {processor.py:208} INFO - Processing /opt/airflow/dags/stock_data_dag.py took 0.136 seconds
[2025-04-30T05:31:49.752+0000] {processor.py:186} INFO - Started process (PID=419) to work on /opt/airflow/dags/stock_data_dag.py
[2025-04-30T05:31:49.752+0000] {processor.py:914} INFO - Processing file /opt/airflow/dags/stock_data_dag.py for tasks to queue
[2025-04-30T05:31:49.754+0000] {logging_mixin.py:190} INFO - [2025-04-30T05:31:49.754+0000] {dagbag.py:588} INFO - Filling up the DagBag from /opt/airflow/dags/stock_data_dag.py
[2025-04-30T05:31:49.816+0000] {processor.py:925} INFO - DAG(s) 'stock_data_collection' retrieved from /opt/airflow/dags/stock_data_dag.py
[2025-04-30T05:31:49.840+0000] {logging_mixin.py:190} INFO - [2025-04-30T05:31:49.840+0000] {dag.py:3239} INFO - Sync 1 DAGs
[2025-04-30T05:31:49.859+0000] {logging_mixin.py:190} INFO - [2025-04-30T05:31:49.859+0000] {dag.py:4180} INFO - Setting next_dagrun for stock_data_collection to 2025-04-29 18:00:00+00:00, run_after=2025-04-30 18:00:00+00:00
[2025-04-30T05:31:49.878+0000] {processor.py:208} INFO - Processing /opt/airflow/dags/stock_data_dag.py took 0.131 seconds
[2025-04-30T05:32:20.124+0000] {processor.py:186} INFO - Started process (PID=426) to work on /opt/airflow/dags/stock_data_dag.py
[2025-04-30T05:32:20.124+0000] {processor.py:914} INFO - Processing file /opt/airflow/dags/stock_data_dag.py for tasks to queue
[2025-04-30T05:32:20.126+0000] {logging_mixin.py:190} INFO - [2025-04-30T05:32:20.126+0000] {dagbag.py:588} INFO - Filling up the DagBag from /opt/airflow/dags/stock_data_dag.py
[2025-04-30T05:32:20.182+0000] {processor.py:925} INFO - DAG(s) 'stock_data_collection' retrieved from /opt/airflow/dags/stock_data_dag.py
[2025-04-30T05:32:20.206+0000] {logging_mixin.py:190} INFO - [2025-04-30T05:32:20.206+0000] {dag.py:3239} INFO - Sync 1 DAGs
[2025-04-30T05:32:20.223+0000] {logging_mixin.py:190} INFO - [2025-04-30T05:32:20.222+0000] {dag.py:4180} INFO - Setting next_dagrun for stock_data_collection to 2025-04-29 18:00:00+00:00, run_after=2025-04-30 18:00:00+00:00
[2025-04-30T05:32:20.236+0000] {processor.py:208} INFO - Processing /opt/airflow/dags/stock_data_dag.py took 0.115 seconds
[2025-04-30T05:32:50.449+0000] {processor.py:186} INFO - Started process (PID=433) to work on /opt/airflow/dags/stock_data_dag.py
[2025-04-30T05:32:50.450+0000] {processor.py:914} INFO - Processing file /opt/airflow/dags/stock_data_dag.py for tasks to queue
[2025-04-30T05:32:50.452+0000] {logging_mixin.py:190} INFO - [2025-04-30T05:32:50.451+0000] {dagbag.py:588} INFO - Filling up the DagBag from /opt/airflow/dags/stock_data_dag.py
[2025-04-30T05:32:50.533+0000] {processor.py:925} INFO - DAG(s) 'stock_data_collection' retrieved from /opt/airflow/dags/stock_data_dag.py
[2025-04-30T05:32:50.562+0000] {logging_mixin.py:190} INFO - [2025-04-30T05:32:50.562+0000] {dag.py:3239} INFO - Sync 1 DAGs
[2025-04-30T05:32:50.583+0000] {logging_mixin.py:190} INFO - [2025-04-30T05:32:50.583+0000] {dag.py:4180} INFO - Setting next_dagrun for stock_data_collection to 2025-04-29 18:00:00+00:00, run_after=2025-04-30 18:00:00+00:00
[2025-04-30T05:32:50.598+0000] {processor.py:208} INFO - Processing /opt/airflow/dags/stock_data_dag.py took 0.154 seconds
[2025-04-30T05:33:20.841+0000] {processor.py:186} INFO - Started process (PID=440) to work on /opt/airflow/dags/stock_data_dag.py
[2025-04-30T05:33:20.842+0000] {processor.py:914} INFO - Processing file /opt/airflow/dags/stock_data_dag.py for tasks to queue
[2025-04-30T05:33:20.844+0000] {logging_mixin.py:190} INFO - [2025-04-30T05:33:20.844+0000] {dagbag.py:588} INFO - Filling up the DagBag from /opt/airflow/dags/stock_data_dag.py
[2025-04-30T05:33:20.907+0000] {processor.py:925} INFO - DAG(s) 'stock_data_collection' retrieved from /opt/airflow/dags/stock_data_dag.py
[2025-04-30T05:33:20.933+0000] {logging_mixin.py:190} INFO - [2025-04-30T05:33:20.933+0000] {dag.py:3239} INFO - Sync 1 DAGs
[2025-04-30T05:33:20.955+0000] {logging_mixin.py:190} INFO - [2025-04-30T05:33:20.954+0000] {dag.py:4180} INFO - Setting next_dagrun for stock_data_collection to 2025-04-29 18:00:00+00:00, run_after=2025-04-30 18:00:00+00:00
[2025-04-30T05:33:20.978+0000] {processor.py:208} INFO - Processing /opt/airflow/dags/stock_data_dag.py took 0.142 seconds
[2025-04-30T05:33:51.266+0000] {processor.py:186} INFO - Started process (PID=447) to work on /opt/airflow/dags/stock_data_dag.py
[2025-04-30T05:33:51.267+0000] {processor.py:914} INFO - Processing file /opt/airflow/dags/stock_data_dag.py for tasks to queue
[2025-04-30T05:33:51.269+0000] {logging_mixin.py:190} INFO - [2025-04-30T05:33:51.268+0000] {dagbag.py:588} INFO - Filling up the DagBag from /opt/airflow/dags/stock_data_dag.py
[2025-04-30T05:33:51.331+0000] {processor.py:925} INFO - DAG(s) 'stock_data_collection' retrieved from /opt/airflow/dags/stock_data_dag.py
[2025-04-30T05:33:51.359+0000] {logging_mixin.py:190} INFO - [2025-04-30T05:33:51.359+0000] {dag.py:3239} INFO - Sync 1 DAGs
[2025-04-30T05:33:51.379+0000] {logging_mixin.py:190} INFO - [2025-04-30T05:33:51.379+0000] {dag.py:4180} INFO - Setting next_dagrun for stock_data_collection to 2025-04-29 18:00:00+00:00, run_after=2025-04-30 18:00:00+00:00
[2025-04-30T05:33:51.396+0000] {processor.py:208} INFO - Processing /opt/airflow/dags/stock_data_dag.py took 0.133 seconds
[2025-04-30T05:34:21.610+0000] {processor.py:186} INFO - Started process (PID=454) to work on /opt/airflow/dags/stock_data_dag.py
[2025-04-30T05:34:21.610+0000] {processor.py:914} INFO - Processing file /opt/airflow/dags/stock_data_dag.py for tasks to queue
[2025-04-30T05:34:21.612+0000] {logging_mixin.py:190} INFO - [2025-04-30T05:34:21.612+0000] {dagbag.py:588} INFO - Filling up the DagBag from /opt/airflow/dags/stock_data_dag.py
[2025-04-30T05:34:21.673+0000] {processor.py:925} INFO - DAG(s) 'stock_data_collection' retrieved from /opt/airflow/dags/stock_data_dag.py
[2025-04-30T05:34:21.697+0000] {logging_mixin.py:190} INFO - [2025-04-30T05:34:21.697+0000] {dag.py:3239} INFO - Sync 1 DAGs
[2025-04-30T05:34:21.716+0000] {logging_mixin.py:190} INFO - [2025-04-30T05:34:21.716+0000] {dag.py:4180} INFO - Setting next_dagrun for stock_data_collection to 2025-04-29 18:00:00+00:00, run_after=2025-04-30 18:00:00+00:00
[2025-04-30T05:34:21.732+0000] {processor.py:208} INFO - Processing /opt/airflow/dags/stock_data_dag.py took 0.126 seconds
[2025-04-30T05:34:51.961+0000] {processor.py:186} INFO - Started process (PID=461) to work on /opt/airflow/dags/stock_data_dag.py
[2025-04-30T05:34:51.962+0000] {processor.py:914} INFO - Processing file /opt/airflow/dags/stock_data_dag.py for tasks to queue
[2025-04-30T05:34:51.964+0000] {logging_mixin.py:190} INFO - [2025-04-30T05:34:51.964+0000] {dagbag.py:588} INFO - Filling up the DagBag from /opt/airflow/dags/stock_data_dag.py
[2025-04-30T05:34:52.026+0000] {processor.py:925} INFO - DAG(s) 'stock_data_collection' retrieved from /opt/airflow/dags/stock_data_dag.py
[2025-04-30T05:34:52.052+0000] {logging_mixin.py:190} INFO - [2025-04-30T05:34:52.052+0000] {dag.py:3239} INFO - Sync 1 DAGs
[2025-04-30T05:34:52.072+0000] {logging_mixin.py:190} INFO - [2025-04-30T05:34:52.072+0000] {dag.py:4180} INFO - Setting next_dagrun for stock_data_collection to 2025-04-29 18:00:00+00:00, run_after=2025-04-30 18:00:00+00:00
[2025-04-30T05:34:52.087+0000] {processor.py:208} INFO - Processing /opt/airflow/dags/stock_data_dag.py took 0.131 seconds
[2025-04-30T05:35:22.273+0000] {processor.py:186} INFO - Started process (PID=468) to work on /opt/airflow/dags/stock_data_dag.py
[2025-04-30T05:35:22.273+0000] {processor.py:914} INFO - Processing file /opt/airflow/dags/stock_data_dag.py for tasks to queue
[2025-04-30T05:35:22.275+0000] {logging_mixin.py:190} INFO - [2025-04-30T05:35:22.275+0000] {dagbag.py:588} INFO - Filling up the DagBag from /opt/airflow/dags/stock_data_dag.py
[2025-04-30T05:35:22.335+0000] {processor.py:925} INFO - DAG(s) 'stock_data_collection' retrieved from /opt/airflow/dags/stock_data_dag.py
[2025-04-30T05:35:22.359+0000] {logging_mixin.py:190} INFO - [2025-04-30T05:35:22.359+0000] {dag.py:3239} INFO - Sync 1 DAGs
[2025-04-30T05:35:22.375+0000] {logging_mixin.py:190} INFO - [2025-04-30T05:35:22.375+0000] {dag.py:4180} INFO - Setting next_dagrun for stock_data_collection to 2025-04-29 18:00:00+00:00, run_after=2025-04-30 18:00:00+00:00
[2025-04-30T05:35:22.396+0000] {processor.py:208} INFO - Processing /opt/airflow/dags/stock_data_dag.py took 0.128 seconds
[2025-04-30T05:35:52.665+0000] {processor.py:186} INFO - Started process (PID=475) to work on /opt/airflow/dags/stock_data_dag.py
[2025-04-30T05:35:52.666+0000] {processor.py:914} INFO - Processing file /opt/airflow/dags/stock_data_dag.py for tasks to queue
[2025-04-30T05:35:52.668+0000] {logging_mixin.py:190} INFO - [2025-04-30T05:35:52.667+0000] {dagbag.py:588} INFO - Filling up the DagBag from /opt/airflow/dags/stock_data_dag.py
[2025-04-30T05:35:52.724+0000] {processor.py:925} INFO - DAG(s) 'stock_data_collection' retrieved from /opt/airflow/dags/stock_data_dag.py
[2025-04-30T05:35:52.746+0000] {logging_mixin.py:190} INFO - [2025-04-30T05:35:52.746+0000] {dag.py:3239} INFO - Sync 1 DAGs
[2025-04-30T05:35:52.763+0000] {logging_mixin.py:190} INFO - [2025-04-30T05:35:52.763+0000] {dag.py:4180} INFO - Setting next_dagrun for stock_data_collection to 2025-04-29 18:00:00+00:00, run_after=2025-04-30 18:00:00+00:00
[2025-04-30T05:35:52.777+0000] {processor.py:208} INFO - Processing /opt/airflow/dags/stock_data_dag.py took 0.115 seconds
[2025-04-30T05:36:22.965+0000] {processor.py:186} INFO - Started process (PID=482) to work on /opt/airflow/dags/stock_data_dag.py
[2025-04-30T05:36:22.966+0000] {processor.py:914} INFO - Processing file /opt/airflow/dags/stock_data_dag.py for tasks to queue
[2025-04-30T05:36:22.968+0000] {logging_mixin.py:190} INFO - [2025-04-30T05:36:22.967+0000] {dagbag.py:588} INFO - Filling up the DagBag from /opt/airflow/dags/stock_data_dag.py
[2025-04-30T05:36:23.031+0000] {processor.py:925} INFO - DAG(s) 'stock_data_collection' retrieved from /opt/airflow/dags/stock_data_dag.py
[2025-04-30T05:36:23.057+0000] {logging_mixin.py:190} INFO - [2025-04-30T05:36:23.056+0000] {dag.py:3239} INFO - Sync 1 DAGs
[2025-04-30T05:36:23.076+0000] {logging_mixin.py:190} INFO - [2025-04-30T05:36:23.076+0000] {dag.py:4180} INFO - Setting next_dagrun for stock_data_collection to 2025-04-29 18:00:00+00:00, run_after=2025-04-30 18:00:00+00:00
[2025-04-30T05:36:23.097+0000] {processor.py:208} INFO - Processing /opt/airflow/dags/stock_data_dag.py took 0.136 seconds
[2025-04-30T05:36:53.307+0000] {processor.py:186} INFO - Started process (PID=489) to work on /opt/airflow/dags/stock_data_dag.py
[2025-04-30T05:36:53.308+0000] {processor.py:914} INFO - Processing file /opt/airflow/dags/stock_data_dag.py for tasks to queue
[2025-04-30T05:36:53.309+0000] {logging_mixin.py:190} INFO - [2025-04-30T05:36:53.309+0000] {dagbag.py:588} INFO - Filling up the DagBag from /opt/airflow/dags/stock_data_dag.py
[2025-04-30T05:36:53.372+0000] {processor.py:925} INFO - DAG(s) 'stock_data_collection' retrieved from /opt/airflow/dags/stock_data_dag.py
[2025-04-30T05:36:53.397+0000] {logging_mixin.py:190} INFO - [2025-04-30T05:36:53.396+0000] {dag.py:3239} INFO - Sync 1 DAGs
[2025-04-30T05:36:53.415+0000] {logging_mixin.py:190} INFO - [2025-04-30T05:36:53.414+0000] {dag.py:4180} INFO - Setting next_dagrun for stock_data_collection to 2025-04-29 18:00:00+00:00, run_after=2025-04-30 18:00:00+00:00
[2025-04-30T05:36:53.428+0000] {processor.py:208} INFO - Processing /opt/airflow/dags/stock_data_dag.py took 0.125 seconds
[2025-04-30T05:37:23.622+0000] {processor.py:186} INFO - Started process (PID=496) to work on /opt/airflow/dags/stock_data_dag.py
[2025-04-30T05:37:23.623+0000] {processor.py:914} INFO - Processing file /opt/airflow/dags/stock_data_dag.py for tasks to queue
[2025-04-30T05:37:23.624+0000] {logging_mixin.py:190} INFO - [2025-04-30T05:37:23.624+0000] {dagbag.py:588} INFO - Filling up the DagBag from /opt/airflow/dags/stock_data_dag.py
[2025-04-30T05:37:23.681+0000] {processor.py:925} INFO - DAG(s) 'stock_data_collection' retrieved from /opt/airflow/dags/stock_data_dag.py
[2025-04-30T05:37:23.705+0000] {logging_mixin.py:190} INFO - [2025-04-30T05:37:23.705+0000] {dag.py:3239} INFO - Sync 1 DAGs
[2025-04-30T05:37:23.722+0000] {logging_mixin.py:190} INFO - [2025-04-30T05:37:23.722+0000] {dag.py:4180} INFO - Setting next_dagrun for stock_data_collection to 2025-04-29 18:00:00+00:00, run_after=2025-04-30 18:00:00+00:00
[2025-04-30T05:37:23.735+0000] {processor.py:208} INFO - Processing /opt/airflow/dags/stock_data_dag.py took 0.117 seconds
[2025-04-30T05:37:53.969+0000] {processor.py:186} INFO - Started process (PID=503) to work on /opt/airflow/dags/stock_data_dag.py
[2025-04-30T05:37:53.970+0000] {processor.py:914} INFO - Processing file /opt/airflow/dags/stock_data_dag.py for tasks to queue
[2025-04-30T05:37:53.972+0000] {logging_mixin.py:190} INFO - [2025-04-30T05:37:53.971+0000] {dagbag.py:588} INFO - Filling up the DagBag from /opt/airflow/dags/stock_data_dag.py
[2025-04-30T05:37:54.040+0000] {processor.py:925} INFO - DAG(s) 'stock_data_collection' retrieved from /opt/airflow/dags/stock_data_dag.py
[2025-04-30T05:37:54.067+0000] {logging_mixin.py:190} INFO - [2025-04-30T05:37:54.067+0000] {dag.py:3239} INFO - Sync 1 DAGs
[2025-04-30T05:37:54.094+0000] {logging_mixin.py:190} INFO - [2025-04-30T05:37:54.094+0000] {dag.py:4180} INFO - Setting next_dagrun for stock_data_collection to 2025-04-29 18:00:00+00:00, run_after=2025-04-30 18:00:00+00:00
[2025-04-30T05:37:54.112+0000] {processor.py:208} INFO - Processing /opt/airflow/dags/stock_data_dag.py took 0.146 seconds
[2025-04-30T05:38:24.302+0000] {processor.py:186} INFO - Started process (PID=510) to work on /opt/airflow/dags/stock_data_dag.py
[2025-04-30T05:38:24.303+0000] {processor.py:914} INFO - Processing file /opt/airflow/dags/stock_data_dag.py for tasks to queue
[2025-04-30T05:38:24.306+0000] {logging_mixin.py:190} INFO - [2025-04-30T05:38:24.305+0000] {dagbag.py:588} INFO - Filling up the DagBag from /opt/airflow/dags/stock_data_dag.py
[2025-04-30T05:38:24.398+0000] {processor.py:925} INFO - DAG(s) 'stock_data_collection' retrieved from /opt/airflow/dags/stock_data_dag.py
[2025-04-30T05:38:24.430+0000] {logging_mixin.py:190} INFO - [2025-04-30T05:38:24.430+0000] {dag.py:3239} INFO - Sync 1 DAGs
[2025-04-30T05:38:24.454+0000] {logging_mixin.py:190} INFO - [2025-04-30T05:38:24.454+0000] {dag.py:4180} INFO - Setting next_dagrun for stock_data_collection to 2025-04-29 18:00:00+00:00, run_after=2025-04-30 18:00:00+00:00
[2025-04-30T05:38:24.470+0000] {processor.py:208} INFO - Processing /opt/airflow/dags/stock_data_dag.py took 0.173 seconds
[2025-04-30T05:38:54.700+0000] {processor.py:186} INFO - Started process (PID=517) to work on /opt/airflow/dags/stock_data_dag.py
[2025-04-30T05:38:54.701+0000] {processor.py:914} INFO - Processing file /opt/airflow/dags/stock_data_dag.py for tasks to queue
[2025-04-30T05:38:54.702+0000] {logging_mixin.py:190} INFO - [2025-04-30T05:38:54.702+0000] {dagbag.py:588} INFO - Filling up the DagBag from /opt/airflow/dags/stock_data_dag.py
[2025-04-30T05:38:54.763+0000] {processor.py:925} INFO - DAG(s) 'stock_data_collection' retrieved from /opt/airflow/dags/stock_data_dag.py
[2025-04-30T05:38:54.787+0000] {logging_mixin.py:190} INFO - [2025-04-30T05:38:54.787+0000] {dag.py:3239} INFO - Sync 1 DAGs
[2025-04-30T05:38:54.805+0000] {logging_mixin.py:190} INFO - [2025-04-30T05:38:54.805+0000] {dag.py:4180} INFO - Setting next_dagrun for stock_data_collection to 2025-04-29 18:00:00+00:00, run_after=2025-04-30 18:00:00+00:00
[2025-04-30T05:38:54.826+0000] {processor.py:208} INFO - Processing /opt/airflow/dags/stock_data_dag.py took 0.130 seconds
[2025-04-30T05:39:25.024+0000] {processor.py:186} INFO - Started process (PID=524) to work on /opt/airflow/dags/stock_data_dag.py
[2025-04-30T05:39:25.025+0000] {processor.py:914} INFO - Processing file /opt/airflow/dags/stock_data_dag.py for tasks to queue
[2025-04-30T05:39:25.027+0000] {logging_mixin.py:190} INFO - [2025-04-30T05:39:25.026+0000] {dagbag.py:588} INFO - Filling up the DagBag from /opt/airflow/dags/stock_data_dag.py
[2025-04-30T05:39:25.104+0000] {processor.py:925} INFO - DAG(s) 'stock_data_collection' retrieved from /opt/airflow/dags/stock_data_dag.py
[2025-04-30T05:39:25.136+0000] {logging_mixin.py:190} INFO - [2025-04-30T05:39:25.136+0000] {dag.py:3239} INFO - Sync 1 DAGs
[2025-04-30T05:39:25.155+0000] {logging_mixin.py:190} INFO - [2025-04-30T05:39:25.155+0000] {dag.py:4180} INFO - Setting next_dagrun for stock_data_collection to 2025-04-29 18:00:00+00:00, run_after=2025-04-30 18:00:00+00:00
[2025-04-30T05:39:25.171+0000] {processor.py:208} INFO - Processing /opt/airflow/dags/stock_data_dag.py took 0.152 seconds
[2025-04-30T05:39:55.373+0000] {processor.py:186} INFO - Started process (PID=531) to work on /opt/airflow/dags/stock_data_dag.py
[2025-04-30T05:39:55.374+0000] {processor.py:914} INFO - Processing file /opt/airflow/dags/stock_data_dag.py for tasks to queue
[2025-04-30T05:39:55.377+0000] {logging_mixin.py:190} INFO - [2025-04-30T05:39:55.376+0000] {dagbag.py:588} INFO - Filling up the DagBag from /opt/airflow/dags/stock_data_dag.py
[2025-04-30T05:39:55.448+0000] {processor.py:925} INFO - DAG(s) 'stock_data_collection' retrieved from /opt/airflow/dags/stock_data_dag.py
[2025-04-30T05:39:55.475+0000] {logging_mixin.py:190} INFO - [2025-04-30T05:39:55.475+0000] {dag.py:3239} INFO - Sync 1 DAGs
[2025-04-30T05:39:55.497+0000] {logging_mixin.py:190} INFO - [2025-04-30T05:39:55.497+0000] {dag.py:4180} INFO - Setting next_dagrun for stock_data_collection to 2025-04-29 18:00:00+00:00, run_after=2025-04-30 18:00:00+00:00
[2025-04-30T05:39:55.514+0000] {processor.py:208} INFO - Processing /opt/airflow/dags/stock_data_dag.py took 0.145 seconds
[2025-04-30T05:40:25.772+0000] {processor.py:186} INFO - Started process (PID=538) to work on /opt/airflow/dags/stock_data_dag.py
[2025-04-30T05:40:25.774+0000] {processor.py:914} INFO - Processing file /opt/airflow/dags/stock_data_dag.py for tasks to queue
[2025-04-30T05:40:25.777+0000] {logging_mixin.py:190} INFO - [2025-04-30T05:40:25.777+0000] {dagbag.py:588} INFO - Filling up the DagBag from /opt/airflow/dags/stock_data_dag.py
[2025-04-30T05:40:25.916+0000] {processor.py:925} INFO - DAG(s) 'stock_data_collection' retrieved from /opt/airflow/dags/stock_data_dag.py
[2025-04-30T05:40:25.971+0000] {logging_mixin.py:190} INFO - [2025-04-30T05:40:25.971+0000] {dag.py:3239} INFO - Sync 1 DAGs
[2025-04-30T05:40:26.018+0000] {logging_mixin.py:190} INFO - [2025-04-30T05:40:26.018+0000] {dag.py:4180} INFO - Setting next_dagrun for stock_data_collection to 2025-04-29 18:00:00+00:00, run_after=2025-04-30 18:00:00+00:00
[2025-04-30T05:40:26.044+0000] {processor.py:208} INFO - Processing /opt/airflow/dags/stock_data_dag.py took 0.282 seconds
[2025-04-30T05:40:56.318+0000] {processor.py:186} INFO - Started process (PID=545) to work on /opt/airflow/dags/stock_data_dag.py
[2025-04-30T05:40:56.318+0000] {processor.py:914} INFO - Processing file /opt/airflow/dags/stock_data_dag.py for tasks to queue
[2025-04-30T05:40:56.320+0000] {logging_mixin.py:190} INFO - [2025-04-30T05:40:56.320+0000] {dagbag.py:588} INFO - Filling up the DagBag from /opt/airflow/dags/stock_data_dag.py
[2025-04-30T05:40:56.377+0000] {processor.py:925} INFO - DAG(s) 'stock_data_collection' retrieved from /opt/airflow/dags/stock_data_dag.py
[2025-04-30T05:40:56.401+0000] {logging_mixin.py:190} INFO - [2025-04-30T05:40:56.401+0000] {dag.py:3239} INFO - Sync 1 DAGs
[2025-04-30T05:40:56.420+0000] {logging_mixin.py:190} INFO - [2025-04-30T05:40:56.420+0000] {dag.py:4180} INFO - Setting next_dagrun for stock_data_collection to 2025-04-29 18:00:00+00:00, run_after=2025-04-30 18:00:00+00:00
[2025-04-30T05:40:56.436+0000] {processor.py:208} INFO - Processing /opt/airflow/dags/stock_data_dag.py took 0.122 seconds
[2025-04-30T05:41:26.645+0000] {processor.py:186} INFO - Started process (PID=552) to work on /opt/airflow/dags/stock_data_dag.py
[2025-04-30T05:41:26.645+0000] {processor.py:914} INFO - Processing file /opt/airflow/dags/stock_data_dag.py for tasks to queue
[2025-04-30T05:41:26.647+0000] {logging_mixin.py:190} INFO - [2025-04-30T05:41:26.647+0000] {dagbag.py:588} INFO - Filling up the DagBag from /opt/airflow/dags/stock_data_dag.py
[2025-04-30T05:41:26.703+0000] {processor.py:925} INFO - DAG(s) 'stock_data_collection' retrieved from /opt/airflow/dags/stock_data_dag.py
[2025-04-30T05:41:26.727+0000] {logging_mixin.py:190} INFO - [2025-04-30T05:41:26.726+0000] {dag.py:3239} INFO - Sync 1 DAGs
[2025-04-30T05:41:26.744+0000] {logging_mixin.py:190} INFO - [2025-04-30T05:41:26.744+0000] {dag.py:4180} INFO - Setting next_dagrun for stock_data_collection to 2025-04-29 18:00:00+00:00, run_after=2025-04-30 18:00:00+00:00
[2025-04-30T05:41:26.759+0000] {processor.py:208} INFO - Processing /opt/airflow/dags/stock_data_dag.py took 0.118 seconds
[2025-04-30T05:41:56.914+0000] {processor.py:186} INFO - Started process (PID=559) to work on /opt/airflow/dags/stock_data_dag.py
[2025-04-30T05:41:56.915+0000] {processor.py:914} INFO - Processing file /opt/airflow/dags/stock_data_dag.py for tasks to queue
[2025-04-30T05:41:56.916+0000] {logging_mixin.py:190} INFO - [2025-04-30T05:41:56.916+0000] {dagbag.py:588} INFO - Filling up the DagBag from /opt/airflow/dags/stock_data_dag.py
[2025-04-30T05:41:56.972+0000] {processor.py:925} INFO - DAG(s) 'stock_data_collection' retrieved from /opt/airflow/dags/stock_data_dag.py
[2025-04-30T05:41:56.995+0000] {logging_mixin.py:190} INFO - [2025-04-30T05:41:56.995+0000] {dag.py:3239} INFO - Sync 1 DAGs
[2025-04-30T05:41:57.012+0000] {logging_mixin.py:190} INFO - [2025-04-30T05:41:57.012+0000] {dag.py:4180} INFO - Setting next_dagrun for stock_data_collection to 2025-04-29 18:00:00+00:00, run_after=2025-04-30 18:00:00+00:00
[2025-04-30T05:41:57.027+0000] {processor.py:208} INFO - Processing /opt/airflow/dags/stock_data_dag.py took 0.116 seconds
[2025-04-30T05:42:27.235+0000] {processor.py:186} INFO - Started process (PID=566) to work on /opt/airflow/dags/stock_data_dag.py
[2025-04-30T05:42:27.235+0000] {processor.py:914} INFO - Processing file /opt/airflow/dags/stock_data_dag.py for tasks to queue
[2025-04-30T05:42:27.237+0000] {logging_mixin.py:190} INFO - [2025-04-30T05:42:27.236+0000] {dagbag.py:588} INFO - Filling up the DagBag from /opt/airflow/dags/stock_data_dag.py
[2025-04-30T05:42:27.306+0000] {processor.py:925} INFO - DAG(s) 'stock_data_collection' retrieved from /opt/airflow/dags/stock_data_dag.py
[2025-04-30T05:42:27.332+0000] {logging_mixin.py:190} INFO - [2025-04-30T05:42:27.331+0000] {dag.py:3239} INFO - Sync 1 DAGs
[2025-04-30T05:42:27.351+0000] {logging_mixin.py:190} INFO - [2025-04-30T05:42:27.351+0000] {dag.py:4180} INFO - Setting next_dagrun for stock_data_collection to 2025-04-29 18:00:00+00:00, run_after=2025-04-30 18:00:00+00:00
[2025-04-30T05:42:27.371+0000] {processor.py:208} INFO - Processing /opt/airflow/dags/stock_data_dag.py took 0.141 seconds
[2025-04-30T05:42:57.961+0000] {processor.py:186} INFO - Started process (PID=579) to work on /opt/airflow/dags/stock_data_dag.py
[2025-04-30T05:42:57.962+0000] {processor.py:914} INFO - Processing file /opt/airflow/dags/stock_data_dag.py for tasks to queue
[2025-04-30T05:42:57.964+0000] {logging_mixin.py:190} INFO - [2025-04-30T05:42:57.964+0000] {dagbag.py:588} INFO - Filling up the DagBag from /opt/airflow/dags/stock_data_dag.py
[2025-04-30T05:42:58.030+0000] {processor.py:925} INFO - DAG(s) 'stock_data_collection' retrieved from /opt/airflow/dags/stock_data_dag.py
[2025-04-30T05:42:58.059+0000] {logging_mixin.py:190} INFO - [2025-04-30T05:42:58.059+0000] {dag.py:3239} INFO - Sync 1 DAGs
[2025-04-30T05:42:58.079+0000] {logging_mixin.py:190} INFO - [2025-04-30T05:42:58.078+0000] {dag.py:4180} INFO - Setting next_dagrun for stock_data_collection to 2025-04-29 18:00:00+00:00, run_after=2025-04-30 18:00:00+00:00
[2025-04-30T05:42:58.094+0000] {processor.py:208} INFO - Processing /opt/airflow/dags/stock_data_dag.py took 0.137 seconds
[2025-04-30T05:43:28.840+0000] {processor.py:186} INFO - Started process (PID=586) to work on /opt/airflow/dags/stock_data_dag.py
[2025-04-30T05:43:28.840+0000] {processor.py:914} INFO - Processing file /opt/airflow/dags/stock_data_dag.py for tasks to queue
[2025-04-30T05:43:28.842+0000] {logging_mixin.py:190} INFO - [2025-04-30T05:43:28.842+0000] {dagbag.py:588} INFO - Filling up the DagBag from /opt/airflow/dags/stock_data_dag.py
[2025-04-30T05:43:28.914+0000] {processor.py:925} INFO - DAG(s) 'stock_data_collection' retrieved from /opt/airflow/dags/stock_data_dag.py
[2025-04-30T05:43:28.945+0000] {logging_mixin.py:190} INFO - [2025-04-30T05:43:28.945+0000] {dag.py:3239} INFO - Sync 1 DAGs
[2025-04-30T05:43:28.966+0000] {logging_mixin.py:190} INFO - [2025-04-30T05:43:28.966+0000] {dag.py:4180} INFO - Setting next_dagrun for stock_data_collection to 2025-04-29 18:00:00+00:00, run_after=2025-04-30 18:00:00+00:00
[2025-04-30T05:43:28.989+0000] {processor.py:208} INFO - Processing /opt/airflow/dags/stock_data_dag.py took 0.154 seconds
[2025-04-30T05:43:59.138+0000] {processor.py:186} INFO - Started process (PID=593) to work on /opt/airflow/dags/stock_data_dag.py
[2025-04-30T05:43:59.139+0000] {processor.py:914} INFO - Processing file /opt/airflow/dags/stock_data_dag.py for tasks to queue
[2025-04-30T05:43:59.140+0000] {logging_mixin.py:190} INFO - [2025-04-30T05:43:59.140+0000] {dagbag.py:588} INFO - Filling up the DagBag from /opt/airflow/dags/stock_data_dag.py
[2025-04-30T05:43:59.233+0000] {processor.py:925} INFO - DAG(s) 'stock_data_collection' retrieved from /opt/airflow/dags/stock_data_dag.py
[2025-04-30T05:43:59.263+0000] {logging_mixin.py:190} INFO - [2025-04-30T05:43:59.263+0000] {dag.py:3239} INFO - Sync 1 DAGs
[2025-04-30T05:43:59.289+0000] {logging_mixin.py:190} INFO - [2025-04-30T05:43:59.289+0000] {dag.py:4180} INFO - Setting next_dagrun for stock_data_collection to 2025-04-29 18:00:00+00:00, run_after=2025-04-30 18:00:00+00:00
[2025-04-30T05:43:59.313+0000] {processor.py:208} INFO - Processing /opt/airflow/dags/stock_data_dag.py took 0.180 seconds
