[2025-04-29T20:51:14.985+0000] {local_task_job_runner.py:123} INFO - ::group::Pre task execution logs
[2025-04-29T20:51:14.997+0000] {taskinstance.py:2613} INFO - Dependencies all met for dep_context=non-requeueable deps ti=<TaskInstance: portfolio_news_pipeline.backfill_historical_news manual__2025-04-29T20:51:12.528007+00:00 [queued]>
[2025-04-29T20:51:15.002+0000] {taskinstance.py:2613} INFO - Dependencies all met for dep_context=requeueable deps ti=<TaskInstance: portfolio_news_pipeline.backfill_historical_news manual__2025-04-29T20:51:12.528007+00:00 [queued]>
[2025-04-29T20:51:15.003+0000] {taskinstance.py:2866} INFO - Starting attempt 1 of 2
[2025-04-29T20:51:15.011+0000] {taskinstance.py:2889} INFO - Executing <Task(_PythonDecoratedOperator): backfill_historical_news> on 2025-04-29 20:51:12.528007+00:00
[2025-04-29T20:51:15.014+0000] {warnings.py:112} WARNING - /home/***/.local/lib/python3.12/site-packages/***/task/task_runner/standard_task_runner.py:70: DeprecationWarning: This process (pid=100) is multi-threaded, use of fork() may lead to deadlocks in the child.
  pid = os.fork()

[2025-04-29T20:51:15.015+0000] {standard_task_runner.py:72} INFO - Started process 103 to run task
[2025-04-29T20:51:15.016+0000] {standard_task_runner.py:104} INFO - Running: ['***', 'tasks', 'run', 'portfolio_news_pipeline', 'backfill_historical_news', 'manual__2025-04-29T20:51:12.528007+00:00', '--job-id', '22', '--raw', '--subdir', 'DAGS_FOLDER/news_pipeline.py', '--cfg-path', '/tmp/tmp2nr95tbu']
[2025-04-29T20:51:15.016+0000] {standard_task_runner.py:105} INFO - Job 22: Subtask backfill_historical_news
[2025-04-29T20:51:15.047+0000] {task_command.py:467} INFO - Running <TaskInstance: portfolio_news_pipeline.backfill_historical_news manual__2025-04-29T20:51:12.528007+00:00 [running]> on host 67118760a44b
[2025-04-29T20:51:15.125+0000] {taskinstance.py:3132} INFO - Exporting env vars: AIRFLOW_CTX_DAG_OWNER='***' AIRFLOW_CTX_DAG_ID='portfolio_news_pipeline' AIRFLOW_CTX_TASK_ID='backfill_historical_news' AIRFLOW_CTX_EXECUTION_DATE='2025-04-29T20:51:12.528007+00:00' AIRFLOW_CTX_TRY_NUMBER='1' AIRFLOW_CTX_DAG_RUN_ID='manual__2025-04-29T20:51:12.528007+00:00'
[2025-04-29T20:51:15.126+0000] {taskinstance.py:731} INFO - ::endgroup::
[2025-04-29T20:51:15.128+0000] {news_api_client.py:19} INFO - NewsAPI client initialized successfully
[2025-04-29T20:51:15.135+0000] {mongodb_client.py:26} INFO - Connected to MongoDB successfully
[2025-04-29T20:51:15.135+0000] {backfill_historical_news.py:28} INFO - Backfilling news for Apple for week 2025-04-29 00:00:00
[2025-04-29T20:51:15.136+0000] {news_api_client.py:37} INFO - Fetching news for Apple from 2025-04-29 00:00:00 to 2025-05-06 00:00:00
[2025-04-29T20:51:16.095+0000] {news_api_client.py:47} INFO - Retrieved 0 articles for Apple
[2025-04-29T20:51:16.096+0000] {backfill_historical_news.py:38} WARNING - No articles found for Apple for week 2025-04-29 00:00:00
[2025-04-29T20:51:16.097+0000] {backfill_historical_news.py:28} INFO - Backfilling news for Apple for week 2025-03-25 00:00:00
[2025-04-29T20:51:16.097+0000] {news_api_client.py:37} INFO - Fetching news for Apple from 2025-03-25 00:00:00 to 2025-04-01 00:00:00
[2025-04-29T20:51:17.037+0000] {news_api_client.py:50} ERROR - Error fetching news for Apple: {'status': 'error', 'code': 'parameterInvalid', 'message': 'You are trying to request results too far in the past. Your plan permits you to request articles as far back as 2025-03-28, but you have requested 2025-03-25. You may need to upgrade to a paid plan.'}
[2025-04-29T20:51:17.038+0000] {backfill_historical_news.py:38} WARNING - No articles found for Apple for week 2025-03-25 00:00:00
[2025-04-29T20:51:17.038+0000] {backfill_historical_news.py:28} INFO - Backfilling news for Apple for week 2025-03-18 00:00:00
[2025-04-29T20:51:17.039+0000] {news_api_client.py:37} INFO - Fetching news for Apple from 2025-03-18 00:00:00 to 2025-03-25 00:00:00
[2025-04-29T20:51:17.297+0000] {news_api_client.py:50} ERROR - Error fetching news for Apple: {'status': 'error', 'code': 'parameterInvalid', 'message': 'You are trying to request results too far in the past. Your plan permits you to request articles as far back as 2025-03-28, but you have requested 2025-03-18. You may need to upgrade to a paid plan.'}
[2025-04-29T20:51:17.298+0000] {backfill_historical_news.py:38} WARNING - No articles found for Apple for week 2025-03-18 00:00:00
[2025-04-29T20:51:17.298+0000] {backfill_historical_news.py:28} INFO - Backfilling news for Apple for week 2025-03-11 00:00:00
[2025-04-29T20:51:17.298+0000] {news_api_client.py:37} INFO - Fetching news for Apple from 2025-03-11 00:00:00 to 2025-03-18 00:00:00
[2025-04-29T20:51:17.551+0000] {news_api_client.py:50} ERROR - Error fetching news for Apple: {'status': 'error', 'code': 'parameterInvalid', 'message': 'You are trying to request results too far in the past. Your plan permits you to request articles as far back as 2025-03-28, but you have requested 2025-03-11. You may need to upgrade to a paid plan.'}
[2025-04-29T20:51:17.552+0000] {backfill_historical_news.py:38} WARNING - No articles found for Apple for week 2025-03-11 00:00:00
[2025-04-29T20:51:17.552+0000] {backfill_historical_news.py:28} INFO - Backfilling news for Apple for week 2025-03-04 00:00:00
[2025-04-29T20:51:17.553+0000] {news_api_client.py:37} INFO - Fetching news for Apple from 2025-03-04 00:00:00 to 2025-03-11 00:00:00
[2025-04-29T20:51:18.472+0000] {news_api_client.py:50} ERROR - Error fetching news for Apple: {'status': 'error', 'code': 'parameterInvalid', 'message': 'You are trying to request results too far in the past. Your plan permits you to request articles as far back as 2025-03-28, but you have requested 2025-03-04. You may need to upgrade to a paid plan.'}
[2025-04-29T20:51:18.473+0000] {backfill_historical_news.py:38} WARNING - No articles found for Apple for week 2025-03-04 00:00:00
[2025-04-29T20:51:18.473+0000] {backfill_historical_news.py:28} INFO - Backfilling news for Apple for week 2025-02-25 00:00:00
[2025-04-29T20:51:18.473+0000] {news_api_client.py:37} INFO - Fetching news for Apple from 2025-02-25 00:00:00 to 2025-03-04 00:00:00
[2025-04-29T20:51:18.736+0000] {news_api_client.py:50} ERROR - Error fetching news for Apple: {'status': 'error', 'code': 'parameterInvalid', 'message': 'You are trying to request results too far in the past. Your plan permits you to request articles as far back as 2025-03-28, but you have requested 2025-02-25. You may need to upgrade to a paid plan.'}
[2025-04-29T20:51:18.738+0000] {backfill_historical_news.py:38} WARNING - No articles found for Apple for week 2025-02-25 00:00:00
[2025-04-29T20:51:18.739+0000] {backfill_historical_news.py:28} INFO - Backfilling news for Apple for week 2025-02-18 00:00:00
[2025-04-29T20:51:18.739+0000] {news_api_client.py:37} INFO - Fetching news for Apple from 2025-02-18 00:00:00 to 2025-02-25 00:00:00
[2025-04-29T20:51:19.009+0000] {news_api_client.py:50} ERROR - Error fetching news for Apple: {'status': 'error', 'code': 'parameterInvalid', 'message': 'You are trying to request results too far in the past. Your plan permits you to request articles as far back as 2025-03-28, but you have requested 2025-02-18. You may need to upgrade to a paid plan.'}
[2025-04-29T20:51:19.010+0000] {backfill_historical_news.py:38} WARNING - No articles found for Apple for week 2025-02-18 00:00:00
[2025-04-29T20:51:19.010+0000] {backfill_historical_news.py:28} INFO - Backfilling news for Apple for week 2025-02-11 00:00:00
[2025-04-29T20:51:19.011+0000] {news_api_client.py:37} INFO - Fetching news for Apple from 2025-02-11 00:00:00 to 2025-02-18 00:00:00
[2025-04-29T20:51:19.277+0000] {news_api_client.py:50} ERROR - Error fetching news for Apple: {'status': 'error', 'code': 'parameterInvalid', 'message': 'You are trying to request results too far in the past. Your plan permits you to request articles as far back as 2025-03-28, but you have requested 2025-02-11. You may need to upgrade to a paid plan.'}
[2025-04-29T20:51:19.278+0000] {backfill_historical_news.py:38} WARNING - No articles found for Apple for week 2025-02-11 00:00:00
[2025-04-29T20:51:19.278+0000] {backfill_historical_news.py:28} INFO - Backfilling news for Microsoft for week 2025-04-29 00:00:00
[2025-04-29T20:51:19.278+0000] {news_api_client.py:37} INFO - Fetching news for Microsoft from 2025-04-29 00:00:00 to 2025-05-06 00:00:00
[2025-04-29T20:51:19.560+0000] {news_api_client.py:47} INFO - Retrieved 0 articles for Microsoft
[2025-04-29T20:51:19.560+0000] {backfill_historical_news.py:38} WARNING - No articles found for Microsoft for week 2025-04-29 00:00:00
[2025-04-29T20:51:19.560+0000] {backfill_historical_news.py:28} INFO - Backfilling news for Microsoft for week 2025-03-25 00:00:00
[2025-04-29T20:51:19.561+0000] {news_api_client.py:37} INFO - Fetching news for Microsoft from 2025-03-25 00:00:00 to 2025-04-01 00:00:00
[2025-04-29T20:51:19.830+0000] {news_api_client.py:50} ERROR - Error fetching news for Microsoft: {'status': 'error', 'code': 'parameterInvalid', 'message': 'You are trying to request results too far in the past. Your plan permits you to request articles as far back as 2025-03-28, but you have requested 2025-03-25. You may need to upgrade to a paid plan.'}
[2025-04-29T20:51:19.830+0000] {backfill_historical_news.py:38} WARNING - No articles found for Microsoft for week 2025-03-25 00:00:00
[2025-04-29T20:51:19.831+0000] {backfill_historical_news.py:28} INFO - Backfilling news for Microsoft for week 2025-03-18 00:00:00
[2025-04-29T20:51:19.831+0000] {news_api_client.py:37} INFO - Fetching news for Microsoft from 2025-03-18 00:00:00 to 2025-03-25 00:00:00
[2025-04-29T20:51:20.734+0000] {news_api_client.py:50} ERROR - Error fetching news for Microsoft: {'status': 'error', 'code': 'parameterInvalid', 'message': 'You are trying to request results too far in the past. Your plan permits you to request articles as far back as 2025-03-28, but you have requested 2025-03-18. You may need to upgrade to a paid plan.'}
[2025-04-29T20:51:20.734+0000] {backfill_historical_news.py:38} WARNING - No articles found for Microsoft for week 2025-03-18 00:00:00
[2025-04-29T20:51:20.735+0000] {backfill_historical_news.py:28} INFO - Backfilling news for Microsoft for week 2025-03-11 00:00:00
[2025-04-29T20:51:20.735+0000] {news_api_client.py:37} INFO - Fetching news for Microsoft from 2025-03-11 00:00:00 to 2025-03-18 00:00:00
[2025-04-29T20:51:21.006+0000] {news_api_client.py:50} ERROR - Error fetching news for Microsoft: {'status': 'error', 'code': 'parameterInvalid', 'message': 'You are trying to request results too far in the past. Your plan permits you to request articles as far back as 2025-03-28, but you have requested 2025-03-11. You may need to upgrade to a paid plan.'}
[2025-04-29T20:51:21.007+0000] {backfill_historical_news.py:38} WARNING - No articles found for Microsoft for week 2025-03-11 00:00:00
[2025-04-29T20:51:21.007+0000] {backfill_historical_news.py:28} INFO - Backfilling news for Microsoft for week 2025-03-04 00:00:00
[2025-04-29T20:51:21.007+0000] {news_api_client.py:37} INFO - Fetching news for Microsoft from 2025-03-04 00:00:00 to 2025-03-11 00:00:00
[2025-04-29T20:51:21.304+0000] {news_api_client.py:50} ERROR - Error fetching news for Microsoft: {'status': 'error', 'code': 'parameterInvalid', 'message': 'You are trying to request results too far in the past. Your plan permits you to request articles as far back as 2025-03-28, but you have requested 2025-03-04. You may need to upgrade to a paid plan.'}
[2025-04-29T20:51:21.306+0000] {backfill_historical_news.py:38} WARNING - No articles found for Microsoft for week 2025-03-04 00:00:00
[2025-04-29T20:51:21.306+0000] {backfill_historical_news.py:28} INFO - Backfilling news for Microsoft for week 2025-02-25 00:00:00
[2025-04-29T20:51:21.307+0000] {news_api_client.py:37} INFO - Fetching news for Microsoft from 2025-02-25 00:00:00 to 2025-03-04 00:00:00
[2025-04-29T20:51:21.608+0000] {news_api_client.py:50} ERROR - Error fetching news for Microsoft: {'status': 'error', 'code': 'parameterInvalid', 'message': 'You are trying to request results too far in the past. Your plan permits you to request articles as far back as 2025-03-28, but you have requested 2025-02-25. You may need to upgrade to a paid plan.'}
[2025-04-29T20:51:21.609+0000] {backfill_historical_news.py:38} WARNING - No articles found for Microsoft for week 2025-02-25 00:00:00
[2025-04-29T20:51:21.610+0000] {backfill_historical_news.py:28} INFO - Backfilling news for Microsoft for week 2025-02-18 00:00:00
[2025-04-29T20:51:21.610+0000] {news_api_client.py:37} INFO - Fetching news for Microsoft from 2025-02-18 00:00:00 to 2025-02-25 00:00:00
[2025-04-29T20:51:21.875+0000] {news_api_client.py:50} ERROR - Error fetching news for Microsoft: {'status': 'error', 'code': 'parameterInvalid', 'message': 'You are trying to request results too far in the past. Your plan permits you to request articles as far back as 2025-03-28, but you have requested 2025-02-18. You may need to upgrade to a paid plan.'}
[2025-04-29T20:51:21.875+0000] {backfill_historical_news.py:38} WARNING - No articles found for Microsoft for week 2025-02-18 00:00:00
[2025-04-29T20:51:21.876+0000] {backfill_historical_news.py:28} INFO - Backfilling news for Microsoft for week 2025-02-11 00:00:00
[2025-04-29T20:51:21.876+0000] {news_api_client.py:37} INFO - Fetching news for Microsoft from 2025-02-11 00:00:00 to 2025-02-18 00:00:00
[2025-04-29T20:51:22.204+0000] {news_api_client.py:50} ERROR - Error fetching news for Microsoft: {'status': 'error', 'code': 'parameterInvalid', 'message': 'You are trying to request results too far in the past. Your plan permits you to request articles as far back as 2025-03-28, but you have requested 2025-02-11. You may need to upgrade to a paid plan.'}
[2025-04-29T20:51:22.206+0000] {backfill_historical_news.py:38} WARNING - No articles found for Microsoft for week 2025-02-11 00:00:00
[2025-04-29T20:51:22.207+0000] {backfill_historical_news.py:28} INFO - Backfilling news for Alphabet for week 2025-04-29 00:00:00
[2025-04-29T20:51:22.208+0000] {news_api_client.py:37} INFO - Fetching news for Alphabet from 2025-04-29 00:00:00 to 2025-05-06 00:00:00
[2025-04-29T20:51:22.477+0000] {news_api_client.py:47} INFO - Retrieved 0 articles for Alphabet
[2025-04-29T20:51:22.478+0000] {backfill_historical_news.py:38} WARNING - No articles found for Alphabet for week 2025-04-29 00:00:00
[2025-04-29T20:51:22.478+0000] {backfill_historical_news.py:28} INFO - Backfilling news for Alphabet for week 2025-03-25 00:00:00
[2025-04-29T20:51:22.479+0000] {news_api_client.py:37} INFO - Fetching news for Alphabet from 2025-03-25 00:00:00 to 2025-04-01 00:00:00
[2025-04-29T20:51:22.805+0000] {news_api_client.py:50} ERROR - Error fetching news for Alphabet: {'status': 'error', 'code': 'parameterInvalid', 'message': 'You are trying to request results too far in the past. Your plan permits you to request articles as far back as 2025-03-28, but you have requested 2025-03-25. You may need to upgrade to a paid plan.'}
[2025-04-29T20:51:22.806+0000] {backfill_historical_news.py:38} WARNING - No articles found for Alphabet for week 2025-03-25 00:00:00
[2025-04-29T20:51:22.806+0000] {backfill_historical_news.py:28} INFO - Backfilling news for Alphabet for week 2025-03-18 00:00:00
[2025-04-29T20:51:22.807+0000] {news_api_client.py:37} INFO - Fetching news for Alphabet from 2025-03-18 00:00:00 to 2025-03-25 00:00:00
[2025-04-29T20:51:23.064+0000] {news_api_client.py:50} ERROR - Error fetching news for Alphabet: {'status': 'error', 'code': 'parameterInvalid', 'message': 'You are trying to request results too far in the past. Your plan permits you to request articles as far back as 2025-03-28, but you have requested 2025-03-18. You may need to upgrade to a paid plan.'}
[2025-04-29T20:51:23.065+0000] {backfill_historical_news.py:38} WARNING - No articles found for Alphabet for week 2025-03-18 00:00:00
[2025-04-29T20:51:23.065+0000] {backfill_historical_news.py:28} INFO - Backfilling news for Alphabet for week 2025-03-11 00:00:00
[2025-04-29T20:51:23.066+0000] {news_api_client.py:37} INFO - Fetching news for Alphabet from 2025-03-11 00:00:00 to 2025-03-18 00:00:00
[2025-04-29T20:51:23.392+0000] {news_api_client.py:50} ERROR - Error fetching news for Alphabet: {'status': 'error', 'code': 'parameterInvalid', 'message': 'You are trying to request results too far in the past. Your plan permits you to request articles as far back as 2025-03-28, but you have requested 2025-03-11. You may need to upgrade to a paid plan.'}
[2025-04-29T20:51:23.393+0000] {backfill_historical_news.py:38} WARNING - No articles found for Alphabet for week 2025-03-11 00:00:00
[2025-04-29T20:51:23.393+0000] {backfill_historical_news.py:28} INFO - Backfilling news for Alphabet for week 2025-03-04 00:00:00
[2025-04-29T20:51:23.394+0000] {news_api_client.py:37} INFO - Fetching news for Alphabet from 2025-03-04 00:00:00 to 2025-03-11 00:00:00
[2025-04-29T20:51:23.657+0000] {news_api_client.py:50} ERROR - Error fetching news for Alphabet: {'status': 'error', 'code': 'parameterInvalid', 'message': 'You are trying to request results too far in the past. Your plan permits you to request articles as far back as 2025-03-28, but you have requested 2025-03-04. You may need to upgrade to a paid plan.'}
[2025-04-29T20:51:23.657+0000] {backfill_historical_news.py:38} WARNING - No articles found for Alphabet for week 2025-03-04 00:00:00
[2025-04-29T20:51:23.658+0000] {backfill_historical_news.py:28} INFO - Backfilling news for Alphabet for week 2025-02-25 00:00:00
[2025-04-29T20:51:23.658+0000] {news_api_client.py:37} INFO - Fetching news for Alphabet from 2025-02-25 00:00:00 to 2025-03-04 00:00:00
[2025-04-29T20:51:23.992+0000] {news_api_client.py:50} ERROR - Error fetching news for Alphabet: {'status': 'error', 'code': 'parameterInvalid', 'message': 'You are trying to request results too far in the past. Your plan permits you to request articles as far back as 2025-03-28, but you have requested 2025-02-25. You may need to upgrade to a paid plan.'}
[2025-04-29T20:51:23.993+0000] {backfill_historical_news.py:38} WARNING - No articles found for Alphabet for week 2025-02-25 00:00:00
[2025-04-29T20:51:23.994+0000] {backfill_historical_news.py:28} INFO - Backfilling news for Alphabet for week 2025-02-18 00:00:00
[2025-04-29T20:51:23.994+0000] {news_api_client.py:37} INFO - Fetching news for Alphabet from 2025-02-18 00:00:00 to 2025-02-25 00:00:00
[2025-04-29T20:51:24.290+0000] {news_api_client.py:50} ERROR - Error fetching news for Alphabet: {'status': 'error', 'code': 'parameterInvalid', 'message': 'You are trying to request results too far in the past. Your plan permits you to request articles as far back as 2025-03-28, but you have requested 2025-02-18. You may need to upgrade to a paid plan.'}
[2025-04-29T20:51:24.291+0000] {backfill_historical_news.py:38} WARNING - No articles found for Alphabet for week 2025-02-18 00:00:00
[2025-04-29T20:51:24.291+0000] {backfill_historical_news.py:28} INFO - Backfilling news for Alphabet for week 2025-02-11 00:00:00
[2025-04-29T20:51:24.292+0000] {news_api_client.py:37} INFO - Fetching news for Alphabet from 2025-02-11 00:00:00 to 2025-02-18 00:00:00
[2025-04-29T20:51:24.554+0000] {news_api_client.py:50} ERROR - Error fetching news for Alphabet: {'status': 'error', 'code': 'parameterInvalid', 'message': 'You are trying to request results too far in the past. Your plan permits you to request articles as far back as 2025-03-28, but you have requested 2025-02-11. You may need to upgrade to a paid plan.'}
[2025-04-29T20:51:24.556+0000] {backfill_historical_news.py:38} WARNING - No articles found for Alphabet for week 2025-02-11 00:00:00
[2025-04-29T20:51:24.556+0000] {backfill_historical_news.py:28} INFO - Backfilling news for Amazon for week 2025-04-29 00:00:00
[2025-04-29T20:51:24.557+0000] {news_api_client.py:37} INFO - Fetching news for Amazon from 2025-04-29 00:00:00 to 2025-05-06 00:00:00
[2025-04-29T20:51:24.915+0000] {news_api_client.py:47} INFO - Retrieved 0 articles for Amazon
[2025-04-29T20:51:24.915+0000] {backfill_historical_news.py:38} WARNING - No articles found for Amazon for week 2025-04-29 00:00:00
[2025-04-29T20:51:24.916+0000] {backfill_historical_news.py:28} INFO - Backfilling news for Amazon for week 2025-03-25 00:00:00
[2025-04-29T20:51:24.916+0000] {news_api_client.py:37} INFO - Fetching news for Amazon from 2025-03-25 00:00:00 to 2025-04-01 00:00:00
[2025-04-29T20:51:25.180+0000] {news_api_client.py:50} ERROR - Error fetching news for Amazon: {'status': 'error', 'code': 'parameterInvalid', 'message': 'You are trying to request results too far in the past. Your plan permits you to request articles as far back as 2025-03-28, but you have requested 2025-03-25. You may need to upgrade to a paid plan.'}
[2025-04-29T20:51:25.181+0000] {backfill_historical_news.py:38} WARNING - No articles found for Amazon for week 2025-03-25 00:00:00
[2025-04-29T20:51:25.182+0000] {backfill_historical_news.py:28} INFO - Backfilling news for Amazon for week 2025-03-18 00:00:00
[2025-04-29T20:51:25.182+0000] {news_api_client.py:37} INFO - Fetching news for Amazon from 2025-03-18 00:00:00 to 2025-03-25 00:00:00
[2025-04-29T20:51:25.478+0000] {news_api_client.py:50} ERROR - Error fetching news for Amazon: {'status': 'error', 'code': 'parameterInvalid', 'message': 'You are trying to request results too far in the past. Your plan permits you to request articles as far back as 2025-03-28, but you have requested 2025-03-18. You may need to upgrade to a paid plan.'}
[2025-04-29T20:51:25.479+0000] {backfill_historical_news.py:38} WARNING - No articles found for Amazon for week 2025-03-18 00:00:00
[2025-04-29T20:51:25.479+0000] {backfill_historical_news.py:28} INFO - Backfilling news for Amazon for week 2025-03-11 00:00:00
[2025-04-29T20:51:25.479+0000] {news_api_client.py:37} INFO - Fetching news for Amazon from 2025-03-11 00:00:00 to 2025-03-18 00:00:00
[2025-04-29T20:51:25.755+0000] {news_api_client.py:50} ERROR - Error fetching news for Amazon: {'status': 'error', 'code': 'parameterInvalid', 'message': 'You are trying to request results too far in the past. Your plan permits you to request articles as far back as 2025-03-28, but you have requested 2025-03-11. You may need to upgrade to a paid plan.'}
[2025-04-29T20:51:25.755+0000] {backfill_historical_news.py:38} WARNING - No articles found for Amazon for week 2025-03-11 00:00:00
[2025-04-29T20:51:25.756+0000] {backfill_historical_news.py:28} INFO - Backfilling news for Amazon for week 2025-03-04 00:00:00
[2025-04-29T20:51:25.756+0000] {news_api_client.py:37} INFO - Fetching news for Amazon from 2025-03-04 00:00:00 to 2025-03-11 00:00:00
[2025-04-29T20:51:26.024+0000] {news_api_client.py:50} ERROR - Error fetching news for Amazon: {'status': 'error', 'code': 'parameterInvalid', 'message': 'You are trying to request results too far in the past. Your plan permits you to request articles as far back as 2025-03-28, but you have requested 2025-03-04. You may need to upgrade to a paid plan.'}
[2025-04-29T20:51:26.025+0000] {backfill_historical_news.py:38} WARNING - No articles found for Amazon for week 2025-03-04 00:00:00
[2025-04-29T20:51:26.026+0000] {backfill_historical_news.py:28} INFO - Backfilling news for Amazon for week 2025-02-25 00:00:00
[2025-04-29T20:51:26.026+0000] {news_api_client.py:37} INFO - Fetching news for Amazon from 2025-02-25 00:00:00 to 2025-03-04 00:00:00
[2025-04-29T20:51:26.293+0000] {news_api_client.py:50} ERROR - Error fetching news for Amazon: {'status': 'error', 'code': 'parameterInvalid', 'message': 'You are trying to request results too far in the past. Your plan permits you to request articles as far back as 2025-03-28, but you have requested 2025-02-25. You may need to upgrade to a paid plan.'}
[2025-04-29T20:51:26.293+0000] {backfill_historical_news.py:38} WARNING - No articles found for Amazon for week 2025-02-25 00:00:00
[2025-04-29T20:51:26.294+0000] {backfill_historical_news.py:28} INFO - Backfilling news for Amazon for week 2025-02-18 00:00:00
[2025-04-29T20:51:26.294+0000] {news_api_client.py:37} INFO - Fetching news for Amazon from 2025-02-18 00:00:00 to 2025-02-25 00:00:00
[2025-04-29T20:51:26.565+0000] {news_api_client.py:50} ERROR - Error fetching news for Amazon: {'status': 'error', 'code': 'parameterInvalid', 'message': 'You are trying to request results too far in the past. Your plan permits you to request articles as far back as 2025-03-28, but you have requested 2025-02-18. You may need to upgrade to a paid plan.'}
[2025-04-29T20:51:26.566+0000] {backfill_historical_news.py:38} WARNING - No articles found for Amazon for week 2025-02-18 00:00:00
[2025-04-29T20:51:26.566+0000] {backfill_historical_news.py:28} INFO - Backfilling news for Amazon for week 2025-02-11 00:00:00
[2025-04-29T20:51:26.567+0000] {news_api_client.py:37} INFO - Fetching news for Amazon from 2025-02-11 00:00:00 to 2025-02-18 00:00:00
[2025-04-29T20:51:26.869+0000] {news_api_client.py:50} ERROR - Error fetching news for Amazon: {'status': 'error', 'code': 'parameterInvalid', 'message': 'You are trying to request results too far in the past. Your plan permits you to request articles as far back as 2025-03-28, but you have requested 2025-02-11. You may need to upgrade to a paid plan.'}
[2025-04-29T20:51:26.870+0000] {backfill_historical_news.py:38} WARNING - No articles found for Amazon for week 2025-02-11 00:00:00
[2025-04-29T20:51:26.871+0000] {backfill_historical_news.py:28} INFO - Backfilling news for Tesla for week 2025-04-29 00:00:00
[2025-04-29T20:51:26.871+0000] {news_api_client.py:37} INFO - Fetching news for Tesla from 2025-04-29 00:00:00 to 2025-05-06 00:00:00
[2025-04-29T20:51:27.135+0000] {news_api_client.py:47} INFO - Retrieved 0 articles for Tesla
[2025-04-29T20:51:27.136+0000] {backfill_historical_news.py:38} WARNING - No articles found for Tesla for week 2025-04-29 00:00:00
[2025-04-29T20:51:27.136+0000] {backfill_historical_news.py:28} INFO - Backfilling news for Tesla for week 2025-03-25 00:00:00
[2025-04-29T20:51:27.137+0000] {news_api_client.py:37} INFO - Fetching news for Tesla from 2025-03-25 00:00:00 to 2025-04-01 00:00:00
[2025-04-29T20:51:27.418+0000] {news_api_client.py:50} ERROR - Error fetching news for Tesla: {'status': 'error', 'code': 'parameterInvalid', 'message': 'You are trying to request results too far in the past. Your plan permits you to request articles as far back as 2025-03-28, but you have requested 2025-03-25. You may need to upgrade to a paid plan.'}
[2025-04-29T20:51:27.419+0000] {backfill_historical_news.py:38} WARNING - No articles found for Tesla for week 2025-03-25 00:00:00
[2025-04-29T20:51:27.419+0000] {backfill_historical_news.py:28} INFO - Backfilling news for Tesla for week 2025-03-18 00:00:00
[2025-04-29T20:51:27.419+0000] {news_api_client.py:37} INFO - Fetching news for Tesla from 2025-03-18 00:00:00 to 2025-03-25 00:00:00
[2025-04-29T20:51:27.681+0000] {news_api_client.py:50} ERROR - Error fetching news for Tesla: {'status': 'error', 'code': 'parameterInvalid', 'message': 'You are trying to request results too far in the past. Your plan permits you to request articles as far back as 2025-03-28, but you have requested 2025-03-18. You may need to upgrade to a paid plan.'}
[2025-04-29T20:51:27.682+0000] {backfill_historical_news.py:38} WARNING - No articles found for Tesla for week 2025-03-18 00:00:00
[2025-04-29T20:51:27.682+0000] {backfill_historical_news.py:28} INFO - Backfilling news for Tesla for week 2025-03-11 00:00:00
[2025-04-29T20:51:27.682+0000] {news_api_client.py:37} INFO - Fetching news for Tesla from 2025-03-11 00:00:00 to 2025-03-18 00:00:00
[2025-04-29T20:51:27.935+0000] {news_api_client.py:50} ERROR - Error fetching news for Tesla: {'status': 'error', 'code': 'parameterInvalid', 'message': 'You are trying to request results too far in the past. Your plan permits you to request articles as far back as 2025-03-28, but you have requested 2025-03-11. You may need to upgrade to a paid plan.'}
[2025-04-29T20:51:27.936+0000] {backfill_historical_news.py:38} WARNING - No articles found for Tesla for week 2025-03-11 00:00:00
[2025-04-29T20:51:27.936+0000] {backfill_historical_news.py:28} INFO - Backfilling news for Tesla for week 2025-03-04 00:00:00
[2025-04-29T20:51:27.936+0000] {news_api_client.py:37} INFO - Fetching news for Tesla from 2025-03-04 00:00:00 to 2025-03-11 00:00:00
[2025-04-29T20:51:28.190+0000] {news_api_client.py:50} ERROR - Error fetching news for Tesla: {'status': 'error', 'code': 'parameterInvalid', 'message': 'You are trying to request results too far in the past. Your plan permits you to request articles as far back as 2025-03-28, but you have requested 2025-03-04. You may need to upgrade to a paid plan.'}
[2025-04-29T20:51:28.191+0000] {backfill_historical_news.py:38} WARNING - No articles found for Tesla for week 2025-03-04 00:00:00
[2025-04-29T20:51:28.191+0000] {backfill_historical_news.py:28} INFO - Backfilling news for Tesla for week 2025-02-25 00:00:00
[2025-04-29T20:51:28.192+0000] {news_api_client.py:37} INFO - Fetching news for Tesla from 2025-02-25 00:00:00 to 2025-03-04 00:00:00
[2025-04-29T20:51:28.469+0000] {news_api_client.py:50} ERROR - Error fetching news for Tesla: {'status': 'error', 'code': 'parameterInvalid', 'message': 'You are trying to request results too far in the past. Your plan permits you to request articles as far back as 2025-03-28, but you have requested 2025-02-25. You may need to upgrade to a paid plan.'}
[2025-04-29T20:51:28.470+0000] {backfill_historical_news.py:38} WARNING - No articles found for Tesla for week 2025-02-25 00:00:00
[2025-04-29T20:51:28.470+0000] {backfill_historical_news.py:28} INFO - Backfilling news for Tesla for week 2025-02-18 00:00:00
[2025-04-29T20:51:28.470+0000] {news_api_client.py:37} INFO - Fetching news for Tesla from 2025-02-18 00:00:00 to 2025-02-25 00:00:00
[2025-04-29T20:51:28.775+0000] {news_api_client.py:50} ERROR - Error fetching news for Tesla: {'status': 'error', 'code': 'parameterInvalid', 'message': 'You are trying to request results too far in the past. Your plan permits you to request articles as far back as 2025-03-28, but you have requested 2025-02-18. You may need to upgrade to a paid plan.'}
[2025-04-29T20:51:28.776+0000] {backfill_historical_news.py:38} WARNING - No articles found for Tesla for week 2025-02-18 00:00:00
[2025-04-29T20:51:28.776+0000] {backfill_historical_news.py:28} INFO - Backfilling news for Tesla for week 2025-02-11 00:00:00
[2025-04-29T20:51:28.777+0000] {news_api_client.py:37} INFO - Fetching news for Tesla from 2025-02-11 00:00:00 to 2025-02-18 00:00:00
[2025-04-29T20:51:29.035+0000] {news_api_client.py:50} ERROR - Error fetching news for Tesla: {'status': 'error', 'code': 'parameterInvalid', 'message': 'You are trying to request results too far in the past. Your plan permits you to request articles as far back as 2025-03-28, but you have requested 2025-02-11. You may need to upgrade to a paid plan.'}
[2025-04-29T20:51:29.035+0000] {backfill_historical_news.py:38} WARNING - No articles found for Tesla for week 2025-02-11 00:00:00
[2025-04-29T20:51:29.036+0000] {backfill_historical_news.py:28} INFO - Backfilling news for NVIDIA for week 2025-04-29 00:00:00
[2025-04-29T20:51:29.036+0000] {news_api_client.py:37} INFO - Fetching news for NVIDIA from 2025-04-29 00:00:00 to 2025-05-06 00:00:00
[2025-04-29T20:51:29.311+0000] {news_api_client.py:47} INFO - Retrieved 0 articles for NVIDIA
[2025-04-29T20:51:29.312+0000] {backfill_historical_news.py:38} WARNING - No articles found for NVIDIA for week 2025-04-29 00:00:00
[2025-04-29T20:51:29.312+0000] {backfill_historical_news.py:28} INFO - Backfilling news for NVIDIA for week 2025-03-25 00:00:00
[2025-04-29T20:51:29.313+0000] {news_api_client.py:37} INFO - Fetching news for NVIDIA from 2025-03-25 00:00:00 to 2025-04-01 00:00:00
[2025-04-29T20:51:29.563+0000] {news_api_client.py:50} ERROR - Error fetching news for NVIDIA: {'status': 'error', 'code': 'parameterInvalid', 'message': 'You are trying to request results too far in the past. Your plan permits you to request articles as far back as 2025-03-28, but you have requested 2025-03-25. You may need to upgrade to a paid plan.'}
[2025-04-29T20:51:29.564+0000] {backfill_historical_news.py:38} WARNING - No articles found for NVIDIA for week 2025-03-25 00:00:00
[2025-04-29T20:51:29.565+0000] {backfill_historical_news.py:28} INFO - Backfilling news for NVIDIA for week 2025-03-18 00:00:00
[2025-04-29T20:51:29.565+0000] {news_api_client.py:37} INFO - Fetching news for NVIDIA from 2025-03-18 00:00:00 to 2025-03-25 00:00:00
[2025-04-29T20:51:29.865+0000] {news_api_client.py:50} ERROR - Error fetching news for NVIDIA: {'status': 'error', 'code': 'parameterInvalid', 'message': 'You are trying to request results too far in the past. Your plan permits you to request articles as far back as 2025-03-28, but you have requested 2025-03-18. You may need to upgrade to a paid plan.'}
[2025-04-29T20:51:29.866+0000] {backfill_historical_news.py:38} WARNING - No articles found for NVIDIA for week 2025-03-18 00:00:00
[2025-04-29T20:51:29.867+0000] {backfill_historical_news.py:28} INFO - Backfilling news for NVIDIA for week 2025-03-11 00:00:00
[2025-04-29T20:51:29.867+0000] {news_api_client.py:37} INFO - Fetching news for NVIDIA from 2025-03-11 00:00:00 to 2025-03-18 00:00:00
[2025-04-29T20:51:30.121+0000] {news_api_client.py:50} ERROR - Error fetching news for NVIDIA: {'status': 'error', 'code': 'parameterInvalid', 'message': 'You are trying to request results too far in the past. Your plan permits you to request articles as far back as 2025-03-28, but you have requested 2025-03-11. You may need to upgrade to a paid plan.'}
[2025-04-29T20:51:30.122+0000] {backfill_historical_news.py:38} WARNING - No articles found for NVIDIA for week 2025-03-11 00:00:00
[2025-04-29T20:51:30.122+0000] {backfill_historical_news.py:28} INFO - Backfilling news for NVIDIA for week 2025-03-04 00:00:00
[2025-04-29T20:51:30.122+0000] {news_api_client.py:37} INFO - Fetching news for NVIDIA from 2025-03-04 00:00:00 to 2025-03-11 00:00:00
[2025-04-29T20:51:30.374+0000] {news_api_client.py:50} ERROR - Error fetching news for NVIDIA: {'status': 'error', 'code': 'parameterInvalid', 'message': 'You are trying to request results too far in the past. Your plan permits you to request articles as far back as 2025-03-28, but you have requested 2025-03-04. You may need to upgrade to a paid plan.'}
[2025-04-29T20:51:30.375+0000] {backfill_historical_news.py:38} WARNING - No articles found for NVIDIA for week 2025-03-04 00:00:00
[2025-04-29T20:51:30.375+0000] {backfill_historical_news.py:28} INFO - Backfilling news for NVIDIA for week 2025-02-25 00:00:00
[2025-04-29T20:51:30.376+0000] {news_api_client.py:37} INFO - Fetching news for NVIDIA from 2025-02-25 00:00:00 to 2025-03-04 00:00:00
[2025-04-29T20:51:30.630+0000] {news_api_client.py:50} ERROR - Error fetching news for NVIDIA: {'status': 'error', 'code': 'parameterInvalid', 'message': 'You are trying to request results too far in the past. Your plan permits you to request articles as far back as 2025-03-28, but you have requested 2025-02-25. You may need to upgrade to a paid plan.'}
[2025-04-29T20:51:30.630+0000] {backfill_historical_news.py:38} WARNING - No articles found for NVIDIA for week 2025-02-25 00:00:00
[2025-04-29T20:51:30.631+0000] {backfill_historical_news.py:28} INFO - Backfilling news for NVIDIA for week 2025-02-18 00:00:00
[2025-04-29T20:51:30.631+0000] {news_api_client.py:37} INFO - Fetching news for NVIDIA from 2025-02-18 00:00:00 to 2025-02-25 00:00:00
[2025-04-29T20:51:30.945+0000] {news_api_client.py:50} ERROR - Error fetching news for NVIDIA: {'status': 'error', 'code': 'parameterInvalid', 'message': 'You are trying to request results too far in the past. Your plan permits you to request articles as far back as 2025-03-28, but you have requested 2025-02-18. You may need to upgrade to a paid plan.'}
[2025-04-29T20:51:30.946+0000] {backfill_historical_news.py:38} WARNING - No articles found for NVIDIA for week 2025-02-18 00:00:00
[2025-04-29T20:51:30.946+0000] {backfill_historical_news.py:28} INFO - Backfilling news for NVIDIA for week 2025-02-11 00:00:00
[2025-04-29T20:51:30.946+0000] {news_api_client.py:37} INFO - Fetching news for NVIDIA from 2025-02-11 00:00:00 to 2025-02-18 00:00:00
[2025-04-29T20:51:31.218+0000] {news_api_client.py:50} ERROR - Error fetching news for NVIDIA: {'status': 'error', 'code': 'parameterInvalid', 'message': 'You are trying to request results too far in the past. Your plan permits you to request articles as far back as 2025-03-28, but you have requested 2025-02-11. You may need to upgrade to a paid plan.'}
[2025-04-29T20:51:31.219+0000] {backfill_historical_news.py:38} WARNING - No articles found for NVIDIA for week 2025-02-11 00:00:00
[2025-04-29T20:51:31.219+0000] {backfill_historical_news.py:28} INFO - Backfilling news for Meta for week 2025-04-29 00:00:00
[2025-04-29T20:51:31.220+0000] {news_api_client.py:37} INFO - Fetching news for Meta from 2025-04-29 00:00:00 to 2025-05-06 00:00:00
[2025-04-29T20:51:31.479+0000] {news_api_client.py:47} INFO - Retrieved 0 articles for Meta
[2025-04-29T20:51:31.480+0000] {backfill_historical_news.py:38} WARNING - No articles found for Meta for week 2025-04-29 00:00:00
[2025-04-29T20:51:31.480+0000] {backfill_historical_news.py:28} INFO - Backfilling news for Meta for week 2025-04-15 00:00:00
[2025-04-29T20:51:31.480+0000] {news_api_client.py:37} INFO - Fetching news for Meta from 2025-04-15 00:00:00 to 2025-04-22 00:00:00
[2025-04-29T20:51:31.762+0000] {news_api_client.py:47} INFO - Retrieved 7 articles for Meta
[2025-04-29T20:51:31.762+0000] {logging_mixin.py:190} INFO - Fetched 7 articles for Meta for week 2025-04-15 00:00:00
[2025-04-29T20:51:31.772+0000] {mongodb_client.py:55} INFO - Stored 7 articles for Meta for week 2025-04-15 00:00:00
[2025-04-29T20:51:31.772+0000] {logging_mixin.py:190} INFO - Stored 7 articles for Meta for week 2025-04-15 00:00:00
[2025-04-29T20:51:31.773+0000] {backfill_historical_news.py:28} INFO - Backfilling news for Meta for week 2025-04-08 00:00:00
[2025-04-29T20:51:31.773+0000] {news_api_client.py:37} INFO - Fetching news for Meta from 2025-04-08 00:00:00 to 2025-04-15 00:00:00
[2025-04-29T20:51:32.051+0000] {news_api_client.py:47} INFO - Retrieved 6 articles for Meta
[2025-04-29T20:51:32.052+0000] {logging_mixin.py:190} INFO - Fetched 6 articles for Meta for week 2025-04-08 00:00:00
[2025-04-29T20:51:32.056+0000] {mongodb_client.py:55} INFO - Stored 6 articles for Meta for week 2025-04-08 00:00:00
[2025-04-29T20:51:32.057+0000] {logging_mixin.py:190} INFO - Stored 6 articles for Meta for week 2025-04-08 00:00:00
[2025-04-29T20:51:32.057+0000] {backfill_historical_news.py:28} INFO - Backfilling news for Meta for week 2025-04-01 00:00:00
[2025-04-29T20:51:32.057+0000] {news_api_client.py:37} INFO - Fetching news for Meta from 2025-04-01 00:00:00 to 2025-04-08 00:00:00
[2025-04-29T20:51:32.874+0000] {news_api_client.py:47} INFO - Retrieved 7 articles for Meta
[2025-04-29T20:51:32.875+0000] {logging_mixin.py:190} INFO - Fetched 7 articles for Meta for week 2025-04-01 00:00:00
[2025-04-29T20:51:32.881+0000] {mongodb_client.py:55} INFO - Stored 7 articles for Meta for week 2025-04-01 00:00:00
[2025-04-29T20:51:32.881+0000] {logging_mixin.py:190} INFO - Stored 7 articles for Meta for week 2025-04-01 00:00:00
[2025-04-29T20:51:32.881+0000] {backfill_historical_news.py:28} INFO - Backfilling news for Meta for week 2025-03-25 00:00:00
[2025-04-29T20:51:32.882+0000] {news_api_client.py:37} INFO - Fetching news for Meta from 2025-03-25 00:00:00 to 2025-04-01 00:00:00
[2025-04-29T20:51:33.649+0000] {news_api_client.py:50} ERROR - Error fetching news for Meta: {'status': 'error', 'code': 'parameterInvalid', 'message': 'You are trying to request results too far in the past. Your plan permits you to request articles as far back as 2025-03-28, but you have requested 2025-03-25. You may need to upgrade to a paid plan.'}
[2025-04-29T20:51:33.650+0000] {backfill_historical_news.py:38} WARNING - No articles found for Meta for week 2025-03-25 00:00:00
[2025-04-29T20:51:33.650+0000] {backfill_historical_news.py:28} INFO - Backfilling news for Meta for week 2025-03-18 00:00:00
[2025-04-29T20:51:33.651+0000] {news_api_client.py:37} INFO - Fetching news for Meta from 2025-03-18 00:00:00 to 2025-03-25 00:00:00
[2025-04-29T20:51:33.908+0000] {news_api_client.py:50} ERROR - Error fetching news for Meta: {'status': 'error', 'code': 'parameterInvalid', 'message': 'You are trying to request results too far in the past. Your plan permits you to request articles as far back as 2025-03-28, but you have requested 2025-03-18. You may need to upgrade to a paid plan.'}
[2025-04-29T20:51:33.910+0000] {backfill_historical_news.py:38} WARNING - No articles found for Meta for week 2025-03-18 00:00:00
[2025-04-29T20:51:33.910+0000] {backfill_historical_news.py:28} INFO - Backfilling news for Meta for week 2025-03-11 00:00:00
[2025-04-29T20:51:33.911+0000] {news_api_client.py:37} INFO - Fetching news for Meta from 2025-03-11 00:00:00 to 2025-03-18 00:00:00
[2025-04-29T20:51:34.172+0000] {news_api_client.py:50} ERROR - Error fetching news for Meta: {'status': 'error', 'code': 'parameterInvalid', 'message': 'You are trying to request results too far in the past. Your plan permits you to request articles as far back as 2025-03-28, but you have requested 2025-03-11. You may need to upgrade to a paid plan.'}
[2025-04-29T20:51:34.173+0000] {backfill_historical_news.py:38} WARNING - No articles found for Meta for week 2025-03-11 00:00:00
[2025-04-29T20:51:34.173+0000] {backfill_historical_news.py:28} INFO - Backfilling news for Meta for week 2025-03-04 00:00:00
[2025-04-29T20:51:34.173+0000] {news_api_client.py:37} INFO - Fetching news for Meta from 2025-03-04 00:00:00 to 2025-03-11 00:00:00
[2025-04-29T20:51:34.438+0000] {news_api_client.py:50} ERROR - Error fetching news for Meta: {'status': 'error', 'code': 'parameterInvalid', 'message': 'You are trying to request results too far in the past. Your plan permits you to request articles as far back as 2025-03-28, but you have requested 2025-03-04. You may need to upgrade to a paid plan.'}
[2025-04-29T20:51:34.439+0000] {backfill_historical_news.py:38} WARNING - No articles found for Meta for week 2025-03-04 00:00:00
[2025-04-29T20:51:34.440+0000] {backfill_historical_news.py:28} INFO - Backfilling news for Meta for week 2025-02-25 00:00:00
[2025-04-29T20:51:34.440+0000] {news_api_client.py:37} INFO - Fetching news for Meta from 2025-02-25 00:00:00 to 2025-03-04 00:00:00
[2025-04-29T20:51:34.705+0000] {news_api_client.py:50} ERROR - Error fetching news for Meta: {'status': 'error', 'code': 'parameterInvalid', 'message': 'You are trying to request results too far in the past. Your plan permits you to request articles as far back as 2025-03-28, but you have requested 2025-02-25. You may need to upgrade to a paid plan.'}
[2025-04-29T20:51:34.706+0000] {backfill_historical_news.py:38} WARNING - No articles found for Meta for week 2025-02-25 00:00:00
[2025-04-29T20:51:34.706+0000] {backfill_historical_news.py:28} INFO - Backfilling news for Meta for week 2025-02-18 00:00:00
[2025-04-29T20:51:34.706+0000] {news_api_client.py:37} INFO - Fetching news for Meta from 2025-02-18 00:00:00 to 2025-02-25 00:00:00
[2025-04-29T20:51:34.969+0000] {news_api_client.py:50} ERROR - Error fetching news for Meta: {'status': 'error', 'code': 'parameterInvalid', 'message': 'You are trying to request results too far in the past. Your plan permits you to request articles as far back as 2025-03-28, but you have requested 2025-02-18. You may need to upgrade to a paid plan.'}
[2025-04-29T20:51:34.970+0000] {backfill_historical_news.py:38} WARNING - No articles found for Meta for week 2025-02-18 00:00:00
[2025-04-29T20:51:34.970+0000] {backfill_historical_news.py:28} INFO - Backfilling news for Meta for week 2025-02-11 00:00:00
[2025-04-29T20:51:34.971+0000] {news_api_client.py:37} INFO - Fetching news for Meta from 2025-02-11 00:00:00 to 2025-02-18 00:00:00
[2025-04-29T20:51:35.232+0000] {news_api_client.py:50} ERROR - Error fetching news for Meta: {'status': 'error', 'code': 'parameterInvalid', 'message': 'You are trying to request results too far in the past. Your plan permits you to request articles as far back as 2025-03-28, but you have requested 2025-02-11. You may need to upgrade to a paid plan.'}
[2025-04-29T20:51:35.233+0000] {backfill_historical_news.py:38} WARNING - No articles found for Meta for week 2025-02-11 00:00:00
[2025-04-29T20:51:35.233+0000] {backfill_historical_news.py:28} INFO - Backfilling news for JPMorgan for week 2025-04-29 00:00:00
[2025-04-29T20:51:35.233+0000] {news_api_client.py:37} INFO - Fetching news for JPMorgan from 2025-04-29 00:00:00 to 2025-05-06 00:00:00
[2025-04-29T20:51:35.537+0000] {news_api_client.py:47} INFO - Retrieved 0 articles for JPMorgan
[2025-04-29T20:51:35.538+0000] {backfill_historical_news.py:38} WARNING - No articles found for JPMorgan for week 2025-04-29 00:00:00
[2025-04-29T20:51:35.539+0000] {backfill_historical_news.py:28} INFO - Backfilling news for JPMorgan for week 2025-04-22 00:00:00
[2025-04-29T20:51:35.539+0000] {news_api_client.py:37} INFO - Fetching news for JPMorgan from 2025-04-22 00:00:00 to 2025-04-29 00:00:00
[2025-04-29T20:51:35.823+0000] {news_api_client.py:47} INFO - Retrieved 10 articles for JPMorgan
[2025-04-29T20:51:35.823+0000] {logging_mixin.py:190} INFO - Fetched 10 articles for JPMorgan for week 2025-04-22 00:00:00
[2025-04-29T20:51:35.832+0000] {mongodb_client.py:55} INFO - Stored 10 articles for JPMorgan for week 2025-04-22 00:00:00
[2025-04-29T20:51:35.833+0000] {logging_mixin.py:190} INFO - Stored 10 articles for JPMorgan for week 2025-04-22 00:00:00
[2025-04-29T20:51:35.833+0000] {backfill_historical_news.py:28} INFO - Backfilling news for JPMorgan for week 2025-04-15 00:00:00
[2025-04-29T20:51:35.833+0000] {news_api_client.py:37} INFO - Fetching news for JPMorgan from 2025-04-15 00:00:00 to 2025-04-22 00:00:00
[2025-04-29T20:51:36.147+0000] {news_api_client.py:47} INFO - Retrieved 10 articles for JPMorgan
[2025-04-29T20:51:36.148+0000] {logging_mixin.py:190} INFO - Fetched 10 articles for JPMorgan for week 2025-04-15 00:00:00
[2025-04-29T20:51:36.155+0000] {mongodb_client.py:55} INFO - Stored 10 articles for JPMorgan for week 2025-04-15 00:00:00
[2025-04-29T20:51:36.156+0000] {logging_mixin.py:190} INFO - Stored 10 articles for JPMorgan for week 2025-04-15 00:00:00
[2025-04-29T20:51:36.156+0000] {backfill_historical_news.py:28} INFO - Backfilling news for JPMorgan for week 2025-04-08 00:00:00
[2025-04-29T20:51:36.156+0000] {news_api_client.py:37} INFO - Fetching news for JPMorgan from 2025-04-08 00:00:00 to 2025-04-15 00:00:00
[2025-04-29T20:51:36.430+0000] {news_api_client.py:47} INFO - Retrieved 10 articles for JPMorgan
[2025-04-29T20:51:36.430+0000] {logging_mixin.py:190} INFO - Fetched 10 articles for JPMorgan for week 2025-04-08 00:00:00
[2025-04-29T20:51:36.440+0000] {mongodb_client.py:55} INFO - Stored 10 articles for JPMorgan for week 2025-04-08 00:00:00
[2025-04-29T20:51:36.440+0000] {logging_mixin.py:190} INFO - Stored 10 articles for JPMorgan for week 2025-04-08 00:00:00
[2025-04-29T20:51:36.440+0000] {backfill_historical_news.py:28} INFO - Backfilling news for JPMorgan for week 2025-04-01 00:00:00
[2025-04-29T20:51:36.441+0000] {news_api_client.py:37} INFO - Fetching news for JPMorgan from 2025-04-01 00:00:00 to 2025-04-08 00:00:00
[2025-04-29T20:51:36.784+0000] {news_api_client.py:47} INFO - Retrieved 10 articles for JPMorgan
[2025-04-29T20:51:36.784+0000] {logging_mixin.py:190} INFO - Fetched 10 articles for JPMorgan for week 2025-04-01 00:00:00
[2025-04-29T20:51:36.792+0000] {mongodb_client.py:55} INFO - Stored 10 articles for JPMorgan for week 2025-04-01 00:00:00
[2025-04-29T20:51:36.793+0000] {logging_mixin.py:190} INFO - Stored 10 articles for JPMorgan for week 2025-04-01 00:00:00
[2025-04-29T20:51:36.793+0000] {backfill_historical_news.py:28} INFO - Backfilling news for JPMorgan for week 2025-03-25 00:00:00
[2025-04-29T20:51:36.793+0000] {news_api_client.py:37} INFO - Fetching news for JPMorgan from 2025-03-25 00:00:00 to 2025-04-01 00:00:00
[2025-04-29T20:51:37.057+0000] {news_api_client.py:50} ERROR - Error fetching news for JPMorgan: {'status': 'error', 'code': 'parameterInvalid', 'message': 'You are trying to request results too far in the past. Your plan permits you to request articles as far back as 2025-03-28, but you have requested 2025-03-25. You may need to upgrade to a paid plan.'}
[2025-04-29T20:51:37.057+0000] {backfill_historical_news.py:38} WARNING - No articles found for JPMorgan for week 2025-03-25 00:00:00
[2025-04-29T20:51:37.058+0000] {backfill_historical_news.py:28} INFO - Backfilling news for JPMorgan for week 2025-03-18 00:00:00
[2025-04-29T20:51:37.058+0000] {news_api_client.py:37} INFO - Fetching news for JPMorgan from 2025-03-18 00:00:00 to 2025-03-25 00:00:00
[2025-04-29T20:51:37.309+0000] {news_api_client.py:50} ERROR - Error fetching news for JPMorgan: {'status': 'error', 'code': 'parameterInvalid', 'message': 'You are trying to request results too far in the past. Your plan permits you to request articles as far back as 2025-03-28, but you have requested 2025-03-18. You may need to upgrade to a paid plan.'}
[2025-04-29T20:51:37.309+0000] {backfill_historical_news.py:38} WARNING - No articles found for JPMorgan for week 2025-03-18 00:00:00
[2025-04-29T20:51:37.310+0000] {backfill_historical_news.py:28} INFO - Backfilling news for JPMorgan for week 2025-03-11 00:00:00
[2025-04-29T20:51:37.310+0000] {news_api_client.py:37} INFO - Fetching news for JPMorgan from 2025-03-11 00:00:00 to 2025-03-18 00:00:00
[2025-04-29T20:51:37.572+0000] {news_api_client.py:50} ERROR - Error fetching news for JPMorgan: {'status': 'error', 'code': 'parameterInvalid', 'message': 'You are trying to request results too far in the past. Your plan permits you to request articles as far back as 2025-03-28, but you have requested 2025-03-11. You may need to upgrade to a paid plan.'}
[2025-04-29T20:51:37.573+0000] {backfill_historical_news.py:38} WARNING - No articles found for JPMorgan for week 2025-03-11 00:00:00
[2025-04-29T20:51:37.573+0000] {backfill_historical_news.py:28} INFO - Backfilling news for JPMorgan for week 2025-03-04 00:00:00
[2025-04-29T20:51:37.574+0000] {news_api_client.py:37} INFO - Fetching news for JPMorgan from 2025-03-04 00:00:00 to 2025-03-11 00:00:00
[2025-04-29T20:51:37.904+0000] {news_api_client.py:50} ERROR - Error fetching news for JPMorgan: {'status': 'error', 'code': 'parameterInvalid', 'message': 'You are trying to request results too far in the past. Your plan permits you to request articles as far back as 2025-03-28, but you have requested 2025-03-04. You may need to upgrade to a paid plan.'}
[2025-04-29T20:51:37.904+0000] {backfill_historical_news.py:38} WARNING - No articles found for JPMorgan for week 2025-03-04 00:00:00
[2025-04-29T20:51:37.905+0000] {backfill_historical_news.py:28} INFO - Backfilling news for JPMorgan for week 2025-02-25 00:00:00
[2025-04-29T20:51:37.905+0000] {news_api_client.py:37} INFO - Fetching news for JPMorgan from 2025-02-25 00:00:00 to 2025-03-04 00:00:00
[2025-04-29T20:51:38.167+0000] {news_api_client.py:50} ERROR - Error fetching news for JPMorgan: {'status': 'error', 'code': 'parameterInvalid', 'message': 'You are trying to request results too far in the past. Your plan permits you to request articles as far back as 2025-03-28, but you have requested 2025-02-25. You may need to upgrade to a paid plan.'}
[2025-04-29T20:51:38.168+0000] {backfill_historical_news.py:38} WARNING - No articles found for JPMorgan for week 2025-02-25 00:00:00
[2025-04-29T20:51:38.169+0000] {backfill_historical_news.py:28} INFO - Backfilling news for JPMorgan for week 2025-02-18 00:00:00
[2025-04-29T20:51:38.169+0000] {news_api_client.py:37} INFO - Fetching news for JPMorgan from 2025-02-18 00:00:00 to 2025-02-25 00:00:00
[2025-04-29T20:51:38.434+0000] {news_api_client.py:50} ERROR - Error fetching news for JPMorgan: {'status': 'error', 'code': 'parameterInvalid', 'message': 'You are trying to request results too far in the past. Your plan permits you to request articles as far back as 2025-03-28, but you have requested 2025-02-18. You may need to upgrade to a paid plan.'}
[2025-04-29T20:51:38.434+0000] {backfill_historical_news.py:38} WARNING - No articles found for JPMorgan for week 2025-02-18 00:00:00
[2025-04-29T20:51:38.435+0000] {backfill_historical_news.py:28} INFO - Backfilling news for JPMorgan for week 2025-02-11 00:00:00
[2025-04-29T20:51:38.435+0000] {news_api_client.py:37} INFO - Fetching news for JPMorgan from 2025-02-11 00:00:00 to 2025-02-18 00:00:00
[2025-04-29T20:51:38.683+0000] {news_api_client.py:50} ERROR - Error fetching news for JPMorgan: {'status': 'error', 'code': 'parameterInvalid', 'message': 'You are trying to request results too far in the past. Your plan permits you to request articles as far back as 2025-03-28, but you have requested 2025-02-11. You may need to upgrade to a paid plan.'}
[2025-04-29T20:51:38.684+0000] {backfill_historical_news.py:38} WARNING - No articles found for JPMorgan for week 2025-02-11 00:00:00
[2025-04-29T20:51:38.684+0000] {backfill_historical_news.py:28} INFO - Backfilling news for Walmart for week 2025-04-29 00:00:00
[2025-04-29T20:51:38.684+0000] {news_api_client.py:37} INFO - Fetching news for Walmart from 2025-04-29 00:00:00 to 2025-05-06 00:00:00
[2025-04-29T20:51:38.952+0000] {news_api_client.py:47} INFO - Retrieved 0 articles for Walmart
[2025-04-29T20:51:38.953+0000] {backfill_historical_news.py:38} WARNING - No articles found for Walmart for week 2025-04-29 00:00:00
[2025-04-29T20:51:38.953+0000] {backfill_historical_news.py:28} INFO - Backfilling news for Walmart for week 2025-04-22 00:00:00
[2025-04-29T20:51:38.954+0000] {news_api_client.py:37} INFO - Fetching news for Walmart from 2025-04-22 00:00:00 to 2025-04-29 00:00:00
[2025-04-29T20:51:39.284+0000] {news_api_client.py:47} INFO - Retrieved 7 articles for Walmart
[2025-04-29T20:51:39.285+0000] {logging_mixin.py:190} INFO - Fetched 7 articles for Walmart for week 2025-04-22 00:00:00
[2025-04-29T20:51:39.291+0000] {mongodb_client.py:55} INFO - Stored 7 articles for Walmart for week 2025-04-22 00:00:00
[2025-04-29T20:51:39.291+0000] {logging_mixin.py:190} INFO - Stored 7 articles for Walmart for week 2025-04-22 00:00:00
[2025-04-29T20:51:39.291+0000] {backfill_historical_news.py:28} INFO - Backfilling news for Walmart for week 2025-04-15 00:00:00
[2025-04-29T20:51:39.291+0000] {news_api_client.py:37} INFO - Fetching news for Walmart from 2025-04-15 00:00:00 to 2025-04-22 00:00:00
[2025-04-29T20:51:39.617+0000] {news_api_client.py:47} INFO - Retrieved 7 articles for Walmart
[2025-04-29T20:51:39.618+0000] {logging_mixin.py:190} INFO - Fetched 7 articles for Walmart for week 2025-04-15 00:00:00
[2025-04-29T20:51:39.629+0000] {mongodb_client.py:55} INFO - Stored 7 articles for Walmart for week 2025-04-15 00:00:00
[2025-04-29T20:51:39.629+0000] {logging_mixin.py:190} INFO - Stored 7 articles for Walmart for week 2025-04-15 00:00:00
[2025-04-29T20:51:39.630+0000] {backfill_historical_news.py:28} INFO - Backfilling news for Walmart for week 2025-04-08 00:00:00
[2025-04-29T20:51:39.630+0000] {news_api_client.py:37} INFO - Fetching news for Walmart from 2025-04-08 00:00:00 to 2025-04-15 00:00:00
[2025-04-29T20:51:39.915+0000] {news_api_client.py:47} INFO - Retrieved 8 articles for Walmart
[2025-04-29T20:51:39.915+0000] {logging_mixin.py:190} INFO - Fetched 8 articles for Walmart for week 2025-04-08 00:00:00
[2025-04-29T20:51:39.923+0000] {mongodb_client.py:55} INFO - Stored 8 articles for Walmart for week 2025-04-08 00:00:00
[2025-04-29T20:51:39.923+0000] {logging_mixin.py:190} INFO - Stored 8 articles for Walmart for week 2025-04-08 00:00:00
[2025-04-29T20:51:39.924+0000] {backfill_historical_news.py:28} INFO - Backfilling news for Walmart for week 2025-04-01 00:00:00
[2025-04-29T20:51:39.924+0000] {news_api_client.py:37} INFO - Fetching news for Walmart from 2025-04-01 00:00:00 to 2025-04-08 00:00:00
[2025-04-29T20:51:40.213+0000] {news_api_client.py:47} INFO - Retrieved 8 articles for Walmart
[2025-04-29T20:51:40.214+0000] {logging_mixin.py:190} INFO - Fetched 8 articles for Walmart for week 2025-04-01 00:00:00
[2025-04-29T20:51:40.221+0000] {mongodb_client.py:55} INFO - Stored 8 articles for Walmart for week 2025-04-01 00:00:00
[2025-04-29T20:51:40.221+0000] {logging_mixin.py:190} INFO - Stored 8 articles for Walmart for week 2025-04-01 00:00:00
[2025-04-29T20:51:40.222+0000] {backfill_historical_news.py:28} INFO - Backfilling news for Walmart for week 2025-03-25 00:00:00
[2025-04-29T20:51:40.222+0000] {news_api_client.py:37} INFO - Fetching news for Walmart from 2025-03-25 00:00:00 to 2025-04-01 00:00:00
[2025-04-29T20:51:40.491+0000] {news_api_client.py:50} ERROR - Error fetching news for Walmart: {'status': 'error', 'code': 'parameterInvalid', 'message': 'You are trying to request results too far in the past. Your plan permits you to request articles as far back as 2025-03-28, but you have requested 2025-03-25. You may need to upgrade to a paid plan.'}
[2025-04-29T20:51:40.492+0000] {backfill_historical_news.py:38} WARNING - No articles found for Walmart for week 2025-03-25 00:00:00
[2025-04-29T20:51:40.492+0000] {backfill_historical_news.py:28} INFO - Backfilling news for Walmart for week 2025-03-18 00:00:00
[2025-04-29T20:51:40.493+0000] {news_api_client.py:37} INFO - Fetching news for Walmart from 2025-03-18 00:00:00 to 2025-03-25 00:00:00
[2025-04-29T20:51:40.809+0000] {news_api_client.py:50} ERROR - Error fetching news for Walmart: {'status': 'error', 'code': 'parameterInvalid', 'message': 'You are trying to request results too far in the past. Your plan permits you to request articles as far back as 2025-03-28, but you have requested 2025-03-18. You may need to upgrade to a paid plan.'}
[2025-04-29T20:51:40.810+0000] {backfill_historical_news.py:38} WARNING - No articles found for Walmart for week 2025-03-18 00:00:00
[2025-04-29T20:51:40.810+0000] {backfill_historical_news.py:28} INFO - Backfilling news for Walmart for week 2025-03-11 00:00:00
[2025-04-29T20:51:40.811+0000] {news_api_client.py:37} INFO - Fetching news for Walmart from 2025-03-11 00:00:00 to 2025-03-18 00:00:00
[2025-04-29T20:51:41.065+0000] {news_api_client.py:50} ERROR - Error fetching news for Walmart: {'status': 'error', 'code': 'parameterInvalid', 'message': 'You are trying to request results too far in the past. Your plan permits you to request articles as far back as 2025-03-28, but you have requested 2025-03-11. You may need to upgrade to a paid plan.'}
[2025-04-29T20:51:41.066+0000] {backfill_historical_news.py:38} WARNING - No articles found for Walmart for week 2025-03-11 00:00:00
[2025-04-29T20:51:41.066+0000] {backfill_historical_news.py:28} INFO - Backfilling news for Walmart for week 2025-03-04 00:00:00
[2025-04-29T20:51:41.066+0000] {news_api_client.py:37} INFO - Fetching news for Walmart from 2025-03-04 00:00:00 to 2025-03-11 00:00:00
[2025-04-29T20:51:41.335+0000] {news_api_client.py:50} ERROR - Error fetching news for Walmart: {'status': 'error', 'code': 'parameterInvalid', 'message': 'You are trying to request results too far in the past. Your plan permits you to request articles as far back as 2025-03-28, but you have requested 2025-03-04. You may need to upgrade to a paid plan.'}
[2025-04-29T20:51:41.336+0000] {backfill_historical_news.py:38} WARNING - No articles found for Walmart for week 2025-03-04 00:00:00
[2025-04-29T20:51:41.337+0000] {backfill_historical_news.py:28} INFO - Backfilling news for Walmart for week 2025-02-25 00:00:00
[2025-04-29T20:51:41.337+0000] {news_api_client.py:37} INFO - Fetching news for Walmart from 2025-02-25 00:00:00 to 2025-03-04 00:00:00
[2025-04-29T20:51:41.591+0000] {news_api_client.py:50} ERROR - Error fetching news for Walmart: {'status': 'error', 'code': 'parameterInvalid', 'message': 'You are trying to request results too far in the past. Your plan permits you to request articles as far back as 2025-03-28, but you have requested 2025-02-25. You may need to upgrade to a paid plan.'}
[2025-04-29T20:51:41.592+0000] {backfill_historical_news.py:38} WARNING - No articles found for Walmart for week 2025-02-25 00:00:00
[2025-04-29T20:51:41.593+0000] {backfill_historical_news.py:28} INFO - Backfilling news for Walmart for week 2025-02-18 00:00:00
[2025-04-29T20:51:41.593+0000] {news_api_client.py:37} INFO - Fetching news for Walmart from 2025-02-18 00:00:00 to 2025-02-25 00:00:00
[2025-04-29T20:51:41.903+0000] {news_api_client.py:50} ERROR - Error fetching news for Walmart: {'status': 'error', 'code': 'parameterInvalid', 'message': 'You are trying to request results too far in the past. Your plan permits you to request articles as far back as 2025-03-28, but you have requested 2025-02-18. You may need to upgrade to a paid plan.'}
[2025-04-29T20:51:41.904+0000] {backfill_historical_news.py:38} WARNING - No articles found for Walmart for week 2025-02-18 00:00:00
[2025-04-29T20:51:41.904+0000] {backfill_historical_news.py:28} INFO - Backfilling news for Walmart for week 2025-02-11 00:00:00
[2025-04-29T20:51:41.904+0000] {news_api_client.py:37} INFO - Fetching news for Walmart from 2025-02-11 00:00:00 to 2025-02-18 00:00:00
[2025-04-29T20:51:42.163+0000] {news_api_client.py:50} ERROR - Error fetching news for Walmart: {'status': 'error', 'code': 'parameterInvalid', 'message': 'You are trying to request results too far in the past. Your plan permits you to request articles as far back as 2025-03-28, but you have requested 2025-02-11. You may need to upgrade to a paid plan.'}
[2025-04-29T20:51:42.164+0000] {backfill_historical_news.py:38} WARNING - No articles found for Walmart for week 2025-02-11 00:00:00
[2025-04-29T20:51:42.164+0000] {backfill_historical_news.py:28} INFO - Backfilling news for Visa for week 2025-04-29 00:00:00
[2025-04-29T20:51:42.165+0000] {news_api_client.py:37} INFO - Fetching news for Visa from 2025-04-29 00:00:00 to 2025-05-06 00:00:00
[2025-04-29T20:51:42.418+0000] {news_api_client.py:47} INFO - Retrieved 0 articles for Visa
[2025-04-29T20:51:42.419+0000] {backfill_historical_news.py:38} WARNING - No articles found for Visa for week 2025-04-29 00:00:00
[2025-04-29T20:51:42.419+0000] {backfill_historical_news.py:28} INFO - Backfilling news for Visa for week 2025-04-22 00:00:00
[2025-04-29T20:51:42.419+0000] {news_api_client.py:37} INFO - Fetching news for Visa from 2025-04-22 00:00:00 to 2025-04-29 00:00:00
[2025-04-29T20:51:42.704+0000] {news_api_client.py:47} INFO - Retrieved 10 articles for Visa
[2025-04-29T20:51:42.705+0000] {logging_mixin.py:190} INFO - Fetched 10 articles for Visa for week 2025-04-22 00:00:00
[2025-04-29T20:51:42.714+0000] {mongodb_client.py:55} INFO - Stored 10 articles for Visa for week 2025-04-22 00:00:00
[2025-04-29T20:51:42.714+0000] {logging_mixin.py:190} INFO - Stored 10 articles for Visa for week 2025-04-22 00:00:00
[2025-04-29T20:51:42.714+0000] {backfill_historical_news.py:28} INFO - Backfilling news for Visa for week 2025-04-15 00:00:00
[2025-04-29T20:51:42.715+0000] {news_api_client.py:37} INFO - Fetching news for Visa from 2025-04-15 00:00:00 to 2025-04-22 00:00:00
[2025-04-29T20:51:42.994+0000] {news_api_client.py:47} INFO - Retrieved 10 articles for Visa
[2025-04-29T20:51:42.995+0000] {logging_mixin.py:190} INFO - Fetched 10 articles for Visa for week 2025-04-15 00:00:00
[2025-04-29T20:51:43.004+0000] {mongodb_client.py:55} INFO - Stored 10 articles for Visa for week 2025-04-15 00:00:00
[2025-04-29T20:51:43.004+0000] {logging_mixin.py:190} INFO - Stored 10 articles for Visa for week 2025-04-15 00:00:00
[2025-04-29T20:51:43.005+0000] {backfill_historical_news.py:28} INFO - Backfilling news for Visa for week 2025-04-08 00:00:00
[2025-04-29T20:51:43.005+0000] {news_api_client.py:37} INFO - Fetching news for Visa from 2025-04-08 00:00:00 to 2025-04-15 00:00:00
[2025-04-29T20:51:43.356+0000] {news_api_client.py:47} INFO - Retrieved 10 articles for Visa
[2025-04-29T20:51:43.357+0000] {logging_mixin.py:190} INFO - Fetched 10 articles for Visa for week 2025-04-08 00:00:00
[2025-04-29T20:51:43.364+0000] {mongodb_client.py:55} INFO - Stored 10 articles for Visa for week 2025-04-08 00:00:00
[2025-04-29T20:51:43.365+0000] {logging_mixin.py:190} INFO - Stored 10 articles for Visa for week 2025-04-08 00:00:00
[2025-04-29T20:51:43.365+0000] {backfill_historical_news.py:28} INFO - Backfilling news for Visa for week 2025-04-01 00:00:00
[2025-04-29T20:51:43.365+0000] {news_api_client.py:37} INFO - Fetching news for Visa from 2025-04-01 00:00:00 to 2025-04-08 00:00:00
[2025-04-29T20:51:43.692+0000] {news_api_client.py:47} INFO - Retrieved 10 articles for Visa
[2025-04-29T20:51:43.693+0000] {logging_mixin.py:190} INFO - Fetched 10 articles for Visa for week 2025-04-01 00:00:00
[2025-04-29T20:51:43.700+0000] {mongodb_client.py:55} INFO - Stored 10 articles for Visa for week 2025-04-01 00:00:00
[2025-04-29T20:51:43.701+0000] {logging_mixin.py:190} INFO - Stored 10 articles for Visa for week 2025-04-01 00:00:00
[2025-04-29T20:51:43.701+0000] {backfill_historical_news.py:28} INFO - Backfilling news for Visa for week 2025-03-25 00:00:00
[2025-04-29T20:51:43.701+0000] {news_api_client.py:37} INFO - Fetching news for Visa from 2025-03-25 00:00:00 to 2025-04-01 00:00:00
[2025-04-29T20:51:43.972+0000] {news_api_client.py:50} ERROR - Error fetching news for Visa: {'status': 'error', 'code': 'parameterInvalid', 'message': 'You are trying to request results too far in the past. Your plan permits you to request articles as far back as 2025-03-28, but you have requested 2025-03-25. You may need to upgrade to a paid plan.'}
[2025-04-29T20:51:43.973+0000] {backfill_historical_news.py:38} WARNING - No articles found for Visa for week 2025-03-25 00:00:00
[2025-04-29T20:51:43.974+0000] {backfill_historical_news.py:28} INFO - Backfilling news for Visa for week 2025-03-18 00:00:00
[2025-04-29T20:51:43.974+0000] {news_api_client.py:37} INFO - Fetching news for Visa from 2025-03-18 00:00:00 to 2025-03-25 00:00:00
[2025-04-29T20:51:44.288+0000] {news_api_client.py:50} ERROR - Error fetching news for Visa: {'status': 'error', 'code': 'parameterInvalid', 'message': 'You are trying to request results too far in the past. Your plan permits you to request articles as far back as 2025-03-28, but you have requested 2025-03-18. You may need to upgrade to a paid plan.'}
[2025-04-29T20:51:44.289+0000] {backfill_historical_news.py:38} WARNING - No articles found for Visa for week 2025-03-18 00:00:00
[2025-04-29T20:51:44.289+0000] {backfill_historical_news.py:28} INFO - Backfilling news for Visa for week 2025-03-11 00:00:00
[2025-04-29T20:51:44.289+0000] {news_api_client.py:37} INFO - Fetching news for Visa from 2025-03-11 00:00:00 to 2025-03-18 00:00:00
[2025-04-29T20:51:44.554+0000] {news_api_client.py:50} ERROR - Error fetching news for Visa: {'status': 'error', 'code': 'parameterInvalid', 'message': 'You are trying to request results too far in the past. Your plan permits you to request articles as far back as 2025-03-28, but you have requested 2025-03-11. You may need to upgrade to a paid plan.'}
[2025-04-29T20:51:44.554+0000] {backfill_historical_news.py:38} WARNING - No articles found for Visa for week 2025-03-11 00:00:00
[2025-04-29T20:51:44.555+0000] {backfill_historical_news.py:28} INFO - Backfilling news for Visa for week 2025-03-04 00:00:00
[2025-04-29T20:51:44.555+0000] {news_api_client.py:37} INFO - Fetching news for Visa from 2025-03-04 00:00:00 to 2025-03-11 00:00:00
[2025-04-29T20:51:44.817+0000] {news_api_client.py:50} ERROR - Error fetching news for Visa: {'status': 'error', 'code': 'parameterInvalid', 'message': 'You are trying to request results too far in the past. Your plan permits you to request articles as far back as 2025-03-28, but you have requested 2025-03-04. You may need to upgrade to a paid plan.'}
[2025-04-29T20:51:44.818+0000] {backfill_historical_news.py:38} WARNING - No articles found for Visa for week 2025-03-04 00:00:00
[2025-04-29T20:51:44.818+0000] {backfill_historical_news.py:28} INFO - Backfilling news for Visa for week 2025-02-25 00:00:00
[2025-04-29T20:51:44.819+0000] {news_api_client.py:37} INFO - Fetching news for Visa from 2025-02-25 00:00:00 to 2025-03-04 00:00:00
[2025-04-29T20:51:45.075+0000] {news_api_client.py:50} ERROR - Error fetching news for Visa: {'status': 'error', 'code': 'parameterInvalid', 'message': 'You are trying to request results too far in the past. Your plan permits you to request articles as far back as 2025-03-28, but you have requested 2025-02-25. You may need to upgrade to a paid plan.'}
[2025-04-29T20:51:45.076+0000] {backfill_historical_news.py:38} WARNING - No articles found for Visa for week 2025-02-25 00:00:00
[2025-04-29T20:51:45.076+0000] {backfill_historical_news.py:28} INFO - Backfilling news for Visa for week 2025-02-18 00:00:00
[2025-04-29T20:51:45.077+0000] {news_api_client.py:37} INFO - Fetching news for Visa from 2025-02-18 00:00:00 to 2025-02-25 00:00:00
[2025-04-29T20:51:45.333+0000] {news_api_client.py:50} ERROR - Error fetching news for Visa: {'status': 'error', 'code': 'parameterInvalid', 'message': 'You are trying to request results too far in the past. Your plan permits you to request articles as far back as 2025-03-28, but you have requested 2025-02-18. You may need to upgrade to a paid plan.'}
[2025-04-29T20:51:45.335+0000] {backfill_historical_news.py:38} WARNING - No articles found for Visa for week 2025-02-18 00:00:00
[2025-04-29T20:51:45.336+0000] {backfill_historical_news.py:28} INFO - Backfilling news for Visa for week 2025-02-11 00:00:00
[2025-04-29T20:51:45.336+0000] {news_api_client.py:37} INFO - Fetching news for Visa from 2025-02-11 00:00:00 to 2025-02-18 00:00:00
[2025-04-29T20:51:45.600+0000] {news_api_client.py:50} ERROR - Error fetching news for Visa: {'status': 'error', 'code': 'parameterInvalid', 'message': 'You are trying to request results too far in the past. Your plan permits you to request articles as far back as 2025-03-28, but you have requested 2025-02-11. You may need to upgrade to a paid plan.'}
[2025-04-29T20:51:45.601+0000] {backfill_historical_news.py:38} WARNING - No articles found for Visa for week 2025-02-11 00:00:00
[2025-04-29T20:51:45.601+0000] {python.py:240} INFO - Done. Returned value was: None
[2025-04-29T20:51:45.610+0000] {taskinstance.py:340} INFO - ::group::Post task execution logs
[2025-04-29T20:51:45.611+0000] {taskinstance.py:352} INFO - Marking task as SUCCESS. dag_id=portfolio_news_pipeline, task_id=backfill_historical_news, run_id=manual__2025-04-29T20:51:12.528007+00:00, execution_date=20250429T205112, start_date=20250429T205114, end_date=20250429T205145
[2025-04-29T20:51:45.664+0000] {local_task_job_runner.py:266} INFO - Task exited with return code 0
[2025-04-29T20:51:45.687+0000] {taskinstance.py:3895} INFO - 1 downstream tasks scheduled from follow-on schedule check
[2025-04-29T20:51:45.689+0000] {local_task_job_runner.py:245} INFO - ::endgroup::
