[2025-04-29T20:51:50.843+0000] {local_task_job_runner.py:123} INFO - ::group::Pre task execution logs
[2025-04-29T20:51:50.863+0000] {taskinstance.py:2613} INFO - Dependencies all met for dep_context=non-requeueable deps ti=<TaskInstance: portfolio_news_pipeline.store_news manual__2025-04-29T20:51:12.528007+00:00 [queued]>
[2025-04-29T20:51:50.872+0000] {taskinstance.py:2613} INFO - Dependencies all met for dep_context=requeueable deps ti=<TaskInstance: portfolio_news_pipeline.store_news manual__2025-04-29T20:51:12.528007+00:00 [queued]>
[2025-04-29T20:51:50.873+0000] {taskinstance.py:2866} INFO - Starting attempt 1 of 2
[2025-04-29T20:51:50.884+0000] {taskinstance.py:2889} INFO - Executing <Task(_PythonDecoratedOperator): store_news> on 2025-04-29 20:51:12.528007+00:00
[2025-04-29T20:51:50.889+0000] {warnings.py:112} WARNING - /home/***/.local/lib/python3.12/site-packages/***/task/task_runner/standard_task_runner.py:70: DeprecationWarning: This process (pid=120) is multi-threaded, use of fork() may lead to deadlocks in the child.
  pid = os.fork()

[2025-04-29T20:51:50.890+0000] {standard_task_runner.py:72} INFO - Started process 123 to run task
[2025-04-29T20:51:50.890+0000] {standard_task_runner.py:104} INFO - Running: ['***', 'tasks', 'run', 'portfolio_news_pipeline', 'store_news', 'manual__2025-04-29T20:51:12.528007+00:00', '--job-id', '24', '--raw', '--subdir', 'DAGS_FOLDER/news_pipeline.py', '--cfg-path', '/tmp/tmpj4e29qff']
[2025-04-29T20:51:50.891+0000] {standard_task_runner.py:105} INFO - Job 24: Subtask store_news
[2025-04-29T20:51:50.926+0000] {task_command.py:467} INFO - Running <TaskInstance: portfolio_news_pipeline.store_news manual__2025-04-29T20:51:12.528007+00:00 [running]> on host 67118760a44b
[2025-04-29T20:51:51.072+0000] {taskinstance.py:3132} INFO - Exporting env vars: AIRFLOW_CTX_DAG_OWNER='***' AIRFLOW_CTX_DAG_ID='portfolio_news_pipeline' AIRFLOW_CTX_TASK_ID='store_news' AIRFLOW_CTX_EXECUTION_DATE='2025-04-29T20:51:12.528007+00:00' AIRFLOW_CTX_TRY_NUMBER='1' AIRFLOW_CTX_DAG_RUN_ID='manual__2025-04-29T20:51:12.528007+00:00'
[2025-04-29T20:51:51.073+0000] {taskinstance.py:731} INFO - ::endgroup::
[2025-04-29T20:51:51.084+0000] {mongodb_client.py:26} INFO - Connected to MongoDB successfully
[2025-04-29T20:51:51.085+0000] {store_news.py:33} INFO - Storing 6 articles for Apple
[2025-04-29T20:51:51.098+0000] {mongodb_client.py:55} INFO - Stored 6 articles for Apple for week 2025-04-22 20:51:46.991473
[2025-04-29T20:51:51.098+0000] {store_news.py:33} INFO - Storing 7 articles for Microsoft
[2025-04-29T20:51:51.105+0000] {mongodb_client.py:55} INFO - Stored 7 articles for Microsoft for week 2025-04-22 20:51:46.991473
[2025-04-29T20:51:51.105+0000] {store_news.py:33} INFO - Storing 9 articles for Alphabet
[2025-04-29T20:51:51.114+0000] {mongodb_client.py:55} INFO - Stored 9 articles for Alphabet for week 2025-04-22 20:51:46.991473
[2025-04-29T20:51:51.115+0000] {store_news.py:33} INFO - Storing 8 articles for Amazon
[2025-04-29T20:51:51.122+0000] {mongodb_client.py:55} INFO - Stored 8 articles for Amazon for week 2025-04-22 20:51:46.991473
[2025-04-29T20:51:51.122+0000] {store_news.py:33} INFO - Storing 10 articles for Tesla
[2025-04-29T20:51:51.132+0000] {mongodb_client.py:55} INFO - Stored 10 articles for Tesla for week 2025-04-22 20:51:46.991473
[2025-04-29T20:51:51.133+0000] {store_news.py:36} WARNING - No articles to store for NVIDIA
[2025-04-29T20:51:51.133+0000] {store_news.py:36} WARNING - No articles to store for Meta
[2025-04-29T20:51:51.134+0000] {store_news.py:33} INFO - Storing 10 articles for JPMorgan
[2025-04-29T20:51:51.143+0000] {mongodb_client.py:55} INFO - Stored 10 articles for JPMorgan for week 2025-04-22 20:51:46.991473
[2025-04-29T20:51:51.144+0000] {store_news.py:33} INFO - Storing 7 articles for Walmart
[2025-04-29T20:51:51.151+0000] {mongodb_client.py:55} INFO - Stored 7 articles for Walmart for week 2025-04-22 20:51:46.991473
[2025-04-29T20:51:51.151+0000] {store_news.py:33} INFO - Storing 10 articles for Visa
[2025-04-29T20:51:51.163+0000] {mongodb_client.py:55} INFO - Stored 10 articles for Visa for week 2025-04-22 20:51:46.991473
[2025-04-29T20:51:51.164+0000] {store_news.py:42} INFO - MongoDB connection closed
[2025-04-29T20:51:51.165+0000] {python.py:240} INFO - Done. Returned value was: None
[2025-04-29T20:51:51.175+0000] {taskinstance.py:340} INFO - ::group::Post task execution logs
[2025-04-29T20:51:51.176+0000] {taskinstance.py:352} INFO - Marking task as SUCCESS. dag_id=portfolio_news_pipeline, task_id=store_news, run_id=manual__2025-04-29T20:51:12.528007+00:00, execution_date=20250429T205112, start_date=20250429T205150, end_date=20250429T205151
[2025-04-29T20:51:51.224+0000] {local_task_job_runner.py:266} INFO - Task exited with return code 0
[2025-04-29T20:51:51.248+0000] {taskinstance.py:3895} INFO - 0 downstream tasks scheduled from follow-on schedule check
[2025-04-29T20:51:51.251+0000] {local_task_job_runner.py:245} INFO - ::endgroup::
