[2025-04-29T20:43:39.498+0000] {local_task_job_runner.py:123} INFO - ::group::Pre task execution logs
[2025-04-29T20:43:39.515+0000] {taskinstance.py:2613} INFO - Dependencies all met for dep_context=non-requeueable deps ti=<TaskInstance: portfolio_news_pipeline.check_historical_news manual__2025-04-29T20:43:38.495539+00:00 [queued]>
[2025-04-29T20:43:39.522+0000] {taskinstance.py:2613} INFO - Dependencies all met for dep_context=requeueable deps ti=<TaskInstance: portfolio_news_pipeline.check_historical_news manual__2025-04-29T20:43:38.495539+00:00 [queued]>
[2025-04-29T20:43:39.523+0000] {taskinstance.py:2866} INFO - Starting attempt 1 of 2
[2025-04-29T20:43:39.540+0000] {taskinstance.py:2889} INFO - Executing <Task(_PythonDecoratedOperator): check_historical_news> on 2025-04-29 20:43:38.495539+00:00
[2025-04-29T20:43:39.547+0000] {warnings.py:112} WARNING - /home/***/.local/lib/python3.12/site-packages/***/task/task_runner/standard_task_runner.py:70: DeprecationWarning: This process (pid=649) is multi-threaded, use of fork() may lead to deadlocks in the child.
  pid = os.fork()

[2025-04-29T20:43:39.549+0000] {standard_task_runner.py:72} INFO - Started process 652 to run task
[2025-04-29T20:43:39.549+0000] {standard_task_runner.py:104} INFO - Running: ['***', 'tasks', 'run', 'portfolio_news_pipeline', 'check_historical_news', 'manual__2025-04-29T20:43:38.495539+00:00', '--job-id', '11', '--raw', '--subdir', 'DAGS_FOLDER/news_pipeline.py', '--cfg-path', '/tmp/tmpcxqx1q35']
[2025-04-29T20:43:39.550+0000] {standard_task_runner.py:105} INFO - Job 11: Subtask check_historical_news
[2025-04-29T20:43:39.592+0000] {task_command.py:467} INFO - Running <TaskInstance: portfolio_news_pipeline.check_historical_news manual__2025-04-29T20:43:38.495539+00:00 [running]> on host 67118760a44b
[2025-04-29T20:43:39.672+0000] {taskinstance.py:3132} INFO - Exporting env vars: AIRFLOW_CTX_DAG_OWNER='***' AIRFLOW_CTX_DAG_ID='portfolio_news_pipeline' AIRFLOW_CTX_TASK_ID='check_historical_news' AIRFLOW_CTX_EXECUTION_DATE='2025-04-29T20:43:38.495539+00:00' AIRFLOW_CTX_TRY_NUMBER='1' AIRFLOW_CTX_DAG_RUN_ID='manual__2025-04-29T20:43:38.495539+00:00'
[2025-04-29T20:43:39.673+0000] {taskinstance.py:731} INFO - ::endgroup::
[2025-04-29T20:43:39.693+0000] {mongodb_client.py:26} INFO - Connected to MongoDB successfully
[2025-04-29T20:43:39.704+0000] {logging_mixin.py:190} INFO - 115
[2025-04-29T20:43:39.707+0000] {mongodb_client.py:77} INFO - News for Apple on week 2025-04-29 00:00:00: missing
[2025-04-29T20:43:39.708+0000] {check_historical_news.py:35} INFO - Missing news for Apple for week 2025-04-29 00:00:00
[2025-04-29T20:43:39.711+0000] {mongodb_client.py:77} INFO - News for Apple on week 2025-04-22 00:00:00: exists
[2025-04-29T20:43:39.713+0000] {mongodb_client.py:77} INFO - News for Apple on week 2025-04-15 00:00:00: exists
[2025-04-29T20:43:39.716+0000] {mongodb_client.py:77} INFO - News for Apple on week 2025-04-08 00:00:00: exists
[2025-04-29T20:43:39.718+0000] {mongodb_client.py:77} INFO - News for Apple on week 2025-04-01 00:00:00: exists
[2025-04-29T20:43:39.720+0000] {mongodb_client.py:77} INFO - News for Apple on week 2025-03-25 00:00:00: missing
[2025-04-29T20:43:39.721+0000] {check_historical_news.py:35} INFO - Missing news for Apple for week 2025-03-25 00:00:00
[2025-04-29T20:43:39.723+0000] {mongodb_client.py:77} INFO - News for Apple on week 2025-03-18 00:00:00: missing
[2025-04-29T20:43:39.723+0000] {check_historical_news.py:35} INFO - Missing news for Apple for week 2025-03-18 00:00:00
[2025-04-29T20:43:39.725+0000] {mongodb_client.py:77} INFO - News for Apple on week 2025-03-11 00:00:00: missing
[2025-04-29T20:43:39.725+0000] {check_historical_news.py:35} INFO - Missing news for Apple for week 2025-03-11 00:00:00
[2025-04-29T20:43:39.727+0000] {mongodb_client.py:77} INFO - News for Apple on week 2025-03-04 00:00:00: missing
[2025-04-29T20:43:39.727+0000] {check_historical_news.py:35} INFO - Missing news for Apple for week 2025-03-04 00:00:00
[2025-04-29T20:43:39.729+0000] {mongodb_client.py:77} INFO - News for Apple on week 2025-02-25 00:00:00: missing
[2025-04-29T20:43:39.729+0000] {check_historical_news.py:35} INFO - Missing news for Apple for week 2025-02-25 00:00:00
[2025-04-29T20:43:39.731+0000] {mongodb_client.py:77} INFO - News for Apple on week 2025-02-18 00:00:00: missing
[2025-04-29T20:43:39.731+0000] {check_historical_news.py:35} INFO - Missing news for Apple for week 2025-02-18 00:00:00
[2025-04-29T20:43:39.733+0000] {mongodb_client.py:77} INFO - News for Apple on week 2025-02-11 00:00:00: missing
[2025-04-29T20:43:39.733+0000] {check_historical_news.py:35} INFO - Missing news for Apple for week 2025-02-11 00:00:00
[2025-04-29T20:43:39.735+0000] {mongodb_client.py:77} INFO - News for Microsoft on week 2025-04-29 00:00:00: missing
[2025-04-29T20:43:39.736+0000] {check_historical_news.py:35} INFO - Missing news for Microsoft for week 2025-04-29 00:00:00
[2025-04-29T20:43:39.737+0000] {mongodb_client.py:77} INFO - News for Microsoft on week 2025-04-22 00:00:00: exists
[2025-04-29T20:43:39.739+0000] {mongodb_client.py:77} INFO - News for Microsoft on week 2025-04-15 00:00:00: exists
[2025-04-29T20:43:39.740+0000] {mongodb_client.py:77} INFO - News for Microsoft on week 2025-04-08 00:00:00: exists
[2025-04-29T20:43:39.741+0000] {mongodb_client.py:77} INFO - News for Microsoft on week 2025-04-01 00:00:00: exists
[2025-04-29T20:43:39.743+0000] {mongodb_client.py:77} INFO - News for Microsoft on week 2025-03-25 00:00:00: missing
[2025-04-29T20:43:39.743+0000] {check_historical_news.py:35} INFO - Missing news for Microsoft for week 2025-03-25 00:00:00
[2025-04-29T20:43:39.746+0000] {mongodb_client.py:77} INFO - News for Microsoft on week 2025-03-18 00:00:00: missing
[2025-04-29T20:43:39.747+0000] {check_historical_news.py:35} INFO - Missing news for Microsoft for week 2025-03-18 00:00:00
[2025-04-29T20:43:39.749+0000] {mongodb_client.py:77} INFO - News for Microsoft on week 2025-03-11 00:00:00: missing
[2025-04-29T20:43:39.749+0000] {check_historical_news.py:35} INFO - Missing news for Microsoft for week 2025-03-11 00:00:00
[2025-04-29T20:43:39.751+0000] {mongodb_client.py:77} INFO - News for Microsoft on week 2025-03-04 00:00:00: missing
[2025-04-29T20:43:39.751+0000] {check_historical_news.py:35} INFO - Missing news for Microsoft for week 2025-03-04 00:00:00
[2025-04-29T20:43:39.753+0000] {mongodb_client.py:77} INFO - News for Microsoft on week 2025-02-25 00:00:00: missing
[2025-04-29T20:43:39.753+0000] {check_historical_news.py:35} INFO - Missing news for Microsoft for week 2025-02-25 00:00:00
[2025-04-29T20:43:39.755+0000] {mongodb_client.py:77} INFO - News for Microsoft on week 2025-02-18 00:00:00: missing
[2025-04-29T20:43:39.755+0000] {check_historical_news.py:35} INFO - Missing news for Microsoft for week 2025-02-18 00:00:00
[2025-04-29T20:43:39.757+0000] {mongodb_client.py:77} INFO - News for Microsoft on week 2025-02-11 00:00:00: missing
[2025-04-29T20:43:39.757+0000] {check_historical_news.py:35} INFO - Missing news for Microsoft for week 2025-02-11 00:00:00
[2025-04-29T20:43:39.759+0000] {mongodb_client.py:77} INFO - News for Alphabet on week 2025-04-29 00:00:00: missing
[2025-04-29T20:43:39.759+0000] {check_historical_news.py:35} INFO - Missing news for Alphabet for week 2025-04-29 00:00:00
[2025-04-29T20:43:39.760+0000] {mongodb_client.py:77} INFO - News for Alphabet on week 2025-04-22 00:00:00: missing
[2025-04-29T20:43:39.761+0000] {check_historical_news.py:35} INFO - Missing news for Alphabet for week 2025-04-22 00:00:00
[2025-04-29T20:43:39.762+0000] {mongodb_client.py:77} INFO - News for Alphabet on week 2025-04-15 00:00:00: missing
[2025-04-29T20:43:39.762+0000] {check_historical_news.py:35} INFO - Missing news for Alphabet for week 2025-04-15 00:00:00
[2025-04-29T20:43:39.764+0000] {mongodb_client.py:77} INFO - News for Alphabet on week 2025-04-08 00:00:00: missing
[2025-04-29T20:43:39.764+0000] {check_historical_news.py:35} INFO - Missing news for Alphabet for week 2025-04-08 00:00:00
[2025-04-29T20:43:39.765+0000] {mongodb_client.py:77} INFO - News for Alphabet on week 2025-04-01 00:00:00: missing
[2025-04-29T20:43:39.766+0000] {check_historical_news.py:35} INFO - Missing news for Alphabet for week 2025-04-01 00:00:00
[2025-04-29T20:43:39.767+0000] {mongodb_client.py:77} INFO - News for Alphabet on week 2025-03-25 00:00:00: missing
[2025-04-29T20:43:39.768+0000] {check_historical_news.py:35} INFO - Missing news for Alphabet for week 2025-03-25 00:00:00
[2025-04-29T20:43:39.769+0000] {mongodb_client.py:77} INFO - News for Alphabet on week 2025-03-18 00:00:00: missing
[2025-04-29T20:43:39.769+0000] {check_historical_news.py:35} INFO - Missing news for Alphabet for week 2025-03-18 00:00:00
[2025-04-29T20:43:39.771+0000] {mongodb_client.py:77} INFO - News for Alphabet on week 2025-03-11 00:00:00: missing
[2025-04-29T20:43:39.771+0000] {check_historical_news.py:35} INFO - Missing news for Alphabet for week 2025-03-11 00:00:00
[2025-04-29T20:43:39.773+0000] {mongodb_client.py:77} INFO - News for Alphabet on week 2025-03-04 00:00:00: missing
[2025-04-29T20:43:39.773+0000] {check_historical_news.py:35} INFO - Missing news for Alphabet for week 2025-03-04 00:00:00
[2025-04-29T20:43:39.775+0000] {mongodb_client.py:77} INFO - News for Alphabet on week 2025-02-25 00:00:00: missing
[2025-04-29T20:43:39.775+0000] {check_historical_news.py:35} INFO - Missing news for Alphabet for week 2025-02-25 00:00:00
[2025-04-29T20:43:39.777+0000] {mongodb_client.py:77} INFO - News for Alphabet on week 2025-02-18 00:00:00: missing
[2025-04-29T20:43:39.777+0000] {check_historical_news.py:35} INFO - Missing news for Alphabet for week 2025-02-18 00:00:00
[2025-04-29T20:43:39.779+0000] {mongodb_client.py:77} INFO - News for Alphabet on week 2025-02-11 00:00:00: missing
[2025-04-29T20:43:39.780+0000] {check_historical_news.py:35} INFO - Missing news for Alphabet for week 2025-02-11 00:00:00
[2025-04-29T20:43:39.782+0000] {mongodb_client.py:77} INFO - News for Amazon on week 2025-04-29 00:00:00: missing
[2025-04-29T20:43:39.782+0000] {check_historical_news.py:35} INFO - Missing news for Amazon for week 2025-04-29 00:00:00
[2025-04-29T20:43:39.784+0000] {mongodb_client.py:77} INFO - News for Amazon on week 2025-04-22 00:00:00: missing
[2025-04-29T20:43:39.785+0000] {check_historical_news.py:35} INFO - Missing news for Amazon for week 2025-04-22 00:00:00
[2025-04-29T20:43:39.787+0000] {mongodb_client.py:77} INFO - News for Amazon on week 2025-04-15 00:00:00: missing
[2025-04-29T20:43:39.787+0000] {check_historical_news.py:35} INFO - Missing news for Amazon for week 2025-04-15 00:00:00
[2025-04-29T20:43:39.789+0000] {mongodb_client.py:77} INFO - News for Amazon on week 2025-04-08 00:00:00: missing
[2025-04-29T20:43:39.789+0000] {check_historical_news.py:35} INFO - Missing news for Amazon for week 2025-04-08 00:00:00
[2025-04-29T20:43:39.791+0000] {mongodb_client.py:77} INFO - News for Amazon on week 2025-04-01 00:00:00: missing
[2025-04-29T20:43:39.791+0000] {check_historical_news.py:35} INFO - Missing news for Amazon for week 2025-04-01 00:00:00
[2025-04-29T20:43:39.793+0000] {mongodb_client.py:77} INFO - News for Amazon on week 2025-03-25 00:00:00: missing
[2025-04-29T20:43:39.793+0000] {check_historical_news.py:35} INFO - Missing news for Amazon for week 2025-03-25 00:00:00
[2025-04-29T20:43:39.795+0000] {mongodb_client.py:77} INFO - News for Amazon on week 2025-03-18 00:00:00: missing
[2025-04-29T20:43:39.796+0000] {check_historical_news.py:35} INFO - Missing news for Amazon for week 2025-03-18 00:00:00
[2025-04-29T20:43:39.798+0000] {mongodb_client.py:77} INFO - News for Amazon on week 2025-03-11 00:00:00: missing
[2025-04-29T20:43:39.799+0000] {check_historical_news.py:35} INFO - Missing news for Amazon for week 2025-03-11 00:00:00
[2025-04-29T20:43:39.800+0000] {mongodb_client.py:77} INFO - News for Amazon on week 2025-03-04 00:00:00: missing
[2025-04-29T20:43:39.801+0000] {check_historical_news.py:35} INFO - Missing news for Amazon for week 2025-03-04 00:00:00
[2025-04-29T20:43:39.803+0000] {mongodb_client.py:77} INFO - News for Amazon on week 2025-02-25 00:00:00: missing
[2025-04-29T20:43:39.803+0000] {check_historical_news.py:35} INFO - Missing news for Amazon for week 2025-02-25 00:00:00
[2025-04-29T20:43:39.805+0000] {mongodb_client.py:77} INFO - News for Amazon on week 2025-02-18 00:00:00: missing
[2025-04-29T20:43:39.806+0000] {check_historical_news.py:35} INFO - Missing news for Amazon for week 2025-02-18 00:00:00
[2025-04-29T20:43:39.807+0000] {mongodb_client.py:77} INFO - News for Amazon on week 2025-02-11 00:00:00: missing
[2025-04-29T20:43:39.808+0000] {check_historical_news.py:35} INFO - Missing news for Amazon for week 2025-02-11 00:00:00
[2025-04-29T20:43:39.810+0000] {mongodb_client.py:77} INFO - News for Tesla on week 2025-04-29 00:00:00: missing
[2025-04-29T20:43:39.810+0000] {check_historical_news.py:35} INFO - Missing news for Tesla for week 2025-04-29 00:00:00
[2025-04-29T20:43:39.812+0000] {mongodb_client.py:77} INFO - News for Tesla on week 2025-04-22 00:00:00: exists
[2025-04-29T20:43:39.814+0000] {mongodb_client.py:77} INFO - News for Tesla on week 2025-04-15 00:00:00: exists
[2025-04-29T20:43:39.815+0000] {mongodb_client.py:77} INFO - News for Tesla on week 2025-04-08 00:00:00: exists
[2025-04-29T20:43:39.817+0000] {mongodb_client.py:77} INFO - News for Tesla on week 2025-04-01 00:00:00: exists
[2025-04-29T20:43:39.818+0000] {mongodb_client.py:77} INFO - News for Tesla on week 2025-03-25 00:00:00: missing
[2025-04-29T20:43:39.819+0000] {check_historical_news.py:35} INFO - Missing news for Tesla for week 2025-03-25 00:00:00
[2025-04-29T20:43:39.821+0000] {mongodb_client.py:77} INFO - News for Tesla on week 2025-03-18 00:00:00: missing
[2025-04-29T20:43:39.821+0000] {check_historical_news.py:35} INFO - Missing news for Tesla for week 2025-03-18 00:00:00
[2025-04-29T20:43:39.823+0000] {mongodb_client.py:77} INFO - News for Tesla on week 2025-03-11 00:00:00: missing
[2025-04-29T20:43:39.823+0000] {check_historical_news.py:35} INFO - Missing news for Tesla for week 2025-03-11 00:00:00
[2025-04-29T20:43:39.825+0000] {mongodb_client.py:77} INFO - News for Tesla on week 2025-03-04 00:00:00: missing
[2025-04-29T20:43:39.825+0000] {check_historical_news.py:35} INFO - Missing news for Tesla for week 2025-03-04 00:00:00
[2025-04-29T20:43:39.827+0000] {mongodb_client.py:77} INFO - News for Tesla on week 2025-02-25 00:00:00: missing
[2025-04-29T20:43:39.827+0000] {check_historical_news.py:35} INFO - Missing news for Tesla for week 2025-02-25 00:00:00
[2025-04-29T20:43:39.829+0000] {mongodb_client.py:77} INFO - News for Tesla on week 2025-02-18 00:00:00: missing
[2025-04-29T20:43:39.829+0000] {check_historical_news.py:35} INFO - Missing news for Tesla for week 2025-02-18 00:00:00
[2025-04-29T20:43:39.831+0000] {mongodb_client.py:77} INFO - News for Tesla on week 2025-02-11 00:00:00: missing
[2025-04-29T20:43:39.831+0000] {check_historical_news.py:35} INFO - Missing news for Tesla for week 2025-02-11 00:00:00
[2025-04-29T20:43:39.834+0000] {mongodb_client.py:77} INFO - News for NVIDIA on week 2025-04-29 00:00:00: missing
[2025-04-29T20:43:39.834+0000] {check_historical_news.py:35} INFO - Missing news for NVIDIA for week 2025-04-29 00:00:00
[2025-04-29T20:43:39.836+0000] {mongodb_client.py:77} INFO - News for NVIDIA on week 2025-04-22 00:00:00: missing
[2025-04-29T20:43:39.836+0000] {check_historical_news.py:35} INFO - Missing news for NVIDIA for week 2025-04-22 00:00:00
[2025-04-29T20:43:39.839+0000] {mongodb_client.py:77} INFO - News for NVIDIA on week 2025-04-15 00:00:00: missing
[2025-04-29T20:43:39.839+0000] {check_historical_news.py:35} INFO - Missing news for NVIDIA for week 2025-04-15 00:00:00
[2025-04-29T20:43:39.841+0000] {mongodb_client.py:77} INFO - News for NVIDIA on week 2025-04-08 00:00:00: missing
[2025-04-29T20:43:39.842+0000] {check_historical_news.py:35} INFO - Missing news for NVIDIA for week 2025-04-08 00:00:00
[2025-04-29T20:43:39.844+0000] {mongodb_client.py:77} INFO - News for NVIDIA on week 2025-04-01 00:00:00: missing
[2025-04-29T20:43:39.845+0000] {check_historical_news.py:35} INFO - Missing news for NVIDIA for week 2025-04-01 00:00:00
[2025-04-29T20:43:39.846+0000] {mongodb_client.py:77} INFO - News for NVIDIA on week 2025-03-25 00:00:00: missing
[2025-04-29T20:43:39.847+0000] {check_historical_news.py:35} INFO - Missing news for NVIDIA for week 2025-03-25 00:00:00
[2025-04-29T20:43:39.849+0000] {mongodb_client.py:77} INFO - News for NVIDIA on week 2025-03-18 00:00:00: missing
[2025-04-29T20:43:39.850+0000] {check_historical_news.py:35} INFO - Missing news for NVIDIA for week 2025-03-18 00:00:00
[2025-04-29T20:43:39.852+0000] {mongodb_client.py:77} INFO - News for NVIDIA on week 2025-03-11 00:00:00: missing
[2025-04-29T20:43:39.853+0000] {check_historical_news.py:35} INFO - Missing news for NVIDIA for week 2025-03-11 00:00:00
[2025-04-29T20:43:39.856+0000] {mongodb_client.py:77} INFO - News for NVIDIA on week 2025-03-04 00:00:00: missing
[2025-04-29T20:43:39.856+0000] {check_historical_news.py:35} INFO - Missing news for NVIDIA for week 2025-03-04 00:00:00
[2025-04-29T20:43:39.858+0000] {mongodb_client.py:77} INFO - News for NVIDIA on week 2025-02-25 00:00:00: missing
[2025-04-29T20:43:39.859+0000] {check_historical_news.py:35} INFO - Missing news for NVIDIA for week 2025-02-25 00:00:00
[2025-04-29T20:43:39.861+0000] {mongodb_client.py:77} INFO - News for NVIDIA on week 2025-02-18 00:00:00: missing
[2025-04-29T20:43:39.862+0000] {check_historical_news.py:35} INFO - Missing news for NVIDIA for week 2025-02-18 00:00:00
[2025-04-29T20:43:39.864+0000] {mongodb_client.py:77} INFO - News for NVIDIA on week 2025-02-11 00:00:00: missing
[2025-04-29T20:43:39.864+0000] {check_historical_news.py:35} INFO - Missing news for NVIDIA for week 2025-02-11 00:00:00
[2025-04-29T20:43:39.866+0000] {mongodb_client.py:77} INFO - News for Meta on week 2025-04-29 00:00:00: missing
[2025-04-29T20:43:39.867+0000] {check_historical_news.py:35} INFO - Missing news for Meta for week 2025-04-29 00:00:00
[2025-04-29T20:43:39.869+0000] {mongodb_client.py:77} INFO - News for Meta on week 2025-04-22 00:00:00: missing
[2025-04-29T20:43:39.870+0000] {check_historical_news.py:35} INFO - Missing news for Meta for week 2025-04-22 00:00:00
[2025-04-29T20:43:39.872+0000] {mongodb_client.py:77} INFO - News for Meta on week 2025-04-15 00:00:00: missing
[2025-04-29T20:43:39.873+0000] {check_historical_news.py:35} INFO - Missing news for Meta for week 2025-04-15 00:00:00
[2025-04-29T20:43:39.875+0000] {mongodb_client.py:77} INFO - News for Meta on week 2025-04-08 00:00:00: missing
[2025-04-29T20:43:39.875+0000] {check_historical_news.py:35} INFO - Missing news for Meta for week 2025-04-08 00:00:00
[2025-04-29T20:43:39.876+0000] {mongodb_client.py:77} INFO - News for Meta on week 2025-04-01 00:00:00: missing
[2025-04-29T20:43:39.877+0000] {check_historical_news.py:35} INFO - Missing news for Meta for week 2025-04-01 00:00:00
[2025-04-29T20:43:39.879+0000] {mongodb_client.py:77} INFO - News for Meta on week 2025-03-25 00:00:00: missing
[2025-04-29T20:43:39.879+0000] {check_historical_news.py:35} INFO - Missing news for Meta for week 2025-03-25 00:00:00
[2025-04-29T20:43:39.881+0000] {mongodb_client.py:77} INFO - News for Meta on week 2025-03-18 00:00:00: missing
[2025-04-29T20:43:39.882+0000] {check_historical_news.py:35} INFO - Missing news for Meta for week 2025-03-18 00:00:00
[2025-04-29T20:43:39.883+0000] {mongodb_client.py:77} INFO - News for Meta on week 2025-03-11 00:00:00: missing
[2025-04-29T20:43:39.884+0000] {check_historical_news.py:35} INFO - Missing news for Meta for week 2025-03-11 00:00:00
[2025-04-29T20:43:39.886+0000] {mongodb_client.py:77} INFO - News for Meta on week 2025-03-04 00:00:00: missing
[2025-04-29T20:43:39.886+0000] {check_historical_news.py:35} INFO - Missing news for Meta for week 2025-03-04 00:00:00
[2025-04-29T20:43:39.888+0000] {mongodb_client.py:77} INFO - News for Meta on week 2025-02-25 00:00:00: missing
[2025-04-29T20:43:39.889+0000] {check_historical_news.py:35} INFO - Missing news for Meta for week 2025-02-25 00:00:00
[2025-04-29T20:43:39.891+0000] {mongodb_client.py:77} INFO - News for Meta on week 2025-02-18 00:00:00: missing
[2025-04-29T20:43:39.891+0000] {check_historical_news.py:35} INFO - Missing news for Meta for week 2025-02-18 00:00:00
[2025-04-29T20:43:39.893+0000] {mongodb_client.py:77} INFO - News for Meta on week 2025-02-11 00:00:00: missing
[2025-04-29T20:43:39.893+0000] {check_historical_news.py:35} INFO - Missing news for Meta for week 2025-02-11 00:00:00
[2025-04-29T20:43:39.895+0000] {mongodb_client.py:77} INFO - News for JPMorgan on week 2025-04-29 00:00:00: missing
[2025-04-29T20:43:39.895+0000] {check_historical_news.py:35} INFO - Missing news for JPMorgan for week 2025-04-29 00:00:00
[2025-04-29T20:43:39.897+0000] {mongodb_client.py:77} INFO - News for JPMorgan on week 2025-04-22 00:00:00: missing
[2025-04-29T20:43:39.897+0000] {check_historical_news.py:35} INFO - Missing news for JPMorgan for week 2025-04-22 00:00:00
[2025-04-29T20:43:39.900+0000] {mongodb_client.py:77} INFO - News for JPMorgan on week 2025-04-15 00:00:00: missing
[2025-04-29T20:43:39.900+0000] {check_historical_news.py:35} INFO - Missing news for JPMorgan for week 2025-04-15 00:00:00
[2025-04-29T20:43:39.903+0000] {mongodb_client.py:77} INFO - News for JPMorgan on week 2025-04-08 00:00:00: missing
[2025-04-29T20:43:39.903+0000] {check_historical_news.py:35} INFO - Missing news for JPMorgan for week 2025-04-08 00:00:00
[2025-04-29T20:43:39.905+0000] {mongodb_client.py:77} INFO - News for JPMorgan on week 2025-04-01 00:00:00: missing
[2025-04-29T20:43:39.906+0000] {check_historical_news.py:35} INFO - Missing news for JPMorgan for week 2025-04-01 00:00:00
[2025-04-29T20:43:39.908+0000] {mongodb_client.py:77} INFO - News for JPMorgan on week 2025-03-25 00:00:00: missing
[2025-04-29T20:43:39.909+0000] {check_historical_news.py:35} INFO - Missing news for JPMorgan for week 2025-03-25 00:00:00
[2025-04-29T20:43:39.911+0000] {mongodb_client.py:77} INFO - News for JPMorgan on week 2025-03-18 00:00:00: missing
[2025-04-29T20:43:39.911+0000] {check_historical_news.py:35} INFO - Missing news for JPMorgan for week 2025-03-18 00:00:00
[2025-04-29T20:43:39.914+0000] {mongodb_client.py:77} INFO - News for JPMorgan on week 2025-03-11 00:00:00: missing
[2025-04-29T20:43:39.914+0000] {check_historical_news.py:35} INFO - Missing news for JPMorgan for week 2025-03-11 00:00:00
[2025-04-29T20:43:39.916+0000] {mongodb_client.py:77} INFO - News for JPMorgan on week 2025-03-04 00:00:00: missing
[2025-04-29T20:43:39.916+0000] {check_historical_news.py:35} INFO - Missing news for JPMorgan for week 2025-03-04 00:00:00
[2025-04-29T20:43:39.918+0000] {mongodb_client.py:77} INFO - News for JPMorgan on week 2025-02-25 00:00:00: missing
[2025-04-29T20:43:39.918+0000] {check_historical_news.py:35} INFO - Missing news for JPMorgan for week 2025-02-25 00:00:00
[2025-04-29T20:43:39.920+0000] {mongodb_client.py:77} INFO - News for JPMorgan on week 2025-02-18 00:00:00: missing
[2025-04-29T20:43:39.921+0000] {check_historical_news.py:35} INFO - Missing news for JPMorgan for week 2025-02-18 00:00:00
[2025-04-29T20:43:39.922+0000] {mongodb_client.py:77} INFO - News for JPMorgan on week 2025-02-11 00:00:00: missing
[2025-04-29T20:43:39.922+0000] {check_historical_news.py:35} INFO - Missing news for JPMorgan for week 2025-02-11 00:00:00
[2025-04-29T20:43:39.924+0000] {mongodb_client.py:77} INFO - News for Walmart on week 2025-04-29 00:00:00: missing
[2025-04-29T20:43:39.924+0000] {check_historical_news.py:35} INFO - Missing news for Walmart for week 2025-04-29 00:00:00
[2025-04-29T20:43:39.926+0000] {mongodb_client.py:77} INFO - News for Walmart on week 2025-04-22 00:00:00: missing
[2025-04-29T20:43:39.927+0000] {check_historical_news.py:35} INFO - Missing news for Walmart for week 2025-04-22 00:00:00
[2025-04-29T20:43:39.928+0000] {mongodb_client.py:77} INFO - News for Walmart on week 2025-04-15 00:00:00: missing
[2025-04-29T20:43:39.928+0000] {check_historical_news.py:35} INFO - Missing news for Walmart for week 2025-04-15 00:00:00
[2025-04-29T20:43:39.930+0000] {mongodb_client.py:77} INFO - News for Walmart on week 2025-04-08 00:00:00: missing
[2025-04-29T20:43:39.930+0000] {check_historical_news.py:35} INFO - Missing news for Walmart for week 2025-04-08 00:00:00
[2025-04-29T20:43:39.932+0000] {mongodb_client.py:77} INFO - News for Walmart on week 2025-04-01 00:00:00: missing
[2025-04-29T20:43:39.933+0000] {check_historical_news.py:35} INFO - Missing news for Walmart for week 2025-04-01 00:00:00
[2025-04-29T20:43:39.934+0000] {mongodb_client.py:77} INFO - News for Walmart on week 2025-03-25 00:00:00: missing
[2025-04-29T20:43:39.934+0000] {check_historical_news.py:35} INFO - Missing news for Walmart for week 2025-03-25 00:00:00
[2025-04-29T20:43:39.936+0000] {mongodb_client.py:77} INFO - News for Walmart on week 2025-03-18 00:00:00: missing
[2025-04-29T20:43:39.936+0000] {check_historical_news.py:35} INFO - Missing news for Walmart for week 2025-03-18 00:00:00
[2025-04-29T20:43:39.938+0000] {mongodb_client.py:77} INFO - News for Walmart on week 2025-03-11 00:00:00: missing
[2025-04-29T20:43:39.939+0000] {check_historical_news.py:35} INFO - Missing news for Walmart for week 2025-03-11 00:00:00
[2025-04-29T20:43:39.940+0000] {mongodb_client.py:77} INFO - News for Walmart on week 2025-03-04 00:00:00: missing
[2025-04-29T20:43:39.940+0000] {check_historical_news.py:35} INFO - Missing news for Walmart for week 2025-03-04 00:00:00
[2025-04-29T20:43:39.942+0000] {mongodb_client.py:77} INFO - News for Walmart on week 2025-02-25 00:00:00: missing
[2025-04-29T20:43:39.942+0000] {check_historical_news.py:35} INFO - Missing news for Walmart for week 2025-02-25 00:00:00
[2025-04-29T20:43:39.944+0000] {mongodb_client.py:77} INFO - News for Walmart on week 2025-02-18 00:00:00: missing
[2025-04-29T20:43:39.945+0000] {check_historical_news.py:35} INFO - Missing news for Walmart for week 2025-02-18 00:00:00
[2025-04-29T20:43:39.946+0000] {mongodb_client.py:77} INFO - News for Walmart on week 2025-02-11 00:00:00: missing
[2025-04-29T20:43:39.947+0000] {check_historical_news.py:35} INFO - Missing news for Walmart for week 2025-02-11 00:00:00
[2025-04-29T20:43:39.948+0000] {mongodb_client.py:77} INFO - News for Visa on week 2025-04-29 00:00:00: missing
[2025-04-29T20:43:39.949+0000] {check_historical_news.py:35} INFO - Missing news for Visa for week 2025-04-29 00:00:00
[2025-04-29T20:43:39.951+0000] {mongodb_client.py:77} INFO - News for Visa on week 2025-04-22 00:00:00: missing
[2025-04-29T20:43:39.951+0000] {check_historical_news.py:35} INFO - Missing news for Visa for week 2025-04-22 00:00:00
[2025-04-29T20:43:39.953+0000] {mongodb_client.py:77} INFO - News for Visa on week 2025-04-15 00:00:00: missing
[2025-04-29T20:43:39.953+0000] {check_historical_news.py:35} INFO - Missing news for Visa for week 2025-04-15 00:00:00
[2025-04-29T20:43:39.955+0000] {mongodb_client.py:77} INFO - News for Visa on week 2025-04-08 00:00:00: missing
[2025-04-29T20:43:39.956+0000] {check_historical_news.py:35} INFO - Missing news for Visa for week 2025-04-08 00:00:00
[2025-04-29T20:43:39.958+0000] {mongodb_client.py:77} INFO - News for Visa on week 2025-04-01 00:00:00: missing
[2025-04-29T20:43:39.958+0000] {check_historical_news.py:35} INFO - Missing news for Visa for week 2025-04-01 00:00:00
[2025-04-29T20:43:39.960+0000] {mongodb_client.py:77} INFO - News for Visa on week 2025-03-25 00:00:00: missing
[2025-04-29T20:43:39.960+0000] {check_historical_news.py:35} INFO - Missing news for Visa for week 2025-03-25 00:00:00
[2025-04-29T20:43:39.963+0000] {mongodb_client.py:77} INFO - News for Visa on week 2025-03-18 00:00:00: missing
[2025-04-29T20:43:39.964+0000] {check_historical_news.py:35} INFO - Missing news for Visa for week 2025-03-18 00:00:00
[2025-04-29T20:43:39.966+0000] {mongodb_client.py:77} INFO - News for Visa on week 2025-03-11 00:00:00: missing
[2025-04-29T20:43:39.967+0000] {check_historical_news.py:35} INFO - Missing news for Visa for week 2025-03-11 00:00:00
[2025-04-29T20:43:39.970+0000] {mongodb_client.py:77} INFO - News for Visa on week 2025-03-04 00:00:00: missing
[2025-04-29T20:43:39.970+0000] {check_historical_news.py:35} INFO - Missing news for Visa for week 2025-03-04 00:00:00
[2025-04-29T20:43:39.975+0000] {mongodb_client.py:77} INFO - News for Visa on week 2025-02-25 00:00:00: missing
[2025-04-29T20:43:39.976+0000] {check_historical_news.py:35} INFO - Missing news for Visa for week 2025-02-25 00:00:00
[2025-04-29T20:43:39.979+0000] {mongodb_client.py:77} INFO - News for Visa on week 2025-02-18 00:00:00: missing
[2025-04-29T20:43:39.980+0000] {check_historical_news.py:35} INFO - Missing news for Visa for week 2025-02-18 00:00:00
[2025-04-29T20:43:39.982+0000] {mongodb_client.py:77} INFO - News for Visa on week 2025-02-11 00:00:00: missing
[2025-04-29T20:43:39.983+0000] {check_historical_news.py:35} INFO - Missing news for Visa for week 2025-02-11 00:00:00
[2025-04-29T20:43:39.984+0000] {python.py:240} INFO - Done. Returned value was: [('Apple', datetime.datetime(2025, 4, 29, 0, 0)), ('Apple', datetime.datetime(2025, 3, 25, 0, 0)), ('Apple', datetime.datetime(2025, 3, 18, 0, 0)), ('Apple', datetime.datetime(2025, 3, 11, 0, 0)), ('Apple', datetime.datetime(2025, 3, 4, 0, 0)), ('Apple', datetime.datetime(2025, 2, 25, 0, 0)), ('Apple', datetime.datetime(2025, 2, 18, 0, 0)), ('Apple', datetime.datetime(2025, 2, 11, 0, 0)), ('Microsoft', datetime.datetime(2025, 4, 29, 0, 0)), ('Microsoft', datetime.datetime(2025, 3, 25, 0, 0)), ('Microsoft', datetime.datetime(2025, 3, 18, 0, 0)), ('Microsoft', datetime.datetime(2025, 3, 11, 0, 0)), ('Microsoft', datetime.datetime(2025, 3, 4, 0, 0)), ('Microsoft', datetime.datetime(2025, 2, 25, 0, 0)), ('Microsoft', datetime.datetime(2025, 2, 18, 0, 0)), ('Microsoft', datetime.datetime(2025, 2, 11, 0, 0)), ('Alphabet', datetime.datetime(2025, 4, 29, 0, 0)), ('Alphabet', datetime.datetime(2025, 4, 22, 0, 0)), ('Alphabet', datetime.datetime(2025, 4, 15, 0, 0)), ('Alphabet', datetime.datetime(2025, 4, 8, 0, 0)), ('Alphabet', datetime.datetime(2025, 4, 1, 0, 0)), ('Alphabet', datetime.datetime(2025, 3, 25, 0, 0)), ('Alphabet', datetime.datetime(2025, 3, 18, 0, 0)), ('Alphabet', datetime.datetime(2025, 3, 11, 0, 0)), ('Alphabet', datetime.datetime(2025, 3, 4, 0, 0)), ('Alphabet', datetime.datetime(2025, 2, 25, 0, 0)), ('Alphabet', datetime.datetime(2025, 2, 18, 0, 0)), ('Alphabet', datetime.datetime(2025, 2, 11, 0, 0)), ('Amazon', datetime.datetime(2025, 4, 29, 0, 0)), ('Amazon', datetime.datetime(2025, 4, 22, 0, 0)), ('Amazon', datetime.datetime(2025, 4, 15, 0, 0)), ('Amazon', datetime.datetime(2025, 4, 8, 0, 0)), ('Amazon', datetime.datetime(2025, 4, 1, 0, 0)), ('Amazon', datetime.datetime(2025, 3, 25, 0, 0)), ('Amazon', datetime.datetime(2025, 3, 18, 0, 0)), ('Amazon', datetime.datetime(2025, 3, 11, 0, 0)), ('Amazon', datetime.datetime(2025, 3, 4, 0, 0)), ('Amazon', datetime.datetime(2025, 2, 25, 0, 0)), ('Amazon', datetime.datetime(2025, 2, 18, 0, 0)), ('Amazon', datetime.datetime(2025, 2, 11, 0, 0)), ('Tesla', datetime.datetime(2025, 4, 29, 0, 0)), ('Tesla', datetime.datetime(2025, 3, 25, 0, 0)), ('Tesla', datetime.datetime(2025, 3, 18, 0, 0)), ('Tesla', datetime.datetime(2025, 3, 11, 0, 0)), ('Tesla', datetime.datetime(2025, 3, 4, 0, 0)), ('Tesla', datetime.datetime(2025, 2, 25, 0, 0)), ('Tesla', datetime.datetime(2025, 2, 18, 0, 0)), ('Tesla', datetime.datetime(2025, 2, 11, 0, 0)), ('NVIDIA', datetime.datetime(2025, 4, 29, 0, 0)), ('NVIDIA', datetime.datetime(2025, 4, 22, 0, 0)), ('NVIDIA', datetime.datetime(2025, 4, 15, 0, 0)), ('NVIDIA', datetime.datetime(2025, 4, 8, 0, 0)), ('NVIDIA', datetime.datetime(2025, 4, 1, 0, 0)), ('NVIDIA', datetime.datetime(2025, 3, 25, 0, 0)), ('NVIDIA', datetime.datetime(2025, 3, 18, 0, 0)), ('NVIDIA', datetime.datetime(2025, 3, 11, 0, 0)), ('NVIDIA', datetime.datetime(2025, 3, 4, 0, 0)), ('NVIDIA', datetime.datetime(2025, 2, 25, 0, 0)), ('NVIDIA', datetime.datetime(2025, 2, 18, 0, 0)), ('NVIDIA', datetime.datetime(2025, 2, 11, 0, 0)), ('Meta', datetime.datetime(2025, 4, 29, 0, 0)), ('Meta', datetime.datetime(2025, 4, 22, 0, 0)), ('Meta', datetime.datetime(2025, 4, 15, 0, 0)), ('Meta', datetime.datetime(2025, 4, 8, 0, 0)), ('Meta', datetime.datetime(2025, 4, 1, 0, 0)), ('Meta', datetime.datetime(2025, 3, 25, 0, 0)), ('Meta', datetime.datetime(2025, 3, 18, 0, 0)), ('Meta', datetime.datetime(2025, 3, 11, 0, 0)), ('Meta', datetime.datetime(2025, 3, 4, 0, 0)), ('Meta', datetime.datetime(2025, 2, 25, 0, 0)), ('Meta', datetime.datetime(2025, 2, 18, 0, 0)), ('Meta', datetime.datetime(2025, 2, 11, 0, 0)), ('JPMorgan', datetime.datetime(2025, 4, 29, 0, 0)), ('JPMorgan', datetime.datetime(2025, 4, 22, 0, 0)), ('JPMorgan', datetime.datetime(2025, 4, 15, 0, 0)), ('JPMorgan', datetime.datetime(2025, 4, 8, 0, 0)), ('JPMorgan', datetime.datetime(2025, 4, 1, 0, 0)), ('JPMorgan', datetime.datetime(2025, 3, 25, 0, 0)), ('JPMorgan', datetime.datetime(2025, 3, 18, 0, 0)), ('JPMorgan', datetime.datetime(2025, 3, 11, 0, 0)), ('JPMorgan', datetime.datetime(2025, 3, 4, 0, 0)), ('JPMorgan', datetime.datetime(2025, 2, 25, 0, 0)), ('JPMorgan', datetime.datetime(2025, 2, 18, 0, 0)), ('JPMorgan', datetime.datetime(2025, 2, 11, 0, 0)), ('Walmart', datetime.datetime(2025, 4, 29, 0, 0)), ('Walmart', datetime.datetime(2025, 4, 22, 0, 0)), ('Walmart', datetime.datetime(2025, 4, 15, 0, 0)), ('Walmart', datetime.datetime(2025, 4, 8, 0, 0)), ('Walmart', datetime.datetime(2025, 4, 1, 0, 0)), ('Walmart', datetime.datetime(2025, 3, 25, 0, 0)), ('Walmart', datetime.datetime(2025, 3, 18, 0, 0)), ('Walmart', datetime.datetime(2025, 3, 11, 0, 0)), ('Walmart', datetime.datetime(2025, 3, 4, 0, 0)), ('Walmart', datetime.datetime(2025, 2, 25, 0, 0)), ('Walmart', datetime.datetime(2025, 2, 18, 0, 0)), ('Walmart', datetime.datetime(2025, 2, 11, 0, 0)), ('Visa', datetime.datetime(2025, 4, 29, 0, 0)), ('Visa', datetime.datetime(2025, 4, 22, 0, 0)), ('Visa', datetime.datetime(2025, 4, 15, 0, 0)), ('Visa', datetime.datetime(2025, 4, 8, 0, 0)), ('Visa', datetime.datetime(2025, 4, 1, 0, 0)), ('Visa', datetime.datetime(2025, 3, 25, 0, 0)), ('Visa', datetime.datetime(2025, 3, 18, 0, 0)), ('Visa', datetime.datetime(2025, 3, 11, 0, 0)), ('Visa', datetime.datetime(2025, 3, 4, 0, 0)), ('Visa', datetime.datetime(2025, 2, 25, 0, 0)), ('Visa', datetime.datetime(2025, 2, 18, 0, 0)), ('Visa', datetime.datetime(2025, 2, 11, 0, 0))]
[2025-04-29T20:43:40.013+0000] {taskinstance.py:340} INFO - ::group::Post task execution logs
[2025-04-29T20:43:40.015+0000] {taskinstance.py:352} INFO - Marking task as SUCCESS. dag_id=portfolio_news_pipeline, task_id=check_historical_news, run_id=manual__2025-04-29T20:43:38.495539+00:00, execution_date=20250429T204338, start_date=20250429T204339, end_date=20250429T204340
[2025-04-29T20:43:40.045+0000] {local_task_job_runner.py:266} INFO - Task exited with return code 0
[2025-04-29T20:43:40.078+0000] {taskinstance.py:3895} INFO - 1 downstream tasks scheduled from follow-on schedule check
[2025-04-29T20:43:40.081+0000] {local_task_job_runner.py:245} INFO - ::endgroup::
