[2025-04-30T05:08:57.503+0000] {manager.py:483} INFO - Processing files using up to 2 processes at a time 
[2025-04-30T05:08:57.503+0000] {manager.py:484} INFO - Process each file at most once every 30 seconds
[2025-04-30T05:08:57.504+0000] {manager.py:485} INFO - Checking for new files in /opt/airflow/dags every 300 seconds
[2025-04-30T05:08:57.504+0000] {manager.py:821} INFO - Searching for files in /opt/airflow/dags
[2025-04-30T05:08:57.522+0000] {manager.py:824} INFO - There are 1 files in /opt/airflow/dags
[2025-04-30T05:08:57.585+0000] {manager.py:997} INFO - 
================================================================================
DAG File Processing Stats

File Path                              PID  Runtime      # DAGs    # Errors  Last Runtime    Last Run      Last # of DB Queries
-----------------------------------  -----  ---------  --------  ----------  --------------  ----------  ----------------------
/opt/airflow/dags/stock_data_dag.py     84  0.02s             0           0                                                   0
================================================================================
[2025-04-30T05:09:26.948+0000] {manager.py:997} INFO - 
================================================================================
DAG File Processing Stats

File Path                            PID    Runtime      # DAGs    # Errors  Last Runtime    Last Run               Last # of DB Queries
-----------------------------------  -----  ---------  --------  ----------  --------------  -------------------  ----------------------
/opt/airflow/dags/stock_data_dag.py                           1           0  0.64s           2025-04-30T05:08:58                      45
================================================================================
[2025-04-30T05:09:56.292+0000] {manager.py:997} INFO - 
================================================================================
DAG File Processing Stats

File Path                            PID    Runtime      # DAGs    # Errors  Last Runtime    Last Run               Last # of DB Queries
-----------------------------------  -----  ---------  --------  ----------  --------------  -------------------  ----------------------
/opt/airflow/dags/stock_data_dag.py                           1           0  0.32s           2025-04-30T05:09:28                      12
================================================================================
[2025-04-30T05:10:25.702+0000] {manager.py:997} INFO - 
================================================================================
DAG File Processing Stats

File Path                            PID    Runtime      # DAGs    # Errors  Last Runtime    Last Run               Last # of DB Queries
-----------------------------------  -----  ---------  --------  ----------  --------------  -------------------  ----------------------
/opt/airflow/dags/stock_data_dag.py                           1           0  0.30s           2025-04-30T05:09:59                      12
================================================================================
[2025-04-30T05:10:55.090+0000] {manager.py:997} INFO - 
================================================================================
DAG File Processing Stats

File Path                            PID    Runtime      # DAGs    # Errors  Last Runtime    Last Run               Last # of DB Queries
-----------------------------------  -----  ---------  --------  ----------  --------------  -------------------  ----------------------
/opt/airflow/dags/stock_data_dag.py                           1           0  0.27s           2025-04-30T05:10:30                      12
================================================================================
[2025-04-30T05:11:24.771+0000] {manager.py:997} INFO - 
================================================================================
DAG File Processing Stats

File Path                            PID    Runtime      # DAGs    # Errors  Last Runtime    Last Run               Last # of DB Queries
-----------------------------------  -----  ---------  --------  ----------  --------------  -------------------  ----------------------
/opt/airflow/dags/stock_data_dag.py                           1           0  0.27s           2025-04-30T05:11:00                      12
================================================================================
[2025-04-30T05:11:54.098+0000] {manager.py:997} INFO - 
================================================================================
DAG File Processing Stats

File Path                            PID    Runtime      # DAGs    # Errors  Last Runtime    Last Run               Last # of DB Queries
-----------------------------------  -----  ---------  --------  ----------  --------------  -------------------  ----------------------
/opt/airflow/dags/stock_data_dag.py                           1           0  0.26s           2025-04-30T05:11:31                      12
================================================================================
[2025-04-30T05:12:23.657+0000] {manager.py:997} INFO - 
================================================================================
DAG File Processing Stats

File Path                            PID    Runtime      # DAGs    # Errors  Last Runtime    Last Run               Last # of DB Queries
-----------------------------------  -----  ---------  --------  ----------  --------------  -------------------  ----------------------
/opt/airflow/dags/stock_data_dag.py                           1           0  0.25s           2025-04-30T05:12:01                      12
================================================================================
[2025-04-30T05:12:53.117+0000] {manager.py:997} INFO - 
================================================================================
DAG File Processing Stats

File Path                            PID    Runtime      # DAGs    # Errors  Last Runtime    Last Run               Last # of DB Queries
-----------------------------------  -----  ---------  --------  ----------  --------------  -------------------  ----------------------
/opt/airflow/dags/stock_data_dag.py                           1           0  0.26s           2025-04-30T05:12:31                      12
================================================================================
[2025-04-30T05:13:22.735+0000] {manager.py:997} INFO - 
================================================================================
DAG File Processing Stats

File Path                            PID    Runtime      # DAGs    # Errors  Last Runtime    Last Run               Last # of DB Queries
-----------------------------------  -----  ---------  --------  ----------  --------------  -------------------  ----------------------
/opt/airflow/dags/stock_data_dag.py                           1           0  0.26s           2025-04-30T05:13:02                      12
================================================================================
[2025-04-30T05:13:52.134+0000] {manager.py:997} INFO - 
================================================================================
DAG File Processing Stats

File Path                            PID    Runtime      # DAGs    # Errors  Last Runtime    Last Run               Last # of DB Queries
-----------------------------------  -----  ---------  --------  ----------  --------------  -------------------  ----------------------
/opt/airflow/dags/stock_data_dag.py                           1           0  -0.24s          2025-04-30T05:13:32                      12
================================================================================
[2025-04-30T05:13:58.171+0000] {manager.py:821} INFO - Searching for files in /opt/airflow/dags
[2025-04-30T05:13:58.186+0000] {manager.py:824} INFO - There are 1 files in /opt/airflow/dags
[2025-04-30T05:14:21.659+0000] {manager.py:997} INFO - 
================================================================================
DAG File Processing Stats

File Path                            PID    Runtime      # DAGs    # Errors  Last Runtime    Last Run               Last # of DB Queries
-----------------------------------  -----  ---------  --------  ----------  --------------  -------------------  ----------------------
/opt/airflow/dags/stock_data_dag.py                           1           0  0.26s           2025-04-30T05:14:02                      12
================================================================================
[2025-04-30T05:14:51.059+0000] {manager.py:997} INFO - 
================================================================================
DAG File Processing Stats

File Path                            PID    Runtime      # DAGs    # Errors  Last Runtime    Last Run               Last # of DB Queries
-----------------------------------  -----  ---------  --------  ----------  --------------  -------------------  ----------------------
/opt/airflow/dags/stock_data_dag.py                           1           0  0.27s           2025-04-30T05:14:33                      12
================================================================================
[2025-04-30T05:15:20.754+0000] {manager.py:997} INFO - 
================================================================================
DAG File Processing Stats

File Path                            PID    Runtime      # DAGs    # Errors  Last Runtime    Last Run               Last # of DB Queries
-----------------------------------  -----  ---------  --------  ----------  --------------  -------------------  ----------------------
/opt/airflow/dags/stock_data_dag.py                           1           0  0.25s           2025-04-30T05:15:03                      12
================================================================================
[2025-04-30T05:15:50.129+0000] {manager.py:997} INFO - 
================================================================================
DAG File Processing Stats

File Path                            PID    Runtime      # DAGs    # Errors  Last Runtime    Last Run               Last # of DB Queries
-----------------------------------  -----  ---------  --------  ----------  --------------  -------------------  ----------------------
/opt/airflow/dags/stock_data_dag.py                           1           0  0.27s           2025-04-30T05:15:34                      12
================================================================================
[2025-04-30T05:16:19.732+0000] {manager.py:997} INFO - 
================================================================================
DAG File Processing Stats

File Path                            PID    Runtime      # DAGs    # Errors  Last Runtime    Last Run               Last # of DB Queries
-----------------------------------  -----  ---------  --------  ----------  --------------  -------------------  ----------------------
/opt/airflow/dags/stock_data_dag.py                           1           0  0.28s           2025-04-30T05:16:04                      12
================================================================================
[2025-04-30T05:16:49.294+0000] {manager.py:997} INFO - 
================================================================================
DAG File Processing Stats

File Path                            PID    Runtime      # DAGs    # Errors  Last Runtime    Last Run               Last # of DB Queries
-----------------------------------  -----  ---------  --------  ----------  --------------  -------------------  ----------------------
/opt/airflow/dags/stock_data_dag.py                           1           0  0.27s           2025-04-30T05:16:35                      12
================================================================================
[2025-04-30T05:17:18.736+0000] {manager.py:997} INFO - 
================================================================================
DAG File Processing Stats

File Path                            PID    Runtime      # DAGs    # Errors  Last Runtime    Last Run               Last # of DB Queries
-----------------------------------  -----  ---------  --------  ----------  --------------  -------------------  ----------------------
/opt/airflow/dags/stock_data_dag.py                           1           0  0.28s           2025-04-30T05:17:05                      12
================================================================================
[2025-04-30T05:17:48.293+0000] {manager.py:997} INFO - 
================================================================================
DAG File Processing Stats

File Path                            PID    Runtime      # DAGs    # Errors  Last Runtime    Last Run               Last # of DB Queries
-----------------------------------  -----  ---------  --------  ----------  --------------  -------------------  ----------------------
/opt/airflow/dags/stock_data_dag.py                           1           0  0.25s           2025-04-30T05:17:36                      12
================================================================================
[2025-04-30T05:18:17.633+0000] {manager.py:997} INFO - 
================================================================================
DAG File Processing Stats

File Path                            PID    Runtime      # DAGs    # Errors  Last Runtime    Last Run               Last # of DB Queries
-----------------------------------  -----  ---------  --------  ----------  --------------  -------------------  ----------------------
/opt/airflow/dags/stock_data_dag.py                           1           0  0.26s           2025-04-30T05:18:06                      12
================================================================================
[2025-04-30T05:18:47.315+0000] {manager.py:997} INFO - 
================================================================================
DAG File Processing Stats

File Path                            PID    Runtime      # DAGs    # Errors  Last Runtime    Last Run               Last # of DB Queries
-----------------------------------  -----  ---------  --------  ----------  --------------  -------------------  ----------------------
/opt/airflow/dags/stock_data_dag.py                           1           0  0.33s           2025-04-30T05:18:37                      12
================================================================================
[2025-04-30T05:18:58.422+0000] {manager.py:821} INFO - Searching for files in /opt/airflow/dags
[2025-04-30T05:18:58.439+0000] {manager.py:824} INFO - There are 1 files in /opt/airflow/dags
[2025-04-30T05:19:16.731+0000] {manager.py:997} INFO - 
================================================================================
DAG File Processing Stats

File Path                            PID    Runtime      # DAGs    # Errors  Last Runtime    Last Run               Last # of DB Queries
-----------------------------------  -----  ---------  --------  ----------  --------------  -------------------  ----------------------
/opt/airflow/dags/stock_data_dag.py                           1           0  0.26s           2025-04-30T05:19:07                      12
================================================================================
[2025-04-30T05:19:46.202+0000] {manager.py:997} INFO - 
================================================================================
DAG File Processing Stats

File Path                            PID    Runtime      # DAGs    # Errors  Last Runtime    Last Run               Last # of DB Queries
-----------------------------------  -----  ---------  --------  ----------  --------------  -------------------  ----------------------
/opt/airflow/dags/stock_data_dag.py                           1           0  0.26s           2025-04-30T05:19:38                      12
================================================================================
[2025-04-30T05:20:15.752+0000] {manager.py:997} INFO - 
================================================================================
DAG File Processing Stats

File Path                            PID    Runtime      # DAGs    # Errors  Last Runtime    Last Run               Last # of DB Queries
-----------------------------------  -----  ---------  --------  ----------  --------------  -------------------  ----------------------
/opt/airflow/dags/stock_data_dag.py                           1           0  0.29s           2025-04-30T05:20:08                      12
================================================================================
[2025-04-30T05:20:45.198+0000] {manager.py:997} INFO - 
================================================================================
DAG File Processing Stats

File Path                            PID    Runtime      # DAGs    # Errors  Last Runtime    Last Run               Last # of DB Queries
-----------------------------------  -----  ---------  --------  ----------  --------------  -------------------  ----------------------
/opt/airflow/dags/stock_data_dag.py                           1           0  0.27s           2025-04-30T05:20:39                      12
================================================================================
[2025-04-30T05:21:14.736+0000] {manager.py:997} INFO - 
================================================================================
DAG File Processing Stats

File Path                            PID    Runtime      # DAGs    # Errors  Last Runtime    Last Run               Last # of DB Queries
-----------------------------------  -----  ---------  --------  ----------  --------------  -------------------  ----------------------
/opt/airflow/dags/stock_data_dag.py                           1           0  0.28s           2025-04-30T05:21:09                      12
================================================================================
[2025-04-30T05:21:44.176+0000] {manager.py:997} INFO - 
================================================================================
DAG File Processing Stats

File Path                            PID    Runtime      # DAGs    # Errors  Last Runtime    Last Run               Last # of DB Queries
-----------------------------------  -----  ---------  --------  ----------  --------------  -------------------  ----------------------
/opt/airflow/dags/stock_data_dag.py                           1           0  0.30s           2025-04-30T05:21:40                      12
================================================================================
[2025-04-30T05:22:13.688+0000] {manager.py:997} INFO - 
================================================================================
DAG File Processing Stats

File Path                            PID    Runtime      # DAGs    # Errors  Last Runtime    Last Run               Last # of DB Queries
-----------------------------------  -----  ---------  --------  ----------  --------------  -------------------  ----------------------
/opt/airflow/dags/stock_data_dag.py                           1           0  0.29s           2025-04-30T05:22:10                      12
================================================================================
[2025-04-30T05:22:43.063+0000] {manager.py:997} INFO - 
================================================================================
DAG File Processing Stats

File Path                            PID    Runtime      # DAGs    # Errors  Last Runtime    Last Run               Last # of DB Queries
-----------------------------------  -----  ---------  --------  ----------  --------------  -------------------  ----------------------
/opt/airflow/dags/stock_data_dag.py                           1           0  0.38s           2025-04-30T05:22:41                      12
================================================================================
[2025-04-30T05:23:12.484+0000] {manager.py:997} INFO - 
================================================================================
DAG File Processing Stats

File Path                            PID    Runtime      # DAGs    # Errors  Last Runtime    Last Run               Last # of DB Queries
-----------------------------------  -----  ---------  --------  ----------  --------------  -------------------  ----------------------
/opt/airflow/dags/stock_data_dag.py                           1           0  0.27s           2025-04-30T05:23:11                      12
================================================================================
[2025-04-30T05:23:41.832+0000] {manager.py:997} INFO - 
================================================================================
DAG File Processing Stats

File Path                              PID  Runtime      # DAGs    # Errors  Last Runtime    Last Run               Last # of DB Queries
-----------------------------------  -----  ---------  --------  ----------  --------------  -------------------  ----------------------
/opt/airflow/dags/stock_data_dag.py    301  0.00s             1           0  0.27s           2025-04-30T05:23:11                      12
================================================================================
[2025-04-30T05:23:59.333+0000] {manager.py:821} INFO - Searching for files in /opt/airflow/dags
[2025-04-30T05:23:59.351+0000] {manager.py:824} INFO - There are 1 files in /opt/airflow/dags
[2025-04-30T05:24:11.438+0000] {manager.py:997} INFO - 
================================================================================
DAG File Processing Stats

File Path                            PID    Runtime      # DAGs    # Errors  Last Runtime    Last Run               Last # of DB Queries
-----------------------------------  -----  ---------  --------  ----------  --------------  -------------------  ----------------------
/opt/airflow/dags/stock_data_dag.py                           1           0  0.29s           2025-04-30T05:23:42                      12
================================================================================
[2025-04-30T05:24:40.802+0000] {manager.py:997} INFO - 
================================================================================
DAG File Processing Stats

File Path                            PID    Runtime      # DAGs    # Errors  Last Runtime    Last Run               Last # of DB Queries
-----------------------------------  -----  ---------  --------  ----------  --------------  -------------------  ----------------------
/opt/airflow/dags/stock_data_dag.py                           1           0  0.27s           2025-04-30T05:24:12                      12
================================================================================
[2025-04-30T05:25:10.378+0000] {manager.py:997} INFO - 
================================================================================
DAG File Processing Stats

File Path                            PID    Runtime      # DAGs    # Errors  Last Runtime    Last Run               Last # of DB Queries
-----------------------------------  -----  ---------  --------  ----------  --------------  -------------------  ----------------------
/opt/airflow/dags/stock_data_dag.py                           1           0  0.30s           2025-04-30T05:24:43                      12
================================================================================
[2025-04-30T05:25:40.026+0000] {manager.py:997} INFO - 
================================================================================
DAG File Processing Stats

File Path                            PID    Runtime      # DAGs    # Errors  Last Runtime    Last Run               Last # of DB Queries
-----------------------------------  -----  ---------  --------  ----------  --------------  -------------------  ----------------------
/opt/airflow/dags/stock_data_dag.py                           1           0  0.25s           2025-04-30T05:25:13                      12
================================================================================
[2025-04-30T05:26:09.453+0000] {manager.py:997} INFO - 
================================================================================
DAG File Processing Stats

File Path                            PID    Runtime      # DAGs    # Errors  Last Runtime    Last Run               Last # of DB Queries
-----------------------------------  -----  ---------  --------  ----------  --------------  -------------------  ----------------------
/opt/airflow/dags/stock_data_dag.py                           1           0  0.25s           2025-04-30T05:25:44                      12
================================================================================
[2025-04-30T05:26:39.009+0000] {manager.py:997} INFO - 
================================================================================
DAG File Processing Stats

File Path                            PID    Runtime      # DAGs    # Errors  Last Runtime    Last Run               Last # of DB Queries
-----------------------------------  -----  ---------  --------  ----------  --------------  -------------------  ----------------------
/opt/airflow/dags/stock_data_dag.py                           1           0  0.28s           2025-04-30T05:26:14                      12
================================================================================
[2025-04-30T05:27:07.939+0000] {manager.py:997} INFO - 
================================================================================
DAG File Processing Stats

File Path                            PID    Runtime      # DAGs    # Errors  Last Runtime    Last Run               Last # of DB Queries
-----------------------------------  -----  ---------  --------  ----------  --------------  -------------------  ----------------------
/opt/airflow/dags/stock_data_dag.py                           1           0  0.28s           2025-04-30T05:26:45                      12
================================================================================
[2025-04-30T05:27:36.928+0000] {manager.py:997} INFO - 
================================================================================
DAG File Processing Stats

File Path                            PID    Runtime      # DAGs    # Errors  Last Runtime    Last Run               Last # of DB Queries
-----------------------------------  -----  ---------  --------  ----------  --------------  -------------------  ----------------------
/opt/airflow/dags/stock_data_dag.py                           1           0  0.27s           2025-04-30T05:27:15                      12
================================================================================
[2025-04-30T05:28:06.249+0000] {manager.py:997} INFO - 
================================================================================
DAG File Processing Stats

File Path                            PID    Runtime      # DAGs    # Errors  Last Runtime    Last Run               Last # of DB Queries
-----------------------------------  -----  ---------  --------  ----------  --------------  -------------------  ----------------------
/opt/airflow/dags/stock_data_dag.py                           1           0  0.30s           2025-04-30T05:27:46                      12
================================================================================
[2025-04-30T05:28:35.844+0000] {manager.py:997} INFO - 
================================================================================
DAG File Processing Stats

File Path                            PID    Runtime      # DAGs    # Errors  Last Runtime    Last Run               Last # of DB Queries
-----------------------------------  -----  ---------  --------  ----------  --------------  -------------------  ----------------------
/opt/airflow/dags/stock_data_dag.py                           1           0  0.25s           2025-04-30T05:28:16                      12
================================================================================
[2025-04-30T05:29:00.226+0000] {manager.py:821} INFO - Searching for files in /opt/airflow/dags
[2025-04-30T05:29:00.246+0000] {manager.py:824} INFO - There are 1 files in /opt/airflow/dags
[2025-04-30T05:29:05.356+0000] {manager.py:997} INFO - 
================================================================================
DAG File Processing Stats

File Path                            PID    Runtime      # DAGs    # Errors  Last Runtime    Last Run               Last # of DB Queries
-----------------------------------  -----  ---------  --------  ----------  --------------  -------------------  ----------------------
/opt/airflow/dags/stock_data_dag.py                           1           0  0.25s           2025-04-30T05:28:47                      12
================================================================================
[2025-04-30T05:29:34.670+0000] {manager.py:997} INFO - 
================================================================================
DAG File Processing Stats

File Path                            PID    Runtime      # DAGs    # Errors  Last Runtime    Last Run               Last # of DB Queries
-----------------------------------  -----  ---------  --------  ----------  --------------  -------------------  ----------------------
/opt/airflow/dags/stock_data_dag.py                           1           0  0.25s           2025-04-30T05:29:17                      12
================================================================================
[2025-04-30T05:30:04.254+0000] {manager.py:997} INFO - 
================================================================================
DAG File Processing Stats

File Path                            PID    Runtime      # DAGs    # Errors  Last Runtime    Last Run               Last # of DB Queries
-----------------------------------  -----  ---------  --------  ----------  --------------  -------------------  ----------------------
/opt/airflow/dags/stock_data_dag.py                           1           0  0.37s           2025-04-30T05:29:48                      12
================================================================================
[2025-04-30T05:30:33.717+0000] {manager.py:997} INFO - 
================================================================================
DAG File Processing Stats

File Path                            PID    Runtime      # DAGs    # Errors  Last Runtime    Last Run               Last # of DB Queries
-----------------------------------  -----  ---------  --------  ----------  --------------  -------------------  ----------------------
/opt/airflow/dags/stock_data_dag.py                           1           0  0.14s           2025-04-30T05:30:18                      12
================================================================================
[2025-04-30T05:31:03.145+0000] {manager.py:997} INFO - 
================================================================================
DAG File Processing Stats

File Path                            PID    Runtime      # DAGs    # Errors  Last Runtime    Last Run               Last # of DB Queries
-----------------------------------  -----  ---------  --------  ----------  --------------  -------------------  ----------------------
/opt/airflow/dags/stock_data_dag.py                           1           0  0.15s           2025-04-30T05:30:48                      12
================================================================================
[2025-04-30T05:31:32.561+0000] {manager.py:997} INFO - 
================================================================================
DAG File Processing Stats

File Path                            PID    Runtime      # DAGs    # Errors  Last Runtime    Last Run               Last # of DB Queries
-----------------------------------  -----  ---------  --------  ----------  --------------  -------------------  ----------------------
/opt/airflow/dags/stock_data_dag.py                           1           0  0.15s           2025-04-30T05:31:19                      12
================================================================================
[2025-04-30T05:32:01.911+0000] {manager.py:997} INFO - 
================================================================================
DAG File Processing Stats

File Path                            PID    Runtime      # DAGs    # Errors  Last Runtime    Last Run               Last # of DB Queries
-----------------------------------  -----  ---------  --------  ----------  --------------  -------------------  ----------------------
/opt/airflow/dags/stock_data_dag.py                           1           0  0.15s           2025-04-30T05:31:49                      12
================================================================================
[2025-04-30T05:32:31.279+0000] {manager.py:997} INFO - 
================================================================================
DAG File Processing Stats

File Path                            PID    Runtime      # DAGs    # Errors  Last Runtime    Last Run               Last # of DB Queries
-----------------------------------  -----  ---------  --------  ----------  --------------  -------------------  ----------------------
/opt/airflow/dags/stock_data_dag.py                           1           0  0.13s           2025-04-30T05:32:20                      12
================================================================================
[2025-04-30T05:33:00.624+0000] {manager.py:997} INFO - 
================================================================================
DAG File Processing Stats

File Path                            PID    Runtime      # DAGs    # Errors  Last Runtime    Last Run               Last # of DB Queries
-----------------------------------  -----  ---------  --------  ----------  --------------  -------------------  ----------------------
/opt/airflow/dags/stock_data_dag.py                           1           0  0.17s           2025-04-30T05:32:50                      12
================================================================================
[2025-04-30T05:33:30.064+0000] {manager.py:997} INFO - 
================================================================================
DAG File Processing Stats

File Path                            PID    Runtime      # DAGs    # Errors  Last Runtime    Last Run               Last # of DB Queries
-----------------------------------  -----  ---------  --------  ----------  --------------  -------------------  ----------------------
/opt/airflow/dags/stock_data_dag.py                           1           0  0.16s           2025-04-30T05:33:20                      12
================================================================================
[2025-04-30T05:33:59.406+0000] {manager.py:997} INFO - 
================================================================================
DAG File Processing Stats

File Path                            PID    Runtime      # DAGs    # Errors  Last Runtime    Last Run               Last # of DB Queries
-----------------------------------  -----  ---------  --------  ----------  --------------  -------------------  ----------------------
/opt/airflow/dags/stock_data_dag.py                           1           0  0.15s           2025-04-30T05:33:51                      12
================================================================================
[2025-04-30T05:34:00.411+0000] {manager.py:821} INFO - Searching for files in /opt/airflow/dags
[2025-04-30T05:34:00.429+0000] {manager.py:824} INFO - There are 1 files in /opt/airflow/dags
[2025-04-30T05:34:28.778+0000] {manager.py:997} INFO - 
================================================================================
DAG File Processing Stats

File Path                            PID    Runtime      # DAGs    # Errors  Last Runtime    Last Run               Last # of DB Queries
-----------------------------------  -----  ---------  --------  ----------  --------------  -------------------  ----------------------
/opt/airflow/dags/stock_data_dag.py                           1           0  0.14s           2025-04-30T05:34:21                      12
================================================================================
[2025-04-30T05:34:58.070+0000] {manager.py:997} INFO - 
================================================================================
DAG File Processing Stats

File Path                            PID    Runtime      # DAGs    # Errors  Last Runtime    Last Run               Last # of DB Queries
-----------------------------------  -----  ---------  --------  ----------  --------------  -------------------  ----------------------
/opt/airflow/dags/stock_data_dag.py                           1           0  0.15s           2025-04-30T05:34:52                      12
================================================================================
[2025-04-30T05:35:27.419+0000] {manager.py:997} INFO - 
================================================================================
DAG File Processing Stats

File Path                            PID    Runtime      # DAGs    # Errors  Last Runtime    Last Run               Last # of DB Queries
-----------------------------------  -----  ---------  --------  ----------  --------------  -------------------  ----------------------
/opt/airflow/dags/stock_data_dag.py                           1           0  0.14s           2025-04-30T05:35:22                      12
================================================================================
[2025-04-30T05:35:56.689+0000] {manager.py:997} INFO - 
================================================================================
DAG File Processing Stats

File Path                            PID    Runtime      # DAGs    # Errors  Last Runtime    Last Run               Last # of DB Queries
-----------------------------------  -----  ---------  --------  ----------  --------------  -------------------  ----------------------
/opt/airflow/dags/stock_data_dag.py                           1           0  0.13s           2025-04-30T05:35:52                      12
================================================================================
[2025-04-30T05:36:26.037+0000] {manager.py:997} INFO - 
================================================================================
DAG File Processing Stats

File Path                            PID    Runtime      # DAGs    # Errors  Last Runtime    Last Run               Last # of DB Queries
-----------------------------------  -----  ---------  --------  ----------  --------------  -------------------  ----------------------
/opt/airflow/dags/stock_data_dag.py                           1           0  0.16s           2025-04-30T05:36:23                      12
================================================================================
[2025-04-30T05:36:55.342+0000] {manager.py:997} INFO - 
================================================================================
DAG File Processing Stats

File Path                            PID    Runtime      # DAGs    # Errors  Last Runtime    Last Run               Last # of DB Queries
-----------------------------------  -----  ---------  --------  ----------  --------------  -------------------  ----------------------
/opt/airflow/dags/stock_data_dag.py                           1           0  0.14s           2025-04-30T05:36:53                      12
================================================================================
[2025-04-30T05:37:24.689+0000] {manager.py:997} INFO - 
================================================================================
DAG File Processing Stats

File Path                            PID    Runtime      # DAGs    # Errors  Last Runtime    Last Run               Last # of DB Queries
-----------------------------------  -----  ---------  --------  ----------  --------------  -------------------  ----------------------
/opt/airflow/dags/stock_data_dag.py                           1           0  0.13s           2025-04-30T05:37:23                      12
================================================================================
[2025-04-30T05:37:53.958+0000] {manager.py:997} INFO - 
================================================================================
DAG File Processing Stats

File Path                              PID  Runtime      # DAGs    # Errors  Last Runtime    Last Run               Last # of DB Queries
-----------------------------------  -----  ---------  --------  ----------  --------------  -------------------  ----------------------
/opt/airflow/dags/stock_data_dag.py    503  0.00s             1           0  0.13s           2025-04-30T05:37:23                      12
================================================================================
[2025-04-30T05:38:23.252+0000] {manager.py:997} INFO - 
================================================================================
DAG File Processing Stats

File Path                            PID    Runtime      # DAGs    # Errors  Last Runtime    Last Run               Last # of DB Queries
-----------------------------------  -----  ---------  --------  ----------  --------------  -------------------  ----------------------
/opt/airflow/dags/stock_data_dag.py                           1           0  0.17s           2025-04-30T05:37:54                      12
================================================================================
[2025-04-30T05:38:52.667+0000] {manager.py:997} INFO - 
================================================================================
DAG File Processing Stats

File Path                            PID    Runtime      # DAGs    # Errors  Last Runtime    Last Run               Last # of DB Queries
-----------------------------------  -----  ---------  --------  ----------  --------------  -------------------  ----------------------
/opt/airflow/dags/stock_data_dag.py                           1           0  0.19s           2025-04-30T05:38:24                      12
================================================================================
[2025-04-30T05:39:00.729+0000] {manager.py:821} INFO - Searching for files in /opt/airflow/dags
[2025-04-30T05:39:00.745+0000] {manager.py:824} INFO - There are 1 files in /opt/airflow/dags
[2025-04-30T05:39:21.969+0000] {manager.py:997} INFO - 
================================================================================
DAG File Processing Stats

File Path                            PID    Runtime      # DAGs    # Errors  Last Runtime    Last Run               Last # of DB Queries
-----------------------------------  -----  ---------  --------  ----------  --------------  -------------------  ----------------------
/opt/airflow/dags/stock_data_dag.py                           1           0  0.15s           2025-04-30T05:38:54                      12
================================================================================
[2025-04-30T05:39:51.322+0000] {manager.py:997} INFO - 
================================================================================
DAG File Processing Stats

File Path                            PID    Runtime      # DAGs    # Errors  Last Runtime    Last Run               Last # of DB Queries
-----------------------------------  -----  ---------  --------  ----------  --------------  -------------------  ----------------------
/opt/airflow/dags/stock_data_dag.py                           1           0  0.17s           2025-04-30T05:39:25                      12
================================================================================
[2025-04-30T05:40:20.671+0000] {manager.py:997} INFO - 
================================================================================
DAG File Processing Stats

File Path                            PID    Runtime      # DAGs    # Errors  Last Runtime    Last Run               Last # of DB Queries
-----------------------------------  -----  ---------  --------  ----------  --------------  -------------------  ----------------------
/opt/airflow/dags/stock_data_dag.py                           1           0  0.16s           2025-04-30T05:39:55                      12
================================================================================
[2025-04-30T05:40:49.968+0000] {manager.py:997} INFO - 
================================================================================
DAG File Processing Stats

File Path                            PID    Runtime      # DAGs    # Errors  Last Runtime    Last Run               Last # of DB Queries
-----------------------------------  -----  ---------  --------  ----------  --------------  -------------------  ----------------------
/opt/airflow/dags/stock_data_dag.py                           1           0  0.32s           2025-04-30T05:40:26                      12
================================================================================
[2025-04-30T05:41:19.578+0000] {manager.py:997} INFO - 
================================================================================
DAG File Processing Stats

File Path                            PID    Runtime      # DAGs    # Errors  Last Runtime    Last Run               Last # of DB Queries
-----------------------------------  -----  ---------  --------  ----------  --------------  -------------------  ----------------------
/opt/airflow/dags/stock_data_dag.py                           1           0  0.14s           2025-04-30T05:40:56                      12
================================================================================
[2025-04-30T05:41:48.829+0000] {manager.py:997} INFO - 
================================================================================
DAG File Processing Stats

File Path                            PID    Runtime      # DAGs    # Errors  Last Runtime    Last Run               Last # of DB Queries
-----------------------------------  -----  ---------  --------  ----------  --------------  -------------------  ----------------------
/opt/airflow/dags/stock_data_dag.py                           1           0  0.14s           2025-04-30T05:41:26                      12
================================================================================
[2025-04-30T05:42:18.129+0000] {manager.py:997} INFO - 
================================================================================
DAG File Processing Stats

File Path                            PID    Runtime      # DAGs    # Errors  Last Runtime    Last Run               Last # of DB Queries
-----------------------------------  -----  ---------  --------  ----------  --------------  -------------------  ----------------------
/opt/airflow/dags/stock_data_dag.py                           1           0  0.13s           2025-04-30T05:41:57                      12
================================================================================
[2025-04-30T05:42:47.968+0000] {manager.py:997} INFO - 
================================================================================
DAG File Processing Stats

File Path                            PID    Runtime      # DAGs    # Errors  Last Runtime    Last Run               Last # of DB Queries
-----------------------------------  -----  ---------  --------  ----------  --------------  -------------------  ----------------------
/opt/airflow/dags/stock_data_dag.py                           1           0  0.16s           2025-04-30T05:42:27                      12
================================================================================
[2025-04-30T05:43:16.746+0000] {manager.py:997} INFO - 
================================================================================
DAG File Processing Stats

File Path                            PID    Runtime      # DAGs    # Errors  Last Runtime    Last Run               Last # of DB Queries
-----------------------------------  -----  ---------  --------  ----------  --------------  -------------------  ----------------------
/opt/airflow/dags/stock_data_dag.py                           1           0  0.16s           2025-04-30T05:42:58                      12
================================================================================
[2025-04-30T05:43:46.006+0000] {manager.py:997} INFO - 
================================================================================
DAG File Processing Stats

File Path                            PID    Runtime      # DAGs    # Errors  Last Runtime    Last Run               Last # of DB Queries
-----------------------------------  -----  ---------  --------  ----------  --------------  -------------------  ----------------------
/opt/airflow/dags/stock_data_dag.py                           1           0  0.17s           2025-04-30T05:43:28                      12
================================================================================
[2025-04-30T05:44:01.224+0000] {manager.py:821} INFO - Searching for files in /opt/airflow/dags
[2025-04-30T05:44:01.241+0000] {manager.py:824} INFO - There are 1 files in /opt/airflow/dags
[2025-04-30T05:44:15.401+0000] {manager.py:997} INFO - 
================================================================================
DAG File Processing Stats

File Path                            PID    Runtime      # DAGs    # Errors  Last Runtime    Last Run               Last # of DB Queries
-----------------------------------  -----  ---------  --------  ----------  --------------  -------------------  ----------------------
/opt/airflow/dags/stock_data_dag.py                           1           0  0.20s           2025-04-30T05:43:59                      12
================================================================================
