[2025-04-29T16:45:52.685+0000] {local_task_job_runner.py:123} INFO - ::group::Pre task execution logs
[2025-04-29T16:45:52.698+0000] {taskinstance.py:2613} INFO - Dependencies all met for dep_context=non-requeueable deps ti=<TaskInstance: portfolio_news_pipeline.store_news manual__2025-04-29T16:45:07.412183+00:00 [queued]>
[2025-04-29T16:45:52.705+0000] {taskinstance.py:2613} INFO - Dependencies all met for dep_context=requeueable deps ti=<TaskInstance: portfolio_news_pipeline.store_news manual__2025-04-29T16:45:07.412183+00:00 [queued]>
[2025-04-29T16:45:52.705+0000] {taskinstance.py:2866} INFO - Starting attempt 1 of 2
[2025-04-29T16:45:52.714+0000] {taskinstance.py:2889} INFO - Executing <Task(_PythonDecoratedOperator): store_news> on 2025-04-29 16:45:07.412183+00:00
[2025-04-29T16:45:52.718+0000] {warnings.py:112} WARNING - /home/***/.local/lib/python3.12/site-packages/***/task/task_runner/standard_task_runner.py:70: DeprecationWarning: This process (pid=129) is multi-threaded, use of fork() may lead to deadlocks in the child.
  pid = os.fork()

[2025-04-29T16:45:52.720+0000] {standard_task_runner.py:72} INFO - Started process 132 to run task
[2025-04-29T16:45:52.719+0000] {standard_task_runner.py:104} INFO - Running: ['***', 'tasks', 'run', 'portfolio_news_pipeline', 'store_news', 'manual__2025-04-29T16:45:07.412183+00:00', '--job-id', '6', '--raw', '--subdir', 'DAGS_FOLDER/news_pipeline.py', '--cfg-path', '/tmp/tmp_ihb6m5d']
[2025-04-29T16:45:52.720+0000] {standard_task_runner.py:105} INFO - Job 6: Subtask store_news
[2025-04-29T16:45:52.751+0000] {task_command.py:467} INFO - Running <TaskInstance: portfolio_news_pipeline.store_news manual__2025-04-29T16:45:07.412183+00:00 [running]> on host 67118760a44b
[2025-04-29T16:45:52.816+0000] {taskinstance.py:3132} INFO - Exporting env vars: AIRFLOW_CTX_DAG_OWNER='***' AIRFLOW_CTX_DAG_ID='portfolio_news_pipeline' AIRFLOW_CTX_TASK_ID='store_news' AIRFLOW_CTX_EXECUTION_DATE='2025-04-29T16:45:07.412183+00:00' AIRFLOW_CTX_TRY_NUMBER='1' AIRFLOW_CTX_DAG_RUN_ID='manual__2025-04-29T16:45:07.412183+00:00'
[2025-04-29T16:45:52.817+0000] {taskinstance.py:731} INFO - ::endgroup::
[2025-04-29T16:45:52.826+0000] {mongodb_client.py:26} INFO - Connected to MongoDB successfully
[2025-04-29T16:45:52.827+0000] {store_news.py:33} INFO - Storing 6 articles for Apple
[2025-04-29T16:45:52.844+0000] {mongodb_client.py:55} INFO - Stored 6 articles for Apple for week 2025-04-22 16:45:35.794402
[2025-04-29T16:45:52.845+0000] {store_news.py:33} INFO - Storing 7 articles for Microsoft
[2025-04-29T16:45:52.858+0000] {mongodb_client.py:55} INFO - Stored 7 articles for Microsoft for week 2025-04-22 16:45:35.794402
[2025-04-29T16:45:52.859+0000] {store_news.py:33} INFO - Storing 10 articles for Tesla
[2025-04-29T16:45:52.872+0000] {mongodb_client.py:55} INFO - Stored 10 articles for Tesla for week 2025-04-22 16:45:35.794402
[2025-04-29T16:45:52.873+0000] {store_news.py:42} INFO - MongoDB connection closed
[2025-04-29T16:45:52.873+0000] {python.py:240} INFO - Done. Returned value was: None
[2025-04-29T16:45:52.882+0000] {taskinstance.py:340} INFO - ::group::Post task execution logs
[2025-04-29T16:45:52.883+0000] {taskinstance.py:352} INFO - Marking task as SUCCESS. dag_id=portfolio_news_pipeline, task_id=store_news, run_id=manual__2025-04-29T16:45:07.412183+00:00, execution_date=20250429T164507, start_date=20250429T164552, end_date=20250429T164552
[2025-04-29T16:45:52.933+0000] {local_task_job_runner.py:266} INFO - Task exited with return code 0
[2025-04-29T16:45:52.948+0000] {taskinstance.py:3895} INFO - 0 downstream tasks scheduled from follow-on schedule check
[2025-04-29T16:45:52.950+0000] {local_task_job_runner.py:245} INFO - ::endgroup::
