[2025-04-29T20:51:13.946+0000] {local_task_job_runner.py:123} INFO - ::group::Pre task execution logs
[2025-04-29T20:51:13.962+0000] {taskinstance.py:2613} INFO - Dependencies all met for dep_context=non-requeueable deps ti=<TaskInstance: portfolio_news_pipeline.check_historical_news manual__2025-04-29T20:51:12.528007+00:00 [queued]>
[2025-04-29T20:51:13.969+0000] {taskinstance.py:2613} INFO - Dependencies all met for dep_context=requeueable deps ti=<TaskInstance: portfolio_news_pipeline.check_historical_news manual__2025-04-29T20:51:12.528007+00:00 [queued]>
[2025-04-29T20:51:13.969+0000] {taskinstance.py:2866} INFO - Starting attempt 1 of 2
[2025-04-29T20:51:13.980+0000] {taskinstance.py:2889} INFO - Executing <Task(_PythonDecoratedOperator): check_historical_news> on 2025-04-29 20:51:12.528007+00:00
[2025-04-29T20:51:13.985+0000] {warnings.py:112} WARNING - /home/***/.local/lib/python3.12/site-packages/***/task/task_runner/standard_task_runner.py:70: DeprecationWarning: This process (pid=92) is multi-threaded, use of fork() may lead to deadlocks in the child.
  pid = os.fork()

[2025-04-29T20:51:13.986+0000] {standard_task_runner.py:72} INFO - Started process 95 to run task
[2025-04-29T20:51:13.986+0000] {standard_task_runner.py:104} INFO - Running: ['***', 'tasks', 'run', 'portfolio_news_pipeline', 'check_historical_news', 'manual__2025-04-29T20:51:12.528007+00:00', '--job-id', '21', '--raw', '--subdir', 'DAGS_FOLDER/news_pipeline.py', '--cfg-path', '/tmp/tmplcwtooii']
[2025-04-29T20:51:13.987+0000] {standard_task_runner.py:105} INFO - Job 21: Subtask check_historical_news
[2025-04-29T20:51:14.022+0000] {task_command.py:467} INFO - Running <TaskInstance: portfolio_news_pipeline.check_historical_news manual__2025-04-29T20:51:12.528007+00:00 [running]> on host 67118760a44b
[2025-04-29T20:51:14.089+0000] {taskinstance.py:3132} INFO - Exporting env vars: AIRFLOW_CTX_DAG_OWNER='***' AIRFLOW_CTX_DAG_ID='portfolio_news_pipeline' AIRFLOW_CTX_TASK_ID='check_historical_news' AIRFLOW_CTX_EXECUTION_DATE='2025-04-29T20:51:12.528007+00:00' AIRFLOW_CTX_TRY_NUMBER='1' AIRFLOW_CTX_DAG_RUN_ID='manual__2025-04-29T20:51:12.528007+00:00'
[2025-04-29T20:51:14.090+0000] {taskinstance.py:731} INFO - ::endgroup::
[2025-04-29T20:51:14.101+0000] {mongodb_client.py:26} INFO - Connected to MongoDB successfully
[2025-04-29T20:51:14.109+0000] {logging_mixin.py:190} INFO - 391
[2025-04-29T20:51:14.111+0000] {mongodb_client.py:77} INFO - News for Apple on week 2025-04-29 00:00:00: missing
[2025-04-29T20:51:14.112+0000] {check_historical_news.py:35} INFO - Missing news for Apple for week 2025-04-29 00:00:00
[2025-04-29T20:51:14.114+0000] {mongodb_client.py:77} INFO - News for Apple on week 2025-04-22 00:00:00: exists
[2025-04-29T20:51:14.115+0000] {mongodb_client.py:77} INFO - News for Apple on week 2025-04-15 00:00:00: exists
[2025-04-29T20:51:14.117+0000] {mongodb_client.py:77} INFO - News for Apple on week 2025-04-08 00:00:00: exists
[2025-04-29T20:51:14.118+0000] {mongodb_client.py:77} INFO - News for Apple on week 2025-04-01 00:00:00: exists
[2025-04-29T20:51:14.119+0000] {mongodb_client.py:77} INFO - News for Apple on week 2025-03-25 00:00:00: missing
[2025-04-29T20:51:14.120+0000] {check_historical_news.py:35} INFO - Missing news for Apple for week 2025-03-25 00:00:00
[2025-04-29T20:51:14.121+0000] {mongodb_client.py:77} INFO - News for Apple on week 2025-03-18 00:00:00: missing
[2025-04-29T20:51:14.121+0000] {check_historical_news.py:35} INFO - Missing news for Apple for week 2025-03-18 00:00:00
[2025-04-29T20:51:14.122+0000] {mongodb_client.py:77} INFO - News for Apple on week 2025-03-11 00:00:00: missing
[2025-04-29T20:51:14.122+0000] {check_historical_news.py:35} INFO - Missing news for Apple for week 2025-03-11 00:00:00
[2025-04-29T20:51:14.124+0000] {mongodb_client.py:77} INFO - News for Apple on week 2025-03-04 00:00:00: missing
[2025-04-29T20:51:14.124+0000] {check_historical_news.py:35} INFO - Missing news for Apple for week 2025-03-04 00:00:00
[2025-04-29T20:51:14.125+0000] {mongodb_client.py:77} INFO - News for Apple on week 2025-02-25 00:00:00: missing
[2025-04-29T20:51:14.126+0000] {check_historical_news.py:35} INFO - Missing news for Apple for week 2025-02-25 00:00:00
[2025-04-29T20:51:14.127+0000] {mongodb_client.py:77} INFO - News for Apple on week 2025-02-18 00:00:00: missing
[2025-04-29T20:51:14.127+0000] {check_historical_news.py:35} INFO - Missing news for Apple for week 2025-02-18 00:00:00
[2025-04-29T20:51:14.128+0000] {mongodb_client.py:77} INFO - News for Apple on week 2025-02-11 00:00:00: missing
[2025-04-29T20:51:14.128+0000] {check_historical_news.py:35} INFO - Missing news for Apple for week 2025-02-11 00:00:00
[2025-04-29T20:51:14.130+0000] {mongodb_client.py:77} INFO - News for Microsoft on week 2025-04-29 00:00:00: missing
[2025-04-29T20:51:14.130+0000] {check_historical_news.py:35} INFO - Missing news for Microsoft for week 2025-04-29 00:00:00
[2025-04-29T20:51:14.131+0000] {mongodb_client.py:77} INFO - News for Microsoft on week 2025-04-22 00:00:00: exists
[2025-04-29T20:51:14.133+0000] {mongodb_client.py:77} INFO - News for Microsoft on week 2025-04-15 00:00:00: exists
[2025-04-29T20:51:14.134+0000] {mongodb_client.py:77} INFO - News for Microsoft on week 2025-04-08 00:00:00: exists
[2025-04-29T20:51:14.135+0000] {mongodb_client.py:77} INFO - News for Microsoft on week 2025-04-01 00:00:00: exists
[2025-04-29T20:51:14.136+0000] {mongodb_client.py:77} INFO - News for Microsoft on week 2025-03-25 00:00:00: missing
[2025-04-29T20:51:14.136+0000] {check_historical_news.py:35} INFO - Missing news for Microsoft for week 2025-03-25 00:00:00
[2025-04-29T20:51:14.138+0000] {mongodb_client.py:77} INFO - News for Microsoft on week 2025-03-18 00:00:00: missing
[2025-04-29T20:51:14.138+0000] {check_historical_news.py:35} INFO - Missing news for Microsoft for week 2025-03-18 00:00:00
[2025-04-29T20:51:14.139+0000] {mongodb_client.py:77} INFO - News for Microsoft on week 2025-03-11 00:00:00: missing
[2025-04-29T20:51:14.139+0000] {check_historical_news.py:35} INFO - Missing news for Microsoft for week 2025-03-11 00:00:00
[2025-04-29T20:51:14.140+0000] {mongodb_client.py:77} INFO - News for Microsoft on week 2025-03-04 00:00:00: missing
[2025-04-29T20:51:14.141+0000] {check_historical_news.py:35} INFO - Missing news for Microsoft for week 2025-03-04 00:00:00
[2025-04-29T20:51:14.142+0000] {mongodb_client.py:77} INFO - News for Microsoft on week 2025-02-25 00:00:00: missing
[2025-04-29T20:51:14.142+0000] {check_historical_news.py:35} INFO - Missing news for Microsoft for week 2025-02-25 00:00:00
[2025-04-29T20:51:14.144+0000] {mongodb_client.py:77} INFO - News for Microsoft on week 2025-02-18 00:00:00: missing
[2025-04-29T20:51:14.144+0000] {check_historical_news.py:35} INFO - Missing news for Microsoft for week 2025-02-18 00:00:00
[2025-04-29T20:51:14.145+0000] {mongodb_client.py:77} INFO - News for Microsoft on week 2025-02-11 00:00:00: missing
[2025-04-29T20:51:14.145+0000] {check_historical_news.py:35} INFO - Missing news for Microsoft for week 2025-02-11 00:00:00
[2025-04-29T20:51:14.146+0000] {mongodb_client.py:77} INFO - News for Alphabet on week 2025-04-29 00:00:00: missing
[2025-04-29T20:51:14.147+0000] {check_historical_news.py:35} INFO - Missing news for Alphabet for week 2025-04-29 00:00:00
[2025-04-29T20:51:14.148+0000] {mongodb_client.py:77} INFO - News for Alphabet on week 2025-04-22 00:00:00: exists
[2025-04-29T20:51:14.149+0000] {mongodb_client.py:77} INFO - News for Alphabet on week 2025-04-15 00:00:00: exists
[2025-04-29T20:51:14.150+0000] {mongodb_client.py:77} INFO - News for Alphabet on week 2025-04-08 00:00:00: exists
[2025-04-29T20:51:14.152+0000] {mongodb_client.py:77} INFO - News for Alphabet on week 2025-04-01 00:00:00: exists
[2025-04-29T20:51:14.154+0000] {mongodb_client.py:77} INFO - News for Alphabet on week 2025-03-25 00:00:00: missing
[2025-04-29T20:51:14.154+0000] {check_historical_news.py:35} INFO - Missing news for Alphabet for week 2025-03-25 00:00:00
[2025-04-29T20:51:14.157+0000] {mongodb_client.py:77} INFO - News for Alphabet on week 2025-03-18 00:00:00: missing
[2025-04-29T20:51:14.157+0000] {check_historical_news.py:35} INFO - Missing news for Alphabet for week 2025-03-18 00:00:00
[2025-04-29T20:51:14.160+0000] {mongodb_client.py:77} INFO - News for Alphabet on week 2025-03-11 00:00:00: missing
[2025-04-29T20:51:14.160+0000] {check_historical_news.py:35} INFO - Missing news for Alphabet for week 2025-03-11 00:00:00
[2025-04-29T20:51:14.162+0000] {mongodb_client.py:77} INFO - News for Alphabet on week 2025-03-04 00:00:00: missing
[2025-04-29T20:51:14.162+0000] {check_historical_news.py:35} INFO - Missing news for Alphabet for week 2025-03-04 00:00:00
[2025-04-29T20:51:14.163+0000] {mongodb_client.py:77} INFO - News for Alphabet on week 2025-02-25 00:00:00: missing
[2025-04-29T20:51:14.164+0000] {check_historical_news.py:35} INFO - Missing news for Alphabet for week 2025-02-25 00:00:00
[2025-04-29T20:51:14.165+0000] {mongodb_client.py:77} INFO - News for Alphabet on week 2025-02-18 00:00:00: missing
[2025-04-29T20:51:14.165+0000] {check_historical_news.py:35} INFO - Missing news for Alphabet for week 2025-02-18 00:00:00
[2025-04-29T20:51:14.166+0000] {mongodb_client.py:77} INFO - News for Alphabet on week 2025-02-11 00:00:00: missing
[2025-04-29T20:51:14.167+0000] {check_historical_news.py:35} INFO - Missing news for Alphabet for week 2025-02-11 00:00:00
[2025-04-29T20:51:14.168+0000] {mongodb_client.py:77} INFO - News for Amazon on week 2025-04-29 00:00:00: missing
[2025-04-29T20:51:14.168+0000] {check_historical_news.py:35} INFO - Missing news for Amazon for week 2025-04-29 00:00:00
[2025-04-29T20:51:14.169+0000] {mongodb_client.py:77} INFO - News for Amazon on week 2025-04-22 00:00:00: exists
[2025-04-29T20:51:14.170+0000] {mongodb_client.py:77} INFO - News for Amazon on week 2025-04-15 00:00:00: exists
[2025-04-29T20:51:14.172+0000] {mongodb_client.py:77} INFO - News for Amazon on week 2025-04-08 00:00:00: exists
[2025-04-29T20:51:14.173+0000] {mongodb_client.py:77} INFO - News for Amazon on week 2025-04-01 00:00:00: exists
[2025-04-29T20:51:14.174+0000] {mongodb_client.py:77} INFO - News for Amazon on week 2025-03-25 00:00:00: missing
[2025-04-29T20:51:14.174+0000] {check_historical_news.py:35} INFO - Missing news for Amazon for week 2025-03-25 00:00:00
[2025-04-29T20:51:14.176+0000] {mongodb_client.py:77} INFO - News for Amazon on week 2025-03-18 00:00:00: missing
[2025-04-29T20:51:14.176+0000] {check_historical_news.py:35} INFO - Missing news for Amazon for week 2025-03-18 00:00:00
[2025-04-29T20:51:14.177+0000] {mongodb_client.py:77} INFO - News for Amazon on week 2025-03-11 00:00:00: missing
[2025-04-29T20:51:14.177+0000] {check_historical_news.py:35} INFO - Missing news for Amazon for week 2025-03-11 00:00:00
[2025-04-29T20:51:14.178+0000] {mongodb_client.py:77} INFO - News for Amazon on week 2025-03-04 00:00:00: missing
[2025-04-29T20:51:14.179+0000] {check_historical_news.py:35} INFO - Missing news for Amazon for week 2025-03-04 00:00:00
[2025-04-29T20:51:14.180+0000] {mongodb_client.py:77} INFO - News for Amazon on week 2025-02-25 00:00:00: missing
[2025-04-29T20:51:14.180+0000] {check_historical_news.py:35} INFO - Missing news for Amazon for week 2025-02-25 00:00:00
[2025-04-29T20:51:14.181+0000] {mongodb_client.py:77} INFO - News for Amazon on week 2025-02-18 00:00:00: missing
[2025-04-29T20:51:14.182+0000] {check_historical_news.py:35} INFO - Missing news for Amazon for week 2025-02-18 00:00:00
[2025-04-29T20:51:14.183+0000] {mongodb_client.py:77} INFO - News for Amazon on week 2025-02-11 00:00:00: missing
[2025-04-29T20:51:14.183+0000] {check_historical_news.py:35} INFO - Missing news for Amazon for week 2025-02-11 00:00:00
[2025-04-29T20:51:14.184+0000] {mongodb_client.py:77} INFO - News for Tesla on week 2025-04-29 00:00:00: missing
[2025-04-29T20:51:14.185+0000] {check_historical_news.py:35} INFO - Missing news for Tesla for week 2025-04-29 00:00:00
[2025-04-29T20:51:14.186+0000] {mongodb_client.py:77} INFO - News for Tesla on week 2025-04-22 00:00:00: exists
[2025-04-29T20:51:14.188+0000] {mongodb_client.py:77} INFO - News for Tesla on week 2025-04-15 00:00:00: exists
[2025-04-29T20:51:14.189+0000] {mongodb_client.py:77} INFO - News for Tesla on week 2025-04-08 00:00:00: exists
[2025-04-29T20:51:14.190+0000] {mongodb_client.py:77} INFO - News for Tesla on week 2025-04-01 00:00:00: exists
[2025-04-29T20:51:14.191+0000] {mongodb_client.py:77} INFO - News for Tesla on week 2025-03-25 00:00:00: missing
[2025-04-29T20:51:14.191+0000] {check_historical_news.py:35} INFO - Missing news for Tesla for week 2025-03-25 00:00:00
[2025-04-29T20:51:14.192+0000] {mongodb_client.py:77} INFO - News for Tesla on week 2025-03-18 00:00:00: missing
[2025-04-29T20:51:14.193+0000] {check_historical_news.py:35} INFO - Missing news for Tesla for week 2025-03-18 00:00:00
[2025-04-29T20:51:14.194+0000] {mongodb_client.py:77} INFO - News for Tesla on week 2025-03-11 00:00:00: missing
[2025-04-29T20:51:14.194+0000] {check_historical_news.py:35} INFO - Missing news for Tesla for week 2025-03-11 00:00:00
[2025-04-29T20:51:14.195+0000] {mongodb_client.py:77} INFO - News for Tesla on week 2025-03-04 00:00:00: missing
[2025-04-29T20:51:14.196+0000] {check_historical_news.py:35} INFO - Missing news for Tesla for week 2025-03-04 00:00:00
[2025-04-29T20:51:14.197+0000] {mongodb_client.py:77} INFO - News for Tesla on week 2025-02-25 00:00:00: missing
[2025-04-29T20:51:14.197+0000] {check_historical_news.py:35} INFO - Missing news for Tesla for week 2025-02-25 00:00:00
[2025-04-29T20:51:14.198+0000] {mongodb_client.py:77} INFO - News for Tesla on week 2025-02-18 00:00:00: missing
[2025-04-29T20:51:14.198+0000] {check_historical_news.py:35} INFO - Missing news for Tesla for week 2025-02-18 00:00:00
[2025-04-29T20:51:14.200+0000] {mongodb_client.py:77} INFO - News for Tesla on week 2025-02-11 00:00:00: missing
[2025-04-29T20:51:14.200+0000] {check_historical_news.py:35} INFO - Missing news for Tesla for week 2025-02-11 00:00:00
[2025-04-29T20:51:14.202+0000] {mongodb_client.py:77} INFO - News for NVIDIA on week 2025-04-29 00:00:00: missing
[2025-04-29T20:51:14.203+0000] {check_historical_news.py:35} INFO - Missing news for NVIDIA for week 2025-04-29 00:00:00
[2025-04-29T20:51:14.206+0000] {mongodb_client.py:77} INFO - News for NVIDIA on week 2025-04-22 00:00:00: exists
[2025-04-29T20:51:14.208+0000] {mongodb_client.py:77} INFO - News for NVIDIA on week 2025-04-15 00:00:00: exists
[2025-04-29T20:51:14.211+0000] {mongodb_client.py:77} INFO - News for NVIDIA on week 2025-04-08 00:00:00: exists
[2025-04-29T20:51:14.213+0000] {mongodb_client.py:77} INFO - News for NVIDIA on week 2025-04-01 00:00:00: exists
[2025-04-29T20:51:14.217+0000] {mongodb_client.py:77} INFO - News for NVIDIA on week 2025-03-25 00:00:00: missing
[2025-04-29T20:51:14.217+0000] {check_historical_news.py:35} INFO - Missing news for NVIDIA for week 2025-03-25 00:00:00
[2025-04-29T20:51:14.221+0000] {mongodb_client.py:77} INFO - News for NVIDIA on week 2025-03-18 00:00:00: missing
[2025-04-29T20:51:14.222+0000] {check_historical_news.py:35} INFO - Missing news for NVIDIA for week 2025-03-18 00:00:00
[2025-04-29T20:51:14.226+0000] {mongodb_client.py:77} INFO - News for NVIDIA on week 2025-03-11 00:00:00: missing
[2025-04-29T20:51:14.227+0000] {check_historical_news.py:35} INFO - Missing news for NVIDIA for week 2025-03-11 00:00:00
[2025-04-29T20:51:14.229+0000] {mongodb_client.py:77} INFO - News for NVIDIA on week 2025-03-04 00:00:00: missing
[2025-04-29T20:51:14.230+0000] {check_historical_news.py:35} INFO - Missing news for NVIDIA for week 2025-03-04 00:00:00
[2025-04-29T20:51:14.232+0000] {mongodb_client.py:77} INFO - News for NVIDIA on week 2025-02-25 00:00:00: missing
[2025-04-29T20:51:14.232+0000] {check_historical_news.py:35} INFO - Missing news for NVIDIA for week 2025-02-25 00:00:00
[2025-04-29T20:51:14.234+0000] {mongodb_client.py:77} INFO - News for NVIDIA on week 2025-02-18 00:00:00: missing
[2025-04-29T20:51:14.234+0000] {check_historical_news.py:35} INFO - Missing news for NVIDIA for week 2025-02-18 00:00:00
[2025-04-29T20:51:14.236+0000] {mongodb_client.py:77} INFO - News for NVIDIA on week 2025-02-11 00:00:00: missing
[2025-04-29T20:51:14.236+0000] {check_historical_news.py:35} INFO - Missing news for NVIDIA for week 2025-02-11 00:00:00
[2025-04-29T20:51:14.237+0000] {mongodb_client.py:77} INFO - News for Meta on week 2025-04-29 00:00:00: missing
[2025-04-29T20:51:14.238+0000] {check_historical_news.py:35} INFO - Missing news for Meta for week 2025-04-29 00:00:00
[2025-04-29T20:51:14.239+0000] {mongodb_client.py:77} INFO - News for Meta on week 2025-04-22 00:00:00: exists
[2025-04-29T20:51:14.240+0000] {mongodb_client.py:77} INFO - News for Meta on week 2025-04-15 00:00:00: missing
[2025-04-29T20:51:14.240+0000] {check_historical_news.py:35} INFO - Missing news for Meta for week 2025-04-15 00:00:00
[2025-04-29T20:51:14.242+0000] {mongodb_client.py:77} INFO - News for Meta on week 2025-04-08 00:00:00: missing
[2025-04-29T20:51:14.242+0000] {check_historical_news.py:35} INFO - Missing news for Meta for week 2025-04-08 00:00:00
[2025-04-29T20:51:14.243+0000] {mongodb_client.py:77} INFO - News for Meta on week 2025-04-01 00:00:00: missing
[2025-04-29T20:51:14.243+0000] {check_historical_news.py:35} INFO - Missing news for Meta for week 2025-04-01 00:00:00
[2025-04-29T20:51:14.245+0000] {mongodb_client.py:77} INFO - News for Meta on week 2025-03-25 00:00:00: missing
[2025-04-29T20:51:14.245+0000] {check_historical_news.py:35} INFO - Missing news for Meta for week 2025-03-25 00:00:00
[2025-04-29T20:51:14.246+0000] {mongodb_client.py:77} INFO - News for Meta on week 2025-03-18 00:00:00: missing
[2025-04-29T20:51:14.247+0000] {check_historical_news.py:35} INFO - Missing news for Meta for week 2025-03-18 00:00:00
[2025-04-29T20:51:14.249+0000] {mongodb_client.py:77} INFO - News for Meta on week 2025-03-11 00:00:00: missing
[2025-04-29T20:51:14.250+0000] {check_historical_news.py:35} INFO - Missing news for Meta for week 2025-03-11 00:00:00
[2025-04-29T20:51:14.252+0000] {mongodb_client.py:77} INFO - News for Meta on week 2025-03-04 00:00:00: missing
[2025-04-29T20:51:14.252+0000] {check_historical_news.py:35} INFO - Missing news for Meta for week 2025-03-04 00:00:00
[2025-04-29T20:51:14.254+0000] {mongodb_client.py:77} INFO - News for Meta on week 2025-02-25 00:00:00: missing
[2025-04-29T20:51:14.255+0000] {check_historical_news.py:35} INFO - Missing news for Meta for week 2025-02-25 00:00:00
[2025-04-29T20:51:14.256+0000] {mongodb_client.py:77} INFO - News for Meta on week 2025-02-18 00:00:00: missing
[2025-04-29T20:51:14.257+0000] {check_historical_news.py:35} INFO - Missing news for Meta for week 2025-02-18 00:00:00
[2025-04-29T20:51:14.258+0000] {mongodb_client.py:77} INFO - News for Meta on week 2025-02-11 00:00:00: missing
[2025-04-29T20:51:14.258+0000] {check_historical_news.py:35} INFO - Missing news for Meta for week 2025-02-11 00:00:00
[2025-04-29T20:51:14.260+0000] {mongodb_client.py:77} INFO - News for JPMorgan on week 2025-04-29 00:00:00: missing
[2025-04-29T20:51:14.261+0000] {check_historical_news.py:35} INFO - Missing news for JPMorgan for week 2025-04-29 00:00:00
[2025-04-29T20:51:14.263+0000] {mongodb_client.py:77} INFO - News for JPMorgan on week 2025-04-22 00:00:00: missing
[2025-04-29T20:51:14.263+0000] {check_historical_news.py:35} INFO - Missing news for JPMorgan for week 2025-04-22 00:00:00
[2025-04-29T20:51:14.265+0000] {mongodb_client.py:77} INFO - News for JPMorgan on week 2025-04-15 00:00:00: missing
[2025-04-29T20:51:14.265+0000] {check_historical_news.py:35} INFO - Missing news for JPMorgan for week 2025-04-15 00:00:00
[2025-04-29T20:51:14.267+0000] {mongodb_client.py:77} INFO - News for JPMorgan on week 2025-04-08 00:00:00: missing
[2025-04-29T20:51:14.267+0000] {check_historical_news.py:35} INFO - Missing news for JPMorgan for week 2025-04-08 00:00:00
[2025-04-29T20:51:14.270+0000] {mongodb_client.py:77} INFO - News for JPMorgan on week 2025-04-01 00:00:00: missing
[2025-04-29T20:51:14.270+0000] {check_historical_news.py:35} INFO - Missing news for JPMorgan for week 2025-04-01 00:00:00
[2025-04-29T20:51:14.272+0000] {mongodb_client.py:77} INFO - News for JPMorgan on week 2025-03-25 00:00:00: missing
[2025-04-29T20:51:14.272+0000] {check_historical_news.py:35} INFO - Missing news for JPMorgan for week 2025-03-25 00:00:00
[2025-04-29T20:51:14.274+0000] {mongodb_client.py:77} INFO - News for JPMorgan on week 2025-03-18 00:00:00: missing
[2025-04-29T20:51:14.274+0000] {check_historical_news.py:35} INFO - Missing news for JPMorgan for week 2025-03-18 00:00:00
[2025-04-29T20:51:14.276+0000] {mongodb_client.py:77} INFO - News for JPMorgan on week 2025-03-11 00:00:00: missing
[2025-04-29T20:51:14.277+0000] {check_historical_news.py:35} INFO - Missing news for JPMorgan for week 2025-03-11 00:00:00
[2025-04-29T20:51:14.279+0000] {mongodb_client.py:77} INFO - News for JPMorgan on week 2025-03-04 00:00:00: missing
[2025-04-29T20:51:14.279+0000] {check_historical_news.py:35} INFO - Missing news for JPMorgan for week 2025-03-04 00:00:00
[2025-04-29T20:51:14.281+0000] {mongodb_client.py:77} INFO - News for JPMorgan on week 2025-02-25 00:00:00: missing
[2025-04-29T20:51:14.281+0000] {check_historical_news.py:35} INFO - Missing news for JPMorgan for week 2025-02-25 00:00:00
[2025-04-29T20:51:14.282+0000] {mongodb_client.py:77} INFO - News for JPMorgan on week 2025-02-18 00:00:00: missing
[2025-04-29T20:51:14.283+0000] {check_historical_news.py:35} INFO - Missing news for JPMorgan for week 2025-02-18 00:00:00
[2025-04-29T20:51:14.284+0000] {mongodb_client.py:77} INFO - News for JPMorgan on week 2025-02-11 00:00:00: missing
[2025-04-29T20:51:14.285+0000] {check_historical_news.py:35} INFO - Missing news for JPMorgan for week 2025-02-11 00:00:00
[2025-04-29T20:51:14.286+0000] {mongodb_client.py:77} INFO - News for Walmart on week 2025-04-29 00:00:00: missing
[2025-04-29T20:51:14.287+0000] {check_historical_news.py:35} INFO - Missing news for Walmart for week 2025-04-29 00:00:00
[2025-04-29T20:51:14.288+0000] {mongodb_client.py:77} INFO - News for Walmart on week 2025-04-22 00:00:00: missing
[2025-04-29T20:51:14.288+0000] {check_historical_news.py:35} INFO - Missing news for Walmart for week 2025-04-22 00:00:00
[2025-04-29T20:51:14.290+0000] {mongodb_client.py:77} INFO - News for Walmart on week 2025-04-15 00:00:00: missing
[2025-04-29T20:51:14.290+0000] {check_historical_news.py:35} INFO - Missing news for Walmart for week 2025-04-15 00:00:00
[2025-04-29T20:51:14.292+0000] {mongodb_client.py:77} INFO - News for Walmart on week 2025-04-08 00:00:00: missing
[2025-04-29T20:51:14.292+0000] {check_historical_news.py:35} INFO - Missing news for Walmart for week 2025-04-08 00:00:00
[2025-04-29T20:51:14.294+0000] {mongodb_client.py:77} INFO - News for Walmart on week 2025-04-01 00:00:00: missing
[2025-04-29T20:51:14.294+0000] {check_historical_news.py:35} INFO - Missing news for Walmart for week 2025-04-01 00:00:00
[2025-04-29T20:51:14.296+0000] {mongodb_client.py:77} INFO - News for Walmart on week 2025-03-25 00:00:00: missing
[2025-04-29T20:51:14.296+0000] {check_historical_news.py:35} INFO - Missing news for Walmart for week 2025-03-25 00:00:00
[2025-04-29T20:51:14.298+0000] {mongodb_client.py:77} INFO - News for Walmart on week 2025-03-18 00:00:00: missing
[2025-04-29T20:51:14.298+0000] {check_historical_news.py:35} INFO - Missing news for Walmart for week 2025-03-18 00:00:00
[2025-04-29T20:51:14.300+0000] {mongodb_client.py:77} INFO - News for Walmart on week 2025-03-11 00:00:00: missing
[2025-04-29T20:51:14.300+0000] {check_historical_news.py:35} INFO - Missing news for Walmart for week 2025-03-11 00:00:00
[2025-04-29T20:51:14.301+0000] {mongodb_client.py:77} INFO - News for Walmart on week 2025-03-04 00:00:00: missing
[2025-04-29T20:51:14.301+0000] {check_historical_news.py:35} INFO - Missing news for Walmart for week 2025-03-04 00:00:00
[2025-04-29T20:51:14.303+0000] {mongodb_client.py:77} INFO - News for Walmart on week 2025-02-25 00:00:00: missing
[2025-04-29T20:51:14.303+0000] {check_historical_news.py:35} INFO - Missing news for Walmart for week 2025-02-25 00:00:00
[2025-04-29T20:51:14.304+0000] {mongodb_client.py:77} INFO - News for Walmart on week 2025-02-18 00:00:00: missing
[2025-04-29T20:51:14.305+0000] {check_historical_news.py:35} INFO - Missing news for Walmart for week 2025-02-18 00:00:00
[2025-04-29T20:51:14.307+0000] {mongodb_client.py:77} INFO - News for Walmart on week 2025-02-11 00:00:00: missing
[2025-04-29T20:51:14.307+0000] {check_historical_news.py:35} INFO - Missing news for Walmart for week 2025-02-11 00:00:00
[2025-04-29T20:51:14.309+0000] {mongodb_client.py:77} INFO - News for Visa on week 2025-04-29 00:00:00: missing
[2025-04-29T20:51:14.309+0000] {check_historical_news.py:35} INFO - Missing news for Visa for week 2025-04-29 00:00:00
[2025-04-29T20:51:14.311+0000] {mongodb_client.py:77} INFO - News for Visa on week 2025-04-22 00:00:00: missing
[2025-04-29T20:51:14.311+0000] {check_historical_news.py:35} INFO - Missing news for Visa for week 2025-04-22 00:00:00
[2025-04-29T20:51:14.312+0000] {mongodb_client.py:77} INFO - News for Visa on week 2025-04-15 00:00:00: missing
[2025-04-29T20:51:14.313+0000] {check_historical_news.py:35} INFO - Missing news for Visa for week 2025-04-15 00:00:00
[2025-04-29T20:51:14.314+0000] {mongodb_client.py:77} INFO - News for Visa on week 2025-04-08 00:00:00: missing
[2025-04-29T20:51:14.314+0000] {check_historical_news.py:35} INFO - Missing news for Visa for week 2025-04-08 00:00:00
[2025-04-29T20:51:14.316+0000] {mongodb_client.py:77} INFO - News for Visa on week 2025-04-01 00:00:00: missing
[2025-04-29T20:51:14.316+0000] {check_historical_news.py:35} INFO - Missing news for Visa for week 2025-04-01 00:00:00
[2025-04-29T20:51:14.317+0000] {mongodb_client.py:77} INFO - News for Visa on week 2025-03-25 00:00:00: missing
[2025-04-29T20:51:14.317+0000] {check_historical_news.py:35} INFO - Missing news for Visa for week 2025-03-25 00:00:00
[2025-04-29T20:51:14.319+0000] {mongodb_client.py:77} INFO - News for Visa on week 2025-03-18 00:00:00: missing
[2025-04-29T20:51:14.319+0000] {check_historical_news.py:35} INFO - Missing news for Visa for week 2025-03-18 00:00:00
[2025-04-29T20:51:14.321+0000] {mongodb_client.py:77} INFO - News for Visa on week 2025-03-11 00:00:00: missing
[2025-04-29T20:51:14.322+0000] {check_historical_news.py:35} INFO - Missing news for Visa for week 2025-03-11 00:00:00
[2025-04-29T20:51:14.325+0000] {mongodb_client.py:77} INFO - News for Visa on week 2025-03-04 00:00:00: missing
[2025-04-29T20:51:14.325+0000] {check_historical_news.py:35} INFO - Missing news for Visa for week 2025-03-04 00:00:00
[2025-04-29T20:51:14.327+0000] {mongodb_client.py:77} INFO - News for Visa on week 2025-02-25 00:00:00: missing
[2025-04-29T20:51:14.327+0000] {check_historical_news.py:35} INFO - Missing news for Visa for week 2025-02-25 00:00:00
[2025-04-29T20:51:14.329+0000] {mongodb_client.py:77} INFO - News for Visa on week 2025-02-18 00:00:00: missing
[2025-04-29T20:51:14.329+0000] {check_historical_news.py:35} INFO - Missing news for Visa for week 2025-02-18 00:00:00
[2025-04-29T20:51:14.331+0000] {mongodb_client.py:77} INFO - News for Visa on week 2025-02-11 00:00:00: missing
[2025-04-29T20:51:14.331+0000] {check_historical_news.py:35} INFO - Missing news for Visa for week 2025-02-11 00:00:00
[2025-04-29T20:51:14.331+0000] {python.py:240} INFO - Done. Returned value was: [('Apple', datetime.datetime(2025, 4, 29, 0, 0)), ('Apple', datetime.datetime(2025, 3, 25, 0, 0)), ('Apple', datetime.datetime(2025, 3, 18, 0, 0)), ('Apple', datetime.datetime(2025, 3, 11, 0, 0)), ('Apple', datetime.datetime(2025, 3, 4, 0, 0)), ('Apple', datetime.datetime(2025, 2, 25, 0, 0)), ('Apple', datetime.datetime(2025, 2, 18, 0, 0)), ('Apple', datetime.datetime(2025, 2, 11, 0, 0)), ('Microsoft', datetime.datetime(2025, 4, 29, 0, 0)), ('Microsoft', datetime.datetime(2025, 3, 25, 0, 0)), ('Microsoft', datetime.datetime(2025, 3, 18, 0, 0)), ('Microsoft', datetime.datetime(2025, 3, 11, 0, 0)), ('Microsoft', datetime.datetime(2025, 3, 4, 0, 0)), ('Microsoft', datetime.datetime(2025, 2, 25, 0, 0)), ('Microsoft', datetime.datetime(2025, 2, 18, 0, 0)), ('Microsoft', datetime.datetime(2025, 2, 11, 0, 0)), ('Alphabet', datetime.datetime(2025, 4, 29, 0, 0)), ('Alphabet', datetime.datetime(2025, 3, 25, 0, 0)), ('Alphabet', datetime.datetime(2025, 3, 18, 0, 0)), ('Alphabet', datetime.datetime(2025, 3, 11, 0, 0)), ('Alphabet', datetime.datetime(2025, 3, 4, 0, 0)), ('Alphabet', datetime.datetime(2025, 2, 25, 0, 0)), ('Alphabet', datetime.datetime(2025, 2, 18, 0, 0)), ('Alphabet', datetime.datetime(2025, 2, 11, 0, 0)), ('Amazon', datetime.datetime(2025, 4, 29, 0, 0)), ('Amazon', datetime.datetime(2025, 3, 25, 0, 0)), ('Amazon', datetime.datetime(2025, 3, 18, 0, 0)), ('Amazon', datetime.datetime(2025, 3, 11, 0, 0)), ('Amazon', datetime.datetime(2025, 3, 4, 0, 0)), ('Amazon', datetime.datetime(2025, 2, 25, 0, 0)), ('Amazon', datetime.datetime(2025, 2, 18, 0, 0)), ('Amazon', datetime.datetime(2025, 2, 11, 0, 0)), ('Tesla', datetime.datetime(2025, 4, 29, 0, 0)), ('Tesla', datetime.datetime(2025, 3, 25, 0, 0)), ('Tesla', datetime.datetime(2025, 3, 18, 0, 0)), ('Tesla', datetime.datetime(2025, 3, 11, 0, 0)), ('Tesla', datetime.datetime(2025, 3, 4, 0, 0)), ('Tesla', datetime.datetime(2025, 2, 25, 0, 0)), ('Tesla', datetime.datetime(2025, 2, 18, 0, 0)), ('Tesla', datetime.datetime(2025, 2, 11, 0, 0)), ('NVIDIA', datetime.datetime(2025, 4, 29, 0, 0)), ('NVIDIA', datetime.datetime(2025, 3, 25, 0, 0)), ('NVIDIA', datetime.datetime(2025, 3, 18, 0, 0)), ('NVIDIA', datetime.datetime(2025, 3, 11, 0, 0)), ('NVIDIA', datetime.datetime(2025, 3, 4, 0, 0)), ('NVIDIA', datetime.datetime(2025, 2, 25, 0, 0)), ('NVIDIA', datetime.datetime(2025, 2, 18, 0, 0)), ('NVIDIA', datetime.datetime(2025, 2, 11, 0, 0)), ('Meta', datetime.datetime(2025, 4, 29, 0, 0)), ('Meta', datetime.datetime(2025, 4, 15, 0, 0)), ('Meta', datetime.datetime(2025, 4, 8, 0, 0)), ('Meta', datetime.datetime(2025, 4, 1, 0, 0)), ('Meta', datetime.datetime(2025, 3, 25, 0, 0)), ('Meta', datetime.datetime(2025, 3, 18, 0, 0)), ('Meta', datetime.datetime(2025, 3, 11, 0, 0)), ('Meta', datetime.datetime(2025, 3, 4, 0, 0)), ('Meta', datetime.datetime(2025, 2, 25, 0, 0)), ('Meta', datetime.datetime(2025, 2, 18, 0, 0)), ('Meta', datetime.datetime(2025, 2, 11, 0, 0)), ('JPMorgan', datetime.datetime(2025, 4, 29, 0, 0)), ('JPMorgan', datetime.datetime(2025, 4, 22, 0, 0)), ('JPMorgan', datetime.datetime(2025, 4, 15, 0, 0)), ('JPMorgan', datetime.datetime(2025, 4, 8, 0, 0)), ('JPMorgan', datetime.datetime(2025, 4, 1, 0, 0)), ('JPMorgan', datetime.datetime(2025, 3, 25, 0, 0)), ('JPMorgan', datetime.datetime(2025, 3, 18, 0, 0)), ('JPMorgan', datetime.datetime(2025, 3, 11, 0, 0)), ('JPMorgan', datetime.datetime(2025, 3, 4, 0, 0)), ('JPMorgan', datetime.datetime(2025, 2, 25, 0, 0)), ('JPMorgan', datetime.datetime(2025, 2, 18, 0, 0)), ('JPMorgan', datetime.datetime(2025, 2, 11, 0, 0)), ('Walmart', datetime.datetime(2025, 4, 29, 0, 0)), ('Walmart', datetime.datetime(2025, 4, 22, 0, 0)), ('Walmart', datetime.datetime(2025, 4, 15, 0, 0)), ('Walmart', datetime.datetime(2025, 4, 8, 0, 0)), ('Walmart', datetime.datetime(2025, 4, 1, 0, 0)), ('Walmart', datetime.datetime(2025, 3, 25, 0, 0)), ('Walmart', datetime.datetime(2025, 3, 18, 0, 0)), ('Walmart', datetime.datetime(2025, 3, 11, 0, 0)), ('Walmart', datetime.datetime(2025, 3, 4, 0, 0)), ('Walmart', datetime.datetime(2025, 2, 25, 0, 0)), ('Walmart', datetime.datetime(2025, 2, 18, 0, 0)), ('Walmart', datetime.datetime(2025, 2, 11, 0, 0)), ('Visa', datetime.datetime(2025, 4, 29, 0, 0)), ('Visa', datetime.datetime(2025, 4, 22, 0, 0)), ('Visa', datetime.datetime(2025, 4, 15, 0, 0)), ('Visa', datetime.datetime(2025, 4, 8, 0, 0)), ('Visa', datetime.datetime(2025, 4, 1, 0, 0)), ('Visa', datetime.datetime(2025, 3, 25, 0, 0)), ('Visa', datetime.datetime(2025, 3, 18, 0, 0)), ('Visa', datetime.datetime(2025, 3, 11, 0, 0)), ('Visa', datetime.datetime(2025, 3, 4, 0, 0)), ('Visa', datetime.datetime(2025, 2, 25, 0, 0)), ('Visa', datetime.datetime(2025, 2, 18, 0, 0)), ('Visa', datetime.datetime(2025, 2, 11, 0, 0))]
[2025-04-29T20:51:14.352+0000] {taskinstance.py:340} INFO - ::group::Post task execution logs
[2025-04-29T20:51:14.353+0000] {taskinstance.py:352} INFO - Marking task as SUCCESS. dag_id=portfolio_news_pipeline, task_id=check_historical_news, run_id=manual__2025-04-29T20:51:12.528007+00:00, execution_date=20250429T205112, start_date=20250429T205113, end_date=20250429T205114
[2025-04-29T20:51:14.400+0000] {local_task_job_runner.py:266} INFO - Task exited with return code 0
[2025-04-29T20:51:14.408+0000] {local_task_job_runner.py:245} INFO - ::endgroup::
