2025-04-29 16:03:04 - dotenv.main - WARNING - Python-dotenv could not parse statement starting at line 1
2025-04-29 16:04:22 - dotenv.main - WARNING - Python-dotenv could not parse statement starting at line 1
2025-04-29 16:04:46 - dotenv.main - WARNING - Python-dotenv could not parse statement starting at line 1
2025-04-29 16:05:16 - predict - INFO - Hehehe
2025-04-29 16:05:16 - dotenv.main - WARNING - Python-dotenv could not parse statement starting at line 1
2025-04-29 16:05:16 - predict - INFO - Model loaded from MongoDB, trained on 2025-04-29 15:31:11.770000
2025-04-29 16:05:16 - predict - INFO - Model loaded from MongoDB, trained on 2025-04-29 15:31:11.770000
2025-04-29 16:05:24 - __main__ - INFO - Hehehe
2025-04-29 16:05:24 - __main__ - INFO - Model loaded from MongoDB, trained on 2025-04-29 15:31:11.770000
2025-04-29 16:05:24 - predict - INFO - Hehehe
2025-04-29 16:05:24 - dotenv.main - WARNING - Python-dotenv could not parse statement starting at line 1
2025-04-29 16:05:24 - predict - INFO - Model loaded from MongoDB, trained on 2025-04-29 15:31:11.770000
2025-04-29 16:05:24 - predict - INFO - Model loaded from MongoDB, trained on 2025-04-29 15:31:11.770000
2025-04-29 16:05:26 - __main__ - INFO - Checker 1
2025-04-29 16:05:26 - __main__ - INFO -                   AAPL        MSFT        GOOG        AMZN        META        TSLA        NVDA         JPM        BAC           V
Date                                                                                                                             
2025-03-31  222.130005  375.390015  156.229996  190.259995  576.359985  259.160004  108.379997  243.798325  41.730000  350.459991
2025-04-01  223.190002  382.190002  158.880005  192.169998  586.000000  268.459991  110.150002  242.168365  41.490002  346.350006
2025-04-02  223.889999  382.140015  158.860001  196.009995  583.929993  282.760010  110.419998  244.315140  41.849998  346.329987
2025-04-03  203.190002  373.109985  152.630005  178.410004  531.619995  267.279999  101.800003  227.290009  37.220001  339.390015
2025-04-04  188.380005  359.839996  147.740005  171.000000  504.730011  239.429993   94.309998  210.279999  34.389999  313.130005
2025-04-29 16:05:27 - __main__ - INFO - Plot saved to outputs\portfolio_performance.png
2025-04-29 16:05:27 - __main__ - INFO - 
Optimal Portfolio Allocation:
2025-04-29 16:05:27 - __main__ - INFO -   META: 30.00%
2025-04-29 16:05:27 - __main__ - INFO -   TSLA: 14.00%
2025-04-29 16:05:27 - __main__ - INFO -   NVDA: 14.00%
2025-04-29 16:05:27 - __main__ - INFO -   JPM: 14.00%
2025-04-29 16:05:27 - __main__ - INFO -   BAC: 14.00%
2025-04-29 16:05:27 - __main__ - INFO -   V: 14.00%
2025-04-29 16:05:27 - __main__ - INFO -   AAPL: 0.00%
2025-04-29 16:05:27 - __main__ - INFO -   MSFT: 0.00%
2025-04-29 16:05:27 - __main__ - INFO -   GOOG: 0.00%
2025-04-29 16:05:27 - __main__ - INFO -   AMZN: 0.00%
2025-04-29 16:05:27 - __main__ - INFO - 
Portfolio Performance Metrics:
2025-04-29 16:05:27 - __main__ - INFO -   Cumulative Return: 0.81%
2025-04-29 16:05:27 - __main__ - INFO -   Annualized Return: 10.23%
2025-04-29 16:05:27 - __main__ - INFO -   Volatility: 72.18%
2025-04-29 16:05:27 - __main__ - INFO -   Sharpe Ratio: -0.14
2025-04-29 16:05:27 - __main__ - INFO - 
Recommendation saved to outputs/recommendation.json
2025-04-29 16:05:27 - __main__ - INFO - Performance chart saved to outputs/portfolio_performance.png
2025-04-29 16:06:18 - __main__ - INFO - Model loaded from MongoDB, trained on 2025-04-29 15:31:11.770000
2025-04-29 16:06:19 - dotenv.main - WARNING - Python-dotenv could not parse statement starting at line 1
2025-04-29 16:06:19 - predict - INFO - Model loaded from MongoDB, trained on 2025-04-29 15:31:11.770000
2025-04-29 16:06:19 - predict - INFO - Model loaded from MongoDB, trained on 2025-04-29 15:31:11.770000
2025-04-29 16:06:21 - __main__ - INFO - Plot saved to outputs\portfolio_performance.png
2025-04-29 16:06:21 - __main__ - INFO - 
Optimal Portfolio Allocation:
2025-04-29 16:06:21 - __main__ - INFO -   META: 30.00%
2025-04-29 16:06:21 - __main__ - INFO -   TSLA: 14.00%
2025-04-29 16:06:21 - __main__ - INFO -   NVDA: 14.00%
2025-04-29 16:06:21 - __main__ - INFO -   JPM: 14.00%
2025-04-29 16:06:21 - __main__ - INFO -   BAC: 14.00%
2025-04-29 16:06:21 - __main__ - INFO -   V: 14.00%
2025-04-29 16:06:21 - __main__ - INFO -   AAPL: 0.00%
2025-04-29 16:06:21 - __main__ - INFO -   MSFT: 0.00%
2025-04-29 16:06:21 - __main__ - INFO -   GOOG: 0.00%
2025-04-29 16:06:21 - __main__ - INFO -   AMZN: 0.00%
2025-04-29 16:06:21 - __main__ - INFO - 
Portfolio Performance Metrics:
2025-04-29 16:06:21 - __main__ - INFO -   Cumulative Return: 0.81%
2025-04-29 16:06:21 - __main__ - INFO -   Annualized Return: 10.23%
2025-04-29 16:06:21 - __main__ - INFO -   Volatility: 72.18%
2025-04-29 16:06:21 - __main__ - INFO -   Sharpe Ratio: -0.14
2025-04-29 16:06:21 - __main__ - INFO - 
Recommendation saved to outputs/recommendation.json
2025-04-29 16:06:21 - __main__ - INFO - Performance chart saved to outputs/portfolio_performance.png
2025-04-29 16:06:58 - __main__ - INFO - Model loaded from MongoDB, trained on 2025-04-29 15:31:11.770000
2025-04-29 16:06:58 - dotenv.main - WARNING - Python-dotenv could not parse statement starting at line 1
2025-04-29 16:06:58 - predict - INFO - Model loaded from MongoDB, trained on 2025-04-29 15:31:11.770000
2025-04-29 16:06:58 - predict - INFO - Model loaded from MongoDB, trained on 2025-04-29 15:31:11.770000
2025-04-29 16:07:00 - __main__ - INFO - Plot saved to outputs\portfolio_performance.png
2025-04-29 16:07:00 - __main__ - INFO - ----- Optimal Portfolio Allocation:
2025-04-29 16:07:00 - __main__ - INFO -   META: 30.00%
2025-04-29 16:07:00 - __main__ - INFO -   TSLA: 14.00%
2025-04-29 16:07:00 - __main__ - INFO -   NVDA: 14.00%
2025-04-29 16:07:00 - __main__ - INFO -   JPM: 14.00%
2025-04-29 16:07:00 - __main__ - INFO -   BAC: 14.00%
2025-04-29 16:07:00 - __main__ - INFO -   V: 14.00%
2025-04-29 16:07:00 - __main__ - INFO -   AAPL: 0.00%
2025-04-29 16:07:00 - __main__ - INFO -   MSFT: 0.00%
2025-04-29 16:07:00 - __main__ - INFO -   GOOG: 0.00%
2025-04-29 16:07:00 - __main__ - INFO -   AMZN: 0.00%
2025-04-29 16:07:00 - __main__ - INFO - ----- Portfolio Performance Metrics:
2025-04-29 16:07:00 - __main__ - INFO -   Cumulative Return: 0.81%
2025-04-29 16:07:00 - __main__ - INFO -   Annualized Return: 10.23%
2025-04-29 16:07:00 - __main__ - INFO -   Volatility: 72.18%
2025-04-29 16:07:00 - __main__ - INFO -   Sharpe Ratio: -0.14
2025-04-29 16:07:00 - __main__ - INFO - ----- Recommendation saved to outputs/recommendation.json
2025-04-29 16:07:00 - __main__ - INFO - Performance chart saved to outputs/portfolio_performance.png
2025-04-29 16:07:34 - dotenv.main - WARNING - Python-dotenv could not parse statement starting at line 1
2025-04-29 16:07:34 - predict - INFO - Model loaded from MongoDB, trained on 2025-04-29 15:31:11.770000
2025-04-29 16:07:34 - predict - INFO - Model loaded from MongoDB, trained on 2025-04-29 15:31:11.770000
2025-04-29 16:07:44 - __main__ - INFO - Model loaded from MongoDB, trained on 2025-04-29 15:31:11.770000
2025-04-29 16:07:44 - dotenv.main - WARNING - Python-dotenv could not parse statement starting at line 1
2025-04-29 16:07:44 - predict - INFO - Model loaded from MongoDB, trained on 2025-04-29 15:31:11.770000
2025-04-29 16:07:44 - predict - INFO - Model loaded from MongoDB, trained on 2025-04-29 15:31:11.770000
2025-04-29 16:07:47 - __main__ - INFO - Plot saved to outputs\portfolio_performance.png
2025-04-29 16:07:47 - __main__ - INFO - ----- Optimal Portfolio Allocation -----
2025-04-29 16:07:47 - __main__ - INFO -   META: 30.00%
2025-04-29 16:07:47 - __main__ - INFO -   TSLA: 14.00%
2025-04-29 16:07:47 - __main__ - INFO -   NVDA: 14.00%
2025-04-29 16:07:47 - __main__ - INFO -   JPM: 14.00%
2025-04-29 16:07:47 - __main__ - INFO -   BAC: 14.00%
2025-04-29 16:07:47 - __main__ - INFO -   V: 14.00%
2025-04-29 16:07:47 - __main__ - INFO -   AAPL: 0.00%
2025-04-29 16:07:47 - __main__ - INFO -   MSFT: 0.00%
2025-04-29 16:07:47 - __main__ - INFO -   GOOG: 0.00%
2025-04-29 16:07:47 - __main__ - INFO -   AMZN: 0.00%
2025-04-29 16:07:47 - __main__ - INFO - ----- Portfolio Performance Metrics -----
2025-04-29 16:07:47 - __main__ - INFO -   Cumulative Return: 0.81%
2025-04-29 16:07:47 - __main__ - INFO -   Annualized Return: 10.23%
2025-04-29 16:07:47 - __main__ - INFO -   Volatility: 72.18%
2025-04-29 16:07:47 - __main__ - INFO -   Sharpe Ratio: -0.14
2025-04-29 16:07:47 - __main__ - INFO - Recommendation saved to outputs/recommendation.json
2025-04-29 16:07:47 - __main__ - INFO - Performance chart saved to outputs/portfolio_performance.png
2025-04-29 16:08:01 - __main__ - INFO - Model loaded from MongoDB, trained on 2025-04-29 15:31:11.770000
2025-04-29 16:08:01 - dotenv.main - WARNING - Python-dotenv could not parse statement starting at line 1
2025-04-29 16:08:01 - predict - INFO - Model loaded from MongoDB, trained on 2025-04-29 15:31:11.770000
2025-04-29 16:08:01 - predict - INFO - Model loaded from MongoDB, trained on 2025-04-29 15:31:11.770000
2025-04-29 16:08:05 - __main__ - INFO - Plot saved to outputs\portfolio_performance.png
2025-04-29 16:08:05 - __main__ - INFO - ----- Optimal Portfolio Allocation -----
2025-04-29 16:08:05 - __main__ - INFO -   META: 30.00%
2025-04-29 16:08:05 - __main__ - INFO -   TSLA: 14.00%
2025-04-29 16:08:05 - __main__ - INFO -   NVDA: 14.00%
2025-04-29 16:08:05 - __main__ - INFO -   JPM: 14.00%
2025-04-29 16:08:05 - __main__ - INFO -   BAC: 14.00%
2025-04-29 16:08:05 - __main__ - INFO -   V: 14.00%
2025-04-29 16:08:05 - __main__ - INFO -   AAPL: 0.00%
2025-04-29 16:08:05 - __main__ - INFO -   MSFT: 0.00%
2025-04-29 16:08:05 - __main__ - INFO -   GOOG: 0.00%
2025-04-29 16:08:05 - __main__ - INFO -   AMZN: 0.00%
2025-04-29 16:08:05 - __main__ - INFO - ----- Portfolio Performance Metrics -----
2025-04-29 16:08:05 - __main__ - INFO -   Cumulative Return: 0.81%
2025-04-29 16:08:05 - __main__ - INFO -   Annualized Return: 10.23%
2025-04-29 16:08:05 - __main__ - INFO -   Volatility: 72.18%
2025-04-29 16:08:05 - __main__ - INFO -   Sharpe Ratio: -0.14
2025-04-29 16:08:05 - __main__ - INFO - Recommendation saved to outputs/recommendation.json
2025-04-29 16:08:05 - __main__ - INFO - Performance chart saved to outputs/portfolio_performance.png
2025-04-29 16:08:05 - __main__ - INFO - ------------------------------------------------------------
2025-04-29 16:08:24 - dotenv.main - WARNING - Python-dotenv could not parse statement starting at line 1
2025-04-29 16:08:24 - predict - INFO - Model loaded from MongoDB, trained on 2025-04-29 15:31:11.770000
2025-04-29 16:08:24 - predict - INFO - Model loaded from MongoDB, trained on 2025-04-29 15:31:11.770000
2025-04-29 16:08:24 - __main__ - INFO - Model loaded from MongoDB, trained on 2025-04-29 15:31:11.770000
2025-04-29 16:08:27 - __main__ - INFO - Plot saved to outputs\portfolio_performance.png
2025-04-29 16:08:27 - __main__ - INFO - --------- Optimal Portfolio Allocation ---------
2025-04-29 16:08:27 - __main__ - INFO -   META: 30.00%
2025-04-29 16:08:27 - __main__ - INFO -   TSLA: 14.00%
2025-04-29 16:08:27 - __main__ - INFO -   NVDA: 14.00%
2025-04-29 16:08:27 - __main__ - INFO -   JPM: 14.00%
2025-04-29 16:08:27 - __main__ - INFO -   BAC: 14.00%
2025-04-29 16:08:27 - __main__ - INFO -   V: 14.00%
2025-04-29 16:08:27 - __main__ - INFO -   AAPL: 0.00%
2025-04-29 16:08:27 - __main__ - INFO -   MSFT: 0.00%
2025-04-29 16:08:27 - __main__ - INFO -   GOOG: 0.00%
2025-04-29 16:08:27 - __main__ - INFO -   AMZN: 0.00%
2025-04-29 16:08:27 - __main__ - INFO - --------- Portfolio Performance Metrics ---------
2025-04-29 16:08:27 - __main__ - INFO -   Cumulative Return: 0.81%
2025-04-29 16:08:27 - __main__ - INFO -   Annualized Return: 10.23%
2025-04-29 16:08:27 - __main__ - INFO -   Volatility: 72.18%
2025-04-29 16:08:27 - __main__ - INFO -   Sharpe Ratio: -0.14
2025-04-29 16:08:27 - __main__ - INFO - Recommendation saved to outputs/recommendation.json
2025-04-29 16:08:27 - __main__ - INFO - Performance chart saved to outputs/portfolio_performance.png
2025-04-29 16:08:27 - __main__ - INFO - ------------------------------------------------------------
2025-04-29 16:08:36 - dotenv.main - WARNING - Python-dotenv could not parse statement starting at line 1
2025-04-29 16:08:36 - predict - INFO - Model loaded from MongoDB, trained on 2025-04-29 15:31:11.770000
2025-04-29 16:08:36 - predict - INFO - Model loaded from MongoDB, trained on 2025-04-29 15:31:11.770000
2025-04-29 16:08:36 - __main__ - INFO - Model loaded from MongoDB, trained on 2025-04-29 15:31:11.770000
2025-04-29 16:08:39 - __main__ - INFO - Plot saved to outputs\portfolio_performance.png
2025-04-29 16:08:39 - __main__ - INFO - --------- Optimal Portfolio Allocation ---------
2025-04-29 16:08:39 - __main__ - INFO -   META: 30.00%
2025-04-29 16:08:39 - __main__ - INFO -   TSLA: 14.00%
2025-04-29 16:08:39 - __main__ - INFO -   NVDA: 14.00%
2025-04-29 16:08:39 - __main__ - INFO -   JPM: 14.00%
2025-04-29 16:08:39 - __main__ - INFO -   BAC: 14.00%
2025-04-29 16:08:39 - __main__ - INFO -   V: 14.00%
2025-04-29 16:08:39 - __main__ - INFO -   AAPL: 0.00%
2025-04-29 16:08:39 - __main__ - INFO -   MSFT: 0.00%
2025-04-29 16:08:39 - __main__ - INFO -   GOOG: 0.00%
2025-04-29 16:08:39 - __main__ - INFO -   AMZN: 0.00%
2025-04-29 16:08:39 - __main__ - INFO - --------- Portfolio Performance Metrics ---------
2025-04-29 16:08:39 - __main__ - INFO -   Cumulative Return: 0.81%
2025-04-29 16:08:39 - __main__ - INFO -   Annualized Return: 10.23%
2025-04-29 16:08:39 - __main__ - INFO -   Volatility: 72.18%
2025-04-29 16:08:39 - __main__ - INFO -   Sharpe Ratio: -0.14
2025-04-29 16:08:39 - __main__ - INFO - Recommendation saved to outputs/recommendation.json
2025-04-29 16:08:39 - __main__ - INFO - Performance chart saved to outputs/portfolio_performance.png
2025-04-29 16:08:39 - __main__ - INFO - ====================================================================================================
